2024-01-10T21:41:36.238+0800	INFO	raft/config.go:151	


2024-01-10T21:41:36.238+0800	INFO	raft/config.go:152	----------------------------------------------call the start1------------------------------------
2024-01-10T21:41:36.238+0800	INFO	raft/config.go:160	endnames is [[phEZ5NBCgXL4K5i1tEpW tKfMoRwG_vkf-HBMItLP qUrD0Hq9KnmsnkMA85-J] [] []]
2024-01-10T21:41:36.238+0800	INFO	raft/config.go:168	ends is [0xc0001e22a0 0xc0001e22c0 0xc0001e22e0]
2024-01-10T21:41:36.238+0800	INFO	raft/config.go:177	cfg.saved is [<nil> <nil> <nil>]
2024-01-10T21:41:36.238+0800	INFO	raft/config.go:224	ends is [0xc0001e22a0 0xc0001e22c0 0xc0001e22e0], cfg.saved[i] is &{{0 0} [] []}, applyCh is 0xc0001823c0
2024-01-10T21:41:36.283+0800	INFO	raft/config.go:229	cfg.rafts is [0xc0001b2e60 <nil> <nil>]
2024-01-10T21:41:36.283+0800	INFO	raft/config.go:151	


2024-01-10T21:41:36.283+0800	INFO	raft/config.go:152	----------------------------------------------call the start1------------------------------------
2024-01-10T21:41:36.283+0800	INFO	raft/config.go:160	endnames is [[phEZ5NBCgXL4K5i1tEpW tKfMoRwG_vkf-HBMItLP qUrD0Hq9KnmsnkMA85-J] [tW56Kw6Hs6IZTXDD66ni dsUflwVpkMto3fRFQoqX 3GKmNrSoSW_UiH4GuuWN] []]
2024-01-10T21:41:36.283+0800	INFO	raft/config.go:168	ends is [0xc000292120 0xc000292140 0xc000292160]
2024-01-10T21:41:36.283+0800	INFO	raft/config.go:177	cfg.saved is [0xc000230000 <nil> <nil>]
2024-01-10T21:41:36.283+0800	INFO	raft/config.go:224	ends is [0xc000292120 0xc000292140 0xc000292160], cfg.saved[i] is &{{0 0} [] []}, applyCh is 0xc0002ac000
2024-01-10T21:41:36.328+0800	INFO	raft/config.go:229	cfg.rafts is [0xc0001b2e60 0xc0002ba000 <nil>]
2024-01-10T21:41:36.328+0800	INFO	raft/config.go:151	


2024-01-10T21:41:36.328+0800	INFO	raft/config.go:152	----------------------------------------------call the start1------------------------------------
2024-01-10T21:41:36.328+0800	INFO	raft/config.go:160	endnames is [[phEZ5NBCgXL4K5i1tEpW tKfMoRwG_vkf-HBMItLP qUrD0Hq9KnmsnkMA85-J] [tW56Kw6Hs6IZTXDD66ni dsUflwVpkMto3fRFQoqX 3GKmNrSoSW_UiH4GuuWN] [iaqrzONUgYnuPiemVx1l Cz9HxdooSkTOfuGPZvAY N4esZG9GkNo1IZSXvwh6]]
2024-01-10T21:41:36.328+0800	INFO	raft/config.go:168	ends is [0xc00007e140 0xc00007e160 0xc00007e180]
2024-01-10T21:41:36.328+0800	INFO	raft/config.go:177	cfg.saved is [0xc000230000 0xc00028e180 <nil>]
2024-01-10T21:41:36.328+0800	INFO	raft/config.go:224	ends is [0xc00007e140 0xc00007e160 0xc00007e180], cfg.saved[i] is &{{0 0} [] []}, applyCh is 0xc00002c0c0
2024-01-10T21:41:36.372+0800	INFO	raft/config.go:229	cfg.rafts is [0xc0001b2e60 0xc0002ba000 0xc0000a6000]
2024-01-10T21:41:36.372+0800	INFO	raft/config.go:101	




2024-01-10T21:41:36.372+0800	INFO	raft/config.go:261	cfg.endnames is [[phEZ5NBCgXL4K5i1tEpW tKfMoRwG_vkf-HBMItLP qUrD0Hq9KnmsnkMA85-J] [tW56Kw6Hs6IZTXDD66ni dsUflwVpkMto3fRFQoqX 3GKmNrSoSW_UiH4GuuWN] [iaqrzONUgYnuPiemVx1l Cz9HxdooSkTOfuGPZvAY N4esZG9GkNo1IZSXvwh6]]
2024-01-10T21:41:36.372+0800	INFO	raft/config.go:261	cfg.endnames is [[phEZ5NBCgXL4K5i1tEpW tKfMoRwG_vkf-HBMItLP qUrD0Hq9KnmsnkMA85-J] [tW56Kw6Hs6IZTXDD66ni dsUflwVpkMto3fRFQoqX 3GKmNrSoSW_UiH4GuuWN] [iaqrzONUgYnuPiemVx1l Cz9HxdooSkTOfuGPZvAY N4esZG9GkNo1IZSXvwh6]]
2024-01-10T21:41:36.372+0800	INFO	raft/config.go:261	cfg.endnames is [[phEZ5NBCgXL4K5i1tEpW tKfMoRwG_vkf-HBMItLP qUrD0Hq9KnmsnkMA85-J] [tW56Kw6Hs6IZTXDD66ni dsUflwVpkMto3fRFQoqX 3GKmNrSoSW_UiH4GuuWN] [iaqrzONUgYnuPiemVx1l Cz9HxdooSkTOfuGPZvAY N4esZG9GkNo1IZSXvwh6]]
2024-01-10T21:42:29.591+0800	INFO	raft/config.go:151	


2024-01-10T21:42:29.591+0800	INFO	raft/config.go:152	----------------------------------------------call the start1------------------------------------
2024-01-10T21:42:29.591+0800	INFO	raft/config.go:160	endnames is [[mz6EbbNUpqtVbVooPiQc yYeELEE3FpTYis2M7inz IvV05035xl5KRmUuNF0H] [] []]
2024-01-10T21:42:29.591+0800	INFO	raft/config.go:168	ends is [0xc00016a2a0 0xc00016a2c0 0xc00016a2e0]
2024-01-10T21:42:29.591+0800	INFO	raft/config.go:177	cfg.saved is [<nil> <nil> <nil>]
2024-01-10T21:42:29.591+0800	INFO	raft/config.go:224	ends is [0xc00016a2a0 0xc00016a2c0 0xc00016a2e0], cfg.saved[i] is &{{0 0} [] []}, applyCh is 0xc00010e3c0
2024-01-10T21:42:29.633+0800	INFO	raft/config.go:229	cfg.rafts is [0xc000138e60 <nil> <nil>]
2024-01-10T21:42:29.633+0800	INFO	raft/config.go:151	


2024-01-10T21:42:29.633+0800	INFO	raft/config.go:152	----------------------------------------------call the start1------------------------------------
2024-01-10T21:42:29.633+0800	INFO	raft/config.go:160	endnames is [[mz6EbbNUpqtVbVooPiQc yYeELEE3FpTYis2M7inz IvV05035xl5KRmUuNF0H] [pH76LR0ZbJp1eVSWDV53 zonpPhYEucPa-OtqnHfd hhS6i01BB3c2Id064n6u] []]
2024-01-10T21:42:29.633+0800	INFO	raft/config.go:168	ends is [0xc00016a440 0xc00016a460 0xc00016a480]
2024-01-10T21:42:29.633+0800	INFO	raft/config.go:177	cfg.saved is [0xc0001b8000 <nil> <nil>]
2024-01-10T21:42:29.633+0800	INFO	raft/config.go:224	ends is [0xc00016a440 0xc00016a460 0xc00016a480], cfg.saved[i] is &{{0 0} [] []}, applyCh is 0xc00010e480
2024-01-10T21:42:29.677+0800	INFO	raft/config.go:229	cfg.rafts is [0xc000138e60 0xc000138f00 <nil>]
2024-01-10T21:42:29.677+0800	INFO	raft/config.go:151	


2024-01-10T21:42:29.677+0800	INFO	raft/config.go:152	----------------------------------------------call the start1------------------------------------
2024-01-10T21:42:29.677+0800	INFO	raft/config.go:160	endnames is [[mz6EbbNUpqtVbVooPiQc yYeELEE3FpTYis2M7inz IvV05035xl5KRmUuNF0H] [pH76LR0ZbJp1eVSWDV53 zonpPhYEucPa-OtqnHfd hhS6i01BB3c2Id064n6u] [xYKv0_-gPMJMFxBe0maS 99Xm1ve9bJS-02Wde22s 2D2VDpuIUc0IhXKWzN0x]]
2024-01-10T21:42:29.677+0800	INFO	raft/config.go:168	ends is [0xc00016a600 0xc00016a620 0xc00016a640]
2024-01-10T21:42:29.677+0800	INFO	raft/config.go:177	cfg.saved is [0xc0001b8000 0xc0001b8140 <nil>]
2024-01-10T21:42:29.677+0800	INFO	raft/config.go:224	ends is [0xc00016a600 0xc00016a620 0xc00016a640], cfg.saved[i] is &{{0 0} [] []}, applyCh is 0xc00010e540
2024-01-10T21:42:29.722+0800	INFO	raft/config.go:229	cfg.rafts is [0xc000138e60 0xc000138f00 0xc000138fa0]
2024-01-10T21:42:29.722+0800	INFO	raft/config.go:101	




2024-01-10T21:42:29.722+0800	INFO	raft/config.go:261	cfg.endnames is [[mz6EbbNUpqtVbVooPiQc yYeELEE3FpTYis2M7inz IvV05035xl5KRmUuNF0H] [pH76LR0ZbJp1eVSWDV53 zonpPhYEucPa-OtqnHfd hhS6i01BB3c2Id064n6u] [xYKv0_-gPMJMFxBe0maS 99Xm1ve9bJS-02Wde22s 2D2VDpuIUc0IhXKWzN0x]]
2024-01-10T21:42:29.722+0800	INFO	raft/config.go:261	cfg.endnames is [[mz6EbbNUpqtVbVooPiQc yYeELEE3FpTYis2M7inz IvV05035xl5KRmUuNF0H] [pH76LR0ZbJp1eVSWDV53 zonpPhYEucPa-OtqnHfd hhS6i01BB3c2Id064n6u] [xYKv0_-gPMJMFxBe0maS 99Xm1ve9bJS-02Wde22s 2D2VDpuIUc0IhXKWzN0x]]
2024-01-10T21:42:29.722+0800	INFO	raft/config.go:261	cfg.endnames is [[mz6EbbNUpqtVbVooPiQc yYeELEE3FpTYis2M7inz IvV05035xl5KRmUuNF0H] [pH76LR0ZbJp1eVSWDV53 zonpPhYEucPa-OtqnHfd hhS6i01BB3c2Id064n6u] [xYKv0_-gPMJMFxBe0maS 99Xm1ve9bJS-02Wde22s 2D2VDpuIUc0IhXKWzN0x]]
2024-01-10T21:43:09.099+0800	INFO	raft/config.go:151	


2024-01-10T21:43:09.099+0800	INFO	raft/config.go:152	----------------------------------------------call the start1------------------------------------
2024-01-10T21:43:09.099+0800	INFO	raft/config.go:160	endnames is [[MAFo20_xeP5VSgRy1zAf TIkdMxVHIT7p2DBqWDBC cxSu1-Ht1HOuQWhLvnAK] [] []]
2024-01-10T21:43:09.099+0800	INFO	raft/config.go:168	ends is [0xc00007e2c0 0xc00007e2e0 0xc00007e300]
2024-01-10T21:43:09.099+0800	INFO	raft/config.go:177	cfg.saved is [<nil> <nil> <nil>]
2024-01-10T21:43:09.099+0800	INFO	raft/config.go:224	ends is [0xc00007e2c0 0xc00007e2e0 0xc00007e300], cfg.saved[i] is &{{0 0} [] []}, applyCh is 0xc00002c480
2024-01-10T21:43:09.146+0800	INFO	raft/config.go:229	cfg.rafts is [0xc0000b0f00 <nil> <nil>]
2024-01-10T21:43:09.146+0800	INFO	raft/config.go:151	


2024-01-10T21:43:09.146+0800	INFO	raft/config.go:152	----------------------------------------------call the start1------------------------------------
2024-01-10T21:43:09.146+0800	INFO	raft/config.go:160	endnames is [[MAFo20_xeP5VSgRy1zAf TIkdMxVHIT7p2DBqWDBC cxSu1-Ht1HOuQWhLvnAK] [JQ_GSXGaHzViGdR5mZj1 WR49NTWDdfir29g_qR6D ltYDUssgYAvCSLJLfe_X] []]
2024-01-10T21:43:09.146+0800	INFO	raft/config.go:168	ends is [0xc000292120 0xc000292140 0xc000292160]
2024-01-10T21:43:09.146+0800	INFO	raft/config.go:177	cfg.saved is [0xc000198080 <nil> <nil>]
2024-01-10T21:43:09.146+0800	INFO	raft/config.go:224	ends is [0xc000292120 0xc000292140 0xc000292160], cfg.saved[i] is &{{0 0} [] []}, applyCh is 0xc0002ac000
2024-01-10T21:43:09.190+0800	INFO	raft/config.go:229	cfg.rafts is [0xc0000b0f00 0xc0002b2000 <nil>]
2024-01-10T21:43:09.190+0800	INFO	raft/config.go:151	


2024-01-10T21:43:09.190+0800	INFO	raft/config.go:152	----------------------------------------------call the start1------------------------------------
2024-01-10T21:43:09.190+0800	INFO	raft/config.go:160	endnames is [[MAFo20_xeP5VSgRy1zAf TIkdMxVHIT7p2DBqWDBC cxSu1-Ht1HOuQWhLvnAK] [JQ_GSXGaHzViGdR5mZj1 WR49NTWDdfir29g_qR6D ltYDUssgYAvCSLJLfe_X] [OhHhMFl98Epwe1aWut2I E6Tq-V0E1hhl9f6CI3_x G9olIdcZQZY6zTFIoqb2]]
2024-01-10T21:43:09.190+0800	INFO	raft/config.go:168	ends is [0xc0002922c0 0xc0002922e0 0xc000292300]
2024-01-10T21:43:09.190+0800	INFO	raft/config.go:177	cfg.saved is [0xc000198080 0xc00028e180 <nil>]
2024-01-10T21:43:09.190+0800	INFO	raft/config.go:224	ends is [0xc0002922c0 0xc0002922e0 0xc000292300], cfg.saved[i] is &{{0 0} [] []}, applyCh is 0xc0002ac0c0
2024-01-10T21:43:09.235+0800	INFO	raft/config.go:229	cfg.rafts is [0xc0000b0f00 0xc0002b2000 0xc0002b20a0]
2024-01-10T21:43:09.235+0800	INFO	raft/config.go:101	




2024-01-10T21:43:09.235+0800	INFO	raft/config.go:261	cfg.endnames is [[MAFo20_xeP5VSgRy1zAf TIkdMxVHIT7p2DBqWDBC cxSu1-Ht1HOuQWhLvnAK] [JQ_GSXGaHzViGdR5mZj1 WR49NTWDdfir29g_qR6D ltYDUssgYAvCSLJLfe_X] [OhHhMFl98Epwe1aWut2I E6Tq-V0E1hhl9f6CI3_x G9olIdcZQZY6zTFIoqb2]]
2024-01-10T21:43:09.235+0800	INFO	raft/config.go:261	cfg.endnames is [[MAFo20_xeP5VSgRy1zAf TIkdMxVHIT7p2DBqWDBC cxSu1-Ht1HOuQWhLvnAK] [JQ_GSXGaHzViGdR5mZj1 WR49NTWDdfir29g_qR6D ltYDUssgYAvCSLJLfe_X] [OhHhMFl98Epwe1aWut2I E6Tq-V0E1hhl9f6CI3_x G9olIdcZQZY6zTFIoqb2]]
2024-01-10T21:43:09.235+0800	INFO	raft/config.go:261	cfg.endnames is [[MAFo20_xeP5VSgRy1zAf TIkdMxVHIT7p2DBqWDBC cxSu1-Ht1HOuQWhLvnAK] [JQ_GSXGaHzViGdR5mZj1 WR49NTWDdfir29g_qR6D ltYDUssgYAvCSLJLfe_X] [OhHhMFl98Epwe1aWut2I E6Tq-V0E1hhl9f6CI3_x G9olIdcZQZY6zTFIoqb2]]
2024-01-10T21:43:09.741+0800	INFO	raft/config.go:151	


2024-01-10T21:43:09.741+0800	INFO	raft/config.go:152	----------------------------------------------call the start1------------------------------------
2024-01-10T21:43:09.741+0800	INFO	raft/config.go:160	endnames is [[Yjjj1vW7fw0zKcFaR6x2 BJgaFSm2is4NZNQq8s0Y lG0vqm-I0DiSu1t4_Bsz] [] []]
2024-01-10T21:43:09.741+0800	INFO	raft/config.go:168	ends is [0xc0004c60a0 0xc0004c60c0 0xc0004c60e0]
2024-01-10T21:43:09.741+0800	INFO	raft/config.go:177	cfg.saved is [<nil> <nil> <nil>]
2024-01-10T21:43:09.741+0800	INFO	raft/config.go:224	ends is [0xc0004c60a0 0xc0004c60c0 0xc0004c60e0], cfg.saved[i] is &{{0 0} [] []}, applyCh is 0xc0004d41e0
2024-01-10T21:43:09.791+0800	INFO	raft/config.go:229	cfg.rafts is [0xc0002aa0a0 <nil> <nil>]
2024-01-10T21:43:09.791+0800	INFO	raft/config.go:151	


2024-01-10T21:43:09.791+0800	INFO	raft/config.go:152	----------------------------------------------call the start1------------------------------------
2024-01-10T21:43:09.791+0800	INFO	raft/config.go:160	endnames is [[Yjjj1vW7fw0zKcFaR6x2 BJgaFSm2is4NZNQq8s0Y lG0vqm-I0DiSu1t4_Bsz] [FoZT9c8xAkf3C0YQfCSU d-90lclgQC9vwocgXQWG y8SaUh0n2z07Qt9A3FxE] []]
2024-01-10T21:43:09.791+0800	INFO	raft/config.go:168	ends is [0xc0004dc060 0xc0004dc080 0xc0004dc0a0]
2024-01-10T21:43:09.791+0800	INFO	raft/config.go:177	cfg.saved is [0xc000290180 <nil> <nil>]
2024-01-10T21:43:09.791+0800	INFO	raft/config.go:224	ends is [0xc0004dc060 0xc0004dc080 0xc0004dc0a0], cfg.saved[i] is &{{0 0} [] []}, applyCh is 0xc00050a000
2024-01-10T21:43:09.838+0800	INFO	raft/config.go:229	cfg.rafts is [0xc0002aa0a0 0xc00050c000 <nil>]
2024-01-10T21:43:09.838+0800	INFO	raft/config.go:151	


2024-01-10T21:43:09.838+0800	INFO	raft/config.go:152	----------------------------------------------call the start1------------------------------------
2024-01-10T21:43:09.838+0800	INFO	raft/config.go:160	endnames is [[Yjjj1vW7fw0zKcFaR6x2 BJgaFSm2is4NZNQq8s0Y lG0vqm-I0DiSu1t4_Bsz] [FoZT9c8xAkf3C0YQfCSU d-90lclgQC9vwocgXQWG y8SaUh0n2z07Qt9A3FxE] [0yJDBn_QX2hLVLdlzbNp VclMzbg7mkiW5BqcA7W1 IFanFKGHmfbACw-4GVxw]]
2024-01-10T21:43:09.838+0800	INFO	raft/config.go:168	ends is [0xc0004dc220 0xc0004dc240 0xc0004dc260]
2024-01-10T21:43:09.838+0800	INFO	raft/config.go:177	cfg.saved is [0xc000290180 0xc0003d4140 <nil>]
2024-01-10T21:43:09.838+0800	INFO	raft/config.go:224	ends is [0xc0004dc220 0xc0004dc240 0xc0004dc260], cfg.saved[i] is &{{0 0} [] []}, applyCh is 0xc0005a0000
2024-01-10T21:43:09.881+0800	INFO	raft/config.go:229	cfg.rafts is [0xc0002aa0a0 0xc00050c000 0xc0004d8000]
2024-01-10T21:43:09.881+0800	INFO	raft/config.go:101	




2024-01-10T21:43:09.881+0800	INFO	raft/config.go:261	cfg.endnames is [[Yjjj1vW7fw0zKcFaR6x2 BJgaFSm2is4NZNQq8s0Y lG0vqm-I0DiSu1t4_Bsz] [FoZT9c8xAkf3C0YQfCSU d-90lclgQC9vwocgXQWG y8SaUh0n2z07Qt9A3FxE] [0yJDBn_QX2hLVLdlzbNp VclMzbg7mkiW5BqcA7W1 IFanFKGHmfbACw-4GVxw]]
2024-01-10T21:43:09.881+0800	INFO	raft/config.go:261	cfg.endnames is [[Yjjj1vW7fw0zKcFaR6x2 BJgaFSm2is4NZNQq8s0Y lG0vqm-I0DiSu1t4_Bsz] [FoZT9c8xAkf3C0YQfCSU d-90lclgQC9vwocgXQWG y8SaUh0n2z07Qt9A3FxE] [0yJDBn_QX2hLVLdlzbNp VclMzbg7mkiW5BqcA7W1 IFanFKGHmfbACw-4GVxw]]
2024-01-10T21:43:09.881+0800	INFO	raft/config.go:261	cfg.endnames is [[Yjjj1vW7fw0zKcFaR6x2 BJgaFSm2is4NZNQq8s0Y lG0vqm-I0DiSu1t4_Bsz] [FoZT9c8xAkf3C0YQfCSU d-90lclgQC9vwocgXQWG y8SaUh0n2z07Qt9A3FxE] [0yJDBn_QX2hLVLdlzbNp VclMzbg7mkiW5BqcA7W1 IFanFKGHmfbACw-4GVxw]]
