2024-01-12T09:21:58.904+0800	INFO	raft/config.go:151	


2024-01-12T09:21:58.904+0800	INFO	raft/config.go:152	----------------------------------------------call the start1------------------------------------
2024-01-12T09:21:58.904+0800	INFO	raft/config.go:160	endnames is [[izbIH1NrE4B0vFwnVs6_ xiXujUtljjc-kXxl7rcy 0gnlUYXGa36HKRA4E6js] [] []]
2024-01-12T09:21:58.904+0800	INFO	raft/config.go:168	ends is [0xc00007e2c0 0xc00007e2e0 0xc00007e300]
2024-01-12T09:21:58.904+0800	INFO	raft/config.go:177	cfg.saved is [<nil> <nil> <nil>]
2024-01-12T09:21:58.904+0800	INFO	raft/config.go:224	ends is [0xc00007e2c0 0xc00007e2e0 0xc00007e300], cfg.saved[i] is &{{0 0} [] []}, applyCh is 0xc00002c480
2024-01-12T09:21:58.943+0800	INFO	raft/config.go:229	cfg.rafts is [0xc0000b0dc0 <nil> <nil>]
2024-01-12T09:21:58.943+0800	INFO	raft/config.go:151	


2024-01-12T09:21:58.943+0800	INFO	raft/config.go:152	----------------------------------------------call the start1------------------------------------
2024-01-12T09:21:58.943+0800	INFO	raft/config.go:160	endnames is [[izbIH1NrE4B0vFwnVs6_ xiXujUtljjc-kXxl7rcy 0gnlUYXGa36HKRA4E6js] [TlkTsbSOR6F2DGI09tn4 0Rgwq2BeC0khrqsEySyH ODVneGljbEFtS0llBJCy] []]
2024-01-12T09:21:58.943+0800	INFO	raft/config.go:168	ends is [0xc000124120 0xc000124140 0xc000124160]
2024-01-12T09:21:58.943+0800	INFO	raft/config.go:177	cfg.saved is [0xc000198080 <nil> <nil>]
2024-01-12T09:21:58.943+0800	INFO	raft/config.go:224	ends is [0xc000124120 0xc000124140 0xc000124160], cfg.saved[i] is &{{0 0} [] []}, applyCh is 0xc00013a000
2024-01-12T09:21:58.987+0800	INFO	raft/config.go:229	cfg.rafts is [0xc0000b0dc0 0xc00013e000 <nil>]
2024-01-12T09:21:58.987+0800	INFO	raft/config.go:151	


2024-01-12T09:21:58.987+0800	INFO	raft/config.go:152	----------------------------------------------call the start1------------------------------------
2024-01-12T09:21:58.987+0800	INFO	raft/config.go:160	endnames is [[izbIH1NrE4B0vFwnVs6_ xiXujUtljjc-kXxl7rcy 0gnlUYXGa36HKRA4E6js] [TlkTsbSOR6F2DGI09tn4 0Rgwq2BeC0khrqsEySyH ODVneGljbEFtS0llBJCy] [XCxkd81sw_CmMz2XXHnH dRmZTEdeHJ7UdaoDkctK dGW9JRo1ulV7RgFw3g79]]
2024-01-12T09:21:58.987+0800	INFO	raft/config.go:168	ends is [0xc00029e120 0xc00029e140 0xc00029e160]
2024-01-12T09:21:58.987+0800	INFO	raft/config.go:177	cfg.saved is [0xc000198080 0xc000120180 <nil>]
2024-01-12T09:21:58.987+0800	INFO	raft/config.go:224	ends is [0xc00029e120 0xc00029e140 0xc00029e160], cfg.saved[i] is &{{0 0} [] []}, applyCh is 0xc0002b8000
2024-01-12T09:21:59.032+0800	INFO	raft/config.go:229	cfg.rafts is [0xc0000b0dc0 0xc00013e000 0xc0002bc000]
2024-01-12T09:21:59.032+0800	INFO	raft/config.go:101	




2024-01-12T09:21:59.032+0800	INFO	raft/config.go:261	cfg.endnames is [[izbIH1NrE4B0vFwnVs6_ xiXujUtljjc-kXxl7rcy 0gnlUYXGa36HKRA4E6js] [TlkTsbSOR6F2DGI09tn4 0Rgwq2BeC0khrqsEySyH ODVneGljbEFtS0llBJCy] [XCxkd81sw_CmMz2XXHnH dRmZTEdeHJ7UdaoDkctK dGW9JRo1ulV7RgFw3g79]]
2024-01-12T09:21:59.032+0800	INFO	raft/config.go:261	cfg.endnames is [[izbIH1NrE4B0vFwnVs6_ xiXujUtljjc-kXxl7rcy 0gnlUYXGa36HKRA4E6js] [TlkTsbSOR6F2DGI09tn4 0Rgwq2BeC0khrqsEySyH ODVneGljbEFtS0llBJCy] [XCxkd81sw_CmMz2XXHnH dRmZTEdeHJ7UdaoDkctK dGW9JRo1ulV7RgFw3g79]]
2024-01-12T09:21:59.032+0800	INFO	raft/config.go:261	cfg.endnames is [[izbIH1NrE4B0vFwnVs6_ xiXujUtljjc-kXxl7rcy 0gnlUYXGa36HKRA4E6js] [TlkTsbSOR6F2DGI09tn4 0Rgwq2BeC0khrqsEySyH ODVneGljbEFtS0llBJCy] [XCxkd81sw_CmMz2XXHnH dRmZTEdeHJ7UdaoDkctK dGW9JRo1ulV7RgFw3g79]]
2024-01-12T09:22:02.002+0800	INFO	raft/config.go:151	


2024-01-12T09:22:02.002+0800	INFO	raft/config.go:152	----------------------------------------------call the start1------------------------------------
2024-01-12T09:22:02.002+0800	INFO	raft/config.go:160	endnames is [[UuhauW_ISh1cXWCL94dQ 76grXDAGpxEM3g6W920f dQnzADVmrvfeAN_2us3I] [] []]
2024-01-12T09:22:02.002+0800	INFO	raft/config.go:168	ends is [0xc00007e060 0xc00007e0a0 0xc00007e0c0]
2024-01-12T09:22:02.002+0800	INFO	raft/config.go:177	cfg.saved is [<nil> <nil> <nil>]
2024-01-12T09:22:02.002+0800	INFO	raft/config.go:224	ends is [0xc00007e060 0xc00007e0a0 0xc00007e0c0], cfg.saved[i] is &{{0 0} [] []}, applyCh is 0xc00002c6c0
2024-01-12T09:22:02.069+0800	INFO	raft/config.go:229	cfg.rafts is [0xc0002bc140 <nil> <nil>]
2024-01-12T09:22:02.069+0800	INFO	raft/config.go:151	


2024-01-12T09:22:02.069+0800	INFO	raft/config.go:152	----------------------------------------------call the start1------------------------------------
2024-01-12T09:22:02.069+0800	INFO	raft/config.go:160	endnames is [[UuhauW_ISh1cXWCL94dQ 76grXDAGpxEM3g6W920f dQnzADVmrvfeAN_2us3I] [MZOCLzw3cWaw_kZEF0vR fEm4K9MbyDzcq_ayTYFG o6FTmRxGacm7suvfoRra] []]
2024-01-12T09:22:02.069+0800	INFO	raft/config.go:168	ends is [0xc0003260e0 0xc000326100 0xc000326120]
2024-01-12T09:22:02.069+0800	INFO	raft/config.go:177	cfg.saved is [0xc00029a340 <nil> <nil>]
2024-01-12T09:22:02.069+0800	INFO	raft/config.go:224	ends is [0xc0003260e0 0xc000326100 0xc000326120], cfg.saved[i] is &{{0 0} [] []}, applyCh is 0xc00068a000
2024-01-12T09:22:02.112+0800	INFO	raft/config.go:229	cfg.rafts is [0xc0002bc140 0xc00068c000 <nil>]
2024-01-12T09:22:02.118+0800	INFO	raft/config.go:151	


2024-01-12T09:22:02.118+0800	INFO	raft/config.go:152	----------------------------------------------call the start1------------------------------------
2024-01-12T09:22:02.118+0800	INFO	raft/config.go:160	endnames is [[UuhauW_ISh1cXWCL94dQ 76grXDAGpxEM3g6W920f dQnzADVmrvfeAN_2us3I] [MZOCLzw3cWaw_kZEF0vR fEm4K9MbyDzcq_ayTYFG o6FTmRxGacm7suvfoRra] [mBBNtCzUTxybmf0q4k32 lMIXU0U1nRxQQ6EclX-z Y0ICGDrNZXwop3W2g7ou]]
2024-01-12T09:22:02.118+0800	INFO	raft/config.go:168	ends is [0xc00029e280 0xc00029e2c0 0xc00029e320]
2024-01-12T09:22:02.118+0800	INFO	raft/config.go:177	cfg.saved is [0xc00029a340 0xc0005b0180 <nil>]
2024-01-12T09:22:02.118+0800	INFO	raft/config.go:224	ends is [0xc00029e280 0xc00029e2c0 0xc00029e320], cfg.saved[i] is &{{0 0} [] []}, applyCh is 0xc0004b8000
2024-01-12T09:22:02.160+0800	INFO	raft/config.go:229	cfg.rafts is [0xc0002bc140 0xc00068c000 0xc000502000]
2024-01-12T09:22:02.160+0800	INFO	raft/config.go:101	




2024-01-12T09:22:02.160+0800	INFO	raft/config.go:261	cfg.endnames is [[UuhauW_ISh1cXWCL94dQ 76grXDAGpxEM3g6W920f dQnzADVmrvfeAN_2us3I] [MZOCLzw3cWaw_kZEF0vR fEm4K9MbyDzcq_ayTYFG o6FTmRxGacm7suvfoRra] [mBBNtCzUTxybmf0q4k32 lMIXU0U1nRxQQ6EclX-z Y0ICGDrNZXwop3W2g7ou]]
2024-01-12T09:22:02.160+0800	INFO	raft/config.go:261	cfg.endnames is [[UuhauW_ISh1cXWCL94dQ 76grXDAGpxEM3g6W920f dQnzADVmrvfeAN_2us3I] [MZOCLzw3cWaw_kZEF0vR fEm4K9MbyDzcq_ayTYFG o6FTmRxGacm7suvfoRra] [mBBNtCzUTxybmf0q4k32 lMIXU0U1nRxQQ6EclX-z Y0ICGDrNZXwop3W2g7ou]]
2024-01-12T09:22:02.160+0800	INFO	raft/config.go:261	cfg.endnames is [[UuhauW_ISh1cXWCL94dQ 76grXDAGpxEM3g6W920f dQnzADVmrvfeAN_2us3I] [MZOCLzw3cWaw_kZEF0vR fEm4K9MbyDzcq_ayTYFG o6FTmRxGacm7suvfoRra] [mBBNtCzUTxybmf0q4k32 lMIXU0U1nRxQQ6EclX-z Y0ICGDrNZXwop3W2g7ou]]
2024-01-12T09:22:03.166+0800	INFO	raft/config.go:261	cfg.endnames is [[UuhauW_ISh1cXWCL94dQ 76grXDAGpxEM3g6W920f dQnzADVmrvfeAN_2us3I] [MZOCLzw3cWaw_kZEF0vR fEm4K9MbyDzcq_ayTYFG o6FTmRxGacm7suvfoRra] [mBBNtCzUTxybmf0q4k32 lMIXU0U1nRxQQ6EclX-z Y0ICGDrNZXwop3W2g7ou]]
2024-01-12T09:37:01.218+0800	INFO	raft/config.go:151	


2024-01-12T09:37:01.219+0800	INFO	raft/config.go:152	----------------------------------------------call the start1------------------------------------
2024-01-12T09:37:01.219+0800	INFO	raft/config.go:160	endnames is [[lo9asQEkikFP9CT0bJcs 6I-LwnnYYj5uXwouBFal fDvuHRlHpazgPBlCQxeD] [] []]
2024-01-12T09:37:01.219+0800	INFO	raft/config.go:168	ends is [0xc0001622a0 0xc0001622c0 0xc0001622e0]
2024-01-12T09:37:01.219+0800	INFO	raft/config.go:177	cfg.saved is [<nil> <nil> <nil>]
2024-01-12T09:37:01.219+0800	INFO	raft/config.go:224	ends is [0xc0001622a0 0xc0001622c0 0xc0001622e0], cfg.saved[i] is &{{0 0} [] []}, applyCh is 0xc0001003c0
2024-01-12T09:37:01.269+0800	INFO	raft/config.go:229	cfg.rafts is [0xc000130dc0 <nil> <nil>]
2024-01-12T09:37:01.269+0800	INFO	raft/config.go:151	


2024-01-12T09:37:01.269+0800	INFO	raft/config.go:152	----------------------------------------------call the start1------------------------------------
2024-01-12T09:37:01.269+0800	INFO	raft/config.go:160	endnames is [[lo9asQEkikFP9CT0bJcs 6I-LwnnYYj5uXwouBFal fDvuHRlHpazgPBlCQxeD] [hboe_m7suz2jCCAiVrSj EdqGUmcv6pBciffK8wti PqHpE70csNuIayFjaeFY] []]
2024-01-12T09:37:01.269+0800	INFO	raft/config.go:168	ends is [0xc000162440 0xc000162460 0xc000162480]
2024-01-12T09:37:01.269+0800	INFO	raft/config.go:177	cfg.saved is [0xc0001b0000 <nil> <nil>]
2024-01-12T09:37:01.269+0800	INFO	raft/config.go:224	ends is [0xc000162440 0xc000162460 0xc000162480], cfg.saved[i] is &{{0 0} [] []}, applyCh is 0xc000100480
2024-01-12T09:37:01.314+0800	INFO	raft/config.go:229	cfg.rafts is [0xc000130dc0 0xc000130e60 <nil>]
2024-01-12T09:37:01.314+0800	INFO	raft/config.go:151	


2024-01-12T09:37:01.314+0800	INFO	raft/config.go:152	----------------------------------------------call the start1------------------------------------
2024-01-12T09:37:01.314+0800	INFO	raft/config.go:160	endnames is [[lo9asQEkikFP9CT0bJcs 6I-LwnnYYj5uXwouBFal fDvuHRlHpazgPBlCQxeD] [hboe_m7suz2jCCAiVrSj EdqGUmcv6pBciffK8wti PqHpE70csNuIayFjaeFY] [k8t7AKmyhKYlkgv95f4K IAJq2DsgweY4aCv_epYX YCij1mL0-Exr1LqCbBGJ]]
2024-01-12T09:37:01.314+0800	INFO	raft/config.go:168	ends is [0xc000162600 0xc000162620 0xc000162640]
2024-01-12T09:37:01.314+0800	INFO	raft/config.go:177	cfg.saved is [0xc0001b0000 0xc0001b0140 <nil>]
2024-01-12T09:37:01.314+0800	INFO	raft/config.go:224	ends is [0xc000162600 0xc000162620 0xc000162640], cfg.saved[i] is &{{0 0} [] []}, applyCh is 0xc000100540
2024-01-12T09:37:01.358+0800	INFO	raft/config.go:229	cfg.rafts is [0xc000130dc0 0xc000130e60 0xc000130f00]
2024-01-12T09:37:01.358+0800	INFO	raft/config.go:101	




2024-01-12T09:37:01.358+0800	INFO	raft/config.go:261	cfg.endnames is [[lo9asQEkikFP9CT0bJcs 6I-LwnnYYj5uXwouBFal fDvuHRlHpazgPBlCQxeD] [hboe_m7suz2jCCAiVrSj EdqGUmcv6pBciffK8wti PqHpE70csNuIayFjaeFY] [k8t7AKmyhKYlkgv95f4K IAJq2DsgweY4aCv_epYX YCij1mL0-Exr1LqCbBGJ]]
2024-01-12T09:37:01.358+0800	INFO	raft/config.go:261	cfg.endnames is [[lo9asQEkikFP9CT0bJcs 6I-LwnnYYj5uXwouBFal fDvuHRlHpazgPBlCQxeD] [hboe_m7suz2jCCAiVrSj EdqGUmcv6pBciffK8wti PqHpE70csNuIayFjaeFY] [k8t7AKmyhKYlkgv95f4K IAJq2DsgweY4aCv_epYX YCij1mL0-Exr1LqCbBGJ]]
2024-01-12T09:37:01.358+0800	INFO	raft/config.go:261	cfg.endnames is [[lo9asQEkikFP9CT0bJcs 6I-LwnnYYj5uXwouBFal fDvuHRlHpazgPBlCQxeD] [hboe_m7suz2jCCAiVrSj EdqGUmcv6pBciffK8wti PqHpE70csNuIayFjaeFY] [k8t7AKmyhKYlkgv95f4K IAJq2DsgweY4aCv_epYX YCij1mL0-Exr1LqCbBGJ]]
2024-01-12T09:37:04.407+0800	INFO	raft/config.go:151	


2024-01-12T09:37:04.407+0800	INFO	raft/config.go:152	----------------------------------------------call the start1------------------------------------
2024-01-12T09:37:04.407+0800	INFO	raft/config.go:160	endnames is [[rXg5loyfPNiltnOA2tQV BOmFxiBtQcpqndTAcIxT JQxIRL2SSiBSdsSzBGEn] [] []]
2024-01-12T09:37:04.407+0800	INFO	raft/config.go:168	ends is [0xc0003ae0c0 0xc0003ae0e0 0xc0003ae100]
2024-01-12T09:37:04.407+0800	INFO	raft/config.go:177	cfg.saved is [<nil> <nil> <nil>]
2024-01-12T09:37:04.407+0800	INFO	raft/config.go:224	ends is [0xc0003ae0c0 0xc0003ae0e0 0xc0003ae100], cfg.saved[i] is &{{0 0} [] []}, applyCh is 0xc000476900
2024-01-12T09:37:04.450+0800	INFO	raft/config.go:229	cfg.rafts is [0xc00040ae60 <nil> <nil>]
2024-01-12T09:37:04.450+0800	INFO	raft/config.go:151	


2024-01-12T09:37:04.450+0800	INFO	raft/config.go:152	----------------------------------------------call the start1------------------------------------
2024-01-12T09:37:04.450+0800	INFO	raft/config.go:160	endnames is [[rXg5loyfPNiltnOA2tQV BOmFxiBtQcpqndTAcIxT JQxIRL2SSiBSdsSzBGEn] [prCPO5WOgkGzizRnYwxy gU2qt2Rrbv0wSZvWh_zh _ev7MexM1ZCgFsVkmNtn] []]
2024-01-12T09:37:04.450+0800	INFO	raft/config.go:168	ends is [0xc0003ae240 0xc0003ae260 0xc0003ae280]
2024-01-12T09:37:04.450+0800	INFO	raft/config.go:177	cfg.saved is [0xc000430380 <nil> <nil>]
2024-01-12T09:37:04.450+0800	INFO	raft/config.go:224	ends is [0xc0003ae240 0xc0003ae260 0xc0003ae280], cfg.saved[i] is &{{0 0} [] []}, applyCh is 0xc00067c000
2024-01-12T09:37:04.498+0800	INFO	raft/config.go:229	cfg.rafts is [0xc00040ae60 0xc00067e000 <nil>]
2024-01-12T09:37:04.498+0800	INFO	raft/config.go:151	


2024-01-12T09:37:04.498+0800	INFO	raft/config.go:152	----------------------------------------------call the start1------------------------------------
2024-01-12T09:37:04.498+0800	INFO	raft/config.go:160	endnames is [[rXg5loyfPNiltnOA2tQV BOmFxiBtQcpqndTAcIxT JQxIRL2SSiBSdsSzBGEn] [prCPO5WOgkGzizRnYwxy gU2qt2Rrbv0wSZvWh_zh _ev7MexM1ZCgFsVkmNtn] [FTmWH0HzzH9h0TCyc073 NzOx-XTtVKCCooQjUkLv 2aHV8r7nK8kO4rDGkgCB]]
2024-01-12T09:37:04.498+0800	INFO	raft/config.go:168	ends is [0xc0003ae320 0xc0003ae340 0xc0003ae360]
2024-01-12T09:37:04.498+0800	INFO	raft/config.go:177	cfg.saved is [0xc000430380 0xc00066e1c0 <nil>]
2024-01-12T09:37:04.498+0800	INFO	raft/config.go:224	ends is [0xc0003ae320 0xc0003ae340 0xc0003ae360], cfg.saved[i] is &{{0 0} [] []}, applyCh is 0xc00032a000
2024-01-12T09:37:04.549+0800	INFO	raft/config.go:229	cfg.rafts is [0xc00040ae60 0xc00067e000 0xc000390d20]
2024-01-12T09:37:04.549+0800	INFO	raft/config.go:101	




2024-01-12T09:37:04.549+0800	INFO	raft/config.go:261	cfg.endnames is [[rXg5loyfPNiltnOA2tQV BOmFxiBtQcpqndTAcIxT JQxIRL2SSiBSdsSzBGEn] [prCPO5WOgkGzizRnYwxy gU2qt2Rrbv0wSZvWh_zh _ev7MexM1ZCgFsVkmNtn] [FTmWH0HzzH9h0TCyc073 NzOx-XTtVKCCooQjUkLv 2aHV8r7nK8kO4rDGkgCB]]
2024-01-12T09:37:04.549+0800	INFO	raft/config.go:261	cfg.endnames is [[rXg5loyfPNiltnOA2tQV BOmFxiBtQcpqndTAcIxT JQxIRL2SSiBSdsSzBGEn] [prCPO5WOgkGzizRnYwxy gU2qt2Rrbv0wSZvWh_zh _ev7MexM1ZCgFsVkmNtn] [FTmWH0HzzH9h0TCyc073 NzOx-XTtVKCCooQjUkLv 2aHV8r7nK8kO4rDGkgCB]]
2024-01-12T09:37:04.549+0800	INFO	raft/config.go:261	cfg.endnames is [[rXg5loyfPNiltnOA2tQV BOmFxiBtQcpqndTAcIxT JQxIRL2SSiBSdsSzBGEn] [prCPO5WOgkGzizRnYwxy gU2qt2Rrbv0wSZvWh_zh _ev7MexM1ZCgFsVkmNtn] [FTmWH0HzzH9h0TCyc073 NzOx-XTtVKCCooQjUkLv 2aHV8r7nK8kO4rDGkgCB]]
2024-01-12T09:37:05.605+0800	INFO	raft/config.go:261	cfg.endnames is [[rXg5loyfPNiltnOA2tQV BOmFxiBtQcpqndTAcIxT JQxIRL2SSiBSdsSzBGEn] [prCPO5WOgkGzizRnYwxy gU2qt2Rrbv0wSZvWh_zh _ev7MexM1ZCgFsVkmNtn] [FTmWH0HzzH9h0TCyc073 NzOx-XTtVKCCooQjUkLv 2aHV8r7nK8kO4rDGkgCB]]
2024-01-12T09:52:08.253+0800	INFO	raft/config.go:151	


2024-01-12T09:52:08.253+0800	INFO	raft/config.go:152	----------------------------------------------call the start1------------------------------------
2024-01-12T09:52:08.253+0800	INFO	raft/config.go:160	endnames is [[yVzMrm1eNKHHyrcgpNwq 29tCjLL0wxfxeEIb6gzE ao_TIJOXUP8hhr-9Impf] [] []]
2024-01-12T09:52:08.253+0800	INFO	raft/config.go:168	ends is [0xc00007e2c0 0xc00007e2e0 0xc00007e300]
2024-01-12T09:52:08.253+0800	INFO	raft/config.go:177	cfg.saved is [<nil> <nil> <nil>]
2024-01-12T09:52:08.253+0800	INFO	raft/config.go:224	ends is [0xc00007e2c0 0xc00007e2e0 0xc00007e300], cfg.saved[i] is &{{0 0} [] []}, applyCh is 0xc00002c480
2024-01-12T09:52:08.465+0800	INFO	raft/config.go:229	cfg.rafts is [0xc0000b0e60 <nil> <nil>]
2024-01-12T09:52:08.465+0800	INFO	raft/config.go:151	


2024-01-12T09:52:08.465+0800	INFO	raft/config.go:152	----------------------------------------------call the start1------------------------------------
2024-01-12T09:52:08.465+0800	INFO	raft/config.go:160	endnames is [[yVzMrm1eNKHHyrcgpNwq 29tCjLL0wxfxeEIb6gzE ao_TIJOXUP8hhr-9Impf] [JgjMDVC7akRncLMrEVtU tjBDHJYfBWg1C6mEG29c bUf0LDwL-z9-rUITZN8S] []]
2024-01-12T09:52:08.465+0800	INFO	raft/config.go:168	ends is [0xc00007e460 0xc00007e480 0xc00007e4a0]
2024-01-12T09:52:08.465+0800	INFO	raft/config.go:177	cfg.saved is [0xc000198080 <nil> <nil>]
2024-01-12T09:52:08.465+0800	INFO	raft/config.go:224	ends is [0xc00007e460 0xc00007e480 0xc00007e4a0], cfg.saved[i] is &{{0 0} [] []}, applyCh is 0xc00002c540
2024-01-12T09:52:08.510+0800	INFO	raft/config.go:229	cfg.rafts is [0xc0000b0e60 0xc0000b0f00 <nil>]
2024-01-12T09:52:08.510+0800	INFO	raft/config.go:151	


2024-01-12T09:52:08.510+0800	INFO	raft/config.go:152	----------------------------------------------call the start1------------------------------------
2024-01-12T09:52:08.510+0800	INFO	raft/config.go:160	endnames is [[yVzMrm1eNKHHyrcgpNwq 29tCjLL0wxfxeEIb6gzE ao_TIJOXUP8hhr-9Impf] [JgjMDVC7akRncLMrEVtU tjBDHJYfBWg1C6mEG29c bUf0LDwL-z9-rUITZN8S] [DXBRLf9gJEBRZ9M8wIeX TL_ZqybIxBmKmJVBKqV5 d1fR9_CjpHuKamJBYoxt]]
2024-01-12T09:52:08.510+0800	INFO	raft/config.go:168	ends is [0xc000220120 0xc000220140 0xc000220160]
2024-01-12T09:52:08.510+0800	INFO	raft/config.go:177	cfg.saved is [0xc000198080 0xc0001981c0 <nil>]
2024-01-12T09:52:08.510+0800	INFO	raft/config.go:224	ends is [0xc000220120 0xc000220140 0xc000220160], cfg.saved[i] is &{{0 0} [] []}, applyCh is 0xc00023a000
2024-01-12T09:52:08.554+0800	INFO	raft/config.go:229	cfg.rafts is [0xc0000b0e60 0xc0000b0f00 0xc00023e000]
2024-01-12T09:52:08.554+0800	INFO	raft/config.go:101	




2024-01-12T09:52:08.554+0800	INFO	raft/config.go:261	cfg.endnames is [[yVzMrm1eNKHHyrcgpNwq 29tCjLL0wxfxeEIb6gzE ao_TIJOXUP8hhr-9Impf] [JgjMDVC7akRncLMrEVtU tjBDHJYfBWg1C6mEG29c bUf0LDwL-z9-rUITZN8S] [DXBRLf9gJEBRZ9M8wIeX TL_ZqybIxBmKmJVBKqV5 d1fR9_CjpHuKamJBYoxt]]
2024-01-12T09:52:08.554+0800	INFO	raft/config.go:261	cfg.endnames is [[yVzMrm1eNKHHyrcgpNwq 29tCjLL0wxfxeEIb6gzE ao_TIJOXUP8hhr-9Impf] [JgjMDVC7akRncLMrEVtU tjBDHJYfBWg1C6mEG29c bUf0LDwL-z9-rUITZN8S] [DXBRLf9gJEBRZ9M8wIeX TL_ZqybIxBmKmJVBKqV5 d1fR9_CjpHuKamJBYoxt]]
2024-01-12T09:52:08.554+0800	INFO	raft/config.go:261	cfg.endnames is [[yVzMrm1eNKHHyrcgpNwq 29tCjLL0wxfxeEIb6gzE ao_TIJOXUP8hhr-9Impf] [JgjMDVC7akRncLMrEVtU tjBDHJYfBWg1C6mEG29c bUf0LDwL-z9-rUITZN8S] [DXBRLf9gJEBRZ9M8wIeX TL_ZqybIxBmKmJVBKqV5 d1fR9_CjpHuKamJBYoxt]]
2024-01-12T09:52:09.087+0800	INFO	raft/config.go:339	checkOneLeader().leaders is map[1:[0]]
2024-01-12T09:52:11.618+0800	INFO	raft/config.go:339	checkOneLeader().leaders is map[1:[0]]
2024-01-12T09:52:11.618+0800	INFO	raft/config.go:151	


2024-01-12T09:52:11.618+0800	INFO	raft/config.go:152	----------------------------------------------call the start1------------------------------------
2024-01-12T09:52:11.618+0800	INFO	raft/config.go:160	endnames is [[I-LwFSoFFYgmO9FYYj1Q g4mq3v5KwGpoq_IYfpZa 957lii2y0-gU9uXvulKZ] [] []]
2024-01-12T09:52:11.618+0800	INFO	raft/config.go:168	ends is [0xc0003960e0 0xc0005500c0 0xc0005500e0]
2024-01-12T09:52:11.618+0800	INFO	raft/config.go:177	cfg.saved is [<nil> <nil> <nil>]
2024-01-12T09:52:11.618+0800	INFO	raft/config.go:224	ends is [0xc0003960e0 0xc0005500c0 0xc0005500e0], cfg.saved[i] is &{{0 0} [] []}, applyCh is 0xc00023a120
2024-01-12T09:52:11.681+0800	INFO	raft/config.go:229	cfg.rafts is [0xc0000b0500 <nil> <nil>]
2024-01-12T09:52:11.682+0800	INFO	raft/config.go:151	


2024-01-12T09:52:11.682+0800	INFO	raft/config.go:152	----------------------------------------------call the start1------------------------------------
2024-01-12T09:52:11.682+0800	INFO	raft/config.go:160	endnames is [[I-LwFSoFFYgmO9FYYj1Q g4mq3v5KwGpoq_IYfpZa 957lii2y0-gU9uXvulKZ] [6qAQx6m3UyxB4XcduKJm HeIfriCEuk6BGJ2QmZtR icXhagjNrB44JojOZ2tN] []]
2024-01-12T09:52:11.682+0800	INFO	raft/config.go:168	ends is [0xc000396000 0xc000396020 0xc000396040]
2024-01-12T09:52:11.682+0800	INFO	raft/config.go:177	cfg.saved is [0xc00048e000 <nil> <nil>]
2024-01-12T09:52:11.682+0800	INFO	raft/config.go:224	ends is [0xc000396000 0xc000396020 0xc000396040], cfg.saved[i] is &{{0 0} [] []}, applyCh is 0xc000504000
2024-01-12T09:52:11.727+0800	INFO	raft/config.go:229	cfg.rafts is [0xc0000b0500 0xc000657a40 <nil>]
2024-01-12T09:52:11.727+0800	INFO	raft/config.go:151	


2024-01-12T09:52:11.727+0800	INFO	raft/config.go:152	----------------------------------------------call the start1------------------------------------
2024-01-12T09:52:11.727+0800	INFO	raft/config.go:160	endnames is [[I-LwFSoFFYgmO9FYYj1Q g4mq3v5KwGpoq_IYfpZa 957lii2y0-gU9uXvulKZ] [6qAQx6m3UyxB4XcduKJm HeIfriCEuk6BGJ2QmZtR icXhagjNrB44JojOZ2tN] [XWyiuYETJYdF5AlxIZSM RbXBxEvlW4d7ziMsOrvj oHA-SSbVOuvsCD3_eRCI]]
2024-01-12T09:52:11.727+0800	INFO	raft/config.go:168	ends is [0xc0005502a0 0xc0005502c0 0xc0005502e0]
2024-01-12T09:52:11.727+0800	INFO	raft/config.go:177	cfg.saved is [0xc00048e000 0xc0005da080 <nil>]
2024-01-12T09:52:11.727+0800	INFO	raft/config.go:224	ends is [0xc0005502a0 0xc0005502c0 0xc0005502e0], cfg.saved[i] is &{{0 0} [] []}, applyCh is 0xc0004dc900
2024-01-12T09:52:11.770+0800	INFO	raft/config.go:229	cfg.rafts is [0xc0000b0500 0xc000657a40 0xc00047a000]
2024-01-12T09:52:11.787+0800	INFO	raft/config.go:101	




2024-01-12T09:52:11.787+0800	INFO	raft/config.go:261	cfg.endnames is [[I-LwFSoFFYgmO9FYYj1Q g4mq3v5KwGpoq_IYfpZa 957lii2y0-gU9uXvulKZ] [6qAQx6m3UyxB4XcduKJm HeIfriCEuk6BGJ2QmZtR icXhagjNrB44JojOZ2tN] [XWyiuYETJYdF5AlxIZSM RbXBxEvlW4d7ziMsOrvj oHA-SSbVOuvsCD3_eRCI]]
2024-01-12T09:52:11.787+0800	INFO	raft/config.go:261	cfg.endnames is [[I-LwFSoFFYgmO9FYYj1Q g4mq3v5KwGpoq_IYfpZa 957lii2y0-gU9uXvulKZ] [6qAQx6m3UyxB4XcduKJm HeIfriCEuk6BGJ2QmZtR icXhagjNrB44JojOZ2tN] [XWyiuYETJYdF5AlxIZSM RbXBxEvlW4d7ziMsOrvj oHA-SSbVOuvsCD3_eRCI]]
2024-01-12T09:52:11.787+0800	INFO	raft/config.go:261	cfg.endnames is [[I-LwFSoFFYgmO9FYYj1Q g4mq3v5KwGpoq_IYfpZa 957lii2y0-gU9uXvulKZ] [6qAQx6m3UyxB4XcduKJm HeIfriCEuk6BGJ2QmZtR icXhagjNrB44JojOZ2tN] [XWyiuYETJYdF5AlxIZSM RbXBxEvlW4d7ziMsOrvj oHA-SSbVOuvsCD3_eRCI]]
2024-01-12T09:52:12.331+0800	INFO	raft/config.go:339	checkOneLeader().leaders is map[1:[0]]
2024-01-12T09:52:12.783+0800	INFO	raft/config.go:339	checkOneLeader().leaders is map[2:[1 2]]
2024-01-12T10:44:36.099+0800	INFO	raft/config.go:151	


2024-01-12T10:44:36.099+0800	INFO	raft/config.go:152	----------------------------------------------call the start1------------------------------------
2024-01-12T10:44:36.100+0800	INFO	raft/config.go:160	endnames is [[owjuUZeNsz3Txp-NTaec Qdqpq4qoV608jsP87cD6 EHB_hustJmmmGOBuxoG3] [] []]
2024-01-12T10:44:36.100+0800	INFO	raft/config.go:168	ends is [0xc00007e2c0 0xc00007e2e0 0xc00007e300]
2024-01-12T10:44:36.100+0800	INFO	raft/config.go:177	cfg.saved is [<nil> <nil> <nil>]
2024-01-12T10:44:36.100+0800	INFO	raft/config.go:224	ends is [0xc00007e2c0 0xc00007e2e0 0xc00007e300], cfg.saved[i] is &{{0 0} [] []}, applyCh is 0xc00002c480
2024-01-12T10:44:36.145+0800	INFO	raft/config.go:229	cfg.rafts is [0xc0000b0dc0 <nil> <nil>]
2024-01-12T10:44:36.145+0800	INFO	raft/config.go:151	


2024-01-12T10:44:36.145+0800	INFO	raft/config.go:152	----------------------------------------------call the start1------------------------------------
2024-01-12T10:44:36.145+0800	INFO	raft/config.go:160	endnames is [[owjuUZeNsz3Txp-NTaec Qdqpq4qoV608jsP87cD6 EHB_hustJmmmGOBuxoG3] [efkv_X2kAmMg8ZXe-Xzf SXXfv7WlkCWAf1ej8VkB Y6gggnYBNGh7q2hH1X2M] []]
2024-01-12T10:44:36.145+0800	INFO	raft/config.go:168	ends is [0xc00007e460 0xc00007e480 0xc00007e4a0]
2024-01-12T10:44:36.145+0800	INFO	raft/config.go:177	cfg.saved is [0xc000198080 <nil> <nil>]
2024-01-12T10:44:36.145+0800	INFO	raft/config.go:224	ends is [0xc00007e460 0xc00007e480 0xc00007e4a0], cfg.saved[i] is &{{0 0} [] []}, applyCh is 0xc00002c540
2024-01-12T10:44:36.190+0800	INFO	raft/config.go:229	cfg.rafts is [0xc0000b0dc0 0xc0000b0e60 <nil>]
2024-01-12T10:44:36.190+0800	INFO	raft/config.go:151	


2024-01-12T10:44:36.190+0800	INFO	raft/config.go:152	----------------------------------------------call the start1------------------------------------
2024-01-12T10:44:36.190+0800	INFO	raft/config.go:160	endnames is [[owjuUZeNsz3Txp-NTaec Qdqpq4qoV608jsP87cD6 EHB_hustJmmmGOBuxoG3] [efkv_X2kAmMg8ZXe-Xzf SXXfv7WlkCWAf1ej8VkB Y6gggnYBNGh7q2hH1X2M] [LSAiN8_NX_4Et7nJHt9q ClqtdNrhU7hTIWsDFcXJ asCBOxgnzDWThEsB8yPx]]
2024-01-12T10:44:36.190+0800	INFO	raft/config.go:168	ends is [0xc00007e620 0xc00007e640 0xc00007e660]
2024-01-12T10:44:36.190+0800	INFO	raft/config.go:177	cfg.saved is [0xc000198080 0xc0001981c0 <nil>]
2024-01-12T10:44:36.190+0800	INFO	raft/config.go:224	ends is [0xc00007e620 0xc00007e640 0xc00007e660], cfg.saved[i] is &{{0 0} [] []}, applyCh is 0xc00002c600
2024-01-12T10:44:36.234+0800	INFO	raft/config.go:229	cfg.rafts is [0xc0000b0dc0 0xc0000b0e60 0xc0000b0f00]
2024-01-12T10:44:36.234+0800	INFO	raft/config.go:101	




2024-01-12T10:44:36.234+0800	INFO	raft/config.go:261	cfg.endnames is [[owjuUZeNsz3Txp-NTaec Qdqpq4qoV608jsP87cD6 EHB_hustJmmmGOBuxoG3] [efkv_X2kAmMg8ZXe-Xzf SXXfv7WlkCWAf1ej8VkB Y6gggnYBNGh7q2hH1X2M] [LSAiN8_NX_4Et7nJHt9q ClqtdNrhU7hTIWsDFcXJ asCBOxgnzDWThEsB8yPx]]
2024-01-12T10:44:36.234+0800	INFO	raft/config.go:261	cfg.endnames is [[owjuUZeNsz3Txp-NTaec Qdqpq4qoV608jsP87cD6 EHB_hustJmmmGOBuxoG3] [efkv_X2kAmMg8ZXe-Xzf SXXfv7WlkCWAf1ej8VkB Y6gggnYBNGh7q2hH1X2M] [LSAiN8_NX_4Et7nJHt9q ClqtdNrhU7hTIWsDFcXJ asCBOxgnzDWThEsB8yPx]]
2024-01-12T10:44:36.234+0800	INFO	raft/config.go:261	cfg.endnames is [[owjuUZeNsz3Txp-NTaec Qdqpq4qoV608jsP87cD6 EHB_hustJmmmGOBuxoG3] [efkv_X2kAmMg8ZXe-Xzf SXXfv7WlkCWAf1ej8VkB Y6gggnYBNGh7q2hH1X2M] [LSAiN8_NX_4Et7nJHt9q ClqtdNrhU7hTIWsDFcXJ asCBOxgnzDWThEsB8yPx]]
2024-01-12T10:44:36.753+0800	INFO	raft/config.go:339	checkOneLeader().leaders is map[1:[1]]
2024-01-12T10:44:39.346+0800	INFO	raft/config.go:339	checkOneLeader().leaders is map[1:[1]]
2024-01-12T10:44:39.346+0800	INFO	raft/config.go:151	


2024-01-12T10:44:39.346+0800	INFO	raft/config.go:152	----------------------------------------------call the start1------------------------------------
2024-01-12T10:44:39.346+0800	INFO	raft/config.go:160	endnames is [[KAEkoTeZ1HtqPVJdBJix kUtk7R_87ZJ4I7vBvr3f eKon-v_0j5enVoBs_PzN] [] []]
2024-01-12T10:44:39.346+0800	INFO	raft/config.go:168	ends is [0xc000296540 0xc000296560 0xc000296580]
2024-01-12T10:44:39.346+0800	INFO	raft/config.go:177	cfg.saved is [<nil> <nil> <nil>]
2024-01-12T10:44:39.346+0800	INFO	raft/config.go:224	ends is [0xc000296540 0xc000296560 0xc000296580], cfg.saved[i] is &{{0 0} [] []}, applyCh is 0xc0003ac360
2024-01-12T10:44:39.392+0800	INFO	raft/config.go:229	cfg.rafts is [0xc0002a4280 <nil> <nil>]
2024-01-12T10:44:39.392+0800	INFO	raft/config.go:151	


2024-01-12T10:44:39.392+0800	INFO	raft/config.go:152	----------------------------------------------call the start1------------------------------------
2024-01-12T10:44:39.392+0800	INFO	raft/config.go:160	endnames is [[KAEkoTeZ1HtqPVJdBJix kUtk7R_87ZJ4I7vBvr3f eKon-v_0j5enVoBs_PzN] [IjaE822h9k1TxAs1nVjx Ula8nDyW4gSb8GDOwjd- encY1CbSDUxFex1p4DS2] []]
2024-01-12T10:44:39.392+0800	INFO	raft/config.go:168	ends is [0xc000296100 0xc000296120 0xc000296140]
2024-01-12T10:44:39.392+0800	INFO	raft/config.go:177	cfg.saved is [0xc000284880 <nil> <nil>]
2024-01-12T10:44:39.392+0800	INFO	raft/config.go:224	ends is [0xc000296100 0xc000296120 0xc000296140], cfg.saved[i] is &{{0 0} [] []}, applyCh is 0xc00041e960
2024-01-12T10:44:39.435+0800	INFO	raft/config.go:229	cfg.rafts is [0xc0002a4280 0xc00042e6e0 <nil>]
2024-01-12T10:44:39.435+0800	INFO	raft/config.go:151	


2024-01-12T10:44:39.435+0800	INFO	raft/config.go:152	----------------------------------------------call the start1------------------------------------
2024-01-12T10:44:39.435+0800	INFO	raft/config.go:160	endnames is [[KAEkoTeZ1HtqPVJdBJix kUtk7R_87ZJ4I7vBvr3f eKon-v_0j5enVoBs_PzN] [IjaE822h9k1TxAs1nVjx Ula8nDyW4gSb8GDOwjd- encY1CbSDUxFex1p4DS2] [P8FASPY5ZuDzDVECB4P0 bZ8ifESvFpvKUEV60UqY 0SxAn5v_NlqPX9n0jX8A]]
2024-01-12T10:44:39.435+0800	INFO	raft/config.go:168	ends is [0xc000296240 0xc000296260 0xc000296280]
2024-01-12T10:44:39.435+0800	INFO	raft/config.go:177	cfg.saved is [0xc000284880 0xc000421f80 <nil>]
2024-01-12T10:44:39.435+0800	INFO	raft/config.go:224	ends is [0xc000296240 0xc000296260 0xc000296280], cfg.saved[i] is &{{0 0} [] []}, applyCh is 0xc00042c060
2024-01-12T10:44:39.481+0800	INFO	raft/config.go:229	cfg.rafts is [0xc0002a4280 0xc00042e6e0 0xc0005ca000]
2024-01-12T10:44:39.481+0800	INFO	raft/config.go:101	




2024-01-12T10:44:39.481+0800	INFO	raft/config.go:261	cfg.endnames is [[KAEkoTeZ1HtqPVJdBJix kUtk7R_87ZJ4I7vBvr3f eKon-v_0j5enVoBs_PzN] [IjaE822h9k1TxAs1nVjx Ula8nDyW4gSb8GDOwjd- encY1CbSDUxFex1p4DS2] [P8FASPY5ZuDzDVECB4P0 bZ8ifESvFpvKUEV60UqY 0SxAn5v_NlqPX9n0jX8A]]
2024-01-12T10:44:39.481+0800	INFO	raft/config.go:261	cfg.endnames is [[KAEkoTeZ1HtqPVJdBJix kUtk7R_87ZJ4I7vBvr3f eKon-v_0j5enVoBs_PzN] [IjaE822h9k1TxAs1nVjx Ula8nDyW4gSb8GDOwjd- encY1CbSDUxFex1p4DS2] [P8FASPY5ZuDzDVECB4P0 bZ8ifESvFpvKUEV60UqY 0SxAn5v_NlqPX9n0jX8A]]
2024-01-12T10:44:39.481+0800	INFO	raft/config.go:261	cfg.endnames is [[KAEkoTeZ1HtqPVJdBJix kUtk7R_87ZJ4I7vBvr3f eKon-v_0j5enVoBs_PzN] [IjaE822h9k1TxAs1nVjx Ula8nDyW4gSb8GDOwjd- encY1CbSDUxFex1p4DS2] [P8FASPY5ZuDzDVECB4P0 bZ8ifESvFpvKUEV60UqY 0SxAn5v_NlqPX9n0jX8A]]
2024-01-12T10:44:39.940+0800	INFO	raft/config.go:339	checkOneLeader().leaders is map[1:[0]]
2024-01-12T10:44:40.481+0800	INFO	raft/config.go:339	checkOneLeader().leaders is map[3:[1 2]]
2024-01-12T11:16:41.586+0800	INFO	raft/config.go:151	


2024-01-12T11:16:41.586+0800	INFO	raft/config.go:152	----------------------------------------------call the start1------------------------------------
2024-01-12T11:16:41.586+0800	INFO	raft/config.go:160	endnames is [[gQlqzyjOT4BhejfUuDux nLgyOTCLTyQhozRbWoRR ixP2SvsLYO6XRDg35xw_] [] []]
2024-01-12T11:16:41.586+0800	INFO	raft/config.go:168	ends is [0xc00007e2c0 0xc00007e2e0 0xc00007e300]
2024-01-12T11:16:41.586+0800	INFO	raft/config.go:177	cfg.saved is [<nil> <nil> <nil>]
2024-01-12T11:16:41.586+0800	INFO	raft/config.go:224	ends is [0xc00007e2c0 0xc00007e2e0 0xc00007e300], cfg.saved[i] is &{{0 0} [] []}, applyCh is 0xc00002c480
2024-01-12T11:16:41.635+0800	INFO	raft/config.go:229	cfg.rafts is [0xc0000b0dc0 <nil> <nil>]
2024-01-12T11:16:41.635+0800	INFO	raft/config.go:151	


2024-01-12T11:16:41.635+0800	INFO	raft/config.go:152	----------------------------------------------call the start1------------------------------------
2024-01-12T11:16:41.635+0800	INFO	raft/config.go:160	endnames is [[gQlqzyjOT4BhejfUuDux nLgyOTCLTyQhozRbWoRR ixP2SvsLYO6XRDg35xw_] [eHO1WRjuYypt9D3VAvLU BrpcIK76pAmoR4nGs-nu sq-3gwph4HNFZ92Jg9tQ] []]
2024-01-12T11:16:41.635+0800	INFO	raft/config.go:168	ends is [0xc000292120 0xc000292140 0xc000292160]
2024-01-12T11:16:41.635+0800	INFO	raft/config.go:177	cfg.saved is [0xc000118080 <nil> <nil>]
2024-01-12T11:16:41.635+0800	INFO	raft/config.go:224	ends is [0xc000292120 0xc000292140 0xc000292160], cfg.saved[i] is &{{0 0} [] []}, applyCh is 0xc0002ac000
2024-01-12T11:16:41.679+0800	INFO	raft/config.go:229	cfg.rafts is [0xc0000b0dc0 0xc0002b2000 <nil>]
2024-01-12T11:16:41.679+0800	INFO	raft/config.go:151	


2024-01-12T11:16:41.679+0800	INFO	raft/config.go:152	----------------------------------------------call the start1------------------------------------
2024-01-12T11:16:41.679+0800	INFO	raft/config.go:160	endnames is [[gQlqzyjOT4BhejfUuDux nLgyOTCLTyQhozRbWoRR ixP2SvsLYO6XRDg35xw_] [eHO1WRjuYypt9D3VAvLU BrpcIK76pAmoR4nGs-nu sq-3gwph4HNFZ92Jg9tQ] [iCeoWMxtcuLokPYAEsvc IssXtICfkGjaf7-liekw ew9G5ibI4IZm7Do7lr-R]]
2024-01-12T11:16:41.679+0800	INFO	raft/config.go:168	ends is [0xc0002922c0 0xc0002922e0 0xc000292300]
2024-01-12T11:16:41.679+0800	INFO	raft/config.go:177	cfg.saved is [0xc000118080 0xc00028e180 <nil>]
2024-01-12T11:16:41.679+0800	INFO	raft/config.go:224	ends is [0xc0002922c0 0xc0002922e0 0xc000292300], cfg.saved[i] is &{{0 0} [] []}, applyCh is 0xc0002ac0c0
2024-01-12T11:16:41.724+0800	INFO	raft/config.go:229	cfg.rafts is [0xc0000b0dc0 0xc0002b2000 0xc0002b20a0]
2024-01-12T11:16:41.724+0800	INFO	raft/config.go:101	




2024-01-12T11:16:41.724+0800	INFO	raft/config.go:261	cfg.endnames is [[gQlqzyjOT4BhejfUuDux nLgyOTCLTyQhozRbWoRR ixP2SvsLYO6XRDg35xw_] [eHO1WRjuYypt9D3VAvLU BrpcIK76pAmoR4nGs-nu sq-3gwph4HNFZ92Jg9tQ] [iCeoWMxtcuLokPYAEsvc IssXtICfkGjaf7-liekw ew9G5ibI4IZm7Do7lr-R]]
2024-01-12T11:16:41.724+0800	INFO	raft/config.go:261	cfg.endnames is [[gQlqzyjOT4BhejfUuDux nLgyOTCLTyQhozRbWoRR ixP2SvsLYO6XRDg35xw_] [eHO1WRjuYypt9D3VAvLU BrpcIK76pAmoR4nGs-nu sq-3gwph4HNFZ92Jg9tQ] [iCeoWMxtcuLokPYAEsvc IssXtICfkGjaf7-liekw ew9G5ibI4IZm7Do7lr-R]]
2024-01-12T11:16:41.724+0800	INFO	raft/config.go:261	cfg.endnames is [[gQlqzyjOT4BhejfUuDux nLgyOTCLTyQhozRbWoRR ixP2SvsLYO6XRDg35xw_] [eHO1WRjuYypt9D3VAvLU BrpcIK76pAmoR4nGs-nu sq-3gwph4HNFZ92Jg9tQ] [iCeoWMxtcuLokPYAEsvc IssXtICfkGjaf7-liekw ew9G5ibI4IZm7Do7lr-R]]
2024-01-12T11:17:19.239+0800	INFO	raft/config.go:151	


2024-01-12T11:17:19.239+0800	INFO	raft/config.go:152	----------------------------------------------call the start1------------------------------------
2024-01-12T11:17:19.239+0800	INFO	raft/config.go:160	endnames is [[KIomVzbi_eMGSlrF0FrL AjBaUzrZar0vXO_STU48 33Z8Drh31VKHis6PdqMd] [] []]
2024-01-12T11:17:19.239+0800	INFO	raft/config.go:168	ends is [0xc00016a2a0 0xc00016a2c0 0xc00016a2e0]
2024-01-12T11:17:19.239+0800	INFO	raft/config.go:177	cfg.saved is [<nil> <nil> <nil>]
2024-01-12T11:17:19.239+0800	INFO	raft/config.go:224	ends is [0xc00016a2a0 0xc00016a2c0 0xc00016a2e0], cfg.saved[i] is &{{0 0} [] []}, applyCh is 0xc00010e3c0
2024-01-12T11:17:19.279+0800	INFO	raft/config.go:229	cfg.rafts is [0xc000138e60 <nil> <nil>]
2024-01-12T11:17:19.279+0800	INFO	raft/config.go:151	


2024-01-12T11:17:19.279+0800	INFO	raft/config.go:152	----------------------------------------------call the start1------------------------------------
2024-01-12T11:17:19.279+0800	INFO	raft/config.go:160	endnames is [[KIomVzbi_eMGSlrF0FrL AjBaUzrZar0vXO_STU48 33Z8Drh31VKHis6PdqMd] [YYMfDucTJIJhfe9syaAd xxNrE5bZ_kV5joOBESlH TU6DYXj8bGFPeHrAjy60] []]
2024-01-12T11:17:19.279+0800	INFO	raft/config.go:168	ends is [0xc00016a440 0xc00016a460 0xc00016a480]
2024-01-12T11:17:19.279+0800	INFO	raft/config.go:177	cfg.saved is [0xc0001b8000 <nil> <nil>]
2024-01-12T11:17:19.279+0800	INFO	raft/config.go:224	ends is [0xc00016a440 0xc00016a460 0xc00016a480], cfg.saved[i] is &{{0 0} [] []}, applyCh is 0xc00010e480
2024-01-12T11:17:19.323+0800	INFO	raft/config.go:229	cfg.rafts is [0xc000138e60 0xc000138f00 <nil>]
2024-01-12T11:17:19.323+0800	INFO	raft/config.go:151	


2024-01-12T11:17:19.323+0800	INFO	raft/config.go:152	----------------------------------------------call the start1------------------------------------
2024-01-12T11:17:19.323+0800	INFO	raft/config.go:160	endnames is [[KIomVzbi_eMGSlrF0FrL AjBaUzrZar0vXO_STU48 33Z8Drh31VKHis6PdqMd] [YYMfDucTJIJhfe9syaAd xxNrE5bZ_kV5joOBESlH TU6DYXj8bGFPeHrAjy60] [meCms02fxJrb0s0uQ3vG za_BNKHIuuwCyMaGPk8L OzVVf3rd-K4YBZlOMoHv]]
2024-01-12T11:17:19.323+0800	INFO	raft/config.go:168	ends is [0xc00016a600 0xc00016a620 0xc00016a640]
2024-01-12T11:17:19.323+0800	INFO	raft/config.go:177	cfg.saved is [0xc0001b8000 0xc0001b8140 <nil>]
2024-01-12T11:17:19.323+0800	INFO	raft/config.go:224	ends is [0xc00016a600 0xc00016a620 0xc00016a640], cfg.saved[i] is &{{0 0} [] []}, applyCh is 0xc00010e540
2024-01-12T11:17:19.368+0800	INFO	raft/config.go:229	cfg.rafts is [0xc000138e60 0xc000138f00 0xc000138fa0]
2024-01-12T11:17:19.368+0800	INFO	raft/config.go:101	




2024-01-12T11:17:19.368+0800	INFO	raft/config.go:261	cfg.endnames is [[KIomVzbi_eMGSlrF0FrL AjBaUzrZar0vXO_STU48 33Z8Drh31VKHis6PdqMd] [YYMfDucTJIJhfe9syaAd xxNrE5bZ_kV5joOBESlH TU6DYXj8bGFPeHrAjy60] [meCms02fxJrb0s0uQ3vG za_BNKHIuuwCyMaGPk8L OzVVf3rd-K4YBZlOMoHv]]
2024-01-12T11:17:19.368+0800	INFO	raft/config.go:261	cfg.endnames is [[KIomVzbi_eMGSlrF0FrL AjBaUzrZar0vXO_STU48 33Z8Drh31VKHis6PdqMd] [YYMfDucTJIJhfe9syaAd xxNrE5bZ_kV5joOBESlH TU6DYXj8bGFPeHrAjy60] [meCms02fxJrb0s0uQ3vG za_BNKHIuuwCyMaGPk8L OzVVf3rd-K4YBZlOMoHv]]
2024-01-12T11:17:19.368+0800	INFO	raft/config.go:261	cfg.endnames is [[KIomVzbi_eMGSlrF0FrL AjBaUzrZar0vXO_STU48 33Z8Drh31VKHis6PdqMd] [YYMfDucTJIJhfe9syaAd xxNrE5bZ_kV5joOBESlH TU6DYXj8bGFPeHrAjy60] [meCms02fxJrb0s0uQ3vG za_BNKHIuuwCyMaGPk8L OzVVf3rd-K4YBZlOMoHv]]
2024-01-12T11:17:19.882+0800	INFO	raft/config.go:339	checkOneLeader().leaders is map[1:[0]]
2024-01-12T11:17:22.441+0800	INFO	raft/config.go:339	checkOneLeader().leaders is map[1:[0]]
2024-01-12T11:17:22.441+0800	INFO	raft/config.go:151	


2024-01-12T11:17:22.441+0800	INFO	raft/config.go:152	----------------------------------------------call the start1------------------------------------
2024-01-12T11:17:22.441+0800	INFO	raft/config.go:160	endnames is [[XuWT2MZ_G4tRnQcvJuXD vahXqQ0SCrDSg0Nb0O-1 vHUsR6UzfPjl--B_sDxn] [] []]
2024-01-12T11:17:22.441+0800	INFO	raft/config.go:168	ends is [0xc0005c60c0 0xc0005c60e0 0xc0005c6100]
2024-01-12T11:17:22.441+0800	INFO	raft/config.go:177	cfg.saved is [<nil> <nil> <nil>]
2024-01-12T11:17:22.441+0800	INFO	raft/config.go:224	ends is [0xc0005c60c0 0xc0005c60e0 0xc0005c6100], cfg.saved[i] is &{{0 0} [] []}, applyCh is 0xc0005961e0
2024-01-12T11:17:22.481+0800	INFO	raft/config.go:229	cfg.rafts is [0xc0001380a0 <nil> <nil>]
2024-01-12T11:17:22.481+0800	INFO	raft/config.go:151	


2024-01-12T11:17:22.481+0800	INFO	raft/config.go:152	----------------------------------------------call the start1------------------------------------
2024-01-12T11:17:22.481+0800	INFO	raft/config.go:160	endnames is [[XuWT2MZ_G4tRnQcvJuXD vahXqQ0SCrDSg0Nb0O-1 vHUsR6UzfPjl--B_sDxn] [rgyaH1RJQsQ-U6TQrlMO quNwZ4WSQo4O-cf4ZGTx OTLBJDhwXLAyP6_7IVNr] []]
2024-01-12T11:17:22.481+0800	INFO	raft/config.go:168	ends is [0xc00016a3a0 0xc00016a3c0 0xc00016a3e0]
2024-01-12T11:17:22.481+0800	INFO	raft/config.go:177	cfg.saved is [0xc0005c41c0 <nil> <nil>]
2024-01-12T11:17:22.485+0800	INFO	raft/config.go:224	ends is [0xc00016a3a0 0xc00016a3c0 0xc00016a3e0], cfg.saved[i] is &{{0 0} [] []}, applyCh is 0xc0004fe000
2024-01-12T11:17:22.556+0800	INFO	raft/config.go:229	cfg.rafts is [0xc0001380a0 0xc0004c4000 <nil>]
2024-01-12T11:17:22.556+0800	INFO	raft/config.go:151	


2024-01-12T11:17:22.556+0800	INFO	raft/config.go:152	----------------------------------------------call the start1------------------------------------
2024-01-12T11:17:22.556+0800	INFO	raft/config.go:160	endnames is [[XuWT2MZ_G4tRnQcvJuXD vahXqQ0SCrDSg0Nb0O-1 vHUsR6UzfPjl--B_sDxn] [rgyaH1RJQsQ-U6TQrlMO quNwZ4WSQo4O-cf4ZGTx OTLBJDhwXLAyP6_7IVNr] [TKaAbUqCiutrq_5UEFF5 JQKdTNdnXgl7JqE0nbIV 2y5_8o7955rWM4d563gs]]
2024-01-12T11:17:22.556+0800	INFO	raft/config.go:168	ends is [0xc0005c6260 0xc0005c6280 0xc0005c62a0]
2024-01-12T11:17:22.556+0800	INFO	raft/config.go:177	cfg.saved is [0xc0005c41c0 0xc0005f61c0 <nil>]
2024-01-12T11:17:22.556+0800	INFO	raft/config.go:224	ends is [0xc0005c6260 0xc0005c6280 0xc0005c62a0], cfg.saved[i] is &{{0 0} [] []}, applyCh is 0xc000494720
2024-01-12T11:17:22.606+0800	INFO	raft/config.go:229	cfg.rafts is [0xc0001380a0 0xc0004c4000 0xc00038e000]
2024-01-12T11:17:22.607+0800	INFO	raft/config.go:101	




2024-01-12T11:17:22.607+0800	INFO	raft/config.go:261	cfg.endnames is [[XuWT2MZ_G4tRnQcvJuXD vahXqQ0SCrDSg0Nb0O-1 vHUsR6UzfPjl--B_sDxn] [rgyaH1RJQsQ-U6TQrlMO quNwZ4WSQo4O-cf4ZGTx OTLBJDhwXLAyP6_7IVNr] [TKaAbUqCiutrq_5UEFF5 JQKdTNdnXgl7JqE0nbIV 2y5_8o7955rWM4d563gs]]
2024-01-12T11:17:22.607+0800	INFO	raft/config.go:261	cfg.endnames is [[XuWT2MZ_G4tRnQcvJuXD vahXqQ0SCrDSg0Nb0O-1 vHUsR6UzfPjl--B_sDxn] [rgyaH1RJQsQ-U6TQrlMO quNwZ4WSQo4O-cf4ZGTx OTLBJDhwXLAyP6_7IVNr] [TKaAbUqCiutrq_5UEFF5 JQKdTNdnXgl7JqE0nbIV 2y5_8o7955rWM4d563gs]]
2024-01-12T11:17:22.607+0800	INFO	raft/config.go:261	cfg.endnames is [[XuWT2MZ_G4tRnQcvJuXD vahXqQ0SCrDSg0Nb0O-1 vHUsR6UzfPjl--B_sDxn] [rgyaH1RJQsQ-U6TQrlMO quNwZ4WSQo4O-cf4ZGTx OTLBJDhwXLAyP6_7IVNr] [TKaAbUqCiutrq_5UEFF5 JQKdTNdnXgl7JqE0nbIV 2y5_8o7955rWM4d563gs]]
2024-01-12T11:17:23.142+0800	INFO	raft/config.go:339	checkOneLeader().leaders is map[1:[1]]
2024-01-12T11:17:23.612+0800	INFO	raft/config.go:339	checkOneLeader().leaders is map[2:[2]]
2024-01-12T11:17:23.614+0800	INFO	raft/config.go:261	cfg.endnames is [[XuWT2MZ_G4tRnQcvJuXD vahXqQ0SCrDSg0Nb0O-1 vHUsR6UzfPjl--B_sDxn] [rgyaH1RJQsQ-U6TQrlMO quNwZ4WSQo4O-cf4ZGTx OTLBJDhwXLAyP6_7IVNr] [TKaAbUqCiutrq_5UEFF5 JQKdTNdnXgl7JqE0nbIV 2y5_8o7955rWM4d563gs]]
2024-01-12T11:17:24.089+0800	INFO	raft/config.go:339	checkOneLeader().leaders is map[3:[0]]
2024-01-12T11:17:26.089+0800	INFO	raft/config.go:261	cfg.endnames is [[XuWT2MZ_G4tRnQcvJuXD vahXqQ0SCrDSg0Nb0O-1 vHUsR6UzfPjl--B_sDxn] [rgyaH1RJQsQ-U6TQrlMO quNwZ4WSQo4O-cf4ZGTx OTLBJDhwXLAyP6_7IVNr] [TKaAbUqCiutrq_5UEFF5 JQKdTNdnXgl7JqE0nbIV 2y5_8o7955rWM4d563gs]]
2024-01-12T11:17:26.621+0800	INFO	raft/config.go:339	checkOneLeader().leaders is map[]
2024-01-12T11:17:27.108+0800	INFO	raft/config.go:339	checkOneLeader().leaders is map[]
2024-01-12T11:17:27.630+0800	INFO	raft/config.go:339	checkOneLeader().leaders is map[]
2024-01-12T11:17:28.163+0800	INFO	raft/config.go:339	checkOneLeader().leaders is map[]
2024-01-12T11:17:28.622+0800	INFO	raft/config.go:339	checkOneLeader().leaders is map[]
2024-01-12T11:17:29.100+0800	INFO	raft/config.go:339	checkOneLeader().leaders is map[]
2024-01-12T11:17:29.653+0800	INFO	raft/config.go:339	checkOneLeader().leaders is map[]
2024-01-12T11:17:30.151+0800	INFO	raft/config.go:339	checkOneLeader().leaders is map[]
2024-01-12T11:17:30.663+0800	INFO	raft/config.go:339	checkOneLeader().leaders is map[]
2024-01-12T11:17:31.205+0800	INFO	raft/config.go:339	checkOneLeader().leaders is map[]
2024-01-12T11:18:11.546+0800	INFO	raft/config.go:151	


2024-01-12T11:18:11.546+0800	INFO	raft/config.go:152	----------------------------------------------call the start1------------------------------------
2024-01-12T11:18:11.546+0800	INFO	raft/config.go:160	endnames is [[URUb2zk4-t6WcqkOW10Y F7kSNVON5nxMALAwUwYB A7rmi50VpSDZVomX2huA] [] []]
2024-01-12T11:18:11.546+0800	INFO	raft/config.go:168	ends is [0xc00007e2c0 0xc00007e2e0 0xc00007e300]
2024-01-12T11:18:11.546+0800	INFO	raft/config.go:177	cfg.saved is [<nil> <nil> <nil>]
2024-01-12T11:18:11.546+0800	INFO	raft/config.go:224	ends is [0xc00007e2c0 0xc00007e2e0 0xc00007e300], cfg.saved[i] is &{{0 0} [] []}, applyCh is 0xc00002c480
2024-01-12T11:18:11.591+0800	INFO	raft/config.go:229	cfg.rafts is [0xc0000b0e60 <nil> <nil>]
2024-01-12T11:18:11.591+0800	INFO	raft/config.go:151	


2024-01-12T11:18:11.591+0800	INFO	raft/config.go:152	----------------------------------------------call the start1------------------------------------
2024-01-12T11:18:11.591+0800	INFO	raft/config.go:160	endnames is [[URUb2zk4-t6WcqkOW10Y F7kSNVON5nxMALAwUwYB A7rmi50VpSDZVomX2huA] [iziod-LNwKsqDTb8u3pl 9kaU9QqfvXHwID0jTmOn aXIDZj3fT2GnnuC_vMoW] []]
2024-01-12T11:18:11.591+0800	INFO	raft/config.go:168	ends is [0xc00021e120 0xc00021e140 0xc00021e160]
2024-01-12T11:18:11.591+0800	INFO	raft/config.go:177	cfg.saved is [0xc000198080 <nil> <nil>]
2024-01-12T11:18:11.591+0800	INFO	raft/config.go:224	ends is [0xc00021e120 0xc00021e140 0xc00021e160], cfg.saved[i] is &{{0 0} [] []}, applyCh is 0xc000236000
2024-01-12T11:18:11.647+0800	INFO	raft/config.go:229	cfg.rafts is [0xc0000b0e60 0xc00023c000 <nil>]
2024-01-12T11:18:11.647+0800	INFO	raft/config.go:151	


2024-01-12T11:18:11.647+0800	INFO	raft/config.go:152	----------------------------------------------call the start1------------------------------------
2024-01-12T11:18:11.647+0800	INFO	raft/config.go:160	endnames is [[URUb2zk4-t6WcqkOW10Y F7kSNVON5nxMALAwUwYB A7rmi50VpSDZVomX2huA] [iziod-LNwKsqDTb8u3pl 9kaU9QqfvXHwID0jTmOn aXIDZj3fT2GnnuC_vMoW] [p6nB6UcnLDfQPWoyenhs c6zbOYMtW8bftR9muOEc sR-iGWaB6MO7g4dv_76M]]
2024-01-12T11:18:11.647+0800	INFO	raft/config.go:168	ends is [0xc00021e2c0 0xc00021e2e0 0xc00021e300]
2024-01-12T11:18:11.647+0800	INFO	raft/config.go:177	cfg.saved is [0xc000198080 0xc00021a180 <nil>]
2024-01-12T11:18:11.647+0800	INFO	raft/config.go:224	ends is [0xc00021e2c0 0xc00021e2e0 0xc00021e300], cfg.saved[i] is &{{0 0} [] []}, applyCh is 0xc0002360c0
2024-01-12T11:18:11.703+0800	INFO	raft/config.go:229	cfg.rafts is [0xc0000b0e60 0xc00023c000 0xc00023c0a0]
2024-01-12T11:18:11.703+0800	INFO	raft/config.go:101	




2024-01-12T11:18:11.703+0800	INFO	raft/config.go:261	cfg.endnames is [[URUb2zk4-t6WcqkOW10Y F7kSNVON5nxMALAwUwYB A7rmi50VpSDZVomX2huA] [iziod-LNwKsqDTb8u3pl 9kaU9QqfvXHwID0jTmOn aXIDZj3fT2GnnuC_vMoW] [p6nB6UcnLDfQPWoyenhs c6zbOYMtW8bftR9muOEc sR-iGWaB6MO7g4dv_76M]]
2024-01-12T11:18:11.703+0800	INFO	raft/config.go:261	cfg.endnames is [[URUb2zk4-t6WcqkOW10Y F7kSNVON5nxMALAwUwYB A7rmi50VpSDZVomX2huA] [iziod-LNwKsqDTb8u3pl 9kaU9QqfvXHwID0jTmOn aXIDZj3fT2GnnuC_vMoW] [p6nB6UcnLDfQPWoyenhs c6zbOYMtW8bftR9muOEc sR-iGWaB6MO7g4dv_76M]]
2024-01-12T11:18:11.703+0800	INFO	raft/config.go:261	cfg.endnames is [[URUb2zk4-t6WcqkOW10Y F7kSNVON5nxMALAwUwYB A7rmi50VpSDZVomX2huA] [iziod-LNwKsqDTb8u3pl 9kaU9QqfvXHwID0jTmOn aXIDZj3fT2GnnuC_vMoW] [p6nB6UcnLDfQPWoyenhs c6zbOYMtW8bftR9muOEc sR-iGWaB6MO7g4dv_76M]]
2024-01-12T11:18:12.176+0800	INFO	raft/config.go:339	checkOneLeader().leaders is map[1:[0]]
2024-01-12T11:18:14.709+0800	INFO	raft/config.go:339	checkOneLeader().leaders is map[1:[0]]
2024-01-12T11:18:14.709+0800	INFO	raft/config.go:151	


2024-01-12T11:18:14.709+0800	INFO	raft/config.go:152	----------------------------------------------call the start1------------------------------------
2024-01-12T11:18:14.709+0800	INFO	raft/config.go:160	endnames is [[HqBzp9Tsnp1fLBqr4F_Y NEbfqlqyO612mABbDMYb kGo6Z2VLI7B2Z5mxNF9k] [] []]
2024-01-12T11:18:14.709+0800	INFO	raft/config.go:168	ends is [0xc00022a0c0 0xc00022a0e0 0xc00022a100]
2024-01-12T11:18:14.709+0800	INFO	raft/config.go:177	cfg.saved is [<nil> <nil> <nil>]
2024-01-12T11:18:14.709+0800	INFO	raft/config.go:224	ends is [0xc00022a0c0 0xc00022a0e0 0xc00022a100], cfg.saved[i] is &{{0 0} [] []}, applyCh is 0xc00002c660
2024-01-12T11:18:14.759+0800	INFO	raft/config.go:229	cfg.rafts is [0xc0002460a0 <nil> <nil>]
2024-01-12T11:18:14.759+0800	INFO	raft/config.go:151	


2024-01-12T11:18:14.759+0800	INFO	raft/config.go:152	----------------------------------------------call the start1------------------------------------
2024-01-12T11:18:14.759+0800	INFO	raft/config.go:160	endnames is [[HqBzp9Tsnp1fLBqr4F_Y NEbfqlqyO612mABbDMYb kGo6Z2VLI7B2Z5mxNF9k] [QO3_Y-vZ3ZYuH9-iIhDD a8jT881l1KQCnjWz5ls- SwbmUBisCdujg-yqE2Ve] []]
2024-01-12T11:18:14.759+0800	INFO	raft/config.go:168	ends is [0xc00022a240 0xc00022a260 0xc00022a280]
2024-01-12T11:18:14.759+0800	INFO	raft/config.go:177	cfg.saved is [0xc00021c1c0 <nil> <nil>]
2024-01-12T11:18:14.759+0800	INFO	raft/config.go:224	ends is [0xc00022a240 0xc00022a260 0xc00022a280], cfg.saved[i] is &{{0 0} [] []}, applyCh is 0xc0004d3080
2024-01-12T11:18:14.820+0800	INFO	raft/config.go:229	cfg.rafts is [0xc0002460a0 0xc0004f5360 <nil>]
2024-01-12T11:18:14.820+0800	INFO	raft/config.go:151	


2024-01-12T11:18:14.820+0800	INFO	raft/config.go:152	----------------------------------------------call the start1------------------------------------
2024-01-12T11:18:14.820+0800	INFO	raft/config.go:160	endnames is [[HqBzp9Tsnp1fLBqr4F_Y NEbfqlqyO612mABbDMYb kGo6Z2VLI7B2Z5mxNF9k] [QO3_Y-vZ3ZYuH9-iIhDD a8jT881l1KQCnjWz5ls- SwbmUBisCdujg-yqE2Ve] [36KvurLDT3vKWk3Ta1E8 e-QhR7dj571e84h6wghG 8TwgvB3QqKwOy6pWZqeV]]
2024-01-12T11:18:14.820+0800	INFO	raft/config.go:168	ends is [0xc00022a300 0xc00022a320 0xc00022a340]
2024-01-12T11:18:14.820+0800	INFO	raft/config.go:177	cfg.saved is [0xc00021c1c0 0xc0004f9d80 <nil>]
2024-01-12T11:18:14.820+0800	INFO	raft/config.go:224	ends is [0xc00022a300 0xc00022a320 0xc00022a340], cfg.saved[i] is &{{0 0} [] []}, applyCh is 0xc0003ce000
2024-01-12T11:18:14.870+0800	INFO	raft/config.go:229	cfg.rafts is [0xc0002460a0 0xc0004f5360 0xc0003d4000]
2024-01-12T11:18:14.870+0800	INFO	raft/config.go:101	




2024-01-12T11:18:14.870+0800	INFO	raft/config.go:261	cfg.endnames is [[HqBzp9Tsnp1fLBqr4F_Y NEbfqlqyO612mABbDMYb kGo6Z2VLI7B2Z5mxNF9k] [QO3_Y-vZ3ZYuH9-iIhDD a8jT881l1KQCnjWz5ls- SwbmUBisCdujg-yqE2Ve] [36KvurLDT3vKWk3Ta1E8 e-QhR7dj571e84h6wghG 8TwgvB3QqKwOy6pWZqeV]]
2024-01-12T11:18:14.870+0800	INFO	raft/config.go:261	cfg.endnames is [[HqBzp9Tsnp1fLBqr4F_Y NEbfqlqyO612mABbDMYb kGo6Z2VLI7B2Z5mxNF9k] [QO3_Y-vZ3ZYuH9-iIhDD a8jT881l1KQCnjWz5ls- SwbmUBisCdujg-yqE2Ve] [36KvurLDT3vKWk3Ta1E8 e-QhR7dj571e84h6wghG 8TwgvB3QqKwOy6pWZqeV]]
2024-01-12T11:18:14.870+0800	INFO	raft/config.go:261	cfg.endnames is [[HqBzp9Tsnp1fLBqr4F_Y NEbfqlqyO612mABbDMYb kGo6Z2VLI7B2Z5mxNF9k] [QO3_Y-vZ3ZYuH9-iIhDD a8jT881l1KQCnjWz5ls- SwbmUBisCdujg-yqE2Ve] [36KvurLDT3vKWk3Ta1E8 e-QhR7dj571e84h6wghG 8TwgvB3QqKwOy6pWZqeV]]
2024-01-12T11:18:15.327+0800	INFO	raft/config.go:339	checkOneLeader().leaders is map[1:[2]]
2024-01-12T11:18:15.839+0800	INFO	raft/config.go:339	checkOneLeader().leaders is map[2:[1]]
2024-01-12T11:18:15.839+0800	INFO	raft/config.go:261	cfg.endnames is [[HqBzp9Tsnp1fLBqr4F_Y NEbfqlqyO612mABbDMYb kGo6Z2VLI7B2Z5mxNF9k] [QO3_Y-vZ3ZYuH9-iIhDD a8jT881l1KQCnjWz5ls- SwbmUBisCdujg-yqE2Ve] [36KvurLDT3vKWk3Ta1E8 e-QhR7dj571e84h6wghG 8TwgvB3QqKwOy6pWZqeV]]
2024-01-12T11:18:16.373+0800	INFO	raft/config.go:339	checkOneLeader().leaders is map[3:[0]]
2024-01-12T11:18:18.374+0800	INFO	raft/config.go:261	cfg.endnames is [[HqBzp9Tsnp1fLBqr4F_Y NEbfqlqyO612mABbDMYb kGo6Z2VLI7B2Z5mxNF9k] [QO3_Y-vZ3ZYuH9-iIhDD a8jT881l1KQCnjWz5ls- SwbmUBisCdujg-yqE2Ve] [36KvurLDT3vKWk3Ta1E8 e-QhR7dj571e84h6wghG 8TwgvB3QqKwOy6pWZqeV]]
2024-01-12T11:18:18.857+0800	INFO	raft/config.go:339	checkOneLeader().leaders is map[]
2024-01-12T11:18:19.354+0800	INFO	raft/config.go:339	checkOneLeader().leaders is map[]
2024-01-12T11:18:19.896+0800	INFO	raft/config.go:339	checkOneLeader().leaders is map[]
2024-01-12T11:18:20.400+0800	INFO	raft/config.go:339	checkOneLeader().leaders is map[]
2024-01-12T11:18:20.933+0800	INFO	raft/config.go:339	checkOneLeader().leaders is map[]
2024-01-12T11:18:21.399+0800	INFO	raft/config.go:339	checkOneLeader().leaders is map[]
2024-01-12T11:18:21.885+0800	INFO	raft/config.go:339	checkOneLeader().leaders is map[]
2024-01-12T11:18:22.433+0800	INFO	raft/config.go:339	checkOneLeader().leaders is map[]
2024-01-12T11:18:22.929+0800	INFO	raft/config.go:339	checkOneLeader().leaders is map[]
2024-01-12T11:18:23.461+0800	INFO	raft/config.go:339	checkOneLeader().leaders is map[]
