2024-01-17T11:22:42.965+0800	INFO	raft/config.go:151	


2024-01-17T11:22:42.965+0800	INFO	raft/config.go:152	----------------------------------------------call the start1------------------------------------
2024-01-17T11:22:42.965+0800	INFO	raft/config.go:160	endnames is [[823q0Te-YWsd-e5zBQ7j yo-HpUsZwPMI6JKltGLw o-NOYQy43qbtYqmHBPhy] [] []]
2024-01-17T11:22:42.965+0800	INFO	raft/config.go:168	ends is [0xc00016a2a0 0xc00016a2c0 0xc00016a2e0]
2024-01-17T11:22:42.965+0800	INFO	raft/config.go:177	cfg.saved is [<nil> <nil> <nil>]
2024-01-17T11:22:42.965+0800	INFO	raft/config.go:224	ends is [0xc00016a2a0 0xc00016a2c0 0xc00016a2e0], cfg.saved[i] is &{{0 0} [] []}, applyCh is 0xc00010e3c0
2024-01-17T11:22:43.039+0800	INFO	raft/config.go:229	cfg.rafts is [0xc00023a000 <nil> <nil>]
2024-01-17T11:22:43.039+0800	INFO	raft/config.go:151	


2024-01-17T11:22:43.039+0800	INFO	raft/config.go:152	----------------------------------------------call the start1------------------------------------
2024-01-17T11:22:43.039+0800	INFO	raft/config.go:160	endnames is [[823q0Te-YWsd-e5zBQ7j yo-HpUsZwPMI6JKltGLw o-NOYQy43qbtYqmHBPhy] [DNjMvwzRN_301KX8t2KZ a0cJPtX0OXUYHQi_Q9uC MAAYjO7fIx0PKlUvLozb] []]
2024-01-17T11:22:43.039+0800	INFO	raft/config.go:168	ends is [0xc00007e140 0xc00007e160 0xc00007e180]
2024-01-17T11:22:43.039+0800	INFO	raft/config.go:177	cfg.saved is [0xc000238000 <nil> <nil>]
2024-01-17T11:22:43.039+0800	INFO	raft/config.go:224	ends is [0xc00007e140 0xc00007e160 0xc00007e180], cfg.saved[i] is &{{0 0} [] []}, applyCh is 0xc00002c0c0
2024-01-17T11:22:43.076+0800	INFO	raft/config.go:229	cfg.rafts is [0xc00023a000 0xc0000aa000 <nil>]
2024-01-17T11:22:43.076+0800	INFO	raft/config.go:151	


2024-01-17T11:22:43.076+0800	INFO	raft/config.go:152	----------------------------------------------call the start1------------------------------------
2024-01-17T11:22:43.076+0800	INFO	raft/config.go:160	endnames is [[823q0Te-YWsd-e5zBQ7j yo-HpUsZwPMI6JKltGLw o-NOYQy43qbtYqmHBPhy] [DNjMvwzRN_301KX8t2KZ a0cJPtX0OXUYHQi_Q9uC MAAYjO7fIx0PKlUvLozb] [odqkadN-zVR7wirerJRn KTRmieqmYNPYheg2ZA23 2TOf0veJRoqjP8diblFY]]
2024-01-17T11:22:43.076+0800	INFO	raft/config.go:168	ends is [0xc00007e320 0xc00007e340 0xc00007e360]
2024-01-17T11:22:43.076+0800	INFO	raft/config.go:177	cfg.saved is [0xc000238000 0xc000012200 <nil>]
2024-01-17T11:22:43.076+0800	INFO	raft/config.go:224	ends is [0xc00007e320 0xc00007e340 0xc00007e360], cfg.saved[i] is &{{0 0} [] []}, applyCh is 0xc00002c180
2024-01-17T11:22:43.120+0800	INFO	raft/config.go:229	cfg.rafts is [0xc00023a000 0xc0000aa000 0xc0000aa0f0]
2024-01-17T11:22:43.120+0800	INFO	raft/config.go:101	




2024-01-17T11:22:43.120+0800	INFO	raft/config.go:261	cfg.endnames is [[823q0Te-YWsd-e5zBQ7j yo-HpUsZwPMI6JKltGLw o-NOYQy43qbtYqmHBPhy] [DNjMvwzRN_301KX8t2KZ a0cJPtX0OXUYHQi_Q9uC MAAYjO7fIx0PKlUvLozb] [odqkadN-zVR7wirerJRn KTRmieqmYNPYheg2ZA23 2TOf0veJRoqjP8diblFY]]
2024-01-17T11:22:43.120+0800	INFO	raft/config.go:261	cfg.endnames is [[823q0Te-YWsd-e5zBQ7j yo-HpUsZwPMI6JKltGLw o-NOYQy43qbtYqmHBPhy] [DNjMvwzRN_301KX8t2KZ a0cJPtX0OXUYHQi_Q9uC MAAYjO7fIx0PKlUvLozb] [odqkadN-zVR7wirerJRn KTRmieqmYNPYheg2ZA23 2TOf0veJRoqjP8diblFY]]
2024-01-17T11:22:43.120+0800	INFO	raft/config.go:261	cfg.endnames is [[823q0Te-YWsd-e5zBQ7j yo-HpUsZwPMI6JKltGLw o-NOYQy43qbtYqmHBPhy] [DNjMvwzRN_301KX8t2KZ a0cJPtX0OXUYHQi_Q9uC MAAYjO7fIx0PKlUvLozb] [odqkadN-zVR7wirerJRn KTRmieqmYNPYheg2ZA23 2TOf0veJRoqjP8diblFY]]
2024-01-17T11:23:48.481+0800	INFO	raft/config.go:151	


2024-01-17T11:23:48.481+0800	INFO	raft/config.go:152	----------------------------------------------call the start1------------------------------------
2024-01-17T11:23:48.481+0800	INFO	raft/config.go:160	endnames is [[0athNiIalpKrE8_bxevk 8bQwuOnv_vc0LgSrhgZZ 9HylGxxM36fPq2FeY3TA] [] []]
2024-01-17T11:23:48.481+0800	INFO	raft/config.go:168	ends is [0xc00016a2a0 0xc00016a2c0 0xc00016a2e0]
2024-01-17T11:23:48.481+0800	INFO	raft/config.go:177	cfg.saved is [<nil> <nil> <nil>]
2024-01-17T11:23:48.481+0800	INFO	raft/config.go:224	ends is [0xc00016a2a0 0xc00016a2c0 0xc00016a2e0], cfg.saved[i] is &{{0 0} [] []}, applyCh is 0xc00010e3c0
2024-01-17T11:23:48.523+0800	INFO	raft/config.go:229	cfg.rafts is [0xc0001ba000 <nil> <nil>]
2024-01-17T11:23:48.523+0800	INFO	raft/config.go:151	


2024-01-17T11:23:48.523+0800	INFO	raft/config.go:152	----------------------------------------------call the start1------------------------------------
2024-01-17T11:23:48.523+0800	INFO	raft/config.go:160	endnames is [[0athNiIalpKrE8_bxevk 8bQwuOnv_vc0LgSrhgZZ 9HylGxxM36fPq2FeY3TA] [yokwkfCyP6kQUqlPcABo ZBrQq3Exq1LZrZ_v-jwy FiCbR-WhNEKCOQEEtGyM] []]
2024-01-17T11:23:48.523+0800	INFO	raft/config.go:168	ends is [0xc00016a460 0xc00016a480 0xc00016a4a0]
2024-01-17T11:23:48.523+0800	INFO	raft/config.go:177	cfg.saved is [0xc0001b8000 <nil> <nil>]
2024-01-17T11:23:48.523+0800	INFO	raft/config.go:224	ends is [0xc00016a460 0xc00016a480 0xc00016a4a0], cfg.saved[i] is &{{0 0} [] []}, applyCh is 0xc00010e480
2024-01-17T11:23:48.579+0800	INFO	raft/config.go:229	cfg.rafts is [0xc0001ba000 0xc0001ba0f0 <nil>]
2024-01-17T11:23:48.579+0800	INFO	raft/config.go:151	


2024-01-17T11:23:48.579+0800	INFO	raft/config.go:152	----------------------------------------------call the start1------------------------------------
2024-01-17T11:23:48.579+0800	INFO	raft/config.go:160	endnames is [[0athNiIalpKrE8_bxevk 8bQwuOnv_vc0LgSrhgZZ 9HylGxxM36fPq2FeY3TA] [yokwkfCyP6kQUqlPcABo ZBrQq3Exq1LZrZ_v-jwy FiCbR-WhNEKCOQEEtGyM] [1MtkbHZMoSw6F3WNkjQv cLvkB7Gs5PN9BuISiHl7 3pQ7PEStbqETT4siV-Kg]]
2024-01-17T11:23:48.579+0800	INFO	raft/config.go:168	ends is [0xc00007e160 0xc00007e180 0xc00007e1a0]
2024-01-17T11:23:48.579+0800	INFO	raft/config.go:177	cfg.saved is [0xc0001b8000 0xc0001b8180 <nil>]
2024-01-17T11:23:48.579+0800	INFO	raft/config.go:224	ends is [0xc00007e160 0xc00007e180 0xc00007e1a0], cfg.saved[i] is &{{0 0} [] []}, applyCh is 0xc00002c0c0
2024-01-17T11:23:48.634+0800	INFO	raft/config.go:229	cfg.rafts is [0xc0001ba000 0xc0001ba0f0 0xc0000a6000]
2024-01-17T11:23:48.634+0800	INFO	raft/config.go:101	




2024-01-17T11:23:48.634+0800	INFO	raft/config.go:261	cfg.endnames is [[0athNiIalpKrE8_bxevk 8bQwuOnv_vc0LgSrhgZZ 9HylGxxM36fPq2FeY3TA] [yokwkfCyP6kQUqlPcABo ZBrQq3Exq1LZrZ_v-jwy FiCbR-WhNEKCOQEEtGyM] [1MtkbHZMoSw6F3WNkjQv cLvkB7Gs5PN9BuISiHl7 3pQ7PEStbqETT4siV-Kg]]
2024-01-17T11:23:48.634+0800	INFO	raft/config.go:261	cfg.endnames is [[0athNiIalpKrE8_bxevk 8bQwuOnv_vc0LgSrhgZZ 9HylGxxM36fPq2FeY3TA] [yokwkfCyP6kQUqlPcABo ZBrQq3Exq1LZrZ_v-jwy FiCbR-WhNEKCOQEEtGyM] [1MtkbHZMoSw6F3WNkjQv cLvkB7Gs5PN9BuISiHl7 3pQ7PEStbqETT4siV-Kg]]
2024-01-17T11:23:48.634+0800	INFO	raft/config.go:261	cfg.endnames is [[0athNiIalpKrE8_bxevk 8bQwuOnv_vc0LgSrhgZZ 9HylGxxM36fPq2FeY3TA] [yokwkfCyP6kQUqlPcABo ZBrQq3Exq1LZrZ_v-jwy FiCbR-WhNEKCOQEEtGyM] [1MtkbHZMoSw6F3WNkjQv cLvkB7Gs5PN9BuISiHl7 3pQ7PEStbqETT4siV-Kg]]
2024-01-17T11:25:49.960+0800	INFO	raft/config.go:151	


2024-01-17T11:25:49.960+0800	INFO	raft/config.go:152	----------------------------------------------call the start1------------------------------------
2024-01-17T11:25:49.960+0800	INFO	raft/config.go:160	endnames is [[-q4bdr5X9WZAb_jSVk5V A88F5leDjOf3WfeYglyD WvavEm9MSoj8vR0HQhOm] [] []]
2024-01-17T11:25:49.960+0800	INFO	raft/config.go:168	ends is [0xc00016a2a0 0xc00016a2c0 0xc00016a2e0]
2024-01-17T11:25:49.960+0800	INFO	raft/config.go:177	cfg.saved is [<nil> <nil> <nil>]
2024-01-17T11:25:49.960+0800	INFO	raft/config.go:224	ends is [0xc00016a2a0 0xc00016a2c0 0xc00016a2e0], cfg.saved[i] is &{{0 0} [] []}, applyCh is 0xc00010e3c0
2024-01-17T11:25:50.029+0800	INFO	raft/config.go:229	cfg.rafts is [0xc00023a000 <nil> <nil>]
2024-01-17T11:25:50.029+0800	INFO	raft/config.go:151	


2024-01-17T11:25:50.029+0800	INFO	raft/config.go:152	----------------------------------------------call the start1------------------------------------
2024-01-17T11:25:50.029+0800	INFO	raft/config.go:160	endnames is [[-q4bdr5X9WZAb_jSVk5V A88F5leDjOf3WfeYglyD WvavEm9MSoj8vR0HQhOm] [wywDHHld5Ohf7dwlq00u rz_PoFtJWrmNE-ynlP4x Sy57iQnOBEwEvGX9SnHE] []]
2024-01-17T11:25:50.029+0800	INFO	raft/config.go:168	ends is [0xc00016a460 0xc00016a480 0xc00016a4a0]
2024-01-17T11:25:50.029+0800	INFO	raft/config.go:177	cfg.saved is [0xc000238000 <nil> <nil>]
2024-01-17T11:25:50.029+0800	INFO	raft/config.go:224	ends is [0xc00016a460 0xc00016a480 0xc00016a4a0], cfg.saved[i] is &{{0 0} [] []}, applyCh is 0xc00010e480
2024-01-17T11:25:50.096+0800	INFO	raft/config.go:229	cfg.rafts is [0xc00023a000 0xc00023a0f0 <nil>]
2024-01-17T11:25:50.096+0800	INFO	raft/config.go:151	


2024-01-17T11:25:50.096+0800	INFO	raft/config.go:152	----------------------------------------------call the start1------------------------------------
2024-01-17T11:25:50.096+0800	INFO	raft/config.go:160	endnames is [[-q4bdr5X9WZAb_jSVk5V A88F5leDjOf3WfeYglyD WvavEm9MSoj8vR0HQhOm] [wywDHHld5Ohf7dwlq00u rz_PoFtJWrmNE-ynlP4x Sy57iQnOBEwEvGX9SnHE] [rss2oPd71VzsQvWkYrz1 RnbnxUFkGkmoyRLlf7Fr FZjPBY6ijzF74hcTeDh9]]
2024-01-17T11:25:50.096+0800	INFO	raft/config.go:168	ends is [0xc00016a640 0xc00016a660 0xc00016a680]
2024-01-17T11:25:50.096+0800	INFO	raft/config.go:177	cfg.saved is [0xc000238000 0xc000238180 <nil>]
2024-01-17T11:25:50.096+0800	INFO	raft/config.go:224	ends is [0xc00016a640 0xc00016a660 0xc00016a680], cfg.saved[i] is &{{0 0} [] []}, applyCh is 0xc00010e540
2024-01-17T11:25:50.162+0800	INFO	raft/config.go:229	cfg.rafts is [0xc00023a000 0xc00023a0f0 0xc00023a1e0]
2024-01-17T11:25:50.163+0800	INFO	raft/config.go:101	




2024-01-17T11:25:50.163+0800	INFO	raft/config.go:261	cfg.endnames is [[-q4bdr5X9WZAb_jSVk5V A88F5leDjOf3WfeYglyD WvavEm9MSoj8vR0HQhOm] [wywDHHld5Ohf7dwlq00u rz_PoFtJWrmNE-ynlP4x Sy57iQnOBEwEvGX9SnHE] [rss2oPd71VzsQvWkYrz1 RnbnxUFkGkmoyRLlf7Fr FZjPBY6ijzF74hcTeDh9]]
2024-01-17T11:25:50.163+0800	INFO	raft/config.go:261	cfg.endnames is [[-q4bdr5X9WZAb_jSVk5V A88F5leDjOf3WfeYglyD WvavEm9MSoj8vR0HQhOm] [wywDHHld5Ohf7dwlq00u rz_PoFtJWrmNE-ynlP4x Sy57iQnOBEwEvGX9SnHE] [rss2oPd71VzsQvWkYrz1 RnbnxUFkGkmoyRLlf7Fr FZjPBY6ijzF74hcTeDh9]]
2024-01-17T11:25:50.163+0800	INFO	raft/config.go:261	cfg.endnames is [[-q4bdr5X9WZAb_jSVk5V A88F5leDjOf3WfeYglyD WvavEm9MSoj8vR0HQhOm] [wywDHHld5Ohf7dwlq00u rz_PoFtJWrmNE-ynlP4x Sy57iQnOBEwEvGX9SnHE] [rss2oPd71VzsQvWkYrz1 RnbnxUFkGkmoyRLlf7Fr FZjPBY6ijzF74hcTeDh9]]
2024-01-17T11:28:09.379+0800	INFO	raft/config.go:151	


2024-01-17T11:28:09.379+0800	INFO	raft/config.go:152	----------------------------------------------call the start1------------------------------------
2024-01-17T11:28:09.379+0800	INFO	raft/config.go:160	endnames is [[nism0cZAHPMMW8az71Tf UXjSZrE1HfbXBFztsivC d9QTuTXiejUFmoTbaRjN] [] []]
2024-01-17T11:28:09.379+0800	INFO	raft/config.go:168	ends is [0xc00007e2c0 0xc00007e2e0 0xc00007e300]
2024-01-17T11:28:09.379+0800	INFO	raft/config.go:177	cfg.saved is [<nil> <nil> <nil>]
2024-01-17T11:28:09.379+0800	INFO	raft/config.go:224	ends is [0xc00007e2c0 0xc00007e2e0 0xc00007e300], cfg.saved[i] is &{{0 0} [] []}, applyCh is 0xc00002c480
2024-01-17T11:28:09.420+0800	INFO	raft/config.go:229	cfg.rafts is [0xc00019c000 <nil> <nil>]
2024-01-17T11:28:09.420+0800	INFO	raft/config.go:151	


2024-01-17T11:28:09.420+0800	INFO	raft/config.go:152	----------------------------------------------call the start1------------------------------------
2024-01-17T11:28:09.420+0800	INFO	raft/config.go:160	endnames is [[nism0cZAHPMMW8az71Tf UXjSZrE1HfbXBFztsivC d9QTuTXiejUFmoTbaRjN] [4gg9qgVThZQ2r_C4APAC IJcKwAo7jArZgvX3zdNc fqf1C29wDG3Je9_cHrJ6] []]
2024-01-17T11:28:09.420+0800	INFO	raft/config.go:168	ends is [0xc000224120 0xc000224140 0xc000224160]
2024-01-17T11:28:09.420+0800	INFO	raft/config.go:177	cfg.saved is [0xc000198080 <nil> <nil>]
2024-01-17T11:28:09.420+0800	INFO	raft/config.go:224	ends is [0xc000224120 0xc000224140 0xc000224160], cfg.saved[i] is &{{0 0} [] []}, applyCh is 0xc00023a000
2024-01-17T11:28:09.465+0800	INFO	raft/config.go:229	cfg.rafts is [0xc00019c000 0xc00023e000 <nil>]
2024-01-17T11:28:09.465+0800	INFO	raft/config.go:151	


2024-01-17T11:28:09.465+0800	INFO	raft/config.go:152	----------------------------------------------call the start1------------------------------------
2024-01-17T11:28:09.465+0800	INFO	raft/config.go:160	endnames is [[nism0cZAHPMMW8az71Tf UXjSZrE1HfbXBFztsivC d9QTuTXiejUFmoTbaRjN] [4gg9qgVThZQ2r_C4APAC IJcKwAo7jArZgvX3zdNc fqf1C29wDG3Je9_cHrJ6] [3oTu6JqeJRsjlDqZvxOT iAEWj8zI993DrEczmCjx liyGozSlB76VzqBuZhvO]]
2024-01-17T11:28:09.465+0800	INFO	raft/config.go:168	ends is [0xc0002242e0 0xc000224300 0xc000224320]
2024-01-17T11:28:09.465+0800	INFO	raft/config.go:177	cfg.saved is [0xc000198080 0xc000220180 <nil>]
2024-01-17T11:28:09.465+0800	INFO	raft/config.go:224	ends is [0xc0002242e0 0xc000224300 0xc000224320], cfg.saved[i] is &{{0 0} [] []}, applyCh is 0xc00023a0c0
2024-01-17T11:28:09.509+0800	INFO	raft/config.go:229	cfg.rafts is [0xc00019c000 0xc00023e000 0xc00023e0f0]
2024-01-17T11:28:09.509+0800	INFO	raft/config.go:101	




2024-01-17T11:28:09.509+0800	INFO	raft/config.go:261	cfg.endnames is [[nism0cZAHPMMW8az71Tf UXjSZrE1HfbXBFztsivC d9QTuTXiejUFmoTbaRjN] [4gg9qgVThZQ2r_C4APAC IJcKwAo7jArZgvX3zdNc fqf1C29wDG3Je9_cHrJ6] [3oTu6JqeJRsjlDqZvxOT iAEWj8zI993DrEczmCjx liyGozSlB76VzqBuZhvO]]
2024-01-17T11:28:09.509+0800	INFO	raft/config.go:261	cfg.endnames is [[nism0cZAHPMMW8az71Tf UXjSZrE1HfbXBFztsivC d9QTuTXiejUFmoTbaRjN] [4gg9qgVThZQ2r_C4APAC IJcKwAo7jArZgvX3zdNc fqf1C29wDG3Je9_cHrJ6] [3oTu6JqeJRsjlDqZvxOT iAEWj8zI993DrEczmCjx liyGozSlB76VzqBuZhvO]]
2024-01-17T11:28:09.509+0800	INFO	raft/config.go:261	cfg.endnames is [[nism0cZAHPMMW8az71Tf UXjSZrE1HfbXBFztsivC d9QTuTXiejUFmoTbaRjN] [4gg9qgVThZQ2r_C4APAC IJcKwAo7jArZgvX3zdNc fqf1C29wDG3Je9_cHrJ6] [3oTu6JqeJRsjlDqZvxOT iAEWj8zI993DrEczmCjx liyGozSlB76VzqBuZhvO]]
2024-01-17T11:30:00.833+0800	INFO	raft/config.go:151	


2024-01-17T11:30:00.833+0800	INFO	raft/config.go:152	----------------------------------------------call the start1------------------------------------
2024-01-17T11:30:00.833+0800	INFO	raft/config.go:160	endnames is [[WRucoqYu_ZRAd9j-u5Dz a1-eEEC0_L-qFTA8gJi1 YZtQk6eFsd9UGMyx4sTE] [] []]
2024-01-17T11:30:00.833+0800	INFO	raft/config.go:168	ends is [0xc00007e2c0 0xc00007e2e0 0xc00007e300]
2024-01-17T11:30:00.833+0800	INFO	raft/config.go:177	cfg.saved is [<nil> <nil> <nil>]
2024-01-17T11:30:00.833+0800	INFO	raft/config.go:224	ends is [0xc00007e2c0 0xc00007e2e0 0xc00007e300], cfg.saved[i] is &{{0 0} [] []}, applyCh is 0xc00002c480
2024-01-17T11:30:00.883+0800	INFO	raft/config.go:229	cfg.rafts is [0xc00019c000 <nil> <nil>]
2024-01-17T11:30:00.883+0800	INFO	raft/config.go:151	


2024-01-17T11:30:00.883+0800	INFO	raft/config.go:152	----------------------------------------------call the start1------------------------------------
2024-01-17T11:30:00.883+0800	INFO	raft/config.go:160	endnames is [[WRucoqYu_ZRAd9j-u5Dz a1-eEEC0_L-qFTA8gJi1 YZtQk6eFsd9UGMyx4sTE] [DbEPIboB6YlPxXaSLqqP UIOQIMkS30NraN4V0tCG 2jbGLNT2vnH_94avjN_n] []]
2024-01-17T11:30:00.883+0800	INFO	raft/config.go:168	ends is [0xc000224120 0xc000224140 0xc000224160]
2024-01-17T11:30:00.883+0800	INFO	raft/config.go:177	cfg.saved is [0xc000198080 <nil> <nil>]
2024-01-17T11:30:00.883+0800	INFO	raft/config.go:224	ends is [0xc000224120 0xc000224140 0xc000224160], cfg.saved[i] is &{{0 0} [] []}, applyCh is 0xc00023a000
2024-01-17T11:30:00.928+0800	INFO	raft/config.go:229	cfg.rafts is [0xc00019c000 0xc00023e000 <nil>]
2024-01-17T11:30:00.928+0800	INFO	raft/config.go:151	


2024-01-17T11:30:00.928+0800	INFO	raft/config.go:152	----------------------------------------------call the start1------------------------------------
2024-01-17T11:30:00.928+0800	INFO	raft/config.go:160	endnames is [[WRucoqYu_ZRAd9j-u5Dz a1-eEEC0_L-qFTA8gJi1 YZtQk6eFsd9UGMyx4sTE] [DbEPIboB6YlPxXaSLqqP UIOQIMkS30NraN4V0tCG 2jbGLNT2vnH_94avjN_n] [cRlq9L7qB3MXKU2Kog9K M37SdvEgyG3nF2vbqolk QyODbDd_y5cxRmUAMdQz]]
2024-01-17T11:30:00.928+0800	INFO	raft/config.go:168	ends is [0xc000224300 0xc000224320 0xc000224340]
2024-01-17T11:30:00.928+0800	INFO	raft/config.go:177	cfg.saved is [0xc000198080 0xc000220180 <nil>]
2024-01-17T11:30:00.928+0800	INFO	raft/config.go:224	ends is [0xc000224300 0xc000224320 0xc000224340], cfg.saved[i] is &{{0 0} [] []}, applyCh is 0xc00023a0c0
2024-01-17T11:30:00.972+0800	INFO	raft/config.go:229	cfg.rafts is [0xc00019c000 0xc00023e000 0xc00023e0f0]
2024-01-17T11:30:00.972+0800	INFO	raft/config.go:101	




2024-01-17T11:30:00.972+0800	INFO	raft/config.go:261	cfg.endnames is [[WRucoqYu_ZRAd9j-u5Dz a1-eEEC0_L-qFTA8gJi1 YZtQk6eFsd9UGMyx4sTE] [DbEPIboB6YlPxXaSLqqP UIOQIMkS30NraN4V0tCG 2jbGLNT2vnH_94avjN_n] [cRlq9L7qB3MXKU2Kog9K M37SdvEgyG3nF2vbqolk QyODbDd_y5cxRmUAMdQz]]
2024-01-17T11:30:00.972+0800	INFO	raft/config.go:261	cfg.endnames is [[WRucoqYu_ZRAd9j-u5Dz a1-eEEC0_L-qFTA8gJi1 YZtQk6eFsd9UGMyx4sTE] [DbEPIboB6YlPxXaSLqqP UIOQIMkS30NraN4V0tCG 2jbGLNT2vnH_94avjN_n] [cRlq9L7qB3MXKU2Kog9K M37SdvEgyG3nF2vbqolk QyODbDd_y5cxRmUAMdQz]]
2024-01-17T11:30:00.972+0800	INFO	raft/config.go:261	cfg.endnames is [[WRucoqYu_ZRAd9j-u5Dz a1-eEEC0_L-qFTA8gJi1 YZtQk6eFsd9UGMyx4sTE] [DbEPIboB6YlPxXaSLqqP UIOQIMkS30NraN4V0tCG 2jbGLNT2vnH_94avjN_n] [cRlq9L7qB3MXKU2Kog9K M37SdvEgyG3nF2vbqolk QyODbDd_y5cxRmUAMdQz]]
2024-01-17T11:30:01.492+0800	INFO	raft/config.go:339	checkOneLeader().leaders is map[1:[0]]
2024-01-17T11:30:04.028+0800	INFO	raft/config.go:339	checkOneLeader().leaders is map[1:[0]]
2024-01-17T11:30:04.028+0800	INFO	raft/config.go:151	


2024-01-17T11:30:04.028+0800	INFO	raft/config.go:152	----------------------------------------------call the start1------------------------------------
2024-01-17T11:30:04.028+0800	INFO	raft/config.go:160	endnames is [[FTMPOJqPytcHvkn-ma4x -375bWWR_REr0Ui3UYCP nuGtVWUFGg57dycdehif] [] []]
2024-01-17T11:30:04.028+0800	INFO	raft/config.go:168	ends is [0xc000160780 0xc0001607a0 0xc0001607c0]
2024-01-17T11:30:04.028+0800	INFO	raft/config.go:177	cfg.saved is [<nil> <nil> <nil>]
2024-01-17T11:30:04.028+0800	INFO	raft/config.go:224	ends is [0xc000160780 0xc0001607a0 0xc0001607c0], cfg.saved[i] is &{{0 0} [] []}, applyCh is 0xc00011cf00
2024-01-17T11:30:04.090+0800	INFO	raft/config.go:229	cfg.rafts is [0xc00017a000 <nil> <nil>]
2024-01-17T11:30:04.090+0800	INFO	raft/config.go:151	


2024-01-17T11:30:04.090+0800	INFO	raft/config.go:152	----------------------------------------------call the start1------------------------------------
2024-01-17T11:30:04.090+0800	INFO	raft/config.go:160	endnames is [[FTMPOJqPytcHvkn-ma4x -375bWWR_REr0Ui3UYCP nuGtVWUFGg57dycdehif] [LhxSF-3IVZug0-h9DuuV FhwFP-uHAi78AYlFWHB_ 7m3c-Jfi1vf_6RY_uzSV] []]
2024-01-17T11:30:04.090+0800	INFO	raft/config.go:168	ends is [0xc0001d9a20 0xc0001d9a40 0xc0001d9a60]
2024-01-17T11:30:04.090+0800	INFO	raft/config.go:177	cfg.saved is [0xc000162540 <nil> <nil>]
2024-01-17T11:30:04.090+0800	INFO	raft/config.go:224	ends is [0xc0001d9a20 0xc0001d9a40 0xc0001d9a60], cfg.saved[i] is &{{0 0} [] []}, applyCh is 0xc00002d7a0
2024-01-17T11:30:04.139+0800	INFO	raft/config.go:229	cfg.rafts is [0xc00017a000 0xc00019c0f0 <nil>]
2024-01-17T11:30:04.139+0800	INFO	raft/config.go:151	


2024-01-17T11:30:04.139+0800	INFO	raft/config.go:152	----------------------------------------------call the start1------------------------------------
2024-01-17T11:30:04.140+0800	INFO	raft/config.go:160	endnames is [[FTMPOJqPytcHvkn-ma4x -375bWWR_REr0Ui3UYCP nuGtVWUFGg57dycdehif] [LhxSF-3IVZug0-h9DuuV FhwFP-uHAi78AYlFWHB_ 7m3c-Jfi1vf_6RY_uzSV] [EHqUprWkAZOe5NCgFgir n6njJChY5T3XBl68moO1 68cqiO1bC0Vw_2_XdfdP]]
2024-01-17T11:30:04.140+0800	INFO	raft/config.go:168	ends is [0xc000160940 0xc000160960 0xc000160980]
2024-01-17T11:30:04.140+0800	INFO	raft/config.go:177	cfg.saved is [0xc000162540 0xc0001fa040 <nil>]
2024-01-17T11:30:04.140+0800	INFO	raft/config.go:224	ends is [0xc000160940 0xc000160960 0xc000160980], cfg.saved[i] is &{{0 0} [] []}, applyCh is 0xc00011cfc0
2024-01-17T11:30:04.195+0800	INFO	raft/config.go:229	cfg.rafts is [0xc00017a000 0xc00019c0f0 0xc00017a0f0]
2024-01-17T11:30:04.195+0800	INFO	raft/config.go:101	




2024-01-17T11:30:04.195+0800	INFO	raft/config.go:261	cfg.endnames is [[FTMPOJqPytcHvkn-ma4x -375bWWR_REr0Ui3UYCP nuGtVWUFGg57dycdehif] [LhxSF-3IVZug0-h9DuuV FhwFP-uHAi78AYlFWHB_ 7m3c-Jfi1vf_6RY_uzSV] [EHqUprWkAZOe5NCgFgir n6njJChY5T3XBl68moO1 68cqiO1bC0Vw_2_XdfdP]]
2024-01-17T11:30:04.195+0800	INFO	raft/config.go:261	cfg.endnames is [[FTMPOJqPytcHvkn-ma4x -375bWWR_REr0Ui3UYCP nuGtVWUFGg57dycdehif] [LhxSF-3IVZug0-h9DuuV FhwFP-uHAi78AYlFWHB_ 7m3c-Jfi1vf_6RY_uzSV] [EHqUprWkAZOe5NCgFgir n6njJChY5T3XBl68moO1 68cqiO1bC0Vw_2_XdfdP]]
2024-01-17T11:30:04.195+0800	INFO	raft/config.go:261	cfg.endnames is [[FTMPOJqPytcHvkn-ma4x -375bWWR_REr0Ui3UYCP nuGtVWUFGg57dycdehif] [LhxSF-3IVZug0-h9DuuV FhwFP-uHAi78AYlFWHB_ 7m3c-Jfi1vf_6RY_uzSV] [EHqUprWkAZOe5NCgFgir n6njJChY5T3XBl68moO1 68cqiO1bC0Vw_2_XdfdP]]
2024-01-17T11:30:04.663+0800	INFO	raft/config.go:339	checkOneLeader().leaders is map[1:[0]]
2024-01-17T11:30:05.146+0800	INFO	raft/config.go:339	checkOneLeader().leaders is map[2:[1]]
2024-01-17T11:30:05.146+0800	INFO	raft/config.go:261	cfg.endnames is [[FTMPOJqPytcHvkn-ma4x -375bWWR_REr0Ui3UYCP nuGtVWUFGg57dycdehif] [LhxSF-3IVZug0-h9DuuV FhwFP-uHAi78AYlFWHB_ 7m3c-Jfi1vf_6RY_uzSV] [EHqUprWkAZOe5NCgFgir n6njJChY5T3XBl68moO1 68cqiO1bC0Vw_2_XdfdP]]
2024-01-17T11:30:05.657+0800	INFO	raft/config.go:339	checkOneLeader().leaders is map[3:[2]]
2024-01-17T11:30:07.657+0800	INFO	raft/config.go:261	cfg.endnames is [[FTMPOJqPytcHvkn-ma4x -375bWWR_REr0Ui3UYCP nuGtVWUFGg57dycdehif] [LhxSF-3IVZug0-h9DuuV FhwFP-uHAi78AYlFWHB_ 7m3c-Jfi1vf_6RY_uzSV] [EHqUprWkAZOe5NCgFgir n6njJChY5T3XBl68moO1 68cqiO1bC0Vw_2_XdfdP]]
2024-01-17T11:30:08.139+0800	INFO	raft/config.go:339	checkOneLeader().leaders is map[]
2024-01-17T11:30:08.668+0800	INFO	raft/config.go:339	checkOneLeader().leaders is map[]
2024-01-17T11:30:09.176+0800	INFO	raft/config.go:339	checkOneLeader().leaders is map[4:[1]]
2024-01-17T11:30:09.176+0800	INFO	raft/config.go:261	cfg.endnames is [[FTMPOJqPytcHvkn-ma4x -375bWWR_REr0Ui3UYCP nuGtVWUFGg57dycdehif] [LhxSF-3IVZug0-h9DuuV FhwFP-uHAi78AYlFWHB_ 7m3c-Jfi1vf_6RY_uzSV] [EHqUprWkAZOe5NCgFgir n6njJChY5T3XBl68moO1 68cqiO1bC0Vw_2_XdfdP]]
2024-01-17T11:30:09.691+0800	INFO	raft/config.go:339	checkOneLeader().leaders is map[4:[1]]
