2024-01-21T09:30:12.830+0800	INFO	raft/config.go:151	


2024-01-21T09:30:12.830+0800	INFO	raft/config.go:152	----------------------------------------------call the start1------------------------------------
2024-01-21T09:30:12.830+0800	INFO	raft/config.go:160	endnames is [[fknbst9ixScJ9_I4C848 sNFc0anyNnvYb6uZ4ayH E0xxBTxNm6tr-MM64QEs] [] []]
2024-01-21T09:30:12.830+0800	INFO	raft/config.go:168	ends is [0xc00007e2c0 0xc00007e2e0 0xc00007e300]
2024-01-21T09:30:12.830+0800	INFO	raft/config.go:177	cfg.saved is [<nil> <nil> <nil>]
2024-01-21T09:30:12.830+0800	INFO	raft/config.go:224	ends is [0xc00007e2c0 0xc00007e2e0 0xc00007e300], cfg.saved[i] is &{{0 0} [] []}, applyCh is 0xc00002c480
2024-01-21T09:30:12.918+0800	INFO	raft/config.go:229	cfg.rafts is [0xc00019c000 <nil> <nil>]
2024-01-21T09:30:12.919+0800	INFO	raft/config.go:151	


2024-01-21T09:30:12.919+0800	INFO	raft/config.go:152	----------------------------------------------call the start1------------------------------------
2024-01-21T09:30:12.919+0800	INFO	raft/config.go:160	endnames is [[fknbst9ixScJ9_I4C848 sNFc0anyNnvYb6uZ4ayH E0xxBTxNm6tr-MM64QEs] [z3q1PL8mPVDKcrznkao4 aPRSr2HmBsg3FUaJtPeh RduniDvdINsiYH7YSaCe] []]
2024-01-21T09:30:12.919+0800	INFO	raft/config.go:168	ends is [0xc000292120 0xc000292140 0xc000292160]
2024-01-21T09:30:12.919+0800	INFO	raft/config.go:177	cfg.saved is [0xc000198080 <nil> <nil>]
2024-01-21T09:30:12.919+0800	INFO	raft/config.go:224	ends is [0xc000292120 0xc000292140 0xc000292160], cfg.saved[i] is &{{0 0} [] []}, applyCh is 0xc0002ac000
2024-01-21T09:30:12.966+0800	INFO	raft/config.go:229	cfg.rafts is [0xc00019c000 0xc0002b2000 <nil>]
2024-01-21T09:30:12.966+0800	INFO	raft/config.go:151	


2024-01-21T09:30:12.966+0800	INFO	raft/config.go:152	----------------------------------------------call the start1------------------------------------
2024-01-21T09:30:12.966+0800	INFO	raft/config.go:160	endnames is [[fknbst9ixScJ9_I4C848 sNFc0anyNnvYb6uZ4ayH E0xxBTxNm6tr-MM64QEs] [z3q1PL8mPVDKcrznkao4 aPRSr2HmBsg3FUaJtPeh RduniDvdINsiYH7YSaCe] [dtlL61xlvFSK2m7SapLx kob6aU9rIdf-mzHZDttJ Bx-toem6rEZaBiR8i1pZ]]
2024-01-21T09:30:12.966+0800	INFO	raft/config.go:168	ends is [0xc000214140 0xc000214160 0xc000214180]
2024-01-21T09:30:12.966+0800	INFO	raft/config.go:177	cfg.saved is [0xc000198080 0xc00028e180 <nil>]
2024-01-21T09:30:12.966+0800	INFO	raft/config.go:224	ends is [0xc000214140 0xc000214160 0xc000214180], cfg.saved[i] is &{{0 0} [] []}, applyCh is 0xc00023c000
2024-01-21T09:30:13.022+0800	INFO	raft/config.go:229	cfg.rafts is [0xc00019c000 0xc0002b2000 0xc000248000]
2024-01-21T09:30:13.022+0800	INFO	raft/config.go:101	




2024-01-21T09:30:13.022+0800	INFO	raft/config.go:261	cfg.endnames is [[fknbst9ixScJ9_I4C848 sNFc0anyNnvYb6uZ4ayH E0xxBTxNm6tr-MM64QEs] [z3q1PL8mPVDKcrznkao4 aPRSr2HmBsg3FUaJtPeh RduniDvdINsiYH7YSaCe] [dtlL61xlvFSK2m7SapLx kob6aU9rIdf-mzHZDttJ Bx-toem6rEZaBiR8i1pZ]]
2024-01-21T09:30:13.022+0800	INFO	raft/config.go:261	cfg.endnames is [[fknbst9ixScJ9_I4C848 sNFc0anyNnvYb6uZ4ayH E0xxBTxNm6tr-MM64QEs] [z3q1PL8mPVDKcrznkao4 aPRSr2HmBsg3FUaJtPeh RduniDvdINsiYH7YSaCe] [dtlL61xlvFSK2m7SapLx kob6aU9rIdf-mzHZDttJ Bx-toem6rEZaBiR8i1pZ]]
2024-01-21T09:30:13.022+0800	INFO	raft/config.go:261	cfg.endnames is [[fknbst9ixScJ9_I4C848 sNFc0anyNnvYb6uZ4ayH E0xxBTxNm6tr-MM64QEs] [z3q1PL8mPVDKcrznkao4 aPRSr2HmBsg3FUaJtPeh RduniDvdINsiYH7YSaCe] [dtlL61xlvFSK2m7SapLx kob6aU9rIdf-mzHZDttJ Bx-toem6rEZaBiR8i1pZ]]
2024-01-21T09:30:13.521+0800	INFO	raft/config.go:339	checkOneLeader().leaders is map[1:[1]]
2024-01-21T09:30:16.074+0800	INFO	raft/config.go:339	checkOneLeader().leaders is map[1:[1]]
2024-01-21T09:30:16.074+0800	INFO	raft/config.go:151	


2024-01-21T09:30:16.074+0800	INFO	raft/config.go:152	----------------------------------------------call the start1------------------------------------
2024-01-21T09:30:16.074+0800	INFO	raft/config.go:160	endnames is [[KUmW2R7rup01PjFUfmQq aDkqHkemtf1MyzrYX-Tm G1BFWsWKI69P28A1BJuo] [] []]
2024-01-21T09:30:16.074+0800	INFO	raft/config.go:168	ends is [0xc000340e80 0xc000340ea0 0xc000340ec0]
2024-01-21T09:30:16.074+0800	INFO	raft/config.go:177	cfg.saved is [<nil> <nil> <nil>]
2024-01-21T09:30:16.074+0800	INFO	raft/config.go:224	ends is [0xc000340e80 0xc000340ea0 0xc000340ec0], cfg.saved[i] is &{{0 0} [] []}, applyCh is 0xc00023dd40
2024-01-21T09:30:16.133+0800	INFO	raft/config.go:229	cfg.rafts is [0xc0002480f0 <nil> <nil>]
2024-01-21T09:30:16.133+0800	INFO	raft/config.go:151	


2024-01-21T09:30:16.133+0800	INFO	raft/config.go:152	----------------------------------------------call the start1------------------------------------
2024-01-21T09:30:16.133+0800	INFO	raft/config.go:160	endnames is [[KUmW2R7rup01PjFUfmQq aDkqHkemtf1MyzrYX-Tm G1BFWsWKI69P28A1BJuo] [53mQESwqGup2TSOwyr41 twXGOAabvq9T4qz4vHlp 4CBvsXsJH4F7CsyO3h4-] []]
2024-01-21T09:30:16.133+0800	INFO	raft/config.go:168	ends is [0xc000341040 0xc000341060 0xc000341080]
2024-01-21T09:30:16.133+0800	INFO	raft/config.go:177	cfg.saved is [0xc000352680 <nil> <nil>]
2024-01-21T09:30:16.133+0800	INFO	raft/config.go:224	ends is [0xc000341040 0xc000341060 0xc000341080], cfg.saved[i] is &{{0 0} [] []}, applyCh is 0xc00023de00
2024-01-21T09:30:16.200+0800	INFO	raft/config.go:229	cfg.rafts is [0xc0002480f0 0xc0002481e0 <nil>]
2024-01-21T09:30:16.200+0800	INFO	raft/config.go:151	


2024-01-21T09:30:16.200+0800	INFO	raft/config.go:152	----------------------------------------------call the start1------------------------------------
2024-01-21T09:30:16.200+0800	INFO	raft/config.go:160	endnames is [[KUmW2R7rup01PjFUfmQq aDkqHkemtf1MyzrYX-Tm G1BFWsWKI69P28A1BJuo] [53mQESwqGup2TSOwyr41 twXGOAabvq9T4qz4vHlp 4CBvsXsJH4F7CsyO3h4-] [cHzyK0M9t5VYGHZCUQPm 7knsmJXUGoSoBeDxPMxR 7pZgjTE2_SjfbQPsJK0S]]
2024-01-21T09:30:16.200+0800	INFO	raft/config.go:168	ends is [0xc000161ba0 0xc000161bc0 0xc000161be0]
2024-01-21T09:30:16.200+0800	INFO	raft/config.go:177	cfg.saved is [0xc000352680 0xc000352800 <nil>]
2024-01-21T09:30:16.200+0800	INFO	raft/config.go:224	ends is [0xc000161ba0 0xc000161bc0 0xc000161be0], cfg.saved[i] is &{{0 0} [] []}, applyCh is 0xc00011d440
2024-01-21T09:30:16.266+0800	INFO	raft/config.go:229	cfg.rafts is [0xc0002480f0 0xc0002481e0 0xc000392000]
2024-01-21T09:30:16.266+0800	INFO	raft/config.go:101	




2024-01-21T09:30:16.266+0800	INFO	raft/config.go:261	cfg.endnames is [[KUmW2R7rup01PjFUfmQq aDkqHkemtf1MyzrYX-Tm G1BFWsWKI69P28A1BJuo] [53mQESwqGup2TSOwyr41 twXGOAabvq9T4qz4vHlp 4CBvsXsJH4F7CsyO3h4-] [cHzyK0M9t5VYGHZCUQPm 7knsmJXUGoSoBeDxPMxR 7pZgjTE2_SjfbQPsJK0S]]
2024-01-21T09:30:16.266+0800	INFO	raft/config.go:261	cfg.endnames is [[KUmW2R7rup01PjFUfmQq aDkqHkemtf1MyzrYX-Tm G1BFWsWKI69P28A1BJuo] [53mQESwqGup2TSOwyr41 twXGOAabvq9T4qz4vHlp 4CBvsXsJH4F7CsyO3h4-] [cHzyK0M9t5VYGHZCUQPm 7knsmJXUGoSoBeDxPMxR 7pZgjTE2_SjfbQPsJK0S]]
2024-01-21T09:30:16.266+0800	INFO	raft/config.go:261	cfg.endnames is [[KUmW2R7rup01PjFUfmQq aDkqHkemtf1MyzrYX-Tm G1BFWsWKI69P28A1BJuo] [53mQESwqGup2TSOwyr41 twXGOAabvq9T4qz4vHlp 4CBvsXsJH4F7CsyO3h4-] [cHzyK0M9t5VYGHZCUQPm 7knsmJXUGoSoBeDxPMxR 7pZgjTE2_SjfbQPsJK0S]]
2024-01-21T09:30:16.722+0800	INFO	raft/config.go:339	checkOneLeader().leaders is map[1:[0]]
2024-01-21T09:30:17.215+0800	INFO	raft/config.go:339	checkOneLeader().leaders is map[2:[1]]
2024-01-21T09:30:17.215+0800	INFO	raft/config.go:261	cfg.endnames is [[KUmW2R7rup01PjFUfmQq aDkqHkemtf1MyzrYX-Tm G1BFWsWKI69P28A1BJuo] [53mQESwqGup2TSOwyr41 twXGOAabvq9T4qz4vHlp 4CBvsXsJH4F7CsyO3h4-] [cHzyK0M9t5VYGHZCUQPm 7knsmJXUGoSoBeDxPMxR 7pZgjTE2_SjfbQPsJK0S]]
2024-01-21T09:30:17.692+0800	INFO	raft/config.go:339	checkOneLeader().leaders is map[2:[1]]
2024-01-21T09:30:19.692+0800	INFO	raft/config.go:261	cfg.endnames is [[KUmW2R7rup01PjFUfmQq aDkqHkemtf1MyzrYX-Tm G1BFWsWKI69P28A1BJuo] [53mQESwqGup2TSOwyr41 twXGOAabvq9T4qz4vHlp 4CBvsXsJH4F7CsyO3h4-] [cHzyK0M9t5VYGHZCUQPm 7knsmJXUGoSoBeDxPMxR 7pZgjTE2_SjfbQPsJK0S]]
2024-01-21T09:30:20.147+0800	INFO	raft/config.go:339	checkOneLeader().leaders is map[4:[2]]
2024-01-21T09:30:20.147+0800	INFO	raft/config.go:261	cfg.endnames is [[KUmW2R7rup01PjFUfmQq aDkqHkemtf1MyzrYX-Tm G1BFWsWKI69P28A1BJuo] [53mQESwqGup2TSOwyr41 twXGOAabvq9T4qz4vHlp 4CBvsXsJH4F7CsyO3h4-] [cHzyK0M9t5VYGHZCUQPm 7knsmJXUGoSoBeDxPMxR 7pZgjTE2_SjfbQPsJK0S]]
2024-01-21T09:30:20.685+0800	INFO	raft/config.go:339	checkOneLeader().leaders is map[2:[1] 4:[2]]
