2024-01-05T10:18:32.866+0800	INFO	raft/config.go:151	


2024-01-05T10:18:32.866+0800	INFO	raft/config.go:152	----------------------------------------------call the start1------------------------------------
2024-01-05T10:18:32.866+0800	INFO	raft/config.go:160	endnames is [[EGqFxjScQRsov9xCDm6u VIFkh324Na2hu_XjCpxP Y2lwp9NOHKu4JC9oN96J] [] []]
2024-01-05T10:18:32.866+0800	INFO	labrpc/labrpc.go:371	rn.connections is 0
2024-01-05T10:18:32.866+0800	INFO	labrpc/labrpc.go:371	rn.connections is 1
2024-01-05T10:18:32.866+0800	INFO	labrpc/labrpc.go:371	rn.connections is 2
2024-01-05T10:18:32.866+0800	INFO	raft/config.go:168	ends is [0xc00007e2c0 0xc00007e2e0 0xc00007e300]
2024-01-05T10:18:32.866+0800	INFO	raft/config.go:177	cfg.saved is [<nil> <nil> <nil>]
2024-01-05T10:18:32.866+0800	INFO	raft/config.go:224	ends is [0xc00007e2c0 0xc00007e2e0 0xc00007e300], cfg.saved[i] is &{{0 0} [] []}, applyCh is 0xc00002c480
2024-01-05T10:18:32.907+0800	INFO	raft/config.go:229	cfg.rafts is [0xc000088480 <nil> <nil>]
2024-01-05T10:18:32.907+0800	INFO	labrpc/labrpc.go:427	svc.name is Raft
2024-01-05T10:18:32.907+0800	INFO	labrpc/labrpc.go:355	rn.servers is map[0:0xc00007e3a0], servername is 0, rs is &{{0 0} map[Raft:0xc000198140] 0 0xc000010630}
2024-01-05T10:18:32.907+0800	INFO	raft/config.go:151	


2024-01-05T10:18:32.907+0800	INFO	raft/config.go:152	----------------------------------------------call the start1------------------------------------
2024-01-05T10:18:32.907+0800	INFO	raft/config.go:160	endnames is [[EGqFxjScQRsov9xCDm6u VIFkh324Na2hu_XjCpxP Y2lwp9NOHKu4JC9oN96J] [OwlEjuW8AF4rHqL1ckL- -siAprXGIFYVxg0YEOgk tma48kcSSzOZ06ei4myO] []]
2024-01-05T10:18:32.907+0800	INFO	labrpc/labrpc.go:371	rn.connections is 0
2024-01-05T10:18:32.907+0800	INFO	labrpc/labrpc.go:371	rn.connections is 1
2024-01-05T10:18:32.907+0800	INFO	labrpc/labrpc.go:371	rn.connections is 2
2024-01-05T10:18:32.907+0800	INFO	raft/config.go:168	ends is [0xc00007e400 0xc00007e420 0xc00007e440]
2024-01-05T10:18:32.907+0800	INFO	raft/config.go:177	cfg.saved is [0xc000198080 <nil> <nil>]
2024-01-05T10:18:32.907+0800	INFO	raft/config.go:224	ends is [0xc00007e400 0xc00007e420 0xc00007e440], cfg.saved[i] is &{{0 0} [] []}, applyCh is 0xc00002c4e0
2024-01-05T10:18:32.962+0800	INFO	raft/config.go:229	cfg.rafts is [0xc000088480 0xc000088720 <nil>]
2024-01-05T10:18:32.963+0800	INFO	labrpc/labrpc.go:427	svc.name is Raft
2024-01-05T10:18:32.963+0800	INFO	labrpc/labrpc.go:355	rn.servers is map[0:0xc00007e3a0 1:0xc000120080], servername is 1, rs is &{{0 0} map[Raft:0xc00011c100] 0 0xc00012e028}
2024-01-05T10:18:32.963+0800	INFO	raft/config.go:151	


2024-01-05T10:18:32.963+0800	INFO	raft/config.go:152	----------------------------------------------call the start1------------------------------------
2024-01-05T10:18:32.963+0800	INFO	raft/config.go:160	endnames is [[EGqFxjScQRsov9xCDm6u VIFkh324Na2hu_XjCpxP Y2lwp9NOHKu4JC9oN96J] [OwlEjuW8AF4rHqL1ckL- -siAprXGIFYVxg0YEOgk tma48kcSSzOZ06ei4myO] [k6fj50ColJblsG3tiH89 nAtaMxR6LE0Q0ZmiSTit 4HHwzYl-W1gM_hipax6y]]
2024-01-05T10:18:32.963+0800	INFO	labrpc/labrpc.go:371	rn.connections is 0
2024-01-05T10:18:32.963+0800	INFO	labrpc/labrpc.go:371	rn.connections is 1
2024-01-05T10:18:32.963+0800	INFO	labrpc/labrpc.go:371	rn.connections is 2
2024-01-05T10:18:32.963+0800	INFO	raft/config.go:168	ends is [0xc0001200e0 0xc000120100 0xc000120120]
2024-01-05T10:18:32.963+0800	INFO	raft/config.go:177	cfg.saved is [0xc000198080 0xc0001981c0 <nil>]
2024-01-05T10:18:32.963+0800	INFO	raft/config.go:224	ends is [0xc0001200e0 0xc000120100 0xc000120120], cfg.saved[i] is &{{0 0} [] []}, applyCh is 0xc00013a000
2024-01-05T10:18:33.018+0800	INFO	raft/config.go:229	cfg.rafts is [0xc000088480 0xc000088720 0xc00010e2a0]
2024-01-05T10:18:33.018+0800	INFO	labrpc/labrpc.go:427	svc.name is Raft
2024-01-05T10:18:33.018+0800	INFO	labrpc/labrpc.go:355	rn.servers is map[0:0xc00007e3a0 1:0xc000120080 2:0xc0001201c0], servername is 2, rs is &{{0 0} map[Raft:0xc00011c240] 0 0xc00012e068}
2024-01-05T10:18:33.018+0800	INFO	raft/config.go:101	




2024-01-05T10:18:33.018+0800	INFO	raft/config.go:261	cfg.endnames is [[EGqFxjScQRsov9xCDm6u VIFkh324Na2hu_XjCpxP Y2lwp9NOHKu4JC9oN96J] [OwlEjuW8AF4rHqL1ckL- -siAprXGIFYVxg0YEOgk tma48kcSSzOZ06ei4myO] [k6fj50ColJblsG3tiH89 nAtaMxR6LE0Q0ZmiSTit 4HHwzYl-W1gM_hipax6y]]
2024-01-05T10:18:33.018+0800	INFO	raft/config.go:261	cfg.endnames is [[EGqFxjScQRsov9xCDm6u VIFkh324Na2hu_XjCpxP Y2lwp9NOHKu4JC9oN96J] [OwlEjuW8AF4rHqL1ckL- -siAprXGIFYVxg0YEOgk tma48kcSSzOZ06ei4myO] [k6fj50ColJblsG3tiH89 nAtaMxR6LE0Q0ZmiSTit 4HHwzYl-W1gM_hipax6y]]
2024-01-05T10:18:33.018+0800	INFO	raft/config.go:261	cfg.endnames is [[EGqFxjScQRsov9xCDm6u VIFkh324Na2hu_XjCpxP Y2lwp9NOHKu4JC9oN96J] [OwlEjuW8AF4rHqL1ckL- -siAprXGIFYVxg0YEOgk tma48kcSSzOZ06ei4myO] [k6fj50ColJblsG3tiH89 nAtaMxR6LE0Q0ZmiSTit 4HHwzYl-W1gM_hipax6y]]
2024-01-05T10:18:33.067+0800	INFO	labrpc/labrpc.go:168	rn.count is 1, rn.bytes is 92
2024-01-05T10:18:33.067+0800	INFO	labrpc/labrpc.go:210	endname is EGqFxjScQRsov9xCDm6u
2024-01-05T10:18:33.067+0800	INFO	labrpc/labrpc.go:211	rn.enabled is map[-siAprXGIFYVxg0YEOgk:true 4HHwzYl-W1gM_hipax6y:true EGqFxjScQRsov9xCDm6u:true OwlEjuW8AF4rHqL1ckL-:true VIFkh324Na2hu_XjCpxP:true Y2lwp9NOHKu4JC9oN96J:true k6fj50ColJblsG3tiH89:true nAtaMxR6LE0Q0ZmiSTit:true tma48kcSSzOZ06ei4myO:true]
2024-01-05T10:18:33.067+0800	INFO	labrpc/labrpc.go:212	rn.connections is map[-siAprXGIFYVxg0YEOgk:1 4HHwzYl-W1gM_hipax6y:2 EGqFxjScQRsov9xCDm6u:0 OwlEjuW8AF4rHqL1ckL-:0 VIFkh324Na2hu_XjCpxP:1 Y2lwp9NOHKu4JC9oN96J:2 k6fj50ColJblsG3tiH89:0 nAtaMxR6LE0Q0ZmiSTit:1 tma48kcSSzOZ06ei4myO:2]
2024-01-05T10:18:33.067+0800	INFO	labrpc/labrpc.go:213	rn.servers is map[0:0xc00007e3a0 1:0xc000120080 2:0xc0001201c0]
2024-01-05T10:18:33.067+0800	INFO	labrpc/labrpc.go:218	server is &{{0 0} map[Raft:0xc000198140] 0 0xc000010630}
2024-01-05T10:18:33.067+0800	INFO	labrpc/labrpc.go:238	excute here, enabled is true, servername is 0, server is &{{0 0} map[Raft:0xc000198140] 0 0xc000010630}
2024-01-05T10:18:33.108+0800	INFO	labrpc/labrpc.go:168	rn.count is 2, rn.bytes is 250
2024-01-05T10:18:33.108+0800	INFO	labrpc/labrpc.go:210	endname is OwlEjuW8AF4rHqL1ckL-
2024-01-05T10:18:33.108+0800	INFO	labrpc/labrpc.go:211	rn.enabled is map[-siAprXGIFYVxg0YEOgk:true 4HHwzYl-W1gM_hipax6y:true EGqFxjScQRsov9xCDm6u:true OwlEjuW8AF4rHqL1ckL-:true VIFkh324Na2hu_XjCpxP:true Y2lwp9NOHKu4JC9oN96J:true k6fj50ColJblsG3tiH89:true nAtaMxR6LE0Q0ZmiSTit:true tma48kcSSzOZ06ei4myO:true]
2024-01-05T10:18:33.108+0800	INFO	labrpc/labrpc.go:212	rn.connections is map[-siAprXGIFYVxg0YEOgk:1 4HHwzYl-W1gM_hipax6y:2 EGqFxjScQRsov9xCDm6u:0 OwlEjuW8AF4rHqL1ckL-:0 VIFkh324Na2hu_XjCpxP:1 Y2lwp9NOHKu4JC9oN96J:2 k6fj50ColJblsG3tiH89:0 nAtaMxR6LE0Q0ZmiSTit:1 tma48kcSSzOZ06ei4myO:2]
2024-01-05T10:18:33.108+0800	INFO	labrpc/labrpc.go:213	rn.servers is map[0:0xc00007e3a0 1:0xc000120080 2:0xc0001201c0]
2024-01-05T10:18:33.108+0800	INFO	labrpc/labrpc.go:218	server is &{{0 0} map[Raft:0xc000198140] 1 0xc000010630}
2024-01-05T10:18:33.108+0800	INFO	labrpc/labrpc.go:238	excute here, enabled is true, servername is 0, server is &{{0 0} map[Raft:0xc000198140] 1 0xc000010630}
2024-01-05T10:18:33.163+0800	INFO	labrpc/labrpc.go:168	rn.count is 3, rn.bytes is 408
2024-01-05T10:18:33.163+0800	INFO	labrpc/labrpc.go:210	endname is k6fj50ColJblsG3tiH89
2024-01-05T10:18:33.163+0800	INFO	labrpc/labrpc.go:211	rn.enabled is map[-siAprXGIFYVxg0YEOgk:true 4HHwzYl-W1gM_hipax6y:true EGqFxjScQRsov9xCDm6u:true OwlEjuW8AF4rHqL1ckL-:true VIFkh324Na2hu_XjCpxP:true Y2lwp9NOHKu4JC9oN96J:true k6fj50ColJblsG3tiH89:true nAtaMxR6LE0Q0ZmiSTit:true tma48kcSSzOZ06ei4myO:true]
2024-01-05T10:18:33.163+0800	INFO	labrpc/labrpc.go:212	rn.connections is map[-siAprXGIFYVxg0YEOgk:1 4HHwzYl-W1gM_hipax6y:2 EGqFxjScQRsov9xCDm6u:0 OwlEjuW8AF4rHqL1ckL-:0 VIFkh324Na2hu_XjCpxP:1 Y2lwp9NOHKu4JC9oN96J:2 k6fj50ColJblsG3tiH89:0 nAtaMxR6LE0Q0ZmiSTit:1 tma48kcSSzOZ06ei4myO:2]
2024-01-05T10:18:33.163+0800	INFO	labrpc/labrpc.go:213	rn.servers is map[0:0xc00007e3a0 1:0xc000120080 2:0xc0001201c0]
2024-01-05T10:18:33.163+0800	INFO	labrpc/labrpc.go:218	server is &{{0 0} map[Raft:0xc000198140] 2 0xc000010630}
2024-01-05T10:18:33.163+0800	INFO	labrpc/labrpc.go:238	excute here, enabled is true, servername is 0, server is &{{0 0} map[Raft:0xc000198140] 2 0xc000010630}
2024-01-05T10:18:33.267+0800	INFO	labrpc/labrpc.go:168	rn.count is 4, rn.bytes is 564
2024-01-05T10:18:33.267+0800	INFO	labrpc/labrpc.go:210	endname is EGqFxjScQRsov9xCDm6u
2024-01-05T10:18:33.267+0800	INFO	labrpc/labrpc.go:211	rn.enabled is map[-siAprXGIFYVxg0YEOgk:true 4HHwzYl-W1gM_hipax6y:true EGqFxjScQRsov9xCDm6u:true OwlEjuW8AF4rHqL1ckL-:true VIFkh324Na2hu_XjCpxP:true Y2lwp9NOHKu4JC9oN96J:true k6fj50ColJblsG3tiH89:true nAtaMxR6LE0Q0ZmiSTit:true tma48kcSSzOZ06ei4myO:true]
2024-01-05T10:18:33.267+0800	INFO	labrpc/labrpc.go:212	rn.connections is map[-siAprXGIFYVxg0YEOgk:1 4HHwzYl-W1gM_hipax6y:2 EGqFxjScQRsov9xCDm6u:0 OwlEjuW8AF4rHqL1ckL-:0 VIFkh324Na2hu_XjCpxP:1 Y2lwp9NOHKu4JC9oN96J:2 k6fj50ColJblsG3tiH89:0 nAtaMxR6LE0Q0ZmiSTit:1 tma48kcSSzOZ06ei4myO:2]
2024-01-05T10:18:33.267+0800	INFO	labrpc/labrpc.go:213	rn.servers is map[0:0xc00007e3a0 1:0xc000120080 2:0xc0001201c0]
2024-01-05T10:18:33.267+0800	INFO	labrpc/labrpc.go:218	server is &{{0 0} map[Raft:0xc000198140] 3 0xc000010630}
2024-01-05T10:18:33.267+0800	INFO	labrpc/labrpc.go:238	excute here, enabled is true, servername is 0, server is &{{0 0} map[Raft:0xc000198140] 3 0xc000010630}
2024-01-05T10:18:33.309+0800	INFO	labrpc/labrpc.go:168	rn.count is 5, rn.bytes is 722
2024-01-05T10:18:33.309+0800	INFO	labrpc/labrpc.go:210	endname is OwlEjuW8AF4rHqL1ckL-
2024-01-05T10:18:33.309+0800	INFO	labrpc/labrpc.go:211	rn.enabled is map[-siAprXGIFYVxg0YEOgk:true 4HHwzYl-W1gM_hipax6y:true EGqFxjScQRsov9xCDm6u:true OwlEjuW8AF4rHqL1ckL-:true VIFkh324Na2hu_XjCpxP:true Y2lwp9NOHKu4JC9oN96J:true k6fj50ColJblsG3tiH89:true nAtaMxR6LE0Q0ZmiSTit:true tma48kcSSzOZ06ei4myO:true]
2024-01-05T10:18:33.309+0800	INFO	labrpc/labrpc.go:212	rn.connections is map[-siAprXGIFYVxg0YEOgk:1 4HHwzYl-W1gM_hipax6y:2 EGqFxjScQRsov9xCDm6u:0 OwlEjuW8AF4rHqL1ckL-:0 VIFkh324Na2hu_XjCpxP:1 Y2lwp9NOHKu4JC9oN96J:2 k6fj50ColJblsG3tiH89:0 nAtaMxR6LE0Q0ZmiSTit:1 tma48kcSSzOZ06ei4myO:2]
2024-01-05T10:18:33.309+0800	INFO	labrpc/labrpc.go:213	rn.servers is map[0:0xc00007e3a0 1:0xc000120080 2:0xc0001201c0]
2024-01-05T10:18:33.309+0800	INFO	labrpc/labrpc.go:218	server is &{{0 0} map[Raft:0xc000198140] 4 0xc000010630}
2024-01-05T10:18:33.309+0800	INFO	labrpc/labrpc.go:238	excute here, enabled is true, servername is 0, server is &{{0 0} map[Raft:0xc000198140] 4 0xc000010630}
2024-01-05T10:18:33.364+0800	INFO	labrpc/labrpc.go:168	rn.count is 6, rn.bytes is 880
2024-01-05T10:18:33.364+0800	INFO	labrpc/labrpc.go:210	endname is k6fj50ColJblsG3tiH89
2024-01-05T10:18:33.364+0800	INFO	labrpc/labrpc.go:211	rn.enabled is map[-siAprXGIFYVxg0YEOgk:true 4HHwzYl-W1gM_hipax6y:true EGqFxjScQRsov9xCDm6u:true OwlEjuW8AF4rHqL1ckL-:true VIFkh324Na2hu_XjCpxP:true Y2lwp9NOHKu4JC9oN96J:true k6fj50ColJblsG3tiH89:true nAtaMxR6LE0Q0ZmiSTit:true tma48kcSSzOZ06ei4myO:true]
2024-01-05T10:18:33.364+0800	INFO	labrpc/labrpc.go:212	rn.connections is map[-siAprXGIFYVxg0YEOgk:1 4HHwzYl-W1gM_hipax6y:2 EGqFxjScQRsov9xCDm6u:0 OwlEjuW8AF4rHqL1ckL-:0 VIFkh324Na2hu_XjCpxP:1 Y2lwp9NOHKu4JC9oN96J:2 k6fj50ColJblsG3tiH89:0 nAtaMxR6LE0Q0ZmiSTit:1 tma48kcSSzOZ06ei4myO:2]
2024-01-05T10:18:33.364+0800	INFO	labrpc/labrpc.go:213	rn.servers is map[0:0xc00007e3a0 1:0xc000120080 2:0xc0001201c0]
2024-01-05T10:18:33.364+0800	INFO	labrpc/labrpc.go:218	server is &{{0 0} map[Raft:0xc000198140] 5 0xc000010630}
2024-01-05T10:18:33.364+0800	INFO	labrpc/labrpc.go:238	excute here, enabled is true, servername is 0, server is &{{0 0} map[Raft:0xc000198140] 5 0xc000010630}
2024-01-05T10:18:33.468+0800	INFO	labrpc/labrpc.go:168	rn.count is 7, rn.bytes is 1036
2024-01-05T10:18:33.468+0800	INFO	labrpc/labrpc.go:210	endname is EGqFxjScQRsov9xCDm6u
2024-01-05T10:18:33.468+0800	INFO	labrpc/labrpc.go:211	rn.enabled is map[-siAprXGIFYVxg0YEOgk:true 4HHwzYl-W1gM_hipax6y:true EGqFxjScQRsov9xCDm6u:true OwlEjuW8AF4rHqL1ckL-:true VIFkh324Na2hu_XjCpxP:true Y2lwp9NOHKu4JC9oN96J:true k6fj50ColJblsG3tiH89:true nAtaMxR6LE0Q0ZmiSTit:true tma48kcSSzOZ06ei4myO:true]
2024-01-05T10:18:33.468+0800	INFO	labrpc/labrpc.go:212	rn.connections is map[-siAprXGIFYVxg0YEOgk:1 4HHwzYl-W1gM_hipax6y:2 EGqFxjScQRsov9xCDm6u:0 OwlEjuW8AF4rHqL1ckL-:0 VIFkh324Na2hu_XjCpxP:1 Y2lwp9NOHKu4JC9oN96J:2 k6fj50ColJblsG3tiH89:0 nAtaMxR6LE0Q0ZmiSTit:1 tma48kcSSzOZ06ei4myO:2]
2024-01-05T10:18:33.468+0800	INFO	labrpc/labrpc.go:213	rn.servers is map[0:0xc00007e3a0 1:0xc000120080 2:0xc0001201c0]
2024-01-05T10:18:33.468+0800	INFO	labrpc/labrpc.go:218	server is &{{0 0} map[Raft:0xc000198140] 6 0xc000010630}
2024-01-05T10:18:33.468+0800	INFO	labrpc/labrpc.go:238	excute here, enabled is true, servername is 0, server is &{{0 0} map[Raft:0xc000198140] 6 0xc000010630}
2024-01-05T10:18:33.510+0800	INFO	labrpc/labrpc.go:168	rn.count is 8, rn.bytes is 1194
2024-01-05T10:18:33.510+0800	INFO	labrpc/labrpc.go:210	endname is OwlEjuW8AF4rHqL1ckL-
2024-01-05T10:18:33.510+0800	INFO	labrpc/labrpc.go:211	rn.enabled is map[-siAprXGIFYVxg0YEOgk:true 4HHwzYl-W1gM_hipax6y:true EGqFxjScQRsov9xCDm6u:true OwlEjuW8AF4rHqL1ckL-:true VIFkh324Na2hu_XjCpxP:true Y2lwp9NOHKu4JC9oN96J:true k6fj50ColJblsG3tiH89:true nAtaMxR6LE0Q0ZmiSTit:true tma48kcSSzOZ06ei4myO:true]
2024-01-05T10:18:33.510+0800	INFO	labrpc/labrpc.go:212	rn.connections is map[-siAprXGIFYVxg0YEOgk:1 4HHwzYl-W1gM_hipax6y:2 EGqFxjScQRsov9xCDm6u:0 OwlEjuW8AF4rHqL1ckL-:0 VIFkh324Na2hu_XjCpxP:1 Y2lwp9NOHKu4JC9oN96J:2 k6fj50ColJblsG3tiH89:0 nAtaMxR6LE0Q0ZmiSTit:1 tma48kcSSzOZ06ei4myO:2]
2024-01-05T10:18:33.510+0800	INFO	labrpc/labrpc.go:213	rn.servers is map[0:0xc00007e3a0 1:0xc000120080 2:0xc0001201c0]
2024-01-05T10:18:33.510+0800	INFO	labrpc/labrpc.go:218	server is &{{0 0} map[Raft:0xc000198140] 7 0xc000010630}
2024-01-05T10:18:33.510+0800	INFO	labrpc/labrpc.go:238	excute here, enabled is true, servername is 0, server is &{{0 0} map[Raft:0xc000198140] 7 0xc000010630}
2024-01-05T10:18:33.564+0800	INFO	labrpc/labrpc.go:168	rn.count is 9, rn.bytes is 1352
2024-01-05T10:18:33.564+0800	INFO	labrpc/labrpc.go:210	endname is k6fj50ColJblsG3tiH89
2024-01-05T10:18:33.564+0800	INFO	labrpc/labrpc.go:211	rn.enabled is map[-siAprXGIFYVxg0YEOgk:true 4HHwzYl-W1gM_hipax6y:true EGqFxjScQRsov9xCDm6u:true OwlEjuW8AF4rHqL1ckL-:true VIFkh324Na2hu_XjCpxP:true Y2lwp9NOHKu4JC9oN96J:true k6fj50ColJblsG3tiH89:true nAtaMxR6LE0Q0ZmiSTit:true tma48kcSSzOZ06ei4myO:true]
2024-01-05T10:18:33.564+0800	INFO	labrpc/labrpc.go:212	rn.connections is map[-siAprXGIFYVxg0YEOgk:1 4HHwzYl-W1gM_hipax6y:2 EGqFxjScQRsov9xCDm6u:0 OwlEjuW8AF4rHqL1ckL-:0 VIFkh324Na2hu_XjCpxP:1 Y2lwp9NOHKu4JC9oN96J:2 k6fj50ColJblsG3tiH89:0 nAtaMxR6LE0Q0ZmiSTit:1 tma48kcSSzOZ06ei4myO:2]
2024-01-05T10:18:33.564+0800	INFO	labrpc/labrpc.go:213	rn.servers is map[0:0xc00007e3a0 1:0xc000120080 2:0xc0001201c0]
2024-01-05T10:18:33.564+0800	INFO	labrpc/labrpc.go:218	server is &{{0 0} map[Raft:0xc000198140] 8 0xc000010630}
2024-01-05T10:18:33.564+0800	INFO	labrpc/labrpc.go:238	excute here, enabled is true, servername is 0, server is &{{0 0} map[Raft:0xc000198140] 8 0xc000010630}
2024-01-05T10:18:37.986+0800	INFO	raft/config.go:151	


2024-01-05T10:18:37.986+0800	INFO	raft/config.go:152	----------------------------------------------call the start1------------------------------------
2024-01-05T10:18:37.986+0800	INFO	raft/config.go:160	endnames is [[j2_N4OCtDnil5dmbt5Cn wY8vClcbgwXiJk3qBJr0 4a73OfFI0zHbpXZYz9Hw] [] []]
2024-01-05T10:18:37.986+0800	INFO	labrpc/labrpc.go:371	rn.connections is 0
2024-01-05T10:18:37.986+0800	INFO	labrpc/labrpc.go:371	rn.connections is 1
2024-01-05T10:18:37.986+0800	INFO	labrpc/labrpc.go:371	rn.connections is 2
2024-01-05T10:18:37.986+0800	INFO	raft/config.go:168	ends is [0xc000219240 0xc000219260 0xc000219280]
2024-01-05T10:18:37.986+0800	INFO	raft/config.go:177	cfg.saved is [<nil> <nil> <nil>]
2024-01-05T10:18:37.986+0800	INFO	raft/config.go:224	ends is [0xc000219240 0xc000219260 0xc000219280], cfg.saved[i] is &{{0 0} [] []}, applyCh is 0xc0002249c0
2024-01-05T10:18:38.019+0800	INFO	raft/config.go:229	cfg.rafts is [0xc000200b40 <nil> <nil>]
2024-01-05T10:18:38.019+0800	INFO	labrpc/labrpc.go:427	svc.name is Raft
2024-01-05T10:18:38.019+0800	INFO	labrpc/labrpc.go:355	rn.servers is map[0:0xc000219320], servername is 0, rs is &{{0 0} map[Raft:0xc0002158c0] 0 0xc00022ab28}
2024-01-05T10:18:38.019+0800	INFO	raft/config.go:151	


2024-01-05T10:18:38.019+0800	INFO	raft/config.go:152	----------------------------------------------call the start1------------------------------------
2024-01-05T10:18:38.019+0800	INFO	raft/config.go:160	endnames is [[j2_N4OCtDnil5dmbt5Cn wY8vClcbgwXiJk3qBJr0 4a73OfFI0zHbpXZYz9Hw] [u7gI13181Nkqhp90ZCJA tjz0xH2xhU7QPNlGzD6g oD6LubLWFGYWHnmRhg_p] []]
2024-01-05T10:18:38.019+0800	INFO	labrpc/labrpc.go:371	rn.connections is 0
2024-01-05T10:18:38.019+0800	INFO	labrpc/labrpc.go:371	rn.connections is 1
2024-01-05T10:18:38.019+0800	INFO	labrpc/labrpc.go:371	rn.connections is 2
2024-01-05T10:18:38.019+0800	INFO	raft/config.go:168	ends is [0xc000219380 0xc0002193a0 0xc0002193c0]
2024-01-05T10:18:38.019+0800	INFO	raft/config.go:177	cfg.saved is [0xc000215800 <nil> <nil>]
2024-01-05T10:18:38.019+0800	INFO	raft/config.go:224	ends is [0xc000219380 0xc0002193a0 0xc0002193c0], cfg.saved[i] is &{{0 0} [] []}, applyCh is 0xc000224a20
2024-01-05T10:18:38.063+0800	INFO	raft/config.go:229	cfg.rafts is [0xc000200b40 0xc000200de0 <nil>]
2024-01-05T10:18:38.063+0800	INFO	labrpc/labrpc.go:427	svc.name is Raft
2024-01-05T10:18:38.063+0800	INFO	labrpc/labrpc.go:355	rn.servers is map[0:0xc000219320 1:0xc000219460], servername is 1, rs is &{{0 0} map[Raft:0xc000215a00] 0 0xc00022ab68}
2024-01-05T10:18:38.063+0800	INFO	raft/config.go:151	


2024-01-05T10:18:38.063+0800	INFO	raft/config.go:152	----------------------------------------------call the start1------------------------------------
2024-01-05T10:18:38.063+0800	INFO	raft/config.go:160	endnames is [[j2_N4OCtDnil5dmbt5Cn wY8vClcbgwXiJk3qBJr0 4a73OfFI0zHbpXZYz9Hw] [u7gI13181Nkqhp90ZCJA tjz0xH2xhU7QPNlGzD6g oD6LubLWFGYWHnmRhg_p] [iIZMv0gHASNhZX9_Wbq1 Vau2RTQyGHYHKjW6Su7P 8jFDMS_fcNiv_oB1_t1m]]
2024-01-05T10:18:38.063+0800	INFO	labrpc/labrpc.go:371	rn.connections is 0
2024-01-05T10:18:38.063+0800	INFO	labrpc/labrpc.go:371	rn.connections is 1
2024-01-05T10:18:38.063+0800	INFO	labrpc/labrpc.go:371	rn.connections is 2
2024-01-05T10:18:38.063+0800	INFO	raft/config.go:168	ends is [0xc0002194c0 0xc0002194e0 0xc000219500]
2024-01-05T10:18:38.063+0800	INFO	raft/config.go:177	cfg.saved is [0xc000215800 0xc000215940 <nil>]
2024-01-05T10:18:38.063+0800	INFO	raft/config.go:224	ends is [0xc0002194c0 0xc0002194e0 0xc000219500], cfg.saved[i] is &{{0 0} [] []}, applyCh is 0xc000224a80
2024-01-05T10:18:38.108+0800	INFO	raft/config.go:229	cfg.rafts is [0xc000200b40 0xc000200de0 0xc000201080]
2024-01-05T10:18:38.108+0800	INFO	labrpc/labrpc.go:427	svc.name is Raft
2024-01-05T10:18:38.108+0800	INFO	labrpc/labrpc.go:355	rn.servers is map[0:0xc000219320 1:0xc000219460 2:0xc0002195a0], servername is 2, rs is &{{0 0} map[Raft:0xc000215b40] 0 0xc00022aba8}
2024-01-05T10:18:38.108+0800	INFO	raft/config.go:101	




2024-01-05T10:18:38.108+0800	INFO	raft/config.go:261	cfg.endnames is [[j2_N4OCtDnil5dmbt5Cn wY8vClcbgwXiJk3qBJr0 4a73OfFI0zHbpXZYz9Hw] [u7gI13181Nkqhp90ZCJA tjz0xH2xhU7QPNlGzD6g oD6LubLWFGYWHnmRhg_p] [iIZMv0gHASNhZX9_Wbq1 Vau2RTQyGHYHKjW6Su7P 8jFDMS_fcNiv_oB1_t1m]]
2024-01-05T10:18:38.108+0800	INFO	raft/config.go:261	cfg.endnames is [[j2_N4OCtDnil5dmbt5Cn wY8vClcbgwXiJk3qBJr0 4a73OfFI0zHbpXZYz9Hw] [u7gI13181Nkqhp90ZCJA tjz0xH2xhU7QPNlGzD6g oD6LubLWFGYWHnmRhg_p] [iIZMv0gHASNhZX9_Wbq1 Vau2RTQyGHYHKjW6Su7P 8jFDMS_fcNiv_oB1_t1m]]
2024-01-05T10:18:38.108+0800	INFO	raft/config.go:261	cfg.endnames is [[j2_N4OCtDnil5dmbt5Cn wY8vClcbgwXiJk3qBJr0 4a73OfFI0zHbpXZYz9Hw] [u7gI13181Nkqhp90ZCJA tjz0xH2xhU7QPNlGzD6g oD6LubLWFGYWHnmRhg_p] [iIZMv0gHASNhZX9_Wbq1 Vau2RTQyGHYHKjW6Su7P 8jFDMS_fcNiv_oB1_t1m]]
2024-01-05T10:18:38.186+0800	INFO	labrpc/labrpc.go:168	rn.count is 1, rn.bytes is 92
2024-01-05T10:18:38.186+0800	INFO	labrpc/labrpc.go:210	endname is j2_N4OCtDnil5dmbt5Cn
2024-01-05T10:18:38.186+0800	INFO	labrpc/labrpc.go:211	rn.enabled is map[4a73OfFI0zHbpXZYz9Hw:true 8jFDMS_fcNiv_oB1_t1m:true Vau2RTQyGHYHKjW6Su7P:true iIZMv0gHASNhZX9_Wbq1:true j2_N4OCtDnil5dmbt5Cn:true oD6LubLWFGYWHnmRhg_p:true tjz0xH2xhU7QPNlGzD6g:true u7gI13181Nkqhp90ZCJA:true wY8vClcbgwXiJk3qBJr0:true]
2024-01-05T10:18:38.186+0800	INFO	labrpc/labrpc.go:212	rn.connections is map[4a73OfFI0zHbpXZYz9Hw:2 8jFDMS_fcNiv_oB1_t1m:2 Vau2RTQyGHYHKjW6Su7P:1 iIZMv0gHASNhZX9_Wbq1:0 j2_N4OCtDnil5dmbt5Cn:0 oD6LubLWFGYWHnmRhg_p:2 tjz0xH2xhU7QPNlGzD6g:1 u7gI13181Nkqhp90ZCJA:0 wY8vClcbgwXiJk3qBJr0:1]
2024-01-05T10:18:38.186+0800	INFO	labrpc/labrpc.go:213	rn.servers is map[0:0xc000219320 1:0xc000219460 2:0xc0002195a0]
2024-01-05T10:18:38.186+0800	INFO	labrpc/labrpc.go:218	server is &{{0 0} map[Raft:0xc0002158c0] 0 0xc00022ab28}
2024-01-05T10:18:38.186+0800	INFO	labrpc/labrpc.go:238	excute here, enabled is true, servername is 0, server is &{{0 0} map[Raft:0xc0002158c0] 0 0xc00022ab28}
2024-01-05T10:18:38.219+0800	INFO	labrpc/labrpc.go:168	rn.count is 2, rn.bytes is 250
2024-01-05T10:18:38.220+0800	INFO	labrpc/labrpc.go:210	endname is u7gI13181Nkqhp90ZCJA
2024-01-05T10:18:38.220+0800	INFO	labrpc/labrpc.go:211	rn.enabled is map[4a73OfFI0zHbpXZYz9Hw:true 8jFDMS_fcNiv_oB1_t1m:true Vau2RTQyGHYHKjW6Su7P:true iIZMv0gHASNhZX9_Wbq1:true j2_N4OCtDnil5dmbt5Cn:true oD6LubLWFGYWHnmRhg_p:true tjz0xH2xhU7QPNlGzD6g:true u7gI13181Nkqhp90ZCJA:true wY8vClcbgwXiJk3qBJr0:true]
2024-01-05T10:18:38.220+0800	INFO	labrpc/labrpc.go:212	rn.connections is map[4a73OfFI0zHbpXZYz9Hw:2 8jFDMS_fcNiv_oB1_t1m:2 Vau2RTQyGHYHKjW6Su7P:1 iIZMv0gHASNhZX9_Wbq1:0 j2_N4OCtDnil5dmbt5Cn:0 oD6LubLWFGYWHnmRhg_p:2 tjz0xH2xhU7QPNlGzD6g:1 u7gI13181Nkqhp90ZCJA:0 wY8vClcbgwXiJk3qBJr0:1]
2024-01-05T10:18:38.220+0800	INFO	labrpc/labrpc.go:213	rn.servers is map[0:0xc000219320 1:0xc000219460 2:0xc0002195a0]
2024-01-05T10:18:38.220+0800	INFO	labrpc/labrpc.go:218	server is &{{0 0} map[Raft:0xc0002158c0] 1 0xc00022ab28}
2024-01-05T10:18:38.220+0800	INFO	labrpc/labrpc.go:238	excute here, enabled is true, servername is 0, server is &{{0 0} map[Raft:0xc0002158c0] 1 0xc00022ab28}
2024-01-05T10:18:38.264+0800	INFO	labrpc/labrpc.go:168	rn.count is 3, rn.bytes is 408
2024-01-05T10:18:38.264+0800	INFO	labrpc/labrpc.go:210	endname is iIZMv0gHASNhZX9_Wbq1
2024-01-05T10:18:38.264+0800	INFO	labrpc/labrpc.go:211	rn.enabled is map[4a73OfFI0zHbpXZYz9Hw:true 8jFDMS_fcNiv_oB1_t1m:true Vau2RTQyGHYHKjW6Su7P:true iIZMv0gHASNhZX9_Wbq1:true j2_N4OCtDnil5dmbt5Cn:true oD6LubLWFGYWHnmRhg_p:true tjz0xH2xhU7QPNlGzD6g:true u7gI13181Nkqhp90ZCJA:true wY8vClcbgwXiJk3qBJr0:true]
2024-01-05T10:18:38.264+0800	INFO	labrpc/labrpc.go:212	rn.connections is map[4a73OfFI0zHbpXZYz9Hw:2 8jFDMS_fcNiv_oB1_t1m:2 Vau2RTQyGHYHKjW6Su7P:1 iIZMv0gHASNhZX9_Wbq1:0 j2_N4OCtDnil5dmbt5Cn:0 oD6LubLWFGYWHnmRhg_p:2 tjz0xH2xhU7QPNlGzD6g:1 u7gI13181Nkqhp90ZCJA:0 wY8vClcbgwXiJk3qBJr0:1]
2024-01-05T10:18:38.264+0800	INFO	labrpc/labrpc.go:213	rn.servers is map[0:0xc000219320 1:0xc000219460 2:0xc0002195a0]
2024-01-05T10:18:38.264+0800	INFO	labrpc/labrpc.go:218	server is &{{0 0} map[Raft:0xc0002158c0] 2 0xc00022ab28}
2024-01-05T10:18:38.264+0800	INFO	labrpc/labrpc.go:238	excute here, enabled is true, servername is 0, server is &{{0 0} map[Raft:0xc0002158c0] 2 0xc00022ab28}
2024-01-05T10:18:38.387+0800	INFO	labrpc/labrpc.go:168	rn.count is 4, rn.bytes is 564
2024-01-05T10:18:38.387+0800	INFO	labrpc/labrpc.go:210	endname is j2_N4OCtDnil5dmbt5Cn
2024-01-05T10:18:38.387+0800	INFO	labrpc/labrpc.go:211	rn.enabled is map[4a73OfFI0zHbpXZYz9Hw:true 8jFDMS_fcNiv_oB1_t1m:true Vau2RTQyGHYHKjW6Su7P:true iIZMv0gHASNhZX9_Wbq1:true j2_N4OCtDnil5dmbt5Cn:true oD6LubLWFGYWHnmRhg_p:true tjz0xH2xhU7QPNlGzD6g:true u7gI13181Nkqhp90ZCJA:true wY8vClcbgwXiJk3qBJr0:true]
2024-01-05T10:18:38.387+0800	INFO	labrpc/labrpc.go:212	rn.connections is map[4a73OfFI0zHbpXZYz9Hw:2 8jFDMS_fcNiv_oB1_t1m:2 Vau2RTQyGHYHKjW6Su7P:1 iIZMv0gHASNhZX9_Wbq1:0 j2_N4OCtDnil5dmbt5Cn:0 oD6LubLWFGYWHnmRhg_p:2 tjz0xH2xhU7QPNlGzD6g:1 u7gI13181Nkqhp90ZCJA:0 wY8vClcbgwXiJk3qBJr0:1]
2024-01-05T10:18:38.387+0800	INFO	labrpc/labrpc.go:213	rn.servers is map[0:0xc000219320 1:0xc000219460 2:0xc0002195a0]
2024-01-05T10:18:38.387+0800	INFO	labrpc/labrpc.go:218	server is &{{0 0} map[Raft:0xc0002158c0] 3 0xc00022ab28}
2024-01-05T10:18:38.387+0800	INFO	labrpc/labrpc.go:238	excute here, enabled is true, servername is 0, server is &{{0 0} map[Raft:0xc0002158c0] 3 0xc00022ab28}
2024-01-05T10:18:38.420+0800	INFO	labrpc/labrpc.go:168	rn.count is 5, rn.bytes is 722
2024-01-05T10:18:38.420+0800	INFO	labrpc/labrpc.go:210	endname is u7gI13181Nkqhp90ZCJA
2024-01-05T10:18:38.420+0800	INFO	labrpc/labrpc.go:211	rn.enabled is map[4a73OfFI0zHbpXZYz9Hw:true 8jFDMS_fcNiv_oB1_t1m:true Vau2RTQyGHYHKjW6Su7P:true iIZMv0gHASNhZX9_Wbq1:true j2_N4OCtDnil5dmbt5Cn:true oD6LubLWFGYWHnmRhg_p:true tjz0xH2xhU7QPNlGzD6g:true u7gI13181Nkqhp90ZCJA:true wY8vClcbgwXiJk3qBJr0:true]
2024-01-05T10:18:38.420+0800	INFO	labrpc/labrpc.go:212	rn.connections is map[4a73OfFI0zHbpXZYz9Hw:2 8jFDMS_fcNiv_oB1_t1m:2 Vau2RTQyGHYHKjW6Su7P:1 iIZMv0gHASNhZX9_Wbq1:0 j2_N4OCtDnil5dmbt5Cn:0 oD6LubLWFGYWHnmRhg_p:2 tjz0xH2xhU7QPNlGzD6g:1 u7gI13181Nkqhp90ZCJA:0 wY8vClcbgwXiJk3qBJr0:1]
2024-01-05T10:18:38.420+0800	INFO	labrpc/labrpc.go:213	rn.servers is map[0:0xc000219320 1:0xc000219460 2:0xc0002195a0]
2024-01-05T10:18:38.420+0800	INFO	labrpc/labrpc.go:218	server is &{{0 0} map[Raft:0xc0002158c0] 4 0xc00022ab28}
2024-01-05T10:18:38.420+0800	INFO	labrpc/labrpc.go:238	excute here, enabled is true, servername is 0, server is &{{0 0} map[Raft:0xc0002158c0] 4 0xc00022ab28}
2024-01-05T10:18:38.464+0800	INFO	labrpc/labrpc.go:168	rn.count is 6, rn.bytes is 880
2024-01-05T10:18:38.464+0800	INFO	labrpc/labrpc.go:210	endname is iIZMv0gHASNhZX9_Wbq1
2024-01-05T10:18:38.464+0800	INFO	labrpc/labrpc.go:211	rn.enabled is map[4a73OfFI0zHbpXZYz9Hw:true 8jFDMS_fcNiv_oB1_t1m:true Vau2RTQyGHYHKjW6Su7P:true iIZMv0gHASNhZX9_Wbq1:true j2_N4OCtDnil5dmbt5Cn:true oD6LubLWFGYWHnmRhg_p:true tjz0xH2xhU7QPNlGzD6g:true u7gI13181Nkqhp90ZCJA:true wY8vClcbgwXiJk3qBJr0:true]
2024-01-05T10:18:38.464+0800	INFO	labrpc/labrpc.go:212	rn.connections is map[4a73OfFI0zHbpXZYz9Hw:2 8jFDMS_fcNiv_oB1_t1m:2 Vau2RTQyGHYHKjW6Su7P:1 iIZMv0gHASNhZX9_Wbq1:0 j2_N4OCtDnil5dmbt5Cn:0 oD6LubLWFGYWHnmRhg_p:2 tjz0xH2xhU7QPNlGzD6g:1 u7gI13181Nkqhp90ZCJA:0 wY8vClcbgwXiJk3qBJr0:1]
2024-01-05T10:18:38.464+0800	INFO	labrpc/labrpc.go:213	rn.servers is map[0:0xc000219320 1:0xc000219460 2:0xc0002195a0]
2024-01-05T10:18:38.464+0800	INFO	labrpc/labrpc.go:218	server is &{{0 0} map[Raft:0xc0002158c0] 5 0xc00022ab28}
2024-01-05T10:18:38.464+0800	INFO	labrpc/labrpc.go:238	excute here, enabled is true, servername is 0, server is &{{0 0} map[Raft:0xc0002158c0] 5 0xc00022ab28}
2024-01-05T10:18:38.587+0800	INFO	labrpc/labrpc.go:168	rn.count is 7, rn.bytes is 1036
2024-01-05T10:18:38.587+0800	INFO	labrpc/labrpc.go:210	endname is j2_N4OCtDnil5dmbt5Cn
2024-01-05T10:18:38.587+0800	INFO	labrpc/labrpc.go:211	rn.enabled is map[4a73OfFI0zHbpXZYz9Hw:true 8jFDMS_fcNiv_oB1_t1m:true Vau2RTQyGHYHKjW6Su7P:true iIZMv0gHASNhZX9_Wbq1:true j2_N4OCtDnil5dmbt5Cn:true oD6LubLWFGYWHnmRhg_p:true tjz0xH2xhU7QPNlGzD6g:true u7gI13181Nkqhp90ZCJA:true wY8vClcbgwXiJk3qBJr0:true]
2024-01-05T10:18:38.587+0800	INFO	labrpc/labrpc.go:212	rn.connections is map[4a73OfFI0zHbpXZYz9Hw:2 8jFDMS_fcNiv_oB1_t1m:2 Vau2RTQyGHYHKjW6Su7P:1 iIZMv0gHASNhZX9_Wbq1:0 j2_N4OCtDnil5dmbt5Cn:0 oD6LubLWFGYWHnmRhg_p:2 tjz0xH2xhU7QPNlGzD6g:1 u7gI13181Nkqhp90ZCJA:0 wY8vClcbgwXiJk3qBJr0:1]
2024-01-05T10:18:38.587+0800	INFO	labrpc/labrpc.go:213	rn.servers is map[0:0xc000219320 1:0xc000219460 2:0xc0002195a0]
2024-01-05T10:18:38.587+0800	INFO	labrpc/labrpc.go:218	server is &{{0 0} map[Raft:0xc0002158c0] 6 0xc00022ab28}
2024-01-05T10:18:38.587+0800	INFO	labrpc/labrpc.go:238	excute here, enabled is true, servername is 0, server is &{{0 0} map[Raft:0xc0002158c0] 6 0xc00022ab28}
2024-01-05T10:18:38.620+0800	INFO	labrpc/labrpc.go:168	rn.count is 8, rn.bytes is 1194
2024-01-05T10:18:38.620+0800	INFO	labrpc/labrpc.go:210	endname is u7gI13181Nkqhp90ZCJA
2024-01-05T10:18:38.620+0800	INFO	labrpc/labrpc.go:211	rn.enabled is map[4a73OfFI0zHbpXZYz9Hw:true 8jFDMS_fcNiv_oB1_t1m:true Vau2RTQyGHYHKjW6Su7P:true iIZMv0gHASNhZX9_Wbq1:true j2_N4OCtDnil5dmbt5Cn:true oD6LubLWFGYWHnmRhg_p:true tjz0xH2xhU7QPNlGzD6g:true u7gI13181Nkqhp90ZCJA:true wY8vClcbgwXiJk3qBJr0:true]
2024-01-05T10:18:38.620+0800	INFO	labrpc/labrpc.go:212	rn.connections is map[4a73OfFI0zHbpXZYz9Hw:2 8jFDMS_fcNiv_oB1_t1m:2 Vau2RTQyGHYHKjW6Su7P:1 iIZMv0gHASNhZX9_Wbq1:0 j2_N4OCtDnil5dmbt5Cn:0 oD6LubLWFGYWHnmRhg_p:2 tjz0xH2xhU7QPNlGzD6g:1 u7gI13181Nkqhp90ZCJA:0 wY8vClcbgwXiJk3qBJr0:1]
2024-01-05T10:18:38.620+0800	INFO	labrpc/labrpc.go:213	rn.servers is map[0:0xc000219320 1:0xc000219460 2:0xc0002195a0]
2024-01-05T10:18:38.620+0800	INFO	labrpc/labrpc.go:218	server is &{{0 0} map[Raft:0xc0002158c0] 7 0xc00022ab28}
2024-01-05T10:18:38.620+0800	INFO	labrpc/labrpc.go:238	excute here, enabled is true, servername is 0, server is &{{0 0} map[Raft:0xc0002158c0] 7 0xc00022ab28}
2024-01-05T10:18:38.665+0800	INFO	labrpc/labrpc.go:168	rn.count is 9, rn.bytes is 1352
2024-01-05T10:18:38.665+0800	INFO	labrpc/labrpc.go:210	endname is iIZMv0gHASNhZX9_Wbq1
2024-01-05T10:18:38.665+0800	INFO	labrpc/labrpc.go:211	rn.enabled is map[4a73OfFI0zHbpXZYz9Hw:true 8jFDMS_fcNiv_oB1_t1m:true Vau2RTQyGHYHKjW6Su7P:true iIZMv0gHASNhZX9_Wbq1:true j2_N4OCtDnil5dmbt5Cn:true oD6LubLWFGYWHnmRhg_p:true tjz0xH2xhU7QPNlGzD6g:true u7gI13181Nkqhp90ZCJA:true wY8vClcbgwXiJk3qBJr0:true]
2024-01-05T10:18:38.665+0800	INFO	labrpc/labrpc.go:212	rn.connections is map[4a73OfFI0zHbpXZYz9Hw:2 8jFDMS_fcNiv_oB1_t1m:2 Vau2RTQyGHYHKjW6Su7P:1 iIZMv0gHASNhZX9_Wbq1:0 j2_N4OCtDnil5dmbt5Cn:0 oD6LubLWFGYWHnmRhg_p:2 tjz0xH2xhU7QPNlGzD6g:1 u7gI13181Nkqhp90ZCJA:0 wY8vClcbgwXiJk3qBJr0:1]
2024-01-05T10:18:38.665+0800	INFO	labrpc/labrpc.go:213	rn.servers is map[0:0xc000219320 1:0xc000219460 2:0xc0002195a0]
2024-01-05T10:18:38.665+0800	INFO	labrpc/labrpc.go:218	server is &{{0 0} map[Raft:0xc0002158c0] 8 0xc00022ab28}
2024-01-05T10:18:38.665+0800	INFO	labrpc/labrpc.go:238	excute here, enabled is true, servername is 0, server is &{{0 0} map[Raft:0xc0002158c0] 8 0xc00022ab28}
2024-01-05T10:21:25.796+0800	INFO	raft/config.go:151	


2024-01-05T10:21:25.797+0800	INFO	raft/config.go:152	----------------------------------------------call the start1------------------------------------
2024-01-05T10:21:25.797+0800	INFO	raft/config.go:160	endnames is [[S4wo0BWbP4vUHvo-F5xM 3thFUpv8iTWJivhbdbUP AQg1xQuzxn026uT0CV3Z] [] []]
2024-01-05T10:21:25.797+0800	INFO	labrpc/labrpc.go:373	rn.connections is map[S4wo0BWbP4vUHvo-F5xM:0]
2024-01-05T10:21:25.797+0800	INFO	labrpc/labrpc.go:373	rn.connections is map[3thFUpv8iTWJivhbdbUP:1 S4wo0BWbP4vUHvo-F5xM:0]
2024-01-05T10:21:25.797+0800	INFO	labrpc/labrpc.go:373	rn.connections is map[3thFUpv8iTWJivhbdbUP:1 AQg1xQuzxn026uT0CV3Z:2 S4wo0BWbP4vUHvo-F5xM:0]
2024-01-05T10:21:25.797+0800	INFO	raft/config.go:168	ends is [0xc0001e22a0 0xc0001e22c0 0xc0001e22e0]
2024-01-05T10:21:25.797+0800	INFO	raft/config.go:177	cfg.saved is [<nil> <nil> <nil>]
2024-01-05T10:21:25.797+0800	INFO	raft/config.go:224	ends is [0xc0001e22a0 0xc0001e22c0 0xc0001e22e0], cfg.saved[i] is &{{0 0} [] []}, applyCh is 0xc000182420
2024-01-05T10:21:25.837+0800	INFO	raft/config.go:229	cfg.rafts is [0xc00019c420 <nil> <nil>]
2024-01-05T10:21:25.837+0800	INFO	labrpc/labrpc.go:427	svc.name is Raft
2024-01-05T10:21:25.837+0800	INFO	labrpc/labrpc.go:355	rn.servers is map[0:0xc0001e2380], servername is 0, rs is &{{0 0} map[Raft:0xc0002300c0] 0 0xc00019a620}
2024-01-05T10:21:25.837+0800	INFO	raft/config.go:151	


2024-01-05T10:21:25.837+0800	INFO	raft/config.go:152	----------------------------------------------call the start1------------------------------------
2024-01-05T10:21:25.837+0800	INFO	raft/config.go:160	endnames is [[S4wo0BWbP4vUHvo-F5xM 3thFUpv8iTWJivhbdbUP AQg1xQuzxn026uT0CV3Z] [c2WCmJcEOGWz7Q-NaOrB E48Rs-AN44s64Rd4XNzf WbZ3osCJ_d6g4HOroo9e] []]
2024-01-05T10:21:25.837+0800	INFO	labrpc/labrpc.go:373	rn.connections is map[3thFUpv8iTWJivhbdbUP:1 AQg1xQuzxn026uT0CV3Z:2 S4wo0BWbP4vUHvo-F5xM:0 c2WCmJcEOGWz7Q-NaOrB:0]
2024-01-05T10:21:25.837+0800	INFO	labrpc/labrpc.go:373	rn.connections is map[3thFUpv8iTWJivhbdbUP:1 AQg1xQuzxn026uT0CV3Z:2 E48Rs-AN44s64Rd4XNzf:1 S4wo0BWbP4vUHvo-F5xM:0 c2WCmJcEOGWz7Q-NaOrB:0]
2024-01-05T10:21:25.837+0800	INFO	labrpc/labrpc.go:373	rn.connections is map[3thFUpv8iTWJivhbdbUP:1 AQg1xQuzxn026uT0CV3Z:2 E48Rs-AN44s64Rd4XNzf:1 S4wo0BWbP4vUHvo-F5xM:0 WbZ3osCJ_d6g4HOroo9e:2 c2WCmJcEOGWz7Q-NaOrB:0]
2024-01-05T10:21:25.837+0800	INFO	raft/config.go:168	ends is [0xc0001e23e0 0xc0001e2400 0xc0001e2420]
2024-01-05T10:21:25.837+0800	INFO	raft/config.go:177	cfg.saved is [0xc000230000 <nil> <nil>]
2024-01-05T10:21:25.837+0800	INFO	raft/config.go:224	ends is [0xc0001e23e0 0xc0001e2400 0xc0001e2420], cfg.saved[i] is &{{0 0} [] []}, applyCh is 0xc000182480
2024-01-05T10:21:25.893+0800	INFO	raft/config.go:229	cfg.rafts is [0xc00019c420 0xc00019c780 <nil>]
2024-01-05T10:21:25.893+0800	INFO	labrpc/labrpc.go:427	svc.name is Raft
2024-01-05T10:21:25.893+0800	INFO	labrpc/labrpc.go:355	rn.servers is map[0:0xc0001e2380 1:0xc0001e24c0], servername is 1, rs is &{{0 0} map[Raft:0xc000230200] 0 0xc00019a660}
2024-01-05T10:21:25.893+0800	INFO	raft/config.go:151	


2024-01-05T10:21:25.893+0800	INFO	raft/config.go:152	----------------------------------------------call the start1------------------------------------
2024-01-05T10:21:25.893+0800	INFO	raft/config.go:160	endnames is [[S4wo0BWbP4vUHvo-F5xM 3thFUpv8iTWJivhbdbUP AQg1xQuzxn026uT0CV3Z] [c2WCmJcEOGWz7Q-NaOrB E48Rs-AN44s64Rd4XNzf WbZ3osCJ_d6g4HOroo9e] [htg3uRO1usWWoT_7-q30 miUxFxLNKUJP9-5gzV1l 9VMya4o0nJhNJ7z2f3Zb]]
2024-01-05T10:21:25.893+0800	INFO	labrpc/labrpc.go:373	rn.connections is map[3thFUpv8iTWJivhbdbUP:1 AQg1xQuzxn026uT0CV3Z:2 E48Rs-AN44s64Rd4XNzf:1 S4wo0BWbP4vUHvo-F5xM:0 WbZ3osCJ_d6g4HOroo9e:2 c2WCmJcEOGWz7Q-NaOrB:0 htg3uRO1usWWoT_7-q30:0]
2024-01-05T10:21:25.893+0800	INFO	labrpc/labrpc.go:373	rn.connections is map[3thFUpv8iTWJivhbdbUP:1 AQg1xQuzxn026uT0CV3Z:2 E48Rs-AN44s64Rd4XNzf:1 S4wo0BWbP4vUHvo-F5xM:0 WbZ3osCJ_d6g4HOroo9e:2 c2WCmJcEOGWz7Q-NaOrB:0 htg3uRO1usWWoT_7-q30:0 miUxFxLNKUJP9-5gzV1l:1]
2024-01-05T10:21:25.893+0800	INFO	labrpc/labrpc.go:373	rn.connections is map[3thFUpv8iTWJivhbdbUP:1 9VMya4o0nJhNJ7z2f3Zb:2 AQg1xQuzxn026uT0CV3Z:2 E48Rs-AN44s64Rd4XNzf:1 S4wo0BWbP4vUHvo-F5xM:0 WbZ3osCJ_d6g4HOroo9e:2 c2WCmJcEOGWz7Q-NaOrB:0 htg3uRO1usWWoT_7-q30:0 miUxFxLNKUJP9-5gzV1l:1]
2024-01-05T10:21:25.893+0800	INFO	raft/config.go:168	ends is [0xc0001e2520 0xc0001e2540 0xc0001e2560]
2024-01-05T10:21:25.893+0800	INFO	raft/config.go:177	cfg.saved is [0xc000230000 0xc000230140 <nil>]
2024-01-05T10:21:25.893+0800	INFO	raft/config.go:224	ends is [0xc0001e2520 0xc0001e2540 0xc0001e2560], cfg.saved[i] is &{{0 0} [] []}, applyCh is 0xc0001824e0
2024-01-05T10:21:25.948+0800	INFO	raft/config.go:229	cfg.rafts is [0xc00019c420 0xc00019c780 0xc00019ca20]
2024-01-05T10:21:25.948+0800	INFO	labrpc/labrpc.go:427	svc.name is Raft
2024-01-05T10:21:25.948+0800	INFO	labrpc/labrpc.go:355	rn.servers is map[0:0xc0001e2380 1:0xc0001e24c0 2:0xc0001e2600], servername is 2, rs is &{{0 0} map[Raft:0xc000230340] 0 0xc00019a6a0}
2024-01-05T10:21:25.948+0800	INFO	raft/config.go:101	




2024-01-05T10:21:25.948+0800	INFO	raft/config.go:261	cfg.endnames is [[S4wo0BWbP4vUHvo-F5xM 3thFUpv8iTWJivhbdbUP AQg1xQuzxn026uT0CV3Z] [c2WCmJcEOGWz7Q-NaOrB E48Rs-AN44s64Rd4XNzf WbZ3osCJ_d6g4HOroo9e] [htg3uRO1usWWoT_7-q30 miUxFxLNKUJP9-5gzV1l 9VMya4o0nJhNJ7z2f3Zb]]
2024-01-05T10:21:25.948+0800	INFO	raft/config.go:261	cfg.endnames is [[S4wo0BWbP4vUHvo-F5xM 3thFUpv8iTWJivhbdbUP AQg1xQuzxn026uT0CV3Z] [c2WCmJcEOGWz7Q-NaOrB E48Rs-AN44s64Rd4XNzf WbZ3osCJ_d6g4HOroo9e] [htg3uRO1usWWoT_7-q30 miUxFxLNKUJP9-5gzV1l 9VMya4o0nJhNJ7z2f3Zb]]
2024-01-05T10:21:25.948+0800	INFO	raft/config.go:261	cfg.endnames is [[S4wo0BWbP4vUHvo-F5xM 3thFUpv8iTWJivhbdbUP AQg1xQuzxn026uT0CV3Z] [c2WCmJcEOGWz7Q-NaOrB E48Rs-AN44s64Rd4XNzf WbZ3osCJ_d6g4HOroo9e] [htg3uRO1usWWoT_7-q30 miUxFxLNKUJP9-5gzV1l 9VMya4o0nJhNJ7z2f3Zb]]
2024-01-05T10:21:25.997+0800	INFO	labrpc/labrpc.go:168	rn.count is 1, rn.bytes is 92
2024-01-05T10:21:25.997+0800	INFO	labrpc/labrpc.go:210	endname is S4wo0BWbP4vUHvo-F5xM
2024-01-05T10:21:25.997+0800	INFO	labrpc/labrpc.go:211	rn.enabled is map[3thFUpv8iTWJivhbdbUP:true 9VMya4o0nJhNJ7z2f3Zb:true AQg1xQuzxn026uT0CV3Z:true E48Rs-AN44s64Rd4XNzf:true S4wo0BWbP4vUHvo-F5xM:true WbZ3osCJ_d6g4HOroo9e:true c2WCmJcEOGWz7Q-NaOrB:true htg3uRO1usWWoT_7-q30:true miUxFxLNKUJP9-5gzV1l:true]
2024-01-05T10:21:25.997+0800	INFO	labrpc/labrpc.go:212	rn.connections is map[3thFUpv8iTWJivhbdbUP:1 9VMya4o0nJhNJ7z2f3Zb:2 AQg1xQuzxn026uT0CV3Z:2 E48Rs-AN44s64Rd4XNzf:1 S4wo0BWbP4vUHvo-F5xM:0 WbZ3osCJ_d6g4HOroo9e:2 c2WCmJcEOGWz7Q-NaOrB:0 htg3uRO1usWWoT_7-q30:0 miUxFxLNKUJP9-5gzV1l:1]
2024-01-05T10:21:25.997+0800	INFO	labrpc/labrpc.go:213	rn.servers is map[0:0xc0001e2380 1:0xc0001e24c0 2:0xc0001e2600]
2024-01-05T10:21:25.997+0800	INFO	labrpc/labrpc.go:218	server is &{{0 0} map[Raft:0xc0002300c0] 0 0xc00019a620}
2024-01-05T10:21:25.997+0800	INFO	labrpc/labrpc.go:238	excute here, enabled is true, servername is 0, server is &{{0 0} map[Raft:0xc0002300c0] 0 0xc00019a620}
2024-01-05T10:21:26.039+0800	INFO	labrpc/labrpc.go:168	rn.count is 2, rn.bytes is 250
2024-01-05T10:21:26.039+0800	INFO	labrpc/labrpc.go:210	endname is c2WCmJcEOGWz7Q-NaOrB
2024-01-05T10:21:26.039+0800	INFO	labrpc/labrpc.go:211	rn.enabled is map[3thFUpv8iTWJivhbdbUP:true 9VMya4o0nJhNJ7z2f3Zb:true AQg1xQuzxn026uT0CV3Z:true E48Rs-AN44s64Rd4XNzf:true S4wo0BWbP4vUHvo-F5xM:true WbZ3osCJ_d6g4HOroo9e:true c2WCmJcEOGWz7Q-NaOrB:true htg3uRO1usWWoT_7-q30:true miUxFxLNKUJP9-5gzV1l:true]
2024-01-05T10:21:26.039+0800	INFO	labrpc/labrpc.go:212	rn.connections is map[3thFUpv8iTWJivhbdbUP:1 9VMya4o0nJhNJ7z2f3Zb:2 AQg1xQuzxn026uT0CV3Z:2 E48Rs-AN44s64Rd4XNzf:1 S4wo0BWbP4vUHvo-F5xM:0 WbZ3osCJ_d6g4HOroo9e:2 c2WCmJcEOGWz7Q-NaOrB:0 htg3uRO1usWWoT_7-q30:0 miUxFxLNKUJP9-5gzV1l:1]
2024-01-05T10:21:26.039+0800	INFO	labrpc/labrpc.go:213	rn.servers is map[0:0xc0001e2380 1:0xc0001e24c0 2:0xc0001e2600]
2024-01-05T10:21:26.039+0800	INFO	labrpc/labrpc.go:218	server is &{{0 0} map[Raft:0xc0002300c0] 1 0xc00019a620}
2024-01-05T10:21:26.039+0800	INFO	labrpc/labrpc.go:238	excute here, enabled is true, servername is 0, server is &{{0 0} map[Raft:0xc0002300c0] 1 0xc00019a620}
2024-01-05T10:21:26.094+0800	INFO	labrpc/labrpc.go:168	rn.count is 3, rn.bytes is 408
2024-01-05T10:21:26.094+0800	INFO	labrpc/labrpc.go:210	endname is htg3uRO1usWWoT_7-q30
2024-01-05T10:21:26.094+0800	INFO	labrpc/labrpc.go:211	rn.enabled is map[3thFUpv8iTWJivhbdbUP:true 9VMya4o0nJhNJ7z2f3Zb:true AQg1xQuzxn026uT0CV3Z:true E48Rs-AN44s64Rd4XNzf:true S4wo0BWbP4vUHvo-F5xM:true WbZ3osCJ_d6g4HOroo9e:true c2WCmJcEOGWz7Q-NaOrB:true htg3uRO1usWWoT_7-q30:true miUxFxLNKUJP9-5gzV1l:true]
2024-01-05T10:21:26.094+0800	INFO	labrpc/labrpc.go:212	rn.connections is map[3thFUpv8iTWJivhbdbUP:1 9VMya4o0nJhNJ7z2f3Zb:2 AQg1xQuzxn026uT0CV3Z:2 E48Rs-AN44s64Rd4XNzf:1 S4wo0BWbP4vUHvo-F5xM:0 WbZ3osCJ_d6g4HOroo9e:2 c2WCmJcEOGWz7Q-NaOrB:0 htg3uRO1usWWoT_7-q30:0 miUxFxLNKUJP9-5gzV1l:1]
2024-01-05T10:21:26.094+0800	INFO	labrpc/labrpc.go:213	rn.servers is map[0:0xc0001e2380 1:0xc0001e24c0 2:0xc0001e2600]
2024-01-05T10:21:26.094+0800	INFO	labrpc/labrpc.go:218	server is &{{0 0} map[Raft:0xc0002300c0] 2 0xc00019a620}
2024-01-05T10:21:26.094+0800	INFO	labrpc/labrpc.go:238	excute here, enabled is true, servername is 0, server is &{{0 0} map[Raft:0xc0002300c0] 2 0xc00019a620}
2024-01-05T10:21:30.851+0800	INFO	raft/config.go:151	


2024-01-05T10:21:30.851+0800	INFO	raft/config.go:152	----------------------------------------------call the start1------------------------------------
2024-01-05T10:21:30.851+0800	INFO	raft/config.go:160	endnames is [[XH4KOCVYu4-7jTZWGkN4 vUPaH_bIYjiCiqJrnXFU fQA_ug29NOleiOipnjoA] [] []]
2024-01-05T10:21:30.851+0800	INFO	labrpc/labrpc.go:373	rn.connections is map[XH4KOCVYu4-7jTZWGkN4:0]
2024-01-05T10:21:30.851+0800	INFO	labrpc/labrpc.go:373	rn.connections is map[XH4KOCVYu4-7jTZWGkN4:0 vUPaH_bIYjiCiqJrnXFU:1]
2024-01-05T10:21:30.851+0800	INFO	labrpc/labrpc.go:373	rn.connections is map[XH4KOCVYu4-7jTZWGkN4:0 fQA_ug29NOleiOipnjoA:2 vUPaH_bIYjiCiqJrnXFU:1]
2024-01-05T10:21:30.851+0800	INFO	raft/config.go:168	ends is [0xc0001347a0 0xc0001347c0 0xc0001347e0]
2024-01-05T10:21:30.851+0800	INFO	raft/config.go:177	cfg.saved is [<nil> <nil> <nil>]
2024-01-05T10:21:30.851+0800	INFO	raft/config.go:224	ends is [0xc0001347a0 0xc0001347c0 0xc0001347e0], cfg.saved[i] is &{{0 0} [] []}, applyCh is 0xc00010e540
2024-01-05T10:21:30.894+0800	INFO	raft/config.go:229	cfg.rafts is [0xc0001185a0 <nil> <nil>]
2024-01-05T10:21:30.895+0800	INFO	labrpc/labrpc.go:427	svc.name is Raft
2024-01-05T10:21:30.895+0800	INFO	labrpc/labrpc.go:355	rn.servers is map[0:0xc000134880], servername is 0, rs is &{{0 0} map[Raft:0xc00011ab40] 0 0xc0001124b0}
2024-01-05T10:21:30.895+0800	INFO	raft/config.go:151	


2024-01-05T10:21:30.895+0800	INFO	raft/config.go:152	----------------------------------------------call the start1------------------------------------
2024-01-05T10:21:30.895+0800	INFO	raft/config.go:160	endnames is [[XH4KOCVYu4-7jTZWGkN4 vUPaH_bIYjiCiqJrnXFU fQA_ug29NOleiOipnjoA] [M3z43RxUdGvpuy1321Fd wfm5V7NWBDRCRK7MfFsf Hfsw5Py4PZAmVGVxOsT_] []]
2024-01-05T10:21:30.895+0800	INFO	labrpc/labrpc.go:373	rn.connections is map[M3z43RxUdGvpuy1321Fd:0 XH4KOCVYu4-7jTZWGkN4:0 fQA_ug29NOleiOipnjoA:2 vUPaH_bIYjiCiqJrnXFU:1]
2024-01-05T10:21:30.895+0800	INFO	labrpc/labrpc.go:373	rn.connections is map[M3z43RxUdGvpuy1321Fd:0 XH4KOCVYu4-7jTZWGkN4:0 fQA_ug29NOleiOipnjoA:2 vUPaH_bIYjiCiqJrnXFU:1 wfm5V7NWBDRCRK7MfFsf:1]
2024-01-05T10:21:30.895+0800	INFO	labrpc/labrpc.go:373	rn.connections is map[Hfsw5Py4PZAmVGVxOsT_:2 M3z43RxUdGvpuy1321Fd:0 XH4KOCVYu4-7jTZWGkN4:0 fQA_ug29NOleiOipnjoA:2 vUPaH_bIYjiCiqJrnXFU:1 wfm5V7NWBDRCRK7MfFsf:1]
2024-01-05T10:21:30.895+0800	INFO	raft/config.go:168	ends is [0xc0001348e0 0xc000134900 0xc000134920]
2024-01-05T10:21:30.895+0800	INFO	raft/config.go:177	cfg.saved is [0xc00011aa80 <nil> <nil>]
2024-01-05T10:21:30.895+0800	INFO	raft/config.go:224	ends is [0xc0001348e0 0xc000134900 0xc000134920], cfg.saved[i] is &{{0 0} [] []}, applyCh is 0xc00010e5a0
2024-01-05T10:21:30.939+0800	INFO	raft/config.go:229	cfg.rafts is [0xc0001185a0 0xc000118900 <nil>]
2024-01-05T10:21:30.939+0800	INFO	labrpc/labrpc.go:427	svc.name is Raft
2024-01-05T10:21:30.939+0800	INFO	labrpc/labrpc.go:355	rn.servers is map[0:0xc000134880 1:0xc0001349c0], servername is 1, rs is &{{0 0} map[Raft:0xc00011ac80] 0 0xc0001124f0}
2024-01-05T10:21:30.939+0800	INFO	raft/config.go:151	


2024-01-05T10:21:30.939+0800	INFO	raft/config.go:152	----------------------------------------------call the start1------------------------------------
2024-01-05T10:21:30.939+0800	INFO	raft/config.go:160	endnames is [[XH4KOCVYu4-7jTZWGkN4 vUPaH_bIYjiCiqJrnXFU fQA_ug29NOleiOipnjoA] [M3z43RxUdGvpuy1321Fd wfm5V7NWBDRCRK7MfFsf Hfsw5Py4PZAmVGVxOsT_] [LpZd3TPTsgRkgANRgOh8 yvwhAEgWgZBhvaLrjXGx 8isHuNNzKDr7lOGcZFbL]]
2024-01-05T10:21:30.939+0800	INFO	labrpc/labrpc.go:373	rn.connections is map[Hfsw5Py4PZAmVGVxOsT_:2 LpZd3TPTsgRkgANRgOh8:0 M3z43RxUdGvpuy1321Fd:0 XH4KOCVYu4-7jTZWGkN4:0 fQA_ug29NOleiOipnjoA:2 vUPaH_bIYjiCiqJrnXFU:1 wfm5V7NWBDRCRK7MfFsf:1]
2024-01-05T10:21:30.939+0800	INFO	labrpc/labrpc.go:373	rn.connections is map[Hfsw5Py4PZAmVGVxOsT_:2 LpZd3TPTsgRkgANRgOh8:0 M3z43RxUdGvpuy1321Fd:0 XH4KOCVYu4-7jTZWGkN4:0 fQA_ug29NOleiOipnjoA:2 vUPaH_bIYjiCiqJrnXFU:1 wfm5V7NWBDRCRK7MfFsf:1 yvwhAEgWgZBhvaLrjXGx:1]
2024-01-05T10:21:30.939+0800	INFO	labrpc/labrpc.go:373	rn.connections is map[8isHuNNzKDr7lOGcZFbL:2 Hfsw5Py4PZAmVGVxOsT_:2 LpZd3TPTsgRkgANRgOh8:0 M3z43RxUdGvpuy1321Fd:0 XH4KOCVYu4-7jTZWGkN4:0 fQA_ug29NOleiOipnjoA:2 vUPaH_bIYjiCiqJrnXFU:1 wfm5V7NWBDRCRK7MfFsf:1 yvwhAEgWgZBhvaLrjXGx:1]
2024-01-05T10:21:30.939+0800	INFO	raft/config.go:168	ends is [0xc000134a20 0xc000134a40 0xc000134a60]
2024-01-05T10:21:30.939+0800	INFO	raft/config.go:177	cfg.saved is [0xc00011aa80 0xc00011abc0 <nil>]
2024-01-05T10:21:30.939+0800	INFO	raft/config.go:224	ends is [0xc000134a20 0xc000134a40 0xc000134a60], cfg.saved[i] is &{{0 0} [] []}, applyCh is 0xc00010e600
2024-01-05T10:21:30.983+0800	INFO	raft/config.go:229	cfg.rafts is [0xc0001185a0 0xc000118900 0xc000118ba0]
2024-01-05T10:21:30.983+0800	INFO	labrpc/labrpc.go:427	svc.name is Raft
2024-01-05T10:21:30.984+0800	INFO	labrpc/labrpc.go:355	rn.servers is map[0:0xc000134880 1:0xc0001349c0 2:0xc000134b00], servername is 2, rs is &{{0 0} map[Raft:0xc00011adc0] 0 0xc000112530}
2024-01-05T10:21:30.984+0800	INFO	raft/config.go:101	




2024-01-05T10:21:30.984+0800	INFO	raft/config.go:261	cfg.endnames is [[XH4KOCVYu4-7jTZWGkN4 vUPaH_bIYjiCiqJrnXFU fQA_ug29NOleiOipnjoA] [M3z43RxUdGvpuy1321Fd wfm5V7NWBDRCRK7MfFsf Hfsw5Py4PZAmVGVxOsT_] [LpZd3TPTsgRkgANRgOh8 yvwhAEgWgZBhvaLrjXGx 8isHuNNzKDr7lOGcZFbL]]
2024-01-05T10:21:30.984+0800	INFO	raft/config.go:261	cfg.endnames is [[XH4KOCVYu4-7jTZWGkN4 vUPaH_bIYjiCiqJrnXFU fQA_ug29NOleiOipnjoA] [M3z43RxUdGvpuy1321Fd wfm5V7NWBDRCRK7MfFsf Hfsw5Py4PZAmVGVxOsT_] [LpZd3TPTsgRkgANRgOh8 yvwhAEgWgZBhvaLrjXGx 8isHuNNzKDr7lOGcZFbL]]
2024-01-05T10:21:30.984+0800	INFO	raft/config.go:261	cfg.endnames is [[XH4KOCVYu4-7jTZWGkN4 vUPaH_bIYjiCiqJrnXFU fQA_ug29NOleiOipnjoA] [M3z43RxUdGvpuy1321Fd wfm5V7NWBDRCRK7MfFsf Hfsw5Py4PZAmVGVxOsT_] [LpZd3TPTsgRkgANRgOh8 yvwhAEgWgZBhvaLrjXGx 8isHuNNzKDr7lOGcZFbL]]
2024-01-05T10:21:31.052+0800	INFO	labrpc/labrpc.go:168	rn.count is 1, rn.bytes is 92
2024-01-05T10:21:31.052+0800	INFO	labrpc/labrpc.go:210	endname is XH4KOCVYu4-7jTZWGkN4
2024-01-05T10:21:31.052+0800	INFO	labrpc/labrpc.go:211	rn.enabled is map[8isHuNNzKDr7lOGcZFbL:true Hfsw5Py4PZAmVGVxOsT_:true LpZd3TPTsgRkgANRgOh8:true M3z43RxUdGvpuy1321Fd:true XH4KOCVYu4-7jTZWGkN4:true fQA_ug29NOleiOipnjoA:true vUPaH_bIYjiCiqJrnXFU:true wfm5V7NWBDRCRK7MfFsf:true yvwhAEgWgZBhvaLrjXGx:true]
2024-01-05T10:21:31.052+0800	INFO	labrpc/labrpc.go:212	rn.connections is map[8isHuNNzKDr7lOGcZFbL:2 Hfsw5Py4PZAmVGVxOsT_:2 LpZd3TPTsgRkgANRgOh8:0 M3z43RxUdGvpuy1321Fd:0 XH4KOCVYu4-7jTZWGkN4:0 fQA_ug29NOleiOipnjoA:2 vUPaH_bIYjiCiqJrnXFU:1 wfm5V7NWBDRCRK7MfFsf:1 yvwhAEgWgZBhvaLrjXGx:1]
2024-01-05T10:21:31.052+0800	INFO	labrpc/labrpc.go:213	rn.servers is map[0:0xc000134880 1:0xc0001349c0 2:0xc000134b00]
2024-01-05T10:21:31.052+0800	INFO	labrpc/labrpc.go:218	server is &{{0 0} map[Raft:0xc00011ab40] 0 0xc0001124b0}
2024-01-05T10:21:31.052+0800	INFO	labrpc/labrpc.go:238	excute here, enabled is true, servername is 0, server is &{{0 0} map[Raft:0xc00011ab40] 0 0xc0001124b0}
2024-01-05T10:21:31.095+0800	INFO	labrpc/labrpc.go:168	rn.count is 2, rn.bytes is 250
2024-01-05T10:21:31.095+0800	INFO	labrpc/labrpc.go:210	endname is M3z43RxUdGvpuy1321Fd
2024-01-05T10:21:31.095+0800	INFO	labrpc/labrpc.go:211	rn.enabled is map[8isHuNNzKDr7lOGcZFbL:true Hfsw5Py4PZAmVGVxOsT_:true LpZd3TPTsgRkgANRgOh8:true M3z43RxUdGvpuy1321Fd:true XH4KOCVYu4-7jTZWGkN4:true fQA_ug29NOleiOipnjoA:true vUPaH_bIYjiCiqJrnXFU:true wfm5V7NWBDRCRK7MfFsf:true yvwhAEgWgZBhvaLrjXGx:true]
2024-01-05T10:21:31.095+0800	INFO	labrpc/labrpc.go:212	rn.connections is map[8isHuNNzKDr7lOGcZFbL:2 Hfsw5Py4PZAmVGVxOsT_:2 LpZd3TPTsgRkgANRgOh8:0 M3z43RxUdGvpuy1321Fd:0 XH4KOCVYu4-7jTZWGkN4:0 fQA_ug29NOleiOipnjoA:2 vUPaH_bIYjiCiqJrnXFU:1 wfm5V7NWBDRCRK7MfFsf:1 yvwhAEgWgZBhvaLrjXGx:1]
2024-01-05T10:21:31.095+0800	INFO	labrpc/labrpc.go:213	rn.servers is map[0:0xc000134880 1:0xc0001349c0 2:0xc000134b00]
2024-01-05T10:21:31.095+0800	INFO	labrpc/labrpc.go:218	server is &{{0 0} map[Raft:0xc00011ab40] 1 0xc0001124b0}
2024-01-05T10:21:31.095+0800	INFO	labrpc/labrpc.go:238	excute here, enabled is true, servername is 0, server is &{{0 0} map[Raft:0xc00011ab40] 1 0xc0001124b0}
2024-01-05T10:21:31.140+0800	INFO	labrpc/labrpc.go:168	rn.count is 3, rn.bytes is 408
2024-01-05T10:21:31.140+0800	INFO	labrpc/labrpc.go:210	endname is LpZd3TPTsgRkgANRgOh8
2024-01-05T10:21:31.140+0800	INFO	labrpc/labrpc.go:211	rn.enabled is map[8isHuNNzKDr7lOGcZFbL:true Hfsw5Py4PZAmVGVxOsT_:true LpZd3TPTsgRkgANRgOh8:true M3z43RxUdGvpuy1321Fd:true XH4KOCVYu4-7jTZWGkN4:true fQA_ug29NOleiOipnjoA:true vUPaH_bIYjiCiqJrnXFU:true wfm5V7NWBDRCRK7MfFsf:true yvwhAEgWgZBhvaLrjXGx:true]
2024-01-05T10:21:31.140+0800	INFO	labrpc/labrpc.go:212	rn.connections is map[8isHuNNzKDr7lOGcZFbL:2 Hfsw5Py4PZAmVGVxOsT_:2 LpZd3TPTsgRkgANRgOh8:0 M3z43RxUdGvpuy1321Fd:0 XH4KOCVYu4-7jTZWGkN4:0 fQA_ug29NOleiOipnjoA:2 vUPaH_bIYjiCiqJrnXFU:1 wfm5V7NWBDRCRK7MfFsf:1 yvwhAEgWgZBhvaLrjXGx:1]
2024-01-05T10:21:31.140+0800	INFO	labrpc/labrpc.go:213	rn.servers is map[0:0xc000134880 1:0xc0001349c0 2:0xc000134b00]
2024-01-05T10:21:31.140+0800	INFO	labrpc/labrpc.go:218	server is &{{0 0} map[Raft:0xc00011ab40] 2 0xc0001124b0}
2024-01-05T10:21:31.140+0800	INFO	labrpc/labrpc.go:238	excute here, enabled is true, servername is 0, server is &{{0 0} map[Raft:0xc00011ab40] 2 0xc0001124b0}
2024-01-05T11:21:57.647+0800	INFO	raft/config.go:151	


2024-01-05T11:21:57.647+0800	INFO	raft/config.go:152	----------------------------------------------call the start1------------------------------------
2024-01-05T11:21:57.647+0800	INFO	raft/config.go:160	endnames is [[C1AYetLHEzoaR0urStYv h3rVd5vysM_oysrm8zn0 z0wgpUAfSfJmSx0sMPkw] [] []]
2024-01-05T11:21:57.647+0800	INFO	labrpc/labrpc.go:374	rn.connections is map[C1AYetLHEzoaR0urStYv:0]
2024-01-05T11:21:57.647+0800	INFO	labrpc/labrpc.go:374	rn.connections is map[C1AYetLHEzoaR0urStYv:0 h3rVd5vysM_oysrm8zn0:1]
2024-01-05T11:21:57.647+0800	INFO	labrpc/labrpc.go:374	rn.connections is map[C1AYetLHEzoaR0urStYv:0 h3rVd5vysM_oysrm8zn0:1 z0wgpUAfSfJmSx0sMPkw:2]
2024-01-05T11:21:57.647+0800	INFO	raft/config.go:168	ends is [0xc00007e2c0 0xc00007e2e0 0xc00007e300]
2024-01-05T11:21:57.647+0800	INFO	raft/config.go:177	cfg.saved is [<nil> <nil> <nil>]
2024-01-05T11:21:57.647+0800	INFO	raft/config.go:224	ends is [0xc00007e2c0 0xc00007e2e0 0xc00007e300], cfg.saved[i] is &{{0 0} [] []}, applyCh is 0xc00002c4e0
2024-01-05T11:21:57.700+0800	INFO	raft/config.go:229	cfg.rafts is [0xc000088480 <nil> <nil>]
2024-01-05T11:21:57.700+0800	INFO	labrpc/labrpc.go:428	svc.name is Raft
2024-01-05T11:21:57.700+0800	INFO	labrpc/labrpc.go:356	rn.servers is map[0:0xc00007e3a0], servername is 0, rs is &{{0 0} map[Raft:0xc000198140] 0 0xc000010630}
2024-01-05T11:21:57.700+0800	INFO	raft/config.go:151	


2024-01-05T11:21:57.700+0800	INFO	raft/config.go:152	----------------------------------------------call the start1------------------------------------
2024-01-05T11:21:57.700+0800	INFO	raft/config.go:160	endnames is [[C1AYetLHEzoaR0urStYv h3rVd5vysM_oysrm8zn0 z0wgpUAfSfJmSx0sMPkw] [FTC4Z4PffcUQ9Hjpq0XY bOGaWowlMyEUP4AYMHlQ qapYG7Ll1VvsKye07646] []]
2024-01-05T11:21:57.700+0800	INFO	labrpc/labrpc.go:374	rn.connections is map[C1AYetLHEzoaR0urStYv:0 FTC4Z4PffcUQ9Hjpq0XY:0 h3rVd5vysM_oysrm8zn0:1 z0wgpUAfSfJmSx0sMPkw:2]
2024-01-05T11:21:57.700+0800	INFO	labrpc/labrpc.go:374	rn.connections is map[C1AYetLHEzoaR0urStYv:0 FTC4Z4PffcUQ9Hjpq0XY:0 bOGaWowlMyEUP4AYMHlQ:1 h3rVd5vysM_oysrm8zn0:1 z0wgpUAfSfJmSx0sMPkw:2]
2024-01-05T11:21:57.700+0800	INFO	labrpc/labrpc.go:374	rn.connections is map[C1AYetLHEzoaR0urStYv:0 FTC4Z4PffcUQ9Hjpq0XY:0 bOGaWowlMyEUP4AYMHlQ:1 h3rVd5vysM_oysrm8zn0:1 qapYG7Ll1VvsKye07646:2 z0wgpUAfSfJmSx0sMPkw:2]
2024-01-05T11:21:57.700+0800	INFO	raft/config.go:168	ends is [0xc00007e400 0xc00007e420 0xc00007e440]
2024-01-05T11:21:57.700+0800	INFO	raft/config.go:177	cfg.saved is [0xc000198080 <nil> <nil>]
2024-01-05T11:21:57.700+0800	INFO	raft/config.go:224	ends is [0xc00007e400 0xc00007e420 0xc00007e440], cfg.saved[i] is &{{0 0} [] []}, applyCh is 0xc00002c540
2024-01-05T11:21:57.745+0800	INFO	raft/config.go:229	cfg.rafts is [0xc000088480 0xc0000887e0 <nil>]
2024-01-05T11:21:57.745+0800	INFO	labrpc/labrpc.go:428	svc.name is Raft
2024-01-05T11:21:57.745+0800	INFO	labrpc/labrpc.go:356	rn.servers is map[0:0xc00007e3a0 1:0xc00007e4e0], servername is 1, rs is &{{0 0} map[Raft:0xc000198280] 0 0xc000010670}
2024-01-05T11:21:57.745+0800	INFO	raft/config.go:151	


2024-01-05T11:21:57.745+0800	INFO	raft/config.go:152	----------------------------------------------call the start1------------------------------------
2024-01-05T11:21:57.745+0800	INFO	raft/config.go:160	endnames is [[C1AYetLHEzoaR0urStYv h3rVd5vysM_oysrm8zn0 z0wgpUAfSfJmSx0sMPkw] [FTC4Z4PffcUQ9Hjpq0XY bOGaWowlMyEUP4AYMHlQ qapYG7Ll1VvsKye07646] [GGNKWzPs04BFsRaXVEo3 hs5_rpnRy9c9dY-e2kq6 Ay-RwaIC98wlCUu_Ijkf]]
2024-01-05T11:21:57.745+0800	INFO	labrpc/labrpc.go:374	rn.connections is map[C1AYetLHEzoaR0urStYv:0 FTC4Z4PffcUQ9Hjpq0XY:0 GGNKWzPs04BFsRaXVEo3:0 bOGaWowlMyEUP4AYMHlQ:1 h3rVd5vysM_oysrm8zn0:1 qapYG7Ll1VvsKye07646:2 z0wgpUAfSfJmSx0sMPkw:2]
2024-01-05T11:21:57.745+0800	INFO	labrpc/labrpc.go:374	rn.connections is map[C1AYetLHEzoaR0urStYv:0 FTC4Z4PffcUQ9Hjpq0XY:0 GGNKWzPs04BFsRaXVEo3:0 bOGaWowlMyEUP4AYMHlQ:1 h3rVd5vysM_oysrm8zn0:1 hs5_rpnRy9c9dY-e2kq6:1 qapYG7Ll1VvsKye07646:2 z0wgpUAfSfJmSx0sMPkw:2]
2024-01-05T11:21:57.745+0800	INFO	labrpc/labrpc.go:374	rn.connections is map[Ay-RwaIC98wlCUu_Ijkf:2 C1AYetLHEzoaR0urStYv:0 FTC4Z4PffcUQ9Hjpq0XY:0 GGNKWzPs04BFsRaXVEo3:0 bOGaWowlMyEUP4AYMHlQ:1 h3rVd5vysM_oysrm8zn0:1 hs5_rpnRy9c9dY-e2kq6:1 qapYG7Ll1VvsKye07646:2 z0wgpUAfSfJmSx0sMPkw:2]
2024-01-05T11:21:57.745+0800	INFO	raft/config.go:168	ends is [0xc00007e540 0xc00007e560 0xc00007e580]
2024-01-05T11:21:57.745+0800	INFO	raft/config.go:177	cfg.saved is [0xc000198080 0xc0001981c0 <nil>]
2024-01-05T11:21:57.745+0800	INFO	raft/config.go:224	ends is [0xc00007e540 0xc00007e560 0xc00007e580], cfg.saved[i] is &{{0 0} [] []}, applyCh is 0xc00002c5a0
2024-01-05T11:21:57.789+0800	INFO	raft/config.go:229	cfg.rafts is [0xc000088480 0xc0000887e0 0xc000088a80]
2024-01-05T11:21:57.789+0800	INFO	labrpc/labrpc.go:428	svc.name is Raft
2024-01-05T11:21:57.789+0800	INFO	labrpc/labrpc.go:356	rn.servers is map[0:0xc00007e3a0 1:0xc00007e4e0 2:0xc00007e620], servername is 2, rs is &{{0 0} map[Raft:0xc0001983c0] 0 0xc0000106b0}
2024-01-05T11:21:57.789+0800	INFO	raft/config.go:101	




2024-01-05T11:21:57.789+0800	INFO	raft/config.go:261	cfg.endnames is [[C1AYetLHEzoaR0urStYv h3rVd5vysM_oysrm8zn0 z0wgpUAfSfJmSx0sMPkw] [FTC4Z4PffcUQ9Hjpq0XY bOGaWowlMyEUP4AYMHlQ qapYG7Ll1VvsKye07646] [GGNKWzPs04BFsRaXVEo3 hs5_rpnRy9c9dY-e2kq6 Ay-RwaIC98wlCUu_Ijkf]]
2024-01-05T11:21:57.789+0800	INFO	raft/config.go:261	cfg.endnames is [[C1AYetLHEzoaR0urStYv h3rVd5vysM_oysrm8zn0 z0wgpUAfSfJmSx0sMPkw] [FTC4Z4PffcUQ9Hjpq0XY bOGaWowlMyEUP4AYMHlQ qapYG7Ll1VvsKye07646] [GGNKWzPs04BFsRaXVEo3 hs5_rpnRy9c9dY-e2kq6 Ay-RwaIC98wlCUu_Ijkf]]
2024-01-05T11:21:57.789+0800	INFO	raft/config.go:261	cfg.endnames is [[C1AYetLHEzoaR0urStYv h3rVd5vysM_oysrm8zn0 z0wgpUAfSfJmSx0sMPkw] [FTC4Z4PffcUQ9Hjpq0XY bOGaWowlMyEUP4AYMHlQ qapYG7Ll1VvsKye07646] [GGNKWzPs04BFsRaXVEo3 hs5_rpnRy9c9dY-e2kq6 Ay-RwaIC98wlCUu_Ijkf]]
2024-01-05T11:21:57.848+0800	INFO	labrpc/labrpc.go:169	rn.count is 1, rn.bytes is 92
2024-01-05T11:21:57.848+0800	INFO	labrpc/labrpc.go:211	endname is C1AYetLHEzoaR0urStYv
2024-01-05T11:21:57.848+0800	INFO	labrpc/labrpc.go:212	rn.enabled is map[Ay-RwaIC98wlCUu_Ijkf:true C1AYetLHEzoaR0urStYv:true FTC4Z4PffcUQ9Hjpq0XY:true GGNKWzPs04BFsRaXVEo3:true bOGaWowlMyEUP4AYMHlQ:true h3rVd5vysM_oysrm8zn0:true hs5_rpnRy9c9dY-e2kq6:true qapYG7Ll1VvsKye07646:true z0wgpUAfSfJmSx0sMPkw:true]
2024-01-05T11:21:57.848+0800	INFO	labrpc/labrpc.go:213	rn.connections is map[Ay-RwaIC98wlCUu_Ijkf:2 C1AYetLHEzoaR0urStYv:0 FTC4Z4PffcUQ9Hjpq0XY:0 GGNKWzPs04BFsRaXVEo3:0 bOGaWowlMyEUP4AYMHlQ:1 h3rVd5vysM_oysrm8zn0:1 hs5_rpnRy9c9dY-e2kq6:1 qapYG7Ll1VvsKye07646:2 z0wgpUAfSfJmSx0sMPkw:2]
2024-01-05T11:21:57.848+0800	INFO	labrpc/labrpc.go:214	rn.servers is map[0:0xc00007e3a0 1:0xc00007e4e0 2:0xc00007e620]
2024-01-05T11:21:57.848+0800	INFO	labrpc/labrpc.go:219	server is &{{0 0} map[Raft:0xc000198140] 0 0xc000010630}
2024-01-05T11:21:57.848+0800	INFO	labrpc/labrpc.go:239	excute here, enabled is true, servername is 0, server is &{{0 0} map[Raft:0xc000198140] 0 0xc000010630}
2024-01-05T11:21:57.901+0800	INFO	labrpc/labrpc.go:169	rn.count is 2, rn.bytes is 250
2024-01-05T11:21:57.901+0800	INFO	labrpc/labrpc.go:211	endname is FTC4Z4PffcUQ9Hjpq0XY
2024-01-05T11:21:57.901+0800	INFO	labrpc/labrpc.go:212	rn.enabled is map[Ay-RwaIC98wlCUu_Ijkf:true C1AYetLHEzoaR0urStYv:true FTC4Z4PffcUQ9Hjpq0XY:true GGNKWzPs04BFsRaXVEo3:true bOGaWowlMyEUP4AYMHlQ:true h3rVd5vysM_oysrm8zn0:true hs5_rpnRy9c9dY-e2kq6:true qapYG7Ll1VvsKye07646:true z0wgpUAfSfJmSx0sMPkw:true]
2024-01-05T11:21:57.901+0800	INFO	labrpc/labrpc.go:213	rn.connections is map[Ay-RwaIC98wlCUu_Ijkf:2 C1AYetLHEzoaR0urStYv:0 FTC4Z4PffcUQ9Hjpq0XY:0 GGNKWzPs04BFsRaXVEo3:0 bOGaWowlMyEUP4AYMHlQ:1 h3rVd5vysM_oysrm8zn0:1 hs5_rpnRy9c9dY-e2kq6:1 qapYG7Ll1VvsKye07646:2 z0wgpUAfSfJmSx0sMPkw:2]
2024-01-05T11:21:57.901+0800	INFO	labrpc/labrpc.go:214	rn.servers is map[0:0xc00007e3a0 1:0xc00007e4e0 2:0xc00007e620]
2024-01-05T11:21:57.901+0800	INFO	labrpc/labrpc.go:219	server is &{{0 0} map[Raft:0xc000198140] 1 0xc000010630}
2024-01-05T11:21:57.901+0800	INFO	labrpc/labrpc.go:239	excute here, enabled is true, servername is 0, server is &{{0 0} map[Raft:0xc000198140] 1 0xc000010630}
2024-01-05T11:21:57.945+0800	INFO	labrpc/labrpc.go:169	rn.count is 3, rn.bytes is 408
2024-01-05T11:21:57.945+0800	INFO	labrpc/labrpc.go:211	endname is GGNKWzPs04BFsRaXVEo3
2024-01-05T11:21:57.945+0800	INFO	labrpc/labrpc.go:212	rn.enabled is map[Ay-RwaIC98wlCUu_Ijkf:true C1AYetLHEzoaR0urStYv:true FTC4Z4PffcUQ9Hjpq0XY:true GGNKWzPs04BFsRaXVEo3:true bOGaWowlMyEUP4AYMHlQ:true h3rVd5vysM_oysrm8zn0:true hs5_rpnRy9c9dY-e2kq6:true qapYG7Ll1VvsKye07646:true z0wgpUAfSfJmSx0sMPkw:true]
2024-01-05T11:21:57.945+0800	INFO	labrpc/labrpc.go:213	rn.connections is map[Ay-RwaIC98wlCUu_Ijkf:2 C1AYetLHEzoaR0urStYv:0 FTC4Z4PffcUQ9Hjpq0XY:0 GGNKWzPs04BFsRaXVEo3:0 bOGaWowlMyEUP4AYMHlQ:1 h3rVd5vysM_oysrm8zn0:1 hs5_rpnRy9c9dY-e2kq6:1 qapYG7Ll1VvsKye07646:2 z0wgpUAfSfJmSx0sMPkw:2]
2024-01-05T11:21:57.945+0800	INFO	labrpc/labrpc.go:214	rn.servers is map[0:0xc00007e3a0 1:0xc00007e4e0 2:0xc00007e620]
2024-01-05T11:21:57.945+0800	INFO	labrpc/labrpc.go:219	server is &{{0 0} map[Raft:0xc000198140] 2 0xc000010630}
2024-01-05T11:21:57.945+0800	INFO	labrpc/labrpc.go:239	excute here, enabled is true, servername is 0, server is &{{0 0} map[Raft:0xc000198140] 2 0xc000010630}
2024-01-05T11:22:02.866+0800	INFO	raft/config.go:151	


2024-01-05T11:22:02.866+0800	INFO	raft/config.go:152	----------------------------------------------call the start1------------------------------------
2024-01-05T11:22:02.866+0800	INFO	raft/config.go:160	endnames is [[9E8xBMZ57cNgOlc2lYB0 p5DDO0L-0GOsu5zMZMQe i9DJzhzkFG_zI-LQb6Af] [] []]
2024-01-05T11:22:02.866+0800	INFO	labrpc/labrpc.go:374	rn.connections is map[9E8xBMZ57cNgOlc2lYB0:0]
2024-01-05T11:22:02.866+0800	INFO	labrpc/labrpc.go:374	rn.connections is map[9E8xBMZ57cNgOlc2lYB0:0 p5DDO0L-0GOsu5zMZMQe:1]
2024-01-05T11:22:02.866+0800	INFO	labrpc/labrpc.go:374	rn.connections is map[9E8xBMZ57cNgOlc2lYB0:0 i9DJzhzkFG_zI-LQb6Af:2 p5DDO0L-0GOsu5zMZMQe:1]
2024-01-05T11:22:02.866+0800	INFO	raft/config.go:168	ends is [0xc00007e720 0xc00007e740 0xc00007e760]
2024-01-05T11:22:02.866+0800	INFO	raft/config.go:177	cfg.saved is [<nil> <nil> <nil>]
2024-01-05T11:22:02.866+0800	INFO	raft/config.go:224	ends is [0xc00007e720 0xc00007e740 0xc00007e760], cfg.saved[i] is &{{0 0} [] []}, applyCh is 0xc00002c900
2024-01-05T11:22:02.934+0800	INFO	raft/config.go:229	cfg.rafts is [0xc0000892c0 <nil> <nil>]
2024-01-05T11:22:02.934+0800	INFO	labrpc/labrpc.go:428	svc.name is Raft
2024-01-05T11:22:02.934+0800	INFO	labrpc/labrpc.go:356	rn.servers is map[0:0xc00007e800], servername is 0, rs is &{{0 0} map[Raft:0xc000198840] 0 0xc000010800}
2024-01-05T11:22:02.934+0800	INFO	raft/config.go:151	


2024-01-05T11:22:02.934+0800	INFO	raft/config.go:152	----------------------------------------------call the start1------------------------------------
2024-01-05T11:22:02.934+0800	INFO	raft/config.go:160	endnames is [[9E8xBMZ57cNgOlc2lYB0 p5DDO0L-0GOsu5zMZMQe i9DJzhzkFG_zI-LQb6Af] [mToZleNEB8q8Y73lFXK8 jzVWBv8nEH1K-_i13LL0 5FxqDesXBDy6zJqKt7wA] []]
2024-01-05T11:22:02.934+0800	INFO	labrpc/labrpc.go:374	rn.connections is map[9E8xBMZ57cNgOlc2lYB0:0 i9DJzhzkFG_zI-LQb6Af:2 mToZleNEB8q8Y73lFXK8:0 p5DDO0L-0GOsu5zMZMQe:1]
2024-01-05T11:22:02.934+0800	INFO	labrpc/labrpc.go:374	rn.connections is map[9E8xBMZ57cNgOlc2lYB0:0 i9DJzhzkFG_zI-LQb6Af:2 jzVWBv8nEH1K-_i13LL0:1 mToZleNEB8q8Y73lFXK8:0 p5DDO0L-0GOsu5zMZMQe:1]
2024-01-05T11:22:02.934+0800	INFO	labrpc/labrpc.go:374	rn.connections is map[5FxqDesXBDy6zJqKt7wA:2 9E8xBMZ57cNgOlc2lYB0:0 i9DJzhzkFG_zI-LQb6Af:2 jzVWBv8nEH1K-_i13LL0:1 mToZleNEB8q8Y73lFXK8:0 p5DDO0L-0GOsu5zMZMQe:1]
2024-01-05T11:22:02.934+0800	INFO	raft/config.go:168	ends is [0xc00007e860 0xc00007e880 0xc00007e8a0]
2024-01-05T11:22:02.934+0800	INFO	raft/config.go:177	cfg.saved is [0xc000198780 <nil> <nil>]
2024-01-05T11:22:02.934+0800	INFO	raft/config.go:224	ends is [0xc00007e860 0xc00007e880 0xc00007e8a0], cfg.saved[i] is &{{0 0} [] []}, applyCh is 0xc00002c960
2024-01-05T11:22:02.990+0800	INFO	raft/config.go:229	cfg.rafts is [0xc0000892c0 0xc000089620 <nil>]
2024-01-05T11:22:02.990+0800	INFO	labrpc/labrpc.go:428	svc.name is Raft
2024-01-05T11:22:02.990+0800	INFO	labrpc/labrpc.go:356	rn.servers is map[0:0xc00007e800 1:0xc00007e940], servername is 1, rs is &{{0 0} map[Raft:0xc000198980] 0 0xc000010840}
2024-01-05T11:22:02.990+0800	INFO	raft/config.go:151	


2024-01-05T11:22:02.990+0800	INFO	raft/config.go:152	----------------------------------------------call the start1------------------------------------
2024-01-05T11:22:02.990+0800	INFO	raft/config.go:160	endnames is [[9E8xBMZ57cNgOlc2lYB0 p5DDO0L-0GOsu5zMZMQe i9DJzhzkFG_zI-LQb6Af] [mToZleNEB8q8Y73lFXK8 jzVWBv8nEH1K-_i13LL0 5FxqDesXBDy6zJqKt7wA] [Sqm8Fohuzy5PEr8nc654 kX9u6Cm3VAzex36N8qiY _xcFE3ZOPKbh4vWAJ2sZ]]
2024-01-05T11:22:02.990+0800	INFO	labrpc/labrpc.go:374	rn.connections is map[5FxqDesXBDy6zJqKt7wA:2 9E8xBMZ57cNgOlc2lYB0:0 Sqm8Fohuzy5PEr8nc654:0 i9DJzhzkFG_zI-LQb6Af:2 jzVWBv8nEH1K-_i13LL0:1 mToZleNEB8q8Y73lFXK8:0 p5DDO0L-0GOsu5zMZMQe:1]
2024-01-05T11:22:02.990+0800	INFO	labrpc/labrpc.go:374	rn.connections is map[5FxqDesXBDy6zJqKt7wA:2 9E8xBMZ57cNgOlc2lYB0:0 Sqm8Fohuzy5PEr8nc654:0 i9DJzhzkFG_zI-LQb6Af:2 jzVWBv8nEH1K-_i13LL0:1 kX9u6Cm3VAzex36N8qiY:1 mToZleNEB8q8Y73lFXK8:0 p5DDO0L-0GOsu5zMZMQe:1]
2024-01-05T11:22:02.990+0800	INFO	labrpc/labrpc.go:374	rn.connections is map[5FxqDesXBDy6zJqKt7wA:2 9E8xBMZ57cNgOlc2lYB0:0 Sqm8Fohuzy5PEr8nc654:0 _xcFE3ZOPKbh4vWAJ2sZ:2 i9DJzhzkFG_zI-LQb6Af:2 jzVWBv8nEH1K-_i13LL0:1 kX9u6Cm3VAzex36N8qiY:1 mToZleNEB8q8Y73lFXK8:0 p5DDO0L-0GOsu5zMZMQe:1]
2024-01-05T11:22:02.990+0800	INFO	raft/config.go:168	ends is [0xc00007e9a0 0xc00007e9c0 0xc00007e9e0]
2024-01-05T11:22:02.990+0800	INFO	raft/config.go:177	cfg.saved is [0xc000198780 0xc0001988c0 <nil>]
2024-01-05T11:22:02.990+0800	INFO	raft/config.go:224	ends is [0xc00007e9a0 0xc00007e9c0 0xc00007e9e0], cfg.saved[i] is &{{0 0} [] []}, applyCh is 0xc00002c9c0
2024-01-05T11:22:03.046+0800	INFO	raft/config.go:229	cfg.rafts is [0xc0000892c0 0xc000089620 0xc0000898c0]
2024-01-05T11:22:03.046+0800	INFO	labrpc/labrpc.go:428	svc.name is Raft
2024-01-05T11:22:03.046+0800	INFO	labrpc/labrpc.go:356	rn.servers is map[0:0xc00007e800 1:0xc00007e940 2:0xc00007ea80], servername is 2, rs is &{{0 0} map[Raft:0xc000198ac0] 0 0xc000010880}
2024-01-05T11:22:03.046+0800	INFO	raft/config.go:101	




2024-01-05T11:22:03.046+0800	INFO	raft/config.go:261	cfg.endnames is [[9E8xBMZ57cNgOlc2lYB0 p5DDO0L-0GOsu5zMZMQe i9DJzhzkFG_zI-LQb6Af] [mToZleNEB8q8Y73lFXK8 jzVWBv8nEH1K-_i13LL0 5FxqDesXBDy6zJqKt7wA] [Sqm8Fohuzy5PEr8nc654 kX9u6Cm3VAzex36N8qiY _xcFE3ZOPKbh4vWAJ2sZ]]
2024-01-05T11:22:03.046+0800	INFO	raft/config.go:261	cfg.endnames is [[9E8xBMZ57cNgOlc2lYB0 p5DDO0L-0GOsu5zMZMQe i9DJzhzkFG_zI-LQb6Af] [mToZleNEB8q8Y73lFXK8 jzVWBv8nEH1K-_i13LL0 5FxqDesXBDy6zJqKt7wA] [Sqm8Fohuzy5PEr8nc654 kX9u6Cm3VAzex36N8qiY _xcFE3ZOPKbh4vWAJ2sZ]]
2024-01-05T11:22:03.046+0800	INFO	raft/config.go:261	cfg.endnames is [[9E8xBMZ57cNgOlc2lYB0 p5DDO0L-0GOsu5zMZMQe i9DJzhzkFG_zI-LQb6Af] [mToZleNEB8q8Y73lFXK8 jzVWBv8nEH1K-_i13LL0 5FxqDesXBDy6zJqKt7wA] [Sqm8Fohuzy5PEr8nc654 kX9u6Cm3VAzex36N8qiY _xcFE3ZOPKbh4vWAJ2sZ]]
2024-01-05T11:22:03.067+0800	INFO	labrpc/labrpc.go:169	rn.count is 1, rn.bytes is 92
2024-01-05T11:22:03.067+0800	INFO	labrpc/labrpc.go:211	endname is 9E8xBMZ57cNgOlc2lYB0
2024-01-05T11:22:03.067+0800	INFO	labrpc/labrpc.go:212	rn.enabled is map[5FxqDesXBDy6zJqKt7wA:true 9E8xBMZ57cNgOlc2lYB0:true Sqm8Fohuzy5PEr8nc654:true _xcFE3ZOPKbh4vWAJ2sZ:true i9DJzhzkFG_zI-LQb6Af:true jzVWBv8nEH1K-_i13LL0:true kX9u6Cm3VAzex36N8qiY:true mToZleNEB8q8Y73lFXK8:true p5DDO0L-0GOsu5zMZMQe:true]
2024-01-05T11:22:03.067+0800	INFO	labrpc/labrpc.go:213	rn.connections is map[5FxqDesXBDy6zJqKt7wA:2 9E8xBMZ57cNgOlc2lYB0:0 Sqm8Fohuzy5PEr8nc654:0 _xcFE3ZOPKbh4vWAJ2sZ:2 i9DJzhzkFG_zI-LQb6Af:2 jzVWBv8nEH1K-_i13LL0:1 kX9u6Cm3VAzex36N8qiY:1 mToZleNEB8q8Y73lFXK8:0 p5DDO0L-0GOsu5zMZMQe:1]
2024-01-05T11:22:03.067+0800	INFO	labrpc/labrpc.go:214	rn.servers is map[0:0xc00007e800 1:0xc00007e940 2:0xc00007ea80]
2024-01-05T11:22:03.067+0800	INFO	labrpc/labrpc.go:219	server is &{{0 0} map[Raft:0xc000198840] 0 0xc000010800}
2024-01-05T11:22:03.067+0800	INFO	labrpc/labrpc.go:239	excute here, enabled is true, servername is 0, server is &{{0 0} map[Raft:0xc000198840] 0 0xc000010800}
2024-01-05T11:22:03.135+0800	INFO	labrpc/labrpc.go:169	rn.count is 2, rn.bytes is 250
2024-01-05T11:22:03.135+0800	INFO	labrpc/labrpc.go:211	endname is mToZleNEB8q8Y73lFXK8
2024-01-05T11:22:03.135+0800	INFO	labrpc/labrpc.go:212	rn.enabled is map[5FxqDesXBDy6zJqKt7wA:true 9E8xBMZ57cNgOlc2lYB0:true Sqm8Fohuzy5PEr8nc654:true _xcFE3ZOPKbh4vWAJ2sZ:true i9DJzhzkFG_zI-LQb6Af:true jzVWBv8nEH1K-_i13LL0:true kX9u6Cm3VAzex36N8qiY:true mToZleNEB8q8Y73lFXK8:true p5DDO0L-0GOsu5zMZMQe:true]
2024-01-05T11:22:03.135+0800	INFO	labrpc/labrpc.go:213	rn.connections is map[5FxqDesXBDy6zJqKt7wA:2 9E8xBMZ57cNgOlc2lYB0:0 Sqm8Fohuzy5PEr8nc654:0 _xcFE3ZOPKbh4vWAJ2sZ:2 i9DJzhzkFG_zI-LQb6Af:2 jzVWBv8nEH1K-_i13LL0:1 kX9u6Cm3VAzex36N8qiY:1 mToZleNEB8q8Y73lFXK8:0 p5DDO0L-0GOsu5zMZMQe:1]
2024-01-05T11:22:03.135+0800	INFO	labrpc/labrpc.go:214	rn.servers is map[0:0xc00007e800 1:0xc00007e940 2:0xc00007ea80]
2024-01-05T11:22:03.135+0800	INFO	labrpc/labrpc.go:219	server is &{{0 0} map[Raft:0xc000198840] 1 0xc000010800}
2024-01-05T11:22:03.135+0800	INFO	labrpc/labrpc.go:239	excute here, enabled is true, servername is 0, server is &{{0 0} map[Raft:0xc000198840] 1 0xc000010800}
2024-01-05T11:22:03.191+0800	INFO	labrpc/labrpc.go:169	rn.count is 3, rn.bytes is 408
2024-01-05T11:22:03.191+0800	INFO	labrpc/labrpc.go:211	endname is Sqm8Fohuzy5PEr8nc654
2024-01-05T11:22:03.191+0800	INFO	labrpc/labrpc.go:212	rn.enabled is map[5FxqDesXBDy6zJqKt7wA:true 9E8xBMZ57cNgOlc2lYB0:true Sqm8Fohuzy5PEr8nc654:true _xcFE3ZOPKbh4vWAJ2sZ:true i9DJzhzkFG_zI-LQb6Af:true jzVWBv8nEH1K-_i13LL0:true kX9u6Cm3VAzex36N8qiY:true mToZleNEB8q8Y73lFXK8:true p5DDO0L-0GOsu5zMZMQe:true]
2024-01-05T11:22:03.191+0800	INFO	labrpc/labrpc.go:213	rn.connections is map[5FxqDesXBDy6zJqKt7wA:2 9E8xBMZ57cNgOlc2lYB0:0 Sqm8Fohuzy5PEr8nc654:0 _xcFE3ZOPKbh4vWAJ2sZ:2 i9DJzhzkFG_zI-LQb6Af:2 jzVWBv8nEH1K-_i13LL0:1 kX9u6Cm3VAzex36N8qiY:1 mToZleNEB8q8Y73lFXK8:0 p5DDO0L-0GOsu5zMZMQe:1]
2024-01-05T11:22:03.191+0800	INFO	labrpc/labrpc.go:214	rn.servers is map[0:0xc00007e800 1:0xc00007e940 2:0xc00007ea80]
2024-01-05T11:22:03.191+0800	INFO	labrpc/labrpc.go:219	server is &{{0 0} map[Raft:0xc000198840] 2 0xc000010800}
2024-01-05T11:22:03.191+0800	INFO	labrpc/labrpc.go:239	excute here, enabled is true, servername is 0, server is &{{0 0} map[Raft:0xc000198840] 2 0xc000010800}
