2024-01-21T09:30:13.230+0800	INFO	raft/raft.go:545	the election timeout is 308
															the distance between now and last time from leader is 310ms
															rf.state.isleader is false
															rf.state.currTerm is 0
															leader election's me is 1
															begin to elect
2024-01-21T09:30:13.230+0800	INFO	raft/raft.go:568	rf.currenTerm is 1, rf.lastLogIndex is 0, rf.lastLogTerm is 0, me is 1
2024-01-21T09:30:13.230+0800	INFO	raft/raft.go:583	Convert2Candidate.me is 1
2024-01-21T09:30:13.230+0800	INFO	raft/raft.go:613	the leader is 1
2024-01-21T09:30:13.230+0800	INFO	raft/raft.go:583	Convert2Candidate.me is 1
2024-01-21T09:30:13.230+0800	INFO	raft/raft.go:613	the leader is 1
2024-01-21T09:30:13.230+0800	INFO	raft/raft.go:627	------a new leaderElection() call-------
2024-01-21T09:30:16.180+0800	INFO	raft/raft.go:687	fail to receive reply from majority servers, rf.me is 1, sendFaults is 2
2024-01-21T09:30:16.182+0800	INFO	raft/raft.go:545	the election timeout is 407
															the distance between now and last time from leader is 2951ms
															rf.state.isleader is false
															rf.state.currTerm is 1
															leader election's me is 1
															begin to elect
2024-01-21T09:30:16.182+0800	INFO	raft/raft.go:568	rf.currenTerm is 2, rf.lastLogIndex is 0, rf.lastLogTerm is 0, me is 1
2024-01-21T09:30:16.182+0800	INFO	raft/raft.go:591	rf.sendRequestVote failed when send from server 1 to server 2
2024-01-21T09:30:16.182+0800	INFO	raft/raft.go:591	rf.sendRequestVote failed when send from server 1 to server 0
2024-01-21T09:30:16.182+0800	INFO	raft/raft.go:627	------a new leaderElection() call-------
2024-01-21T09:30:16.458+0800	INFO	raft/raft.go:222	enter the `rf.Requestvote()` handler
															rf.me is 1
															rf.currentTerm is 0
															rf.voteFor is -1
															args.CandiateId is 0
2024-01-21T09:30:16.458+0800	INFO	raft/raft.go:265	before exiting the `rf.Requestvote()` handler
															rf.me is 1
															rf.currentTerm is 1
															rf.voteFor is 0
															args.CandiateId is 0
2024-01-21T09:30:16.606+0800	INFO	raft/raft.go:545	the election timeout is 423
															the distance between now and last time from leader is 424ms
															rf.state.isleader is false
															rf.state.currTerm is 2
															leader election's me is 1
															begin to elect
2024-01-21T09:30:16.606+0800	INFO	raft/raft.go:568	rf.currenTerm is 3, rf.lastLogIndex is 0, rf.lastLogTerm is 0, me is 1
2024-01-21T09:30:16.606+0800	INFO	raft/raft.go:591	rf.sendRequestVote failed when send from server 1 to server 2
2024-01-21T09:30:16.606+0800	INFO	raft/raft.go:591	rf.sendRequestVote failed when send from server 1 to server 0
2024-01-21T09:30:16.606+0800	INFO	raft/raft.go:627	------a new leaderElection() call-------
2024-01-21T09:30:16.961+0800	INFO	raft/raft.go:545	the election timeout is 354
															the distance between now and last time from leader is 355ms
															rf.state.isleader is false
															rf.state.currTerm is 3
															leader election's me is 1
															begin to elect
2024-01-21T09:30:16.961+0800	INFO	raft/raft.go:568	rf.currenTerm is 4, rf.lastLogIndex is 0, rf.lastLogTerm is 0, me is 1
2024-01-21T09:30:16.961+0800	INFO	raft/raft.go:591	rf.sendRequestVote failed when send from server 1 to server 2
2024-01-21T09:30:16.961+0800	INFO	raft/raft.go:591	rf.sendRequestVote failed when send from server 1 to server 0
2024-01-21T09:30:16.961+0800	INFO	raft/raft.go:627	------a new leaderElection() call-------
2024-01-21T09:30:17.108+0800	INFO	raft/raft.go:545	the election timeout is 429
															the distance between now and last time from leader is 430ms
															rf.state.isleader is false
															rf.state.currTerm is 1
															leader election's me is 1
															begin to elect
2024-01-21T09:30:17.108+0800	INFO	raft/raft.go:568	rf.currenTerm is 2, rf.lastLogIndex is 0, rf.lastLogTerm is 0, me is 1
2024-01-21T09:30:17.108+0800	INFO	raft/raft.go:583	Convert2Candidate.me is 1
2024-01-21T09:30:17.108+0800	INFO	raft/raft.go:613	the leader is 1
2024-01-21T09:30:17.409+0800	INFO	raft/raft.go:545	the election timeout is 446
															the distance between now and last time from leader is 447ms
															rf.state.isleader is false
															rf.state.currTerm is 4
															leader election's me is 1
															begin to elect
2024-01-21T09:30:17.409+0800	INFO	raft/raft.go:568	rf.currenTerm is 5, rf.lastLogIndex is 0, rf.lastLogTerm is 0, me is 1
2024-01-21T09:30:17.409+0800	INFO	raft/raft.go:591	rf.sendRequestVote failed when send from server 1 to server 0
2024-01-21T09:30:17.409+0800	INFO	raft/raft.go:627	------a new leaderElection() call-------
2024-01-21T09:30:17.409+0800	INFO	raft/raft.go:591	rf.sendRequestVote failed when send from server 1 to server 2
2024-01-21T09:30:17.767+0800	INFO	raft/raft.go:545	the election timeout is 357
															the distance between now and last time from leader is 358ms
															rf.state.isleader is false
															rf.state.currTerm is 5
															leader election's me is 1
															begin to elect
2024-01-21T09:30:17.767+0800	INFO	raft/raft.go:568	rf.currenTerm is 6, rf.lastLogIndex is 0, rf.lastLogTerm is 0, me is 1
2024-01-21T09:30:17.767+0800	INFO	raft/raft.go:591	rf.sendRequestVote failed when send from server 1 to server 0
2024-01-21T09:30:17.767+0800	INFO	raft/raft.go:627	------a new leaderElection() call-------
2024-01-21T09:30:17.767+0800	INFO	raft/raft.go:591	rf.sendRequestVote failed when send from server 1 to server 2
2024-01-21T09:30:18.144+0800	INFO	raft/raft.go:591	rf.sendRequestVote failed when send from server 1 to server 0
2024-01-21T09:30:18.144+0800	INFO	raft/raft.go:627	------a new leaderElection() call-------
2024-01-21T09:30:18.174+0800	INFO	raft/raft.go:545	the election timeout is 405
															the distance between now and last time from leader is 406ms
															rf.state.isleader is false
															rf.state.currTerm is 6
															leader election's me is 1
															begin to elect
2024-01-21T09:30:18.174+0800	INFO	raft/raft.go:568	rf.currenTerm is 7, rf.lastLogIndex is 0, rf.lastLogTerm is 0, me is 1
2024-01-21T09:30:18.174+0800	INFO	raft/raft.go:591	rf.sendRequestVote failed when send from server 1 to server 2
2024-01-21T09:30:18.174+0800	INFO	raft/raft.go:591	rf.sendRequestVote failed when send from server 1 to server 0
2024-01-21T09:30:18.174+0800	INFO	raft/raft.go:627	------a new leaderElection() call-------
2024-01-21T09:30:18.526+0800	INFO	raft/raft.go:545	the election timeout is 351
															the distance between now and last time from leader is 352ms
															rf.state.isleader is false
															rf.state.currTerm is 7
															leader election's me is 1
															begin to elect
2024-01-21T09:30:18.526+0800	INFO	raft/raft.go:568	rf.currenTerm is 8, rf.lastLogIndex is 0, rf.lastLogTerm is 0, me is 1
2024-01-21T09:30:18.526+0800	INFO	raft/raft.go:591	rf.sendRequestVote failed when send from server 1 to server 0
2024-01-21T09:30:18.526+0800	INFO	raft/raft.go:627	------a new leaderElection() call-------
2024-01-21T09:30:18.526+0800	INFO	raft/raft.go:591	rf.sendRequestVote failed when send from server 1 to server 2
2024-01-21T09:30:18.966+0800	INFO	raft/raft.go:545	the election timeout is 437
															the distance between now and last time from leader is 439ms
															rf.state.isleader is false
															rf.state.currTerm is 8
															leader election's me is 1
															begin to elect
2024-01-21T09:30:18.966+0800	INFO	raft/raft.go:568	rf.currenTerm is 9, rf.lastLogIndex is 0, rf.lastLogTerm is 0, me is 1
2024-01-21T09:30:18.966+0800	INFO	raft/raft.go:591	rf.sendRequestVote failed when send from server 1 to server 2
2024-01-21T09:30:18.966+0800	INFO	raft/raft.go:591	rf.sendRequestVote failed when send from server 1 to server 0
2024-01-21T09:30:18.966+0800	INFO	raft/raft.go:627	------a new leaderElection() call-------
2024-01-21T09:30:19.389+0800	INFO	raft/raft.go:545	the election timeout is 422
															the distance between now and last time from leader is 423ms
															rf.state.isleader is false
															rf.state.currTerm is 9
															leader election's me is 1
															begin to elect
2024-01-21T09:30:19.389+0800	INFO	raft/raft.go:568	rf.currenTerm is 10, rf.lastLogIndex is 0, rf.lastLogTerm is 0, me is 1
2024-01-21T09:30:19.389+0800	INFO	raft/raft.go:591	rf.sendRequestVote failed when send from server 1 to server 2
2024-01-21T09:30:19.389+0800	INFO	raft/raft.go:591	rf.sendRequestVote failed when send from server 1 to server 0
2024-01-21T09:30:19.389+0800	INFO	raft/raft.go:627	------a new leaderElection() call-------
2024-01-21T09:30:19.754+0800	INFO	raft/raft.go:545	the election timeout is 363
															the distance between now and last time from leader is 364ms
															rf.state.isleader is false
															rf.state.currTerm is 10
															leader election's me is 1
															begin to elect
2024-01-21T09:30:19.754+0800	INFO	raft/raft.go:568	rf.currenTerm is 11, rf.lastLogIndex is 0, rf.lastLogTerm is 0, me is 1
2024-01-21T09:30:19.754+0800	INFO	raft/raft.go:591	rf.sendRequestVote failed when send from server 1 to server 2
2024-01-21T09:30:19.754+0800	INFO	raft/raft.go:591	rf.sendRequestVote failed when send from server 1 to server 0
2024-01-21T09:30:19.754+0800	INFO	raft/raft.go:627	------a new leaderElection() call-------
2024-01-21T09:30:20.185+0800	INFO	raft/raft.go:545	the election timeout is 428
															the distance between now and last time from leader is 430ms
															rf.state.isleader is false
															rf.state.currTerm is 11
															leader election's me is 1
															begin to elect
2024-01-21T09:30:20.185+0800	INFO	raft/raft.go:568	rf.currenTerm is 12, rf.lastLogIndex is 0, rf.lastLogTerm is 0, me is 1
2024-01-21T09:30:20.185+0800	INFO	raft/raft.go:591	rf.sendRequestVote failed when send from server 1 to server 2
2024-01-21T09:30:20.185+0800	INFO	raft/raft.go:591	rf.sendRequestVote failed when send from server 1 to server 0
2024-01-21T09:30:20.185+0800	INFO	raft/raft.go:627	------a new leaderElection() call-------
2024-01-21T09:30:20.540+0800	INFO	raft/raft.go:545	the election timeout is 352
															the distance between now and last time from leader is 354ms
															rf.state.isleader is false
															rf.state.currTerm is 12
															leader election's me is 1
															begin to elect
2024-01-21T09:30:20.540+0800	INFO	raft/raft.go:568	rf.currenTerm is 13, rf.lastLogIndex is 0, rf.lastLogTerm is 0, me is 1
2024-01-21T09:30:20.540+0800	INFO	raft/raft.go:591	rf.sendRequestVote failed when send from server 1 to server 2
2024-01-21T09:30:20.540+0800	INFO	raft/raft.go:591	rf.sendRequestVote failed when send from server 1 to server 0
2024-01-21T09:30:20.540+0800	INFO	raft/raft.go:627	------a new leaderElection() call-------
