2024-01-15T21:04:27.362+0800	INFO	raft/raft.go:217	enter the `rf.Requestvote()` handler
															rf.me is 2
															rf.currentTerm is 0
															rf.voteFor is -1
															args.CandiateId is 0
2024-01-15T21:04:27.362+0800	INFO	raft/raft.go:260	before exiting the `rf.Requestvote()` handler
															rf.me is 2
															rf.currentTerm is 1
															rf.voteFor is 0
															args.CandiateId is 0
2024-01-15T21:04:30.538+0800	INFO	raft/raft.go:442	the election timeout is 322
															the distance between now and last time from leader is 323ms
															rf.state.isleader is false
															rf.state.currTerm is 1
															leader election's me is 2
															begin to elect
2024-01-15T21:04:30.538+0800	INFO	raft/raft.go:465	rf.currenTerm is 2, rf.lastLogIndex is 0, rf.lastLogTerm is 0, me is 2
2024-01-15T21:04:30.538+0800	INFO	raft/raft.go:488	rf.sendRequestVote failed when send from server 2 to server 1
2024-01-15T21:04:30.538+0800	INFO	raft/raft.go:524	------a new leaderElection() call-------
2024-01-15T21:04:30.538+0800	INFO	raft/raft.go:488	rf.sendRequestVote failed when send from server 2 to server 0
2024-01-15T21:04:30.681+0800	INFO	raft/raft.go:217	enter the `rf.Requestvote()` handler
															rf.me is 2
															rf.currentTerm is 0
															rf.voteFor is -1
															args.CandiateId is 0
2024-01-15T21:04:30.681+0800	INFO	raft/raft.go:260	before exiting the `rf.Requestvote()` handler
															rf.me is 2
															rf.currentTerm is 1
															rf.voteFor is 0
															args.CandiateId is 0
2024-01-15T21:04:30.876+0800	INFO	raft/raft.go:442	the election timeout is 337
															the distance between now and last time from leader is 338ms
															rf.state.isleader is false
															rf.state.currTerm is 2
															leader election's me is 2
															begin to elect
2024-01-15T21:04:30.876+0800	INFO	raft/raft.go:465	rf.currenTerm is 3, rf.lastLogIndex is 0, rf.lastLogTerm is 0, me is 2
2024-01-15T21:04:30.876+0800	INFO	raft/raft.go:488	rf.sendRequestVote failed when send from server 2 to server 1
2024-01-15T21:04:30.876+0800	INFO	raft/raft.go:488	rf.sendRequestVote failed when send from server 2 to server 0
2024-01-15T21:04:30.876+0800	INFO	raft/raft.go:524	------a new leaderElection() call-------
2024-01-15T21:04:31.268+0800	INFO	raft/raft.go:217	enter the `rf.Requestvote()` handler
															rf.me is 2
															rf.currentTerm is 1
															rf.voteFor is 0
															args.CandiateId is 1
2024-01-15T21:04:31.268+0800	INFO	raft/raft.go:260	before exiting the `rf.Requestvote()` handler
															rf.me is 2
															rf.currentTerm is 2
															rf.voteFor is 1
															args.CandiateId is 1
2024-01-15T21:04:31.309+0800	INFO	raft/raft.go:442	the election timeout is 430
															the distance between now and last time from leader is 432ms
															rf.state.isleader is false
															rf.state.currTerm is 3
															leader election's me is 2
															begin to elect
2024-01-15T21:04:31.309+0800	INFO	raft/raft.go:465	rf.currenTerm is 4, rf.lastLogIndex is 0, rf.lastLogTerm is 0, me is 2
2024-01-15T21:04:31.309+0800	INFO	raft/raft.go:488	rf.sendRequestVote failed when send from server 2 to server 1
2024-01-15T21:04:31.309+0800	INFO	raft/raft.go:488	rf.sendRequestVote failed when send from server 2 to server 0
2024-01-15T21:04:31.309+0800	INFO	raft/raft.go:524	------a new leaderElection() call-------
2024-01-15T21:04:31.705+0800	INFO	raft/raft.go:442	the election timeout is 434
															the distance between now and last time from leader is 436ms
															rf.state.isleader is false
															rf.state.currTerm is 2
															leader election's me is 2
															begin to elect
2024-01-15T21:04:31.705+0800	INFO	raft/raft.go:465	rf.currenTerm is 3, rf.lastLogIndex is 0, rf.lastLogTerm is 0, me is 2
2024-01-15T21:04:31.705+0800	INFO	raft/raft.go:480	Convert2Candidate.me is 2
2024-01-15T21:04:31.705+0800	INFO	raft/raft.go:480	Convert2Candidate.me is 2
2024-01-15T21:04:31.705+0800	INFO	raft/raft.go:510	the leader is 2
2024-01-15T21:04:31.705+0800	INFO	raft/raft.go:510	the leader is 2
2024-01-15T21:04:31.705+0800	INFO	raft/raft.go:524	------a new leaderElection() call-------
2024-01-15T21:04:31.742+0800	INFO	raft/raft.go:442	the election timeout is 430
															the distance between now and last time from leader is 432ms
															rf.state.isleader is false
															rf.state.currTerm is 4
															leader election's me is 2
															begin to elect
2024-01-15T21:04:31.742+0800	INFO	raft/raft.go:465	rf.currenTerm is 5, rf.lastLogIndex is 0, rf.lastLogTerm is 0, me is 2
2024-01-15T21:04:31.742+0800	INFO	raft/raft.go:488	rf.sendRequestVote failed when send from server 2 to server 1
2024-01-15T21:04:31.742+0800	INFO	raft/raft.go:488	rf.sendRequestVote failed when send from server 2 to server 0
2024-01-15T21:04:31.742+0800	INFO	raft/raft.go:524	------a new leaderElection() call-------
2024-01-15T21:04:32.150+0800	INFO	raft/raft.go:442	the election timeout is 406
															the distance between now and last time from leader is 408ms
															rf.state.isleader is false
															rf.state.currTerm is 5
															leader election's me is 2
															begin to elect
2024-01-15T21:04:32.150+0800	INFO	raft/raft.go:465	rf.currenTerm is 6, rf.lastLogIndex is 0, rf.lastLogTerm is 0, me is 2
2024-01-15T21:04:32.151+0800	INFO	raft/raft.go:488	rf.sendRequestVote failed when send from server 2 to server 1
2024-01-15T21:04:32.151+0800	INFO	raft/raft.go:524	------a new leaderElection() call-------
2024-01-15T21:04:32.151+0800	INFO	raft/raft.go:488	rf.sendRequestVote failed when send from server 2 to server 0
2024-01-15T21:04:32.565+0800	INFO	raft/raft.go:442	the election timeout is 413
															the distance between now and last time from leader is 414ms
															rf.state.isleader is false
															rf.state.currTerm is 6
															leader election's me is 2
															begin to elect
2024-01-15T21:04:32.565+0800	INFO	raft/raft.go:465	rf.currenTerm is 7, rf.lastLogIndex is 0, rf.lastLogTerm is 0, me is 2
2024-01-15T21:04:32.566+0800	INFO	raft/raft.go:488	rf.sendRequestVote failed when send from server 2 to server 1
2024-01-15T21:04:32.566+0800	INFO	raft/raft.go:488	rf.sendRequestVote failed when send from server 2 to server 0
2024-01-15T21:04:32.566+0800	INFO	raft/raft.go:524	------a new leaderElection() call-------
2024-01-15T21:04:32.967+0800	INFO	raft/raft.go:442	the election timeout is 398
															the distance between now and last time from leader is 401ms
															rf.state.isleader is false
															rf.state.currTerm is 7
															leader election's me is 2
															begin to elect
2024-01-15T21:04:32.967+0800	INFO	raft/raft.go:465	rf.currenTerm is 8, rf.lastLogIndex is 0, rf.lastLogTerm is 0, me is 2
2024-01-15T21:04:32.967+0800	INFO	raft/raft.go:488	rf.sendRequestVote failed when send from server 2 to server 1
2024-01-15T21:04:32.967+0800	INFO	raft/raft.go:488	rf.sendRequestVote failed when send from server 2 to server 0
2024-01-15T21:04:32.967+0800	INFO	raft/raft.go:524	------a new leaderElection() call-------
2024-01-15T21:04:33.359+0800	INFO	raft/raft.go:442	the election timeout is 391
															the distance between now and last time from leader is 392ms
															rf.state.isleader is false
															rf.state.currTerm is 8
															leader election's me is 2
															begin to elect
2024-01-15T21:04:33.359+0800	INFO	raft/raft.go:465	rf.currenTerm is 9, rf.lastLogIndex is 0, rf.lastLogTerm is 0, me is 2
2024-01-15T21:04:33.360+0800	INFO	raft/raft.go:488	rf.sendRequestVote failed when send from server 2 to server 1
2024-01-15T21:04:33.360+0800	INFO	raft/raft.go:524	------a new leaderElection() call-------
2024-01-15T21:04:33.360+0800	INFO	raft/raft.go:488	rf.sendRequestVote failed when send from server 2 to server 0
2024-01-15T21:04:33.799+0800	INFO	raft/raft.go:442	the election timeout is 437
															the distance between now and last time from leader is 439ms
															rf.state.isleader is false
															rf.state.currTerm is 9
															leader election's me is 2
															begin to elect
2024-01-15T21:04:33.799+0800	INFO	raft/raft.go:465	rf.currenTerm is 10, rf.lastLogIndex is 0, rf.lastLogTerm is 0, me is 2
2024-01-15T21:04:33.799+0800	INFO	raft/raft.go:488	rf.sendRequestVote failed when send from server 2 to server 1
2024-01-15T21:04:33.799+0800	INFO	raft/raft.go:488	rf.sendRequestVote failed when send from server 2 to server 0
2024-01-15T21:04:33.799+0800	INFO	raft/raft.go:524	------a new leaderElection() call-------
2024-01-15T21:04:34.115+0800	INFO	raft/raft.go:442	the election timeout is 314
															the distance between now and last time from leader is 316ms
															rf.state.isleader is false
															rf.state.currTerm is 10
															leader election's me is 2
															begin to elect
2024-01-15T21:04:34.115+0800	INFO	raft/raft.go:465	rf.currenTerm is 11, rf.lastLogIndex is 0, rf.lastLogTerm is 0, me is 2
2024-01-15T21:04:34.115+0800	INFO	raft/raft.go:488	rf.sendRequestVote failed when send from server 2 to server 1
2024-01-15T21:04:34.115+0800	INFO	raft/raft.go:488	rf.sendRequestVote failed when send from server 2 to server 0
2024-01-15T21:04:34.115+0800	INFO	raft/raft.go:524	------a new leaderElection() call-------
2024-01-15T21:04:34.500+0800	INFO	raft/raft.go:442	the election timeout is 383
															the distance between now and last time from leader is 384ms
															rf.state.isleader is false
															rf.state.currTerm is 11
															leader election's me is 2
															begin to elect
2024-01-15T21:04:34.500+0800	INFO	raft/raft.go:465	rf.currenTerm is 12, rf.lastLogIndex is 0, rf.lastLogTerm is 0, me is 2
2024-01-15T21:04:34.500+0800	INFO	raft/raft.go:488	rf.sendRequestVote failed when send from server 2 to server 1
2024-01-15T21:04:34.500+0800	INFO	raft/raft.go:488	rf.sendRequestVote failed when send from server 2 to server 0
2024-01-15T21:04:34.500+0800	INFO	raft/raft.go:524	------a new leaderElection() call-------
2024-01-15T21:04:34.909+0800	INFO	raft/raft.go:442	the election timeout is 407
															the distance between now and last time from leader is 409ms
															rf.state.isleader is false
															rf.state.currTerm is 12
															leader election's me is 2
															begin to elect
2024-01-15T21:04:34.909+0800	INFO	raft/raft.go:465	rf.currenTerm is 13, rf.lastLogIndex is 0, rf.lastLogTerm is 0, me is 2
2024-01-15T21:04:34.909+0800	INFO	raft/raft.go:488	rf.sendRequestVote failed when send from server 2 to server 1
2024-01-15T21:04:34.909+0800	INFO	raft/raft.go:488	rf.sendRequestVote failed when send from server 2 to server 0
2024-01-15T21:04:34.909+0800	INFO	raft/raft.go:524	------a new leaderElection() call-------
2024-01-15T21:04:35.271+0800	INFO	raft/raft.go:442	the election timeout is 359
															the distance between now and last time from leader is 361ms
															rf.state.isleader is false
															rf.state.currTerm is 13
															leader election's me is 2
															begin to elect
2024-01-15T21:04:35.271+0800	INFO	raft/raft.go:465	rf.currenTerm is 14, rf.lastLogIndex is 0, rf.lastLogTerm is 0, me is 2
2024-01-15T21:04:35.271+0800	INFO	raft/raft.go:488	rf.sendRequestVote failed when send from server 2 to server 1
2024-01-15T21:04:35.271+0800	INFO	raft/raft.go:488	rf.sendRequestVote failed when send from server 2 to server 0
2024-01-15T21:04:35.271+0800	INFO	raft/raft.go:524	------a new leaderElection() call-------
2024-01-15T21:04:35.602+0800	INFO	raft/raft.go:442	the election timeout is 328
															the distance between now and last time from leader is 331ms
															rf.state.isleader is false
															rf.state.currTerm is 14
															leader election's me is 2
															begin to elect
2024-01-15T21:04:35.602+0800	INFO	raft/raft.go:465	rf.currenTerm is 15, rf.lastLogIndex is 0, rf.lastLogTerm is 0, me is 2
2024-01-15T21:04:35.602+0800	INFO	raft/raft.go:488	rf.sendRequestVote failed when send from server 2 to server 1
2024-01-15T21:04:35.602+0800	INFO	raft/raft.go:488	rf.sendRequestVote failed when send from server 2 to server 0
2024-01-15T21:04:35.602+0800	INFO	raft/raft.go:524	------a new leaderElection() call-------
2024-01-15T21:04:35.929+0800	INFO	raft/raft.go:442	the election timeout is 325
															the distance between now and last time from leader is 326ms
															rf.state.isleader is false
															rf.state.currTerm is 15
															leader election's me is 2
															begin to elect
2024-01-15T21:04:35.929+0800	INFO	raft/raft.go:465	rf.currenTerm is 16, rf.lastLogIndex is 0, rf.lastLogTerm is 0, me is 2
2024-01-15T21:04:35.929+0800	INFO	raft/raft.go:488	rf.sendRequestVote failed when send from server 2 to server 1
2024-01-15T21:04:35.929+0800	INFO	raft/raft.go:488	rf.sendRequestVote failed when send from server 2 to server 0
2024-01-15T21:04:35.929+0800	INFO	raft/raft.go:524	------a new leaderElection() call-------
2024-01-15T21:04:36.319+0800	INFO	raft/raft.go:442	the election timeout is 387
															the distance between now and last time from leader is 389ms
															rf.state.isleader is false
															rf.state.currTerm is 16
															leader election's me is 2
															begin to elect
2024-01-15T21:04:36.319+0800	INFO	raft/raft.go:465	rf.currenTerm is 17, rf.lastLogIndex is 0, rf.lastLogTerm is 0, me is 2
2024-01-15T21:04:36.319+0800	INFO	raft/raft.go:488	rf.sendRequestVote failed when send from server 2 to server 1
2024-01-15T21:04:36.319+0800	INFO	raft/raft.go:524	------a new leaderElection() call-------
2024-01-15T21:04:36.319+0800	INFO	raft/raft.go:488	rf.sendRequestVote failed when send from server 2 to server 0
2024-01-15T21:04:36.769+0800	INFO	raft/raft.go:442	the election timeout is 448
															the distance between now and last time from leader is 450ms
															rf.state.isleader is false
															rf.state.currTerm is 17
															leader election's me is 2
															begin to elect
2024-01-15T21:04:36.769+0800	INFO	raft/raft.go:465	rf.currenTerm is 18, rf.lastLogIndex is 0, rf.lastLogTerm is 0, me is 2
2024-01-15T21:04:36.770+0800	INFO	raft/raft.go:488	rf.sendRequestVote failed when send from server 2 to server 1
2024-01-15T21:04:36.770+0800	INFO	raft/raft.go:488	rf.sendRequestVote failed when send from server 2 to server 0
2024-01-15T21:04:36.770+0800	INFO	raft/raft.go:524	------a new leaderElection() call-------
2024-01-15T21:05:16.653+0800	INFO	raft/raft.go:217	enter the `rf.Requestvote()` handler
															rf.me is 2
															rf.currentTerm is 0
															rf.voteFor is -1
															args.CandiateId is 0
2024-01-15T21:05:16.653+0800	INFO	raft/raft.go:260	before exiting the `rf.Requestvote()` handler
															rf.me is 2
															rf.currentTerm is 1
															rf.voteFor is 0
															args.CandiateId is 0
2024-01-15T21:05:19.749+0800	INFO	raft/raft.go:442	the election timeout is 311
															the distance between now and last time from leader is 313ms
															rf.state.isleader is false
															rf.state.currTerm is 1
															leader election's me is 2
															begin to elect
2024-01-15T21:05:19.749+0800	INFO	raft/raft.go:465	rf.currenTerm is 2, rf.lastLogIndex is 0, rf.lastLogTerm is 0, me is 2
2024-01-15T21:05:19.749+0800	INFO	raft/raft.go:488	rf.sendRequestVote failed when send from server 2 to server 1
2024-01-15T21:05:19.749+0800	INFO	raft/raft.go:488	rf.sendRequestVote failed when send from server 2 to server 0
2024-01-15T21:05:19.749+0800	INFO	raft/raft.go:524	------a new leaderElection() call-------
2024-01-15T21:05:19.918+0800	INFO	raft/raft.go:442	the election timeout is 316
															the distance between now and last time from leader is 318ms
															rf.state.isleader is false
															rf.state.currTerm is 0
															leader election's me is 2
															begin to elect
2024-01-15T21:05:19.918+0800	INFO	raft/raft.go:465	rf.currenTerm is 1, rf.lastLogIndex is 0, rf.lastLogTerm is 0, me is 2
2024-01-15T21:05:19.918+0800	INFO	raft/raft.go:480	Convert2Candidate.me is 2
2024-01-15T21:05:19.918+0800	INFO	raft/raft.go:510	the leader is 2
2024-01-15T21:05:19.918+0800	INFO	raft/raft.go:480	Convert2Candidate.me is 2
2024-01-15T21:05:19.918+0800	INFO	raft/raft.go:510	the leader is 2
2024-01-15T21:05:19.918+0800	INFO	raft/raft.go:524	------a new leaderElection() call-------
2024-01-15T21:05:20.201+0800	INFO	raft/raft.go:442	the election timeout is 449
															the distance between now and last time from leader is 451ms
															rf.state.isleader is false
															rf.state.currTerm is 2
															leader election's me is 2
															begin to elect
2024-01-15T21:05:20.201+0800	INFO	raft/raft.go:465	rf.currenTerm is 3, rf.lastLogIndex is 0, rf.lastLogTerm is 0, me is 2
2024-01-15T21:05:20.201+0800	INFO	raft/raft.go:488	rf.sendRequestVote failed when send from server 2 to server 1
2024-01-15T21:05:20.201+0800	INFO	raft/raft.go:524	------a new leaderElection() call-------
2024-01-15T21:05:20.201+0800	INFO	raft/raft.go:488	rf.sendRequestVote failed when send from server 2 to server 0
2024-01-15T21:05:20.652+0800	INFO	raft/raft.go:442	the election timeout is 449
															the distance between now and last time from leader is 451ms
															rf.state.isleader is false
															rf.state.currTerm is 3
															leader election's me is 2
															begin to elect
2024-01-15T21:05:20.652+0800	INFO	raft/raft.go:465	rf.currenTerm is 4, rf.lastLogIndex is 0, rf.lastLogTerm is 0, me is 2
2024-01-15T21:05:20.652+0800	INFO	raft/raft.go:488	rf.sendRequestVote failed when send from server 2 to server 1
2024-01-15T21:05:20.652+0800	INFO	raft/raft.go:524	------a new leaderElection() call-------
2024-01-15T21:05:20.652+0800	INFO	raft/raft.go:488	rf.sendRequestVote failed when send from server 2 to server 0
2024-01-15T21:05:20.926+0800	INFO	raft/raft.go:217	enter the `rf.Requestvote()` handler
															rf.me is 2
															rf.currentTerm is 1
															rf.voteFor is 2
															args.CandiateId is 1
2024-01-15T21:05:20.926+0800	INFO	raft/raft.go:260	before exiting the `rf.Requestvote()` handler
															rf.me is 2
															rf.currentTerm is 3
															rf.voteFor is 1
															args.CandiateId is 1
2024-01-15T21:05:20.986+0800	INFO	raft/raft.go:442	the election timeout is 331
															the distance between now and last time from leader is 333ms
															rf.state.isleader is false
															rf.state.currTerm is 4
															leader election's me is 2
															begin to elect
2024-01-15T21:05:20.986+0800	INFO	raft/raft.go:465	rf.currenTerm is 5, rf.lastLogIndex is 0, rf.lastLogTerm is 0, me is 2
2024-01-15T21:05:20.986+0800	INFO	raft/raft.go:488	rf.sendRequestVote failed when send from server 2 to server 1
2024-01-15T21:05:20.986+0800	INFO	raft/raft.go:524	------a new leaderElection() call-------
2024-01-15T21:05:20.986+0800	INFO	raft/raft.go:488	rf.sendRequestVote failed when send from server 2 to server 0
2024-01-15T21:05:21.435+0800	INFO	raft/raft.go:442	the election timeout is 447
															the distance between now and last time from leader is 448ms
															rf.state.isleader is false
															rf.state.currTerm is 5
															leader election's me is 2
															begin to elect
2024-01-15T21:05:21.435+0800	INFO	raft/raft.go:465	rf.currenTerm is 6, rf.lastLogIndex is 0, rf.lastLogTerm is 0, me is 2
2024-01-15T21:05:21.435+0800	INFO	raft/raft.go:488	rf.sendRequestVote failed when send from server 2 to server 1
2024-01-15T21:05:21.435+0800	INFO	raft/raft.go:488	rf.sendRequestVote failed when send from server 2 to server 0
2024-01-15T21:05:21.435+0800	INFO	raft/raft.go:524	------a new leaderElection() call-------
2024-01-15T21:05:21.486+0800	INFO	raft/raft.go:442	the election timeout is 359
															the distance between now and last time from leader is 360ms
															rf.state.isleader is false
															rf.state.currTerm is 3
															leader election's me is 2
															begin to elect
2024-01-15T21:05:21.486+0800	INFO	raft/raft.go:465	rf.currenTerm is 4, rf.lastLogIndex is 0, rf.lastLogTerm is 0, me is 2
2024-01-15T21:05:21.756+0800	INFO	raft/raft.go:442	the election timeout is 319
															the distance between now and last time from leader is 321ms
															rf.state.isleader is false
															rf.state.currTerm is 6
															leader election's me is 2
															begin to elect
2024-01-15T21:05:21.756+0800	INFO	raft/raft.go:465	rf.currenTerm is 7, rf.lastLogIndex is 0, rf.lastLogTerm is 0, me is 2
2024-01-15T21:05:21.756+0800	INFO	raft/raft.go:488	rf.sendRequestVote failed when send from server 2 to server 0
2024-01-15T21:05:21.756+0800	INFO	raft/raft.go:524	------a new leaderElection() call-------
2024-01-15T21:05:21.756+0800	INFO	raft/raft.go:488	rf.sendRequestVote failed when send from server 2 to server 1
2024-01-15T21:05:22.086+0800	INFO	raft/raft.go:442	the election timeout is 328
															the distance between now and last time from leader is 329ms
															rf.state.isleader is false
															rf.state.currTerm is 7
															leader election's me is 2
															begin to elect
2024-01-15T21:05:22.086+0800	INFO	raft/raft.go:465	rf.currenTerm is 8, rf.lastLogIndex is 0, rf.lastLogTerm is 0, me is 2
2024-01-15T21:05:22.086+0800	INFO	raft/raft.go:488	rf.sendRequestVote failed when send from server 2 to server 1
2024-01-15T21:05:22.086+0800	INFO	raft/raft.go:524	------a new leaderElection() call-------
2024-01-15T21:05:22.086+0800	INFO	raft/raft.go:488	rf.sendRequestVote failed when send from server 2 to server 0
2024-01-15T21:05:22.520+0800	INFO	raft/raft.go:442	the election timeout is 432
															the distance between now and last time from leader is 433ms
															rf.state.isleader is false
															rf.state.currTerm is 8
															leader election's me is 2
															begin to elect
2024-01-15T21:05:22.520+0800	INFO	raft/raft.go:465	rf.currenTerm is 9, rf.lastLogIndex is 0, rf.lastLogTerm is 0, me is 2
2024-01-15T21:05:22.520+0800	INFO	raft/raft.go:488	rf.sendRequestVote failed when send from server 2 to server 1
2024-01-15T21:05:22.520+0800	INFO	raft/raft.go:488	rf.sendRequestVote failed when send from server 2 to server 0
2024-01-15T21:05:22.520+0800	INFO	raft/raft.go:524	------a new leaderElection() call-------
2024-01-15T21:05:22.926+0800	INFO	raft/raft.go:442	the election timeout is 404
															the distance between now and last time from leader is 406ms
															rf.state.isleader is false
															rf.state.currTerm is 9
															leader election's me is 2
															begin to elect
2024-01-15T21:05:22.926+0800	INFO	raft/raft.go:465	rf.currenTerm is 10, rf.lastLogIndex is 0, rf.lastLogTerm is 0, me is 2
2024-01-15T21:05:22.926+0800	INFO	raft/raft.go:488	rf.sendRequestVote failed when send from server 2 to server 1
2024-01-15T21:05:22.926+0800	INFO	raft/raft.go:488	rf.sendRequestVote failed when send from server 2 to server 0
2024-01-15T21:05:22.926+0800	INFO	raft/raft.go:524	------a new leaderElection() call-------
2024-01-15T21:05:23.348+0800	INFO	raft/raft.go:442	the election timeout is 420
															the distance between now and last time from leader is 421ms
															rf.state.isleader is false
															rf.state.currTerm is 10
															leader election's me is 2
															begin to elect
2024-01-15T21:05:23.348+0800	INFO	raft/raft.go:465	rf.currenTerm is 11, rf.lastLogIndex is 0, rf.lastLogTerm is 0, me is 2
2024-01-15T21:05:23.348+0800	INFO	raft/raft.go:488	rf.sendRequestVote failed when send from server 2 to server 1
2024-01-15T21:05:23.348+0800	INFO	raft/raft.go:488	rf.sendRequestVote failed when send from server 2 to server 0
2024-01-15T21:05:23.348+0800	INFO	raft/raft.go:524	------a new leaderElection() call-------
2024-01-15T21:05:23.646+0800	INFO	raft/raft.go:488	rf.sendRequestVote failed when send from server 2 to server 1
2024-01-15T21:05:23.714+0800	INFO	raft/raft.go:574	fail to receive reply from majority servers, rf.me is 2, sendFaults is 2
2024-01-15T21:05:23.737+0800	INFO	raft/raft.go:442	the election timeout is 387
															the distance between now and last time from leader is 389ms
															rf.state.isleader is false
															rf.state.currTerm is 11
															leader election's me is 2
															begin to elect
2024-01-15T21:05:23.737+0800	INFO	raft/raft.go:465	rf.currenTerm is 12, rf.lastLogIndex is 0, rf.lastLogTerm is 0, me is 2
2024-01-15T21:05:23.737+0800	INFO	raft/raft.go:488	rf.sendRequestVote failed when send from server 2 to server 1
2024-01-15T21:05:23.737+0800	INFO	raft/raft.go:488	rf.sendRequestVote failed when send from server 2 to server 0
2024-01-15T21:05:23.737+0800	INFO	raft/raft.go:524	------a new leaderElection() call-------
2024-01-15T21:05:24.156+0800	INFO	raft/raft.go:442	the election timeout is 416
															the distance between now and last time from leader is 418ms
															rf.state.isleader is false
															rf.state.currTerm is 12
															leader election's me is 2
															begin to elect
2024-01-15T21:05:24.156+0800	INFO	raft/raft.go:465	rf.currenTerm is 13, rf.lastLogIndex is 0, rf.lastLogTerm is 0, me is 2
2024-01-15T21:05:24.156+0800	INFO	raft/raft.go:488	rf.sendRequestVote failed when send from server 2 to server 1
2024-01-15T21:05:24.156+0800	INFO	raft/raft.go:488	rf.sendRequestVote failed when send from server 2 to server 0
2024-01-15T21:05:24.156+0800	INFO	raft/raft.go:524	------a new leaderElection() call-------
2024-01-15T21:05:24.506+0800	INFO	raft/raft.go:442	the election timeout is 347
															the distance between now and last time from leader is 349ms
															rf.state.isleader is false
															rf.state.currTerm is 13
															leader election's me is 2
															begin to elect
2024-01-15T21:05:24.506+0800	INFO	raft/raft.go:465	rf.currenTerm is 14, rf.lastLogIndex is 0, rf.lastLogTerm is 0, me is 2
2024-01-15T21:05:24.506+0800	INFO	raft/raft.go:488	rf.sendRequestVote failed when send from server 2 to server 1
2024-01-15T21:05:24.506+0800	INFO	raft/raft.go:488	rf.sendRequestVote failed when send from server 2 to server 0
2024-01-15T21:05:24.506+0800	INFO	raft/raft.go:524	------a new leaderElection() call-------
2024-01-15T21:05:24.590+0800	INFO	raft/raft.go:217	enter the `rf.Requestvote()` handler
															rf.me is 2
															rf.currentTerm is 4
															rf.voteFor is 2
															args.CandiateId is 0
2024-01-15T21:05:24.590+0800	INFO	raft/raft.go:260	before exiting the `rf.Requestvote()` handler
															rf.me is 2
															rf.currentTerm is 4
															rf.voteFor is 0
															args.CandiateId is 0
2024-01-15T21:05:24.906+0800	INFO	raft/raft.go:442	the election timeout is 397
															the distance between now and last time from leader is 399ms
															rf.state.isleader is false
															rf.state.currTerm is 14
															leader election's me is 2
															begin to elect
2024-01-15T21:05:24.906+0800	INFO	raft/raft.go:465	rf.currenTerm is 15, rf.lastLogIndex is 0, rf.lastLogTerm is 0, me is 2
2024-01-15T21:05:24.906+0800	INFO	raft/raft.go:488	rf.sendRequestVote failed when send from server 2 to server 1
2024-01-15T21:05:24.906+0800	INFO	raft/raft.go:488	rf.sendRequestVote failed when send from server 2 to server 0
2024-01-15T21:05:24.906+0800	INFO	raft/raft.go:524	------a new leaderElection() call-------
2024-01-15T21:05:25.292+0800	INFO	raft/raft.go:442	the election timeout is 385
															the distance between now and last time from leader is 386ms
															rf.state.isleader is false
															rf.state.currTerm is 15
															leader election's me is 2
															begin to elect
2024-01-15T21:05:25.292+0800	INFO	raft/raft.go:465	rf.currenTerm is 16, rf.lastLogIndex is 0, rf.lastLogTerm is 0, me is 2
2024-01-15T21:05:25.292+0800	INFO	raft/raft.go:488	rf.sendRequestVote failed when send from server 2 to server 1
2024-01-15T21:05:25.292+0800	INFO	raft/raft.go:488	rf.sendRequestVote failed when send from server 2 to server 0
2024-01-15T21:05:25.292+0800	INFO	raft/raft.go:524	------a new leaderElection() call-------
2024-01-15T21:07:25.805+0800	INFO	raft/raft.go:217	enter the `rf.Requestvote()` handler
															rf.me is 2
															rf.currentTerm is 0
															rf.voteFor is -1
															args.CandiateId is 1
2024-01-15T21:07:25.805+0800	INFO	raft/raft.go:260	before exiting the `rf.Requestvote()` handler
															rf.me is 2
															rf.currentTerm is 1
															rf.voteFor is 1
															args.CandiateId is 1
2024-01-15T21:07:29.025+0800	INFO	raft/raft.go:442	the election timeout is 413
															the distance between now and last time from leader is 415ms
															rf.state.isleader is false
															rf.state.currTerm is 1
															leader election's me is 2
															begin to elect
2024-01-15T21:07:29.025+0800	INFO	raft/raft.go:465	rf.currenTerm is 2, rf.lastLogIndex is 0, rf.lastLogTerm is 0, me is 2
2024-01-15T21:07:29.025+0800	INFO	raft/raft.go:488	rf.sendRequestVote failed when send from server 2 to server 1
2024-01-15T21:07:29.025+0800	INFO	raft/raft.go:524	------a new leaderElection() call-------
2024-01-15T21:07:29.025+0800	INFO	raft/raft.go:488	rf.sendRequestVote failed when send from server 2 to server 0
2024-01-15T21:07:29.067+0800	INFO	raft/raft.go:217	enter the `rf.Requestvote()` handler
															rf.me is 2
															rf.currentTerm is 0
															rf.voteFor is -1
															args.CandiateId is 1
2024-01-15T21:07:29.067+0800	INFO	raft/raft.go:260	before exiting the `rf.Requestvote()` handler
															rf.me is 2
															rf.currentTerm is 1
															rf.voteFor is 1
															args.CandiateId is 1
2024-01-15T21:07:29.397+0800	INFO	raft/raft.go:442	the election timeout is 369
															the distance between now and last time from leader is 372ms
															rf.state.isleader is false
															rf.state.currTerm is 2
															leader election's me is 2
															begin to elect
2024-01-15T21:07:29.397+0800	INFO	raft/raft.go:465	rf.currenTerm is 3, rf.lastLogIndex is 0, rf.lastLogTerm is 0, me is 2
2024-01-15T21:07:29.397+0800	INFO	raft/raft.go:488	rf.sendRequestVote failed when send from server 2 to server 1
2024-01-15T21:07:29.397+0800	INFO	raft/raft.go:524	------a new leaderElection() call-------
2024-01-15T21:07:29.397+0800	INFO	raft/raft.go:488	rf.sendRequestVote failed when send from server 2 to server 0
2024-01-15T21:07:29.712+0800	INFO	raft/raft.go:442	the election timeout is 314
															the distance between now and last time from leader is 315ms
															rf.state.isleader is false
															rf.state.currTerm is 3
															leader election's me is 2
															begin to elect
2024-01-15T21:07:29.712+0800	INFO	raft/raft.go:465	rf.currenTerm is 4, rf.lastLogIndex is 0, rf.lastLogTerm is 0, me is 2
2024-01-15T21:07:29.713+0800	INFO	raft/raft.go:488	rf.sendRequestVote failed when send from server 2 to server 0
2024-01-15T21:07:29.713+0800	INFO	raft/raft.go:524	------a new leaderElection() call-------
2024-01-15T21:07:29.713+0800	INFO	raft/raft.go:488	rf.sendRequestVote failed when send from server 2 to server 1
2024-01-15T21:07:29.730+0800	INFO	raft/raft.go:217	enter the `rf.Requestvote()` handler
															rf.me is 2
															rf.currentTerm is 1
															rf.voteFor is 1
															args.CandiateId is 0
2024-01-15T21:07:29.730+0800	INFO	raft/raft.go:260	before exiting the `rf.Requestvote()` handler
															rf.me is 2
															rf.currentTerm is 2
															rf.voteFor is 0
															args.CandiateId is 0
2024-01-15T21:07:30.101+0800	INFO	raft/raft.go:442	the election timeout is 368
															the distance between now and last time from leader is 370ms
															rf.state.isleader is false
															rf.state.currTerm is 2
															leader election's me is 2
															begin to elect
2024-01-15T21:07:30.101+0800	INFO	raft/raft.go:465	rf.currenTerm is 3, rf.lastLogIndex is 0, rf.lastLogTerm is 0, me is 2
2024-01-15T21:07:30.101+0800	INFO	raft/raft.go:480	Convert2Candidate.me is 2
2024-01-15T21:07:30.101+0800	INFO	raft/raft.go:510	the leader is 2
2024-01-15T21:07:30.101+0800	INFO	raft/raft.go:480	Convert2Candidate.me is 2
2024-01-15T21:07:30.101+0800	INFO	raft/raft.go:510	the leader is 2
2024-01-15T21:07:30.101+0800	INFO	raft/raft.go:524	------a new leaderElection() call-------
2024-01-15T21:07:30.108+0800	INFO	raft/raft.go:442	the election timeout is 393
															the distance between now and last time from leader is 395ms
															rf.state.isleader is false
															rf.state.currTerm is 4
															leader election's me is 2
															begin to elect
2024-01-15T21:07:30.109+0800	INFO	raft/raft.go:465	rf.currenTerm is 5, rf.lastLogIndex is 0, rf.lastLogTerm is 0, me is 2
2024-01-15T21:07:30.109+0800	INFO	raft/raft.go:488	rf.sendRequestVote failed when send from server 2 to server 1
2024-01-15T21:07:30.109+0800	INFO	raft/raft.go:488	rf.sendRequestVote failed when send from server 2 to server 0
2024-01-15T21:07:30.109+0800	INFO	raft/raft.go:524	------a new leaderElection() call-------
2024-01-15T21:07:30.416+0800	INFO	raft/raft.go:442	the election timeout is 305
															the distance between now and last time from leader is 307ms
															rf.state.isleader is false
															rf.state.currTerm is 5
															leader election's me is 2
															begin to elect
2024-01-15T21:07:30.416+0800	INFO	raft/raft.go:465	rf.currenTerm is 6, rf.lastLogIndex is 0, rf.lastLogTerm is 0, me is 2
2024-01-15T21:07:30.416+0800	INFO	raft/raft.go:488	rf.sendRequestVote failed when send from server 2 to server 1
2024-01-15T21:07:30.416+0800	INFO	raft/raft.go:488	rf.sendRequestVote failed when send from server 2 to server 0
2024-01-15T21:07:30.416+0800	INFO	raft/raft.go:524	------a new leaderElection() call-------
2024-01-15T21:07:30.853+0800	INFO	raft/raft.go:442	the election timeout is 434
															the distance between now and last time from leader is 436ms
															rf.state.isleader is false
															rf.state.currTerm is 6
															leader election's me is 2
															begin to elect
2024-01-15T21:07:30.853+0800	INFO	raft/raft.go:465	rf.currenTerm is 7, rf.lastLogIndex is 0, rf.lastLogTerm is 0, me is 2
2024-01-15T21:07:30.853+0800	INFO	raft/raft.go:488	rf.sendRequestVote failed when send from server 2 to server 1
2024-01-15T21:07:30.853+0800	INFO	raft/raft.go:488	rf.sendRequestVote failed when send from server 2 to server 0
2024-01-15T21:07:30.853+0800	INFO	raft/raft.go:524	------a new leaderElection() call-------
2024-01-15T21:07:31.245+0800	INFO	raft/raft.go:442	the election timeout is 390
															the distance between now and last time from leader is 392ms
															rf.state.isleader is false
															rf.state.currTerm is 7
															leader election's me is 2
															begin to elect
2024-01-15T21:07:31.245+0800	INFO	raft/raft.go:465	rf.currenTerm is 8, rf.lastLogIndex is 0, rf.lastLogTerm is 0, me is 2
2024-01-15T21:07:31.245+0800	INFO	raft/raft.go:488	rf.sendRequestVote failed when send from server 2 to server 1
2024-01-15T21:07:31.245+0800	INFO	raft/raft.go:524	------a new leaderElection() call-------
2024-01-15T21:07:31.245+0800	INFO	raft/raft.go:488	rf.sendRequestVote failed when send from server 2 to server 0
2024-01-15T21:07:31.675+0800	INFO	raft/raft.go:442	the election timeout is 428
															the distance between now and last time from leader is 430ms
															rf.state.isleader is false
															rf.state.currTerm is 8
															leader election's me is 2
															begin to elect
2024-01-15T21:07:31.675+0800	INFO	raft/raft.go:465	rf.currenTerm is 9, rf.lastLogIndex is 0, rf.lastLogTerm is 0, me is 2
2024-01-15T21:07:31.675+0800	INFO	raft/raft.go:488	rf.sendRequestVote failed when send from server 2 to server 1
2024-01-15T21:07:31.675+0800	INFO	raft/raft.go:488	rf.sendRequestVote failed when send from server 2 to server 0
2024-01-15T21:07:31.675+0800	INFO	raft/raft.go:524	------a new leaderElection() call-------
2024-01-15T21:07:32.005+0800	INFO	raft/raft.go:442	the election timeout is 328
															the distance between now and last time from leader is 329ms
															rf.state.isleader is false
															rf.state.currTerm is 9
															leader election's me is 2
															begin to elect
2024-01-15T21:07:32.005+0800	INFO	raft/raft.go:465	rf.currenTerm is 10, rf.lastLogIndex is 0, rf.lastLogTerm is 0, me is 2
2024-01-15T21:07:32.005+0800	INFO	raft/raft.go:488	rf.sendRequestVote failed when send from server 2 to server 1
2024-01-15T21:07:32.005+0800	INFO	raft/raft.go:488	rf.sendRequestVote failed when send from server 2 to server 0
2024-01-15T21:07:32.005+0800	INFO	raft/raft.go:524	------a new leaderElection() call-------
2024-01-15T21:07:32.308+0800	INFO	raft/raft.go:442	the election timeout is 302
															the distance between now and last time from leader is 303ms
															rf.state.isleader is false
															rf.state.currTerm is 10
															leader election's me is 2
															begin to elect
2024-01-15T21:07:32.308+0800	INFO	raft/raft.go:465	rf.currenTerm is 11, rf.lastLogIndex is 0, rf.lastLogTerm is 0, me is 2
2024-01-15T21:07:32.308+0800	INFO	raft/raft.go:488	rf.sendRequestVote failed when send from server 2 to server 1
2024-01-15T21:07:32.308+0800	INFO	raft/raft.go:488	rf.sendRequestVote failed when send from server 2 to server 0
2024-01-15T21:07:32.308+0800	INFO	raft/raft.go:524	------a new leaderElection() call-------
2024-01-15T21:07:32.734+0800	INFO	raft/raft.go:442	the election timeout is 423
															the distance between now and last time from leader is 425ms
															rf.state.isleader is false
															rf.state.currTerm is 11
															leader election's me is 2
															begin to elect
2024-01-15T21:07:32.734+0800	INFO	raft/raft.go:465	rf.currenTerm is 12, rf.lastLogIndex is 0, rf.lastLogTerm is 0, me is 2
2024-01-15T21:07:32.734+0800	INFO	raft/raft.go:488	rf.sendRequestVote failed when send from server 2 to server 0
2024-01-15T21:07:32.734+0800	INFO	raft/raft.go:524	------a new leaderElection() call-------
2024-01-15T21:07:32.734+0800	INFO	raft/raft.go:488	rf.sendRequestVote failed when send from server 2 to server 1
2024-01-15T21:07:33.108+0800	INFO	raft/raft.go:442	the election timeout is 371
															the distance between now and last time from leader is 373ms
															rf.state.isleader is false
															rf.state.currTerm is 12
															leader election's me is 2
															begin to elect
2024-01-15T21:07:33.108+0800	INFO	raft/raft.go:465	rf.currenTerm is 13, rf.lastLogIndex is 0, rf.lastLogTerm is 0, me is 2
2024-01-15T21:07:33.108+0800	INFO	raft/raft.go:488	rf.sendRequestVote failed when send from server 2 to server 1
2024-01-15T21:07:33.108+0800	INFO	raft/raft.go:488	rf.sendRequestVote failed when send from server 2 to server 0
2024-01-15T21:07:33.108+0800	INFO	raft/raft.go:524	------a new leaderElection() call-------
2024-01-15T21:07:33.464+0800	INFO	raft/raft.go:442	the election timeout is 355
															the distance between now and last time from leader is 356ms
															rf.state.isleader is false
															rf.state.currTerm is 13
															leader election's me is 2
															begin to elect
2024-01-15T21:07:33.464+0800	INFO	raft/raft.go:465	rf.currenTerm is 14, rf.lastLogIndex is 0, rf.lastLogTerm is 0, me is 2
2024-01-15T21:07:33.464+0800	INFO	raft/raft.go:488	rf.sendRequestVote failed when send from server 2 to server 1
2024-01-15T21:07:33.464+0800	INFO	raft/raft.go:488	rf.sendRequestVote failed when send from server 2 to server 0
2024-01-15T21:07:33.465+0800	INFO	raft/raft.go:524	------a new leaderElection() call-------
2024-01-15T21:07:33.886+0800	INFO	raft/raft.go:442	the election timeout is 420
															the distance between now and last time from leader is 421ms
															rf.state.isleader is false
															rf.state.currTerm is 14
															leader election's me is 2
															begin to elect
2024-01-15T21:07:33.886+0800	INFO	raft/raft.go:465	rf.currenTerm is 15, rf.lastLogIndex is 0, rf.lastLogTerm is 0, me is 2
2024-01-15T21:07:33.886+0800	INFO	raft/raft.go:488	rf.sendRequestVote failed when send from server 2 to server 1
2024-01-15T21:07:33.886+0800	INFO	raft/raft.go:488	rf.sendRequestVote failed when send from server 2 to server 0
2024-01-15T21:07:33.887+0800	INFO	raft/raft.go:524	------a new leaderElection() call-------
2024-01-15T21:07:34.191+0800	INFO	raft/raft.go:442	the election timeout is 302
															the distance between now and last time from leader is 304ms
															rf.state.isleader is false
															rf.state.currTerm is 15
															leader election's me is 2
															begin to elect
2024-01-15T21:07:34.191+0800	INFO	raft/raft.go:465	rf.currenTerm is 16, rf.lastLogIndex is 0, rf.lastLogTerm is 0, me is 2
2024-01-15T21:07:34.191+0800	INFO	raft/raft.go:488	rf.sendRequestVote failed when send from server 2 to server 1
2024-01-15T21:07:34.191+0800	INFO	raft/raft.go:488	rf.sendRequestVote failed when send from server 2 to server 0
2024-01-15T21:07:34.191+0800	INFO	raft/raft.go:524	------a new leaderElection() call-------
2024-01-15T21:07:34.637+0800	INFO	raft/raft.go:442	the election timeout is 443
															the distance between now and last time from leader is 445ms
															rf.state.isleader is false
															rf.state.currTerm is 16
															leader election's me is 2
															begin to elect
2024-01-15T21:07:34.637+0800	INFO	raft/raft.go:465	rf.currenTerm is 17, rf.lastLogIndex is 0, rf.lastLogTerm is 0, me is 2
2024-01-15T21:07:34.637+0800	INFO	raft/raft.go:488	rf.sendRequestVote failed when send from server 2 to server 1
2024-01-15T21:07:34.637+0800	INFO	raft/raft.go:488	rf.sendRequestVote failed when send from server 2 to server 0
2024-01-15T21:07:34.637+0800	INFO	raft/raft.go:524	------a new leaderElection() call-------
2024-01-15T21:07:34.946+0800	INFO	raft/raft.go:442	the election timeout is 307
															the distance between now and last time from leader is 309ms
															rf.state.isleader is false
															rf.state.currTerm is 17
															leader election's me is 2
															begin to elect
2024-01-15T21:07:34.946+0800	INFO	raft/raft.go:465	rf.currenTerm is 18, rf.lastLogIndex is 0, rf.lastLogTerm is 0, me is 2
2024-01-15T21:07:34.946+0800	INFO	raft/raft.go:488	rf.sendRequestVote failed when send from server 2 to server 1
2024-01-15T21:07:34.946+0800	INFO	raft/raft.go:488	rf.sendRequestVote failed when send from server 2 to server 0
2024-01-15T21:07:34.946+0800	INFO	raft/raft.go:524	------a new leaderElection() call-------
2024-01-15T21:07:45.630+0800	INFO	raft/raft.go:217	enter the `rf.Requestvote()` handler
															rf.me is 2
															rf.currentTerm is 0
															rf.voteFor is -1
															args.CandiateId is 0
2024-01-15T21:07:45.630+0800	INFO	raft/raft.go:260	before exiting the `rf.Requestvote()` handler
															rf.me is 2
															rf.currentTerm is 1
															rf.voteFor is 0
															args.CandiateId is 0
2024-01-15T21:07:48.780+0800	INFO	raft/raft.go:217	enter the `rf.Requestvote()` handler
															rf.me is 2
															rf.currentTerm is 0
															rf.voteFor is -1
															args.CandiateId is 1
2024-01-15T21:07:48.780+0800	INFO	raft/raft.go:260	before exiting the `rf.Requestvote()` handler
															rf.me is 2
															rf.currentTerm is 1
															rf.voteFor is 1
															args.CandiateId is 1
2024-01-15T21:07:48.812+0800	INFO	raft/raft.go:442	the election timeout is 411
															the distance between now and last time from leader is 412ms
															rf.state.isleader is false
															rf.state.currTerm is 1
															leader election's me is 2
															begin to elect
2024-01-15T21:07:48.812+0800	INFO	raft/raft.go:465	rf.currenTerm is 2, rf.lastLogIndex is 0, rf.lastLogTerm is 0, me is 2
2024-01-15T21:07:48.813+0800	INFO	raft/raft.go:488	rf.sendRequestVote failed when send from server 2 to server 1
2024-01-15T21:07:48.813+0800	INFO	raft/raft.go:488	rf.sendRequestVote failed when send from server 2 to server 0
2024-01-15T21:07:48.813+0800	INFO	raft/raft.go:524	------a new leaderElection() call-------
2024-01-15T21:07:49.117+0800	INFO	raft/raft.go:442	the election timeout is 302
															the distance between now and last time from leader is 305ms
															rf.state.isleader is false
															rf.state.currTerm is 2
															leader election's me is 2
															begin to elect
2024-01-15T21:07:49.118+0800	INFO	raft/raft.go:465	rf.currenTerm is 3, rf.lastLogIndex is 0, rf.lastLogTerm is 0, me is 2
2024-01-15T21:07:49.118+0800	INFO	raft/raft.go:488	rf.sendRequestVote failed when send from server 2 to server 1
2024-01-15T21:07:49.118+0800	INFO	raft/raft.go:488	rf.sendRequestVote failed when send from server 2 to server 0
2024-01-15T21:07:49.118+0800	INFO	raft/raft.go:524	------a new leaderElection() call-------
2024-01-15T21:07:49.332+0800	INFO	raft/raft.go:217	enter the `rf.Requestvote()` handler
															rf.me is 2
															rf.currentTerm is 1
															rf.voteFor is 1
															args.CandiateId is 0
2024-01-15T21:07:49.332+0800	INFO	raft/raft.go:260	before exiting the `rf.Requestvote()` handler
															rf.me is 2
															rf.currentTerm is 2
															rf.voteFor is 0
															args.CandiateId is 0
2024-01-15T21:07:49.546+0800	INFO	raft/raft.go:442	the election timeout is 426
															the distance between now and last time from leader is 428ms
															rf.state.isleader is false
															rf.state.currTerm is 3
															leader election's me is 2
															begin to elect
2024-01-15T21:07:49.546+0800	INFO	raft/raft.go:465	rf.currenTerm is 4, rf.lastLogIndex is 0, rf.lastLogTerm is 0, me is 2
2024-01-15T21:07:49.546+0800	INFO	raft/raft.go:488	rf.sendRequestVote failed when send from server 2 to server 1
2024-01-15T21:07:49.546+0800	INFO	raft/raft.go:488	rf.sendRequestVote failed when send from server 2 to server 0
2024-01-15T21:07:49.546+0800	INFO	raft/raft.go:524	------a new leaderElection() call-------
2024-01-15T21:07:49.715+0800	INFO	raft/raft.go:442	the election timeout is 380
															the distance between now and last time from leader is 382ms
															rf.state.isleader is false
															rf.state.currTerm is 2
															leader election's me is 2
															begin to elect
2024-01-15T21:07:49.715+0800	INFO	raft/raft.go:465	rf.currenTerm is 3, rf.lastLogIndex is 0, rf.lastLogTerm is 0, me is 2
2024-01-15T21:07:49.715+0800	INFO	raft/raft.go:480	Convert2Candidate.me is 2
2024-01-15T21:07:49.715+0800	INFO	raft/raft.go:510	the leader is 2
2024-01-15T21:07:49.715+0800	INFO	raft/raft.go:480	Convert2Candidate.me is 2
2024-01-15T21:07:49.715+0800	INFO	raft/raft.go:510	the leader is 2
2024-01-15T21:07:49.715+0800	INFO	raft/raft.go:524	------a new leaderElection() call-------
2024-01-15T21:07:49.907+0800	INFO	raft/raft.go:442	the election timeout is 360
															the distance between now and last time from leader is 361ms
															rf.state.isleader is false
															rf.state.currTerm is 4
															leader election's me is 2
															begin to elect
2024-01-15T21:07:49.907+0800	INFO	raft/raft.go:465	rf.currenTerm is 5, rf.lastLogIndex is 0, rf.lastLogTerm is 0, me is 2
2024-01-15T21:07:49.908+0800	INFO	raft/raft.go:488	rf.sendRequestVote failed when send from server 2 to server 0
2024-01-15T21:07:49.908+0800	INFO	raft/raft.go:524	------a new leaderElection() call-------
2024-01-15T21:07:49.908+0800	INFO	raft/raft.go:488	rf.sendRequestVote failed when send from server 2 to server 1
2024-01-15T21:07:50.291+0800	INFO	raft/raft.go:442	the election timeout is 382
															the distance between now and last time from leader is 383ms
															rf.state.isleader is false
															rf.state.currTerm is 5
															leader election's me is 2
															begin to elect
2024-01-15T21:07:50.291+0800	INFO	raft/raft.go:465	rf.currenTerm is 6, rf.lastLogIndex is 0, rf.lastLogTerm is 0, me is 2
2024-01-15T21:07:50.291+0800	INFO	raft/raft.go:488	rf.sendRequestVote failed when send from server 2 to server 1
2024-01-15T21:07:50.291+0800	INFO	raft/raft.go:488	rf.sendRequestVote failed when send from server 2 to server 0
2024-01-15T21:07:50.291+0800	INFO	raft/raft.go:524	------a new leaderElection() call-------
2024-01-15T21:07:50.725+0800	INFO	raft/raft.go:442	the election timeout is 432
															the distance between now and last time from leader is 434ms
															rf.state.isleader is false
															rf.state.currTerm is 6
															leader election's me is 2
															begin to elect
2024-01-15T21:07:50.725+0800	INFO	raft/raft.go:465	rf.currenTerm is 7, rf.lastLogIndex is 0, rf.lastLogTerm is 0, me is 2
2024-01-15T21:07:50.725+0800	INFO	raft/raft.go:488	rf.sendRequestVote failed when send from server 2 to server 1
2024-01-15T21:07:50.725+0800	INFO	raft/raft.go:488	rf.sendRequestVote failed when send from server 2 to server 0
2024-01-15T21:07:50.725+0800	INFO	raft/raft.go:524	------a new leaderElection() call-------
2024-01-15T21:07:51.129+0800	INFO	raft/raft.go:442	the election timeout is 403
															the distance between now and last time from leader is 404ms
															rf.state.isleader is false
															rf.state.currTerm is 7
															leader election's me is 2
															begin to elect
2024-01-15T21:07:51.129+0800	INFO	raft/raft.go:465	rf.currenTerm is 8, rf.lastLogIndex is 0, rf.lastLogTerm is 0, me is 2
2024-01-15T21:07:51.129+0800	INFO	raft/raft.go:488	rf.sendRequestVote failed when send from server 2 to server 1
2024-01-15T21:07:51.129+0800	INFO	raft/raft.go:488	rf.sendRequestVote failed when send from server 2 to server 0
2024-01-15T21:07:51.129+0800	INFO	raft/raft.go:524	------a new leaderElection() call-------
2024-01-15T21:07:51.506+0800	INFO	raft/raft.go:442	the election timeout is 375
															the distance between now and last time from leader is 376ms
															rf.state.isleader is false
															rf.state.currTerm is 8
															leader election's me is 2
															begin to elect
2024-01-15T21:07:51.506+0800	INFO	raft/raft.go:465	rf.currenTerm is 9, rf.lastLogIndex is 0, rf.lastLogTerm is 0, me is 2
2024-01-15T21:07:51.506+0800	INFO	raft/raft.go:488	rf.sendRequestVote failed when send from server 2 to server 1
2024-01-15T21:07:51.506+0800	INFO	raft/raft.go:524	------a new leaderElection() call-------
2024-01-15T21:07:51.506+0800	INFO	raft/raft.go:488	rf.sendRequestVote failed when send from server 2 to server 0
2024-01-15T21:07:51.893+0800	INFO	raft/raft.go:442	the election timeout is 385
															the distance between now and last time from leader is 387ms
															rf.state.isleader is false
															rf.state.currTerm is 9
															leader election's me is 2
															begin to elect
2024-01-15T21:07:51.893+0800	INFO	raft/raft.go:465	rf.currenTerm is 10, rf.lastLogIndex is 0, rf.lastLogTerm is 0, me is 2
2024-01-15T21:07:51.893+0800	INFO	raft/raft.go:488	rf.sendRequestVote failed when send from server 2 to server 1
2024-01-15T21:07:51.893+0800	INFO	raft/raft.go:524	------a new leaderElection() call-------
2024-01-15T21:07:51.893+0800	INFO	raft/raft.go:488	rf.sendRequestVote failed when send from server 2 to server 0
2024-01-15T21:07:52.214+0800	INFO	raft/raft.go:442	the election timeout is 319
															the distance between now and last time from leader is 321ms
															rf.state.isleader is false
															rf.state.currTerm is 10
															leader election's me is 2
															begin to elect
2024-01-15T21:07:52.214+0800	INFO	raft/raft.go:465	rf.currenTerm is 11, rf.lastLogIndex is 0, rf.lastLogTerm is 0, me is 2
2024-01-15T21:07:52.214+0800	INFO	raft/raft.go:488	rf.sendRequestVote failed when send from server 2 to server 1
2024-01-15T21:07:52.214+0800	INFO	raft/raft.go:488	rf.sendRequestVote failed when send from server 2 to server 0
2024-01-15T21:07:52.215+0800	INFO	raft/raft.go:524	------a new leaderElection() call-------
2024-01-15T21:07:52.536+0800	INFO	raft/raft.go:442	the election timeout is 319
															the distance between now and last time from leader is 321ms
															rf.state.isleader is false
															rf.state.currTerm is 11
															leader election's me is 2
															begin to elect
2024-01-15T21:07:52.536+0800	INFO	raft/raft.go:465	rf.currenTerm is 12, rf.lastLogIndex is 0, rf.lastLogTerm is 0, me is 2
2024-01-15T21:07:52.536+0800	INFO	raft/raft.go:488	rf.sendRequestVote failed when send from server 2 to server 1
2024-01-15T21:07:52.536+0800	INFO	raft/raft.go:524	------a new leaderElection() call-------
2024-01-15T21:07:52.536+0800	INFO	raft/raft.go:488	rf.sendRequestVote failed when send from server 2 to server 0
2024-01-15T21:07:52.875+0800	INFO	raft/raft.go:442	the election timeout is 336
															the distance between now and last time from leader is 338ms
															rf.state.isleader is false
															rf.state.currTerm is 12
															leader election's me is 2
															begin to elect
2024-01-15T21:07:52.875+0800	INFO	raft/raft.go:465	rf.currenTerm is 13, rf.lastLogIndex is 0, rf.lastLogTerm is 0, me is 2
2024-01-15T21:07:52.875+0800	INFO	raft/raft.go:488	rf.sendRequestVote failed when send from server 2 to server 1
2024-01-15T21:07:52.875+0800	INFO	raft/raft.go:488	rf.sendRequestVote failed when send from server 2 to server 0
2024-01-15T21:07:52.875+0800	INFO	raft/raft.go:524	------a new leaderElection() call-------
2024-01-15T21:07:53.185+0800	INFO	raft/raft.go:442	the election timeout is 309
															the distance between now and last time from leader is 310ms
															rf.state.isleader is false
															rf.state.currTerm is 13
															leader election's me is 2
															begin to elect
2024-01-15T21:07:53.185+0800	INFO	raft/raft.go:465	rf.currenTerm is 14, rf.lastLogIndex is 0, rf.lastLogTerm is 0, me is 2
2024-01-15T21:07:53.185+0800	INFO	raft/raft.go:488	rf.sendRequestVote failed when send from server 2 to server 1
2024-01-15T21:07:53.185+0800	INFO	raft/raft.go:488	rf.sendRequestVote failed when send from server 2 to server 0
2024-01-15T21:07:53.185+0800	INFO	raft/raft.go:524	------a new leaderElection() call-------
2024-01-15T21:07:53.499+0800	INFO	raft/raft.go:574	fail to receive reply from majority servers, rf.me is 2, sendFaults is 2
2024-01-15T21:07:53.501+0800	INFO	raft/raft.go:442	the election timeout is 395
															the distance between now and last time from leader is 3786ms
															rf.state.isleader is false
															rf.state.currTerm is 3
															leader election's me is 2
															begin to elect
2024-01-15T21:07:53.501+0800	INFO	raft/raft.go:465	rf.currenTerm is 4, rf.lastLogIndex is 0, rf.lastLogTerm is 0, me is 2
2024-01-15T21:07:53.506+0800	INFO	raft/raft.go:442	the election timeout is 319
															the distance between now and last time from leader is 321ms
															rf.state.isleader is false
															rf.state.currTerm is 14
															leader election's me is 2
															begin to elect
2024-01-15T21:07:53.506+0800	INFO	raft/raft.go:465	rf.currenTerm is 15, rf.lastLogIndex is 0, rf.lastLogTerm is 0, me is 2
2024-01-15T21:07:53.506+0800	INFO	raft/raft.go:488	rf.sendRequestVote failed when send from server 2 to server 0
2024-01-15T21:07:53.506+0800	INFO	raft/raft.go:488	rf.sendRequestVote failed when send from server 2 to server 1
2024-01-15T21:07:53.506+0800	INFO	raft/raft.go:524	------a new leaderElection() call-------
2024-01-15T21:07:53.868+0800	INFO	raft/raft.go:442	the election timeout is 360
															the distance between now and last time from leader is 361ms
															rf.state.isleader is false
															rf.state.currTerm is 15
															leader election's me is 2
															begin to elect
2024-01-15T21:07:53.868+0800	INFO	raft/raft.go:465	rf.currenTerm is 16, rf.lastLogIndex is 0, rf.lastLogTerm is 0, me is 2
2024-01-15T21:07:53.868+0800	INFO	raft/raft.go:488	rf.sendRequestVote failed when send from server 2 to server 0
2024-01-15T21:07:53.868+0800	INFO	raft/raft.go:524	------a new leaderElection() call-------
2024-01-15T21:07:53.868+0800	INFO	raft/raft.go:488	rf.sendRequestVote failed when send from server 2 to server 1
2024-01-15T21:07:54.159+0800	INFO	raft/raft.go:488	rf.sendRequestVote failed when send from server 2 to server 1
2024-01-15T21:07:54.311+0800	INFO	raft/raft.go:442	the election timeout is 441
															the distance between now and last time from leader is 442ms
															rf.state.isleader is false
															rf.state.currTerm is 16
															leader election's me is 2
															begin to elect
2024-01-15T21:07:54.311+0800	INFO	raft/raft.go:465	rf.currenTerm is 17, rf.lastLogIndex is 0, rf.lastLogTerm is 0, me is 2
2024-01-15T21:07:54.311+0800	INFO	raft/raft.go:488	rf.sendRequestVote failed when send from server 2 to server 1
2024-01-15T21:07:54.311+0800	INFO	raft/raft.go:524	------a new leaderElection() call-------
2024-01-15T21:07:54.311+0800	INFO	raft/raft.go:488	rf.sendRequestVote failed when send from server 2 to server 0
2024-01-15T21:07:54.704+0800	INFO	raft/raft.go:442	the election timeout is 392
															the distance between now and last time from leader is 393ms
															rf.state.isleader is false
															rf.state.currTerm is 17
															leader election's me is 2
															begin to elect
2024-01-15T21:07:54.704+0800	INFO	raft/raft.go:465	rf.currenTerm is 18, rf.lastLogIndex is 0, rf.lastLogTerm is 0, me is 2
2024-01-15T21:07:54.704+0800	INFO	raft/raft.go:488	rf.sendRequestVote failed when send from server 2 to server 1
2024-01-15T21:07:54.704+0800	INFO	raft/raft.go:488	rf.sendRequestVote failed when send from server 2 to server 0
2024-01-15T21:07:54.704+0800	INFO	raft/raft.go:524	------a new leaderElection() call-------
2024-01-15T21:07:55.062+0800	INFO	raft/raft.go:442	the election timeout is 356
															the distance between now and last time from leader is 357ms
															rf.state.isleader is false
															rf.state.currTerm is 18
															leader election's me is 2
															begin to elect
2024-01-15T21:07:55.062+0800	INFO	raft/raft.go:465	rf.currenTerm is 19, rf.lastLogIndex is 0, rf.lastLogTerm is 0, me is 2
2024-01-15T21:07:55.062+0800	INFO	raft/raft.go:488	rf.sendRequestVote failed when send from server 2 to server 0
2024-01-15T21:07:55.062+0800	INFO	raft/raft.go:524	------a new leaderElection() call-------
2024-01-15T21:07:55.062+0800	INFO	raft/raft.go:488	rf.sendRequestVote failed when send from server 2 to server 1
2024-01-15T21:07:55.467+0800	INFO	raft/raft.go:442	the election timeout is 404
															the distance between now and last time from leader is 405ms
															rf.state.isleader is false
															rf.state.currTerm is 19
															leader election's me is 2
															begin to elect
2024-01-15T21:07:55.467+0800	INFO	raft/raft.go:465	rf.currenTerm is 20, rf.lastLogIndex is 0, rf.lastLogTerm is 0, me is 2
2024-01-15T21:07:55.468+0800	INFO	raft/raft.go:488	rf.sendRequestVote failed when send from server 2 to server 1
2024-01-15T21:07:55.468+0800	INFO	raft/raft.go:524	------a new leaderElection() call-------
2024-01-15T21:07:55.468+0800	INFO	raft/raft.go:488	rf.sendRequestVote failed when send from server 2 to server 0
2024-01-15T21:07:55.816+0800	INFO	raft/raft.go:442	the election timeout is 346
															the distance between now and last time from leader is 348ms
															rf.state.isleader is false
															rf.state.currTerm is 20
															leader election's me is 2
															begin to elect
2024-01-15T21:07:55.816+0800	INFO	raft/raft.go:465	rf.currenTerm is 21, rf.lastLogIndex is 0, rf.lastLogTerm is 0, me is 2
2024-01-15T21:07:55.816+0800	INFO	raft/raft.go:488	rf.sendRequestVote failed when send from server 2 to server 1
2024-01-15T21:07:55.816+0800	INFO	raft/raft.go:524	------a new leaderElection() call-------
2024-01-15T21:07:55.816+0800	INFO	raft/raft.go:488	rf.sendRequestVote failed when send from server 2 to server 0
2024-01-15T21:07:56.208+0800	INFO	raft/raft.go:442	the election timeout is 390
															the distance between now and last time from leader is 392ms
															rf.state.isleader is false
															rf.state.currTerm is 21
															leader election's me is 2
															begin to elect
2024-01-15T21:07:56.208+0800	INFO	raft/raft.go:465	rf.currenTerm is 22, rf.lastLogIndex is 0, rf.lastLogTerm is 0, me is 2
2024-01-15T21:07:56.208+0800	INFO	raft/raft.go:488	rf.sendRequestVote failed when send from server 2 to server 0
2024-01-15T21:07:56.208+0800	INFO	raft/raft.go:524	------a new leaderElection() call-------
2024-01-15T21:07:56.208+0800	INFO	raft/raft.go:488	rf.sendRequestVote failed when send from server 2 to server 1
2024-01-15T21:07:56.599+0800	INFO	raft/raft.go:442	the election timeout is 388
															the distance between now and last time from leader is 390ms
															rf.state.isleader is false
															rf.state.currTerm is 22
															leader election's me is 2
															begin to elect
2024-01-15T21:07:56.599+0800	INFO	raft/raft.go:465	rf.currenTerm is 23, rf.lastLogIndex is 0, rf.lastLogTerm is 0, me is 2
2024-01-15T21:07:56.599+0800	INFO	raft/raft.go:488	rf.sendRequestVote failed when send from server 2 to server 1
2024-01-15T21:07:56.599+0800	INFO	raft/raft.go:488	rf.sendRequestVote failed when send from server 2 to server 0
2024-01-15T21:07:56.599+0800	INFO	raft/raft.go:524	------a new leaderElection() call-------
2024-01-15T21:07:56.949+0800	INFO	raft/raft.go:442	the election timeout is 349
															the distance between now and last time from leader is 350ms
															rf.state.isleader is false
															rf.state.currTerm is 23
															leader election's me is 2
															begin to elect
2024-01-15T21:07:56.949+0800	INFO	raft/raft.go:465	rf.currenTerm is 24, rf.lastLogIndex is 0, rf.lastLogTerm is 0, me is 2
2024-01-15T21:07:56.949+0800	INFO	raft/raft.go:488	rf.sendRequestVote failed when send from server 2 to server 1
2024-01-15T21:07:56.949+0800	INFO	raft/raft.go:524	------a new leaderElection() call-------
2024-01-15T21:07:56.949+0800	INFO	raft/raft.go:488	rf.sendRequestVote failed when send from server 2 to server 0
2024-01-15T21:07:57.376+0800	INFO	raft/raft.go:442	the election timeout is 425
															the distance between now and last time from leader is 427ms
															rf.state.isleader is false
															rf.state.currTerm is 24
															leader election's me is 2
															begin to elect
2024-01-15T21:07:57.376+0800	INFO	raft/raft.go:465	rf.currenTerm is 25, rf.lastLogIndex is 0, rf.lastLogTerm is 0, me is 2
2024-01-15T21:07:57.376+0800	INFO	raft/raft.go:488	rf.sendRequestVote failed when send from server 2 to server 1
2024-01-15T21:07:57.376+0800	INFO	raft/raft.go:488	rf.sendRequestVote failed when send from server 2 to server 0
2024-01-15T21:07:57.376+0800	INFO	raft/raft.go:524	------a new leaderElection() call-------
2024-01-15T21:11:28.629+0800	INFO	raft/raft.go:217	enter the `rf.Requestvote()` handler
															rf.me is 2
															rf.currentTerm is 0
															rf.voteFor is -1
															args.CandiateId is 1
2024-01-15T21:11:28.629+0800	INFO	raft/raft.go:260	before exiting the `rf.Requestvote()` handler
															rf.me is 2
															rf.currentTerm is 1
															rf.voteFor is 1
															args.CandiateId is 1
2024-01-15T21:11:31.834+0800	INFO	raft/raft.go:442	the election timeout is 371
															the distance between now and last time from leader is 373ms
															rf.state.isleader is false
															rf.state.currTerm is 1
															leader election's me is 2
															begin to elect
2024-01-15T21:11:31.834+0800	INFO	raft/raft.go:465	rf.currenTerm is 2, rf.lastLogIndex is 0, rf.lastLogTerm is 0, me is 2
2024-01-15T21:11:31.834+0800	INFO	raft/raft.go:488	rf.sendRequestVote failed when send from server 2 to server 1
2024-01-15T21:11:31.834+0800	INFO	raft/raft.go:488	rf.sendRequestVote failed when send from server 2 to server 0
2024-01-15T21:11:31.834+0800	INFO	raft/raft.go:524	------a new leaderElection() call-------
2024-01-15T21:11:31.873+0800	INFO	raft/raft.go:217	enter the `rf.Requestvote()` handler
															rf.me is 2
															rf.currentTerm is 0
															rf.voteFor is -1
															args.CandiateId is 1
2024-01-15T21:11:31.873+0800	INFO	raft/raft.go:260	before exiting the `rf.Requestvote()` handler
															rf.me is 2
															rf.currentTerm is 1
															rf.voteFor is 1
															args.CandiateId is 1
2024-01-15T21:11:32.192+0800	INFO	raft/raft.go:442	the election timeout is 356
															the distance between now and last time from leader is 358ms
															rf.state.isleader is false
															rf.state.currTerm is 2
															leader election's me is 2
															begin to elect
2024-01-15T21:11:32.192+0800	INFO	raft/raft.go:465	rf.currenTerm is 3, rf.lastLogIndex is 0, rf.lastLogTerm is 0, me is 2
2024-01-15T21:11:32.192+0800	INFO	raft/raft.go:488	rf.sendRequestVote failed when send from server 2 to server 1
2024-01-15T21:11:32.192+0800	INFO	raft/raft.go:488	rf.sendRequestVote failed when send from server 2 to server 0
2024-01-15T21:11:32.192+0800	INFO	raft/raft.go:524	------a new leaderElection() call-------
2024-01-15T21:11:32.360+0800	INFO	raft/raft.go:442	the election timeout is 311
															the distance between now and last time from leader is 312ms
															rf.state.isleader is false
															rf.state.currTerm is 1
															leader election's me is 2
															begin to elect
2024-01-15T21:11:32.360+0800	INFO	raft/raft.go:465	rf.currenTerm is 2, rf.lastLogIndex is 0, rf.lastLogTerm is 0, me is 2
2024-01-15T21:11:32.361+0800	INFO	raft/raft.go:480	Convert2Candidate.me is 2
2024-01-15T21:11:32.361+0800	INFO	raft/raft.go:510	the leader is 2
2024-01-15T21:11:32.585+0800	INFO	raft/raft.go:442	the election timeout is 392
															the distance between now and last time from leader is 393ms
															rf.state.isleader is false
															rf.state.currTerm is 3
															leader election's me is 2
															begin to elect
2024-01-15T21:11:32.585+0800	INFO	raft/raft.go:465	rf.currenTerm is 4, rf.lastLogIndex is 0, rf.lastLogTerm is 0, me is 2
2024-01-15T21:11:32.585+0800	INFO	raft/raft.go:488	rf.sendRequestVote failed when send from server 2 to server 1
2024-01-15T21:11:32.585+0800	INFO	raft/raft.go:524	------a new leaderElection() call-------
2024-01-15T21:11:32.585+0800	INFO	raft/raft.go:488	rf.sendRequestVote failed when send from server 2 to server 0
2024-01-15T21:11:32.783+0800	INFO	raft/raft.go:217	enter the `rf.Requestvote()` handler
															rf.me is 2
															rf.currentTerm is 2
															rf.voteFor is 2
															args.CandiateId is 0
2024-01-15T21:11:32.783+0800	INFO	raft/raft.go:260	before exiting the `rf.Requestvote()` handler
															rf.me is 2
															rf.currentTerm is 3
															rf.voteFor is 0
															args.CandiateId is 0
2024-01-15T21:11:32.908+0800	INFO	raft/raft.go:442	the election timeout is 321
															the distance between now and last time from leader is 322ms
															rf.state.isleader is false
															rf.state.currTerm is 4
															leader election's me is 2
															begin to elect
2024-01-15T21:11:32.908+0800	INFO	raft/raft.go:465	rf.currenTerm is 5, rf.lastLogIndex is 0, rf.lastLogTerm is 0, me is 2
2024-01-15T21:11:32.908+0800	INFO	raft/raft.go:488	rf.sendRequestVote failed when send from server 2 to server 1
2024-01-15T21:11:32.908+0800	INFO	raft/raft.go:488	rf.sendRequestVote failed when send from server 2 to server 0
2024-01-15T21:11:32.908+0800	INFO	raft/raft.go:524	------a new leaderElection() call-------
2024-01-15T21:11:33.165+0800	INFO	raft/raft.go:488	rf.sendRequestVote failed when send from server 2 to server 1
2024-01-15T21:11:33.165+0800	INFO	raft/raft.go:524	------a new leaderElection() call-------
2024-01-15T21:11:33.294+0800	INFO	raft/raft.go:442	the election timeout is 384
															the distance between now and last time from leader is 385ms
															rf.state.isleader is false
															rf.state.currTerm is 5
															leader election's me is 2
															begin to elect
2024-01-15T21:11:33.294+0800	INFO	raft/raft.go:465	rf.currenTerm is 6, rf.lastLogIndex is 0, rf.lastLogTerm is 0, me is 2
2024-01-15T21:11:33.294+0800	INFO	raft/raft.go:488	rf.sendRequestVote failed when send from server 2 to server 1
2024-01-15T21:11:33.294+0800	INFO	raft/raft.go:524	------a new leaderElection() call-------
2024-01-15T21:11:33.294+0800	INFO	raft/raft.go:488	rf.sendRequestVote failed when send from server 2 to server 0
2024-01-15T21:11:33.526+0800	INFO	raft/raft.go:442	the election timeout is 440
															the distance between now and last time from leader is 441ms
															rf.state.isleader is false
															rf.state.currTerm is 3
															leader election's me is 2
															begin to elect
2024-01-15T21:11:33.526+0800	INFO	raft/raft.go:465	rf.currenTerm is 4, rf.lastLogIndex is 0, rf.lastLogTerm is 0, me is 2
2024-01-15T21:11:33.718+0800	INFO	raft/raft.go:442	the election timeout is 421
															the distance between now and last time from leader is 423ms
															rf.state.isleader is false
															rf.state.currTerm is 6
															leader election's me is 2
															begin to elect
2024-01-15T21:11:33.718+0800	INFO	raft/raft.go:465	rf.currenTerm is 7, rf.lastLogIndex is 0, rf.lastLogTerm is 0, me is 2
2024-01-15T21:11:33.718+0800	INFO	raft/raft.go:488	rf.sendRequestVote failed when send from server 2 to server 1
2024-01-15T21:11:33.718+0800	INFO	raft/raft.go:524	------a new leaderElection() call-------
2024-01-15T21:11:33.718+0800	INFO	raft/raft.go:488	rf.sendRequestVote failed when send from server 2 to server 0
2024-01-15T21:11:34.099+0800	INFO	raft/raft.go:442	the election timeout is 380
															the distance between now and last time from leader is 381ms
															rf.state.isleader is false
															rf.state.currTerm is 7
															leader election's me is 2
															begin to elect
2024-01-15T21:11:34.099+0800	INFO	raft/raft.go:465	rf.currenTerm is 8, rf.lastLogIndex is 0, rf.lastLogTerm is 0, me is 2
2024-01-15T21:11:34.099+0800	INFO	raft/raft.go:488	rf.sendRequestVote failed when send from server 2 to server 1
2024-01-15T21:11:34.099+0800	INFO	raft/raft.go:488	rf.sendRequestVote failed when send from server 2 to server 0
2024-01-15T21:11:34.099+0800	INFO	raft/raft.go:524	------a new leaderElection() call-------
2024-01-15T21:11:34.549+0800	INFO	raft/raft.go:442	the election timeout is 449
															the distance between now and last time from leader is 450ms
															rf.state.isleader is false
															rf.state.currTerm is 8
															leader election's me is 2
															begin to elect
2024-01-15T21:11:34.550+0800	INFO	raft/raft.go:465	rf.currenTerm is 9, rf.lastLogIndex is 0, rf.lastLogTerm is 0, me is 2
2024-01-15T21:11:34.550+0800	INFO	raft/raft.go:488	rf.sendRequestVote failed when send from server 2 to server 1
2024-01-15T21:11:34.550+0800	INFO	raft/raft.go:488	rf.sendRequestVote failed when send from server 2 to server 0
2024-01-15T21:11:34.550+0800	INFO	raft/raft.go:524	------a new leaderElection() call-------
2024-01-15T21:11:34.975+0800	INFO	raft/raft.go:442	the election timeout is 423
															the distance between now and last time from leader is 425ms
															rf.state.isleader is false
															rf.state.currTerm is 9
															leader election's me is 2
															begin to elect
2024-01-15T21:11:34.975+0800	INFO	raft/raft.go:465	rf.currenTerm is 10, rf.lastLogIndex is 0, rf.lastLogTerm is 0, me is 2
2024-01-15T21:11:34.975+0800	INFO	raft/raft.go:488	rf.sendRequestVote failed when send from server 2 to server 1
2024-01-15T21:11:34.976+0800	INFO	raft/raft.go:488	rf.sendRequestVote failed when send from server 2 to server 0
2024-01-15T21:11:34.976+0800	INFO	raft/raft.go:524	------a new leaderElection() call-------
2024-01-15T21:11:35.092+0800	INFO	raft/raft.go:488	rf.sendRequestVote failed when send from server 2 to server 0
2024-01-15T21:11:35.284+0800	INFO	raft/raft.go:442	the election timeout is 307
															the distance between now and last time from leader is 308ms
															rf.state.isleader is false
															rf.state.currTerm is 10
															leader election's me is 2
															begin to elect
2024-01-15T21:11:35.284+0800	INFO	raft/raft.go:465	rf.currenTerm is 11, rf.lastLogIndex is 0, rf.lastLogTerm is 0, me is 2
2024-01-15T21:11:35.284+0800	INFO	raft/raft.go:488	rf.sendRequestVote failed when send from server 2 to server 1
2024-01-15T21:11:35.284+0800	INFO	raft/raft.go:488	rf.sendRequestVote failed when send from server 2 to server 0
2024-01-15T21:11:35.284+0800	INFO	raft/raft.go:524	------a new leaderElection() call-------
2024-01-15T21:11:35.718+0800	INFO	raft/raft.go:442	the election timeout is 431
															the distance between now and last time from leader is 434ms
															rf.state.isleader is false
															rf.state.currTerm is 11
															leader election's me is 2
															begin to elect
2024-01-15T21:11:35.718+0800	INFO	raft/raft.go:465	rf.currenTerm is 12, rf.lastLogIndex is 0, rf.lastLogTerm is 0, me is 2
2024-01-15T21:11:35.718+0800	INFO	raft/raft.go:488	rf.sendRequestVote failed when send from server 2 to server 1
2024-01-15T21:11:35.718+0800	INFO	raft/raft.go:524	------a new leaderElection() call-------
2024-01-15T21:11:35.718+0800	INFO	raft/raft.go:488	rf.sendRequestVote failed when send from server 2 to server 0
2024-01-15T21:11:36.121+0800	INFO	raft/raft.go:442	the election timeout is 402
															the distance between now and last time from leader is 403ms
															rf.state.isleader is false
															rf.state.currTerm is 12
															leader election's me is 2
															begin to elect
2024-01-15T21:11:36.121+0800	INFO	raft/raft.go:465	rf.currenTerm is 13, rf.lastLogIndex is 0, rf.lastLogTerm is 0, me is 2
2024-01-15T21:11:36.121+0800	INFO	raft/raft.go:488	rf.sendRequestVote failed when send from server 2 to server 1
2024-01-15T21:11:36.121+0800	INFO	raft/raft.go:488	rf.sendRequestVote failed when send from server 2 to server 0
2024-01-15T21:11:36.121+0800	INFO	raft/raft.go:524	------a new leaderElection() call-------
2024-01-15T21:11:36.442+0800	INFO	raft/raft.go:442	the election timeout is 319
															the distance between now and last time from leader is 321ms
															rf.state.isleader is false
															rf.state.currTerm is 13
															leader election's me is 2
															begin to elect
2024-01-15T21:11:36.442+0800	INFO	raft/raft.go:465	rf.currenTerm is 14, rf.lastLogIndex is 0, rf.lastLogTerm is 0, me is 2
2024-01-15T21:11:36.442+0800	INFO	raft/raft.go:488	rf.sendRequestVote failed when send from server 2 to server 1
2024-01-15T21:11:36.442+0800	INFO	raft/raft.go:488	rf.sendRequestVote failed when send from server 2 to server 0
2024-01-15T21:11:36.442+0800	INFO	raft/raft.go:524	------a new leaderElection() call-------
2024-01-15T21:11:36.745+0800	INFO	raft/raft.go:442	the election timeout is 300
															the distance between now and last time from leader is 302ms
															rf.state.isleader is false
															rf.state.currTerm is 14
															leader election's me is 2
															begin to elect
2024-01-15T21:11:36.745+0800	INFO	raft/raft.go:465	rf.currenTerm is 15, rf.lastLogIndex is 0, rf.lastLogTerm is 0, me is 2
2024-01-15T21:11:36.745+0800	INFO	raft/raft.go:488	rf.sendRequestVote failed when send from server 2 to server 1
2024-01-15T21:11:36.745+0800	INFO	raft/raft.go:488	rf.sendRequestVote failed when send from server 2 to server 0
2024-01-15T21:11:36.745+0800	INFO	raft/raft.go:524	------a new leaderElection() call-------
2024-01-15T21:11:37.102+0800	INFO	raft/raft.go:442	the election timeout is 355
															the distance between now and last time from leader is 357ms
															rf.state.isleader is false
															rf.state.currTerm is 15
															leader election's me is 2
															begin to elect
2024-01-15T21:11:37.102+0800	INFO	raft/raft.go:465	rf.currenTerm is 16, rf.lastLogIndex is 0, rf.lastLogTerm is 0, me is 2
2024-01-15T21:11:37.102+0800	INFO	raft/raft.go:488	rf.sendRequestVote failed when send from server 2 to server 1
2024-01-15T21:11:37.102+0800	INFO	raft/raft.go:488	rf.sendRequestVote failed when send from server 2 to server 0
2024-01-15T21:11:37.102+0800	INFO	raft/raft.go:524	------a new leaderElection() call-------
2024-01-15T21:11:37.116+0800	INFO	raft/raft.go:217	enter the `rf.Requestvote()` handler
															rf.me is 2
															rf.currentTerm is 4
															rf.voteFor is 2
															args.CandiateId is 1
2024-01-15T21:11:37.116+0800	INFO	raft/raft.go:260	before exiting the `rf.Requestvote()` handler
															rf.me is 2
															rf.currentTerm is 5
															rf.voteFor is 1
															args.CandiateId is 1
2024-01-15T21:11:37.540+0800	INFO	raft/raft.go:442	the election timeout is 436
															the distance between now and last time from leader is 437ms
															rf.state.isleader is false
															rf.state.currTerm is 16
															leader election's me is 2
															begin to elect
2024-01-15T21:11:37.540+0800	INFO	raft/raft.go:465	rf.currenTerm is 17, rf.lastLogIndex is 0, rf.lastLogTerm is 0, me is 2
2024-01-15T21:11:37.540+0800	INFO	raft/raft.go:488	rf.sendRequestVote failed when send from server 2 to server 1
2024-01-15T21:11:37.540+0800	INFO	raft/raft.go:488	rf.sendRequestVote failed when send from server 2 to server 0
2024-01-15T21:11:37.540+0800	INFO	raft/raft.go:524	------a new leaderElection() call-------
2024-01-15T21:20:31.064+0800	INFO	raft/raft.go:217	enter the `rf.Requestvote()` handler
															rf.me is 2
															rf.currentTerm is 0
															rf.voteFor is -1
															args.CandiateId is 0
2024-01-15T21:20:31.064+0800	INFO	raft/raft.go:260	before exiting the `rf.Requestvote()` handler
															rf.me is 2
															rf.currentTerm is 1
															rf.voteFor is 0
															args.CandiateId is 0
2024-01-15T21:20:34.166+0800	INFO	raft/raft.go:442	the election timeout is 389
															the distance between now and last time from leader is 390ms
															rf.state.isleader is false
															rf.state.currTerm is 1
															leader election's me is 2
															begin to elect
2024-01-15T21:20:34.166+0800	INFO	raft/raft.go:465	rf.currenTerm is 2, rf.lastLogIndex is 0, rf.lastLogTerm is 0, me is 2
2024-01-15T21:20:34.167+0800	INFO	raft/raft.go:488	rf.sendRequestVote failed when send from server 2 to server 1
2024-01-15T21:20:34.167+0800	INFO	raft/raft.go:488	rf.sendRequestVote failed when send from server 2 to server 0
2024-01-15T21:20:34.167+0800	INFO	raft/raft.go:524	------a new leaderElection() call-------
2024-01-15T21:20:34.232+0800	INFO	raft/raft.go:217	enter the `rf.Requestvote()` handler
															rf.me is 2
															rf.currentTerm is 0
															rf.voteFor is -1
															args.CandiateId is 1
2024-01-15T21:20:34.232+0800	INFO	raft/raft.go:260	before exiting the `rf.Requestvote()` handler
															rf.me is 2
															rf.currentTerm is 1
															rf.voteFor is 1
															args.CandiateId is 1
2024-01-15T21:20:34.542+0800	INFO	raft/raft.go:442	the election timeout is 374
															the distance between now and last time from leader is 375ms
															rf.state.isleader is false
															rf.state.currTerm is 2
															leader election's me is 2
															begin to elect
2024-01-15T21:20:34.542+0800	INFO	raft/raft.go:465	rf.currenTerm is 3, rf.lastLogIndex is 0, rf.lastLogTerm is 0, me is 2
2024-01-15T21:20:34.542+0800	INFO	raft/raft.go:488	rf.sendRequestVote failed when send from server 2 to server 1
2024-01-15T21:20:34.542+0800	INFO	raft/raft.go:488	rf.sendRequestVote failed when send from server 2 to server 0
2024-01-15T21:20:34.542+0800	INFO	raft/raft.go:524	------a new leaderElection() call-------
2024-01-15T21:20:34.631+0800	INFO	raft/raft.go:442	the election timeout is 306
															the distance between now and last time from leader is 308ms
															rf.state.isleader is false
															rf.state.currTerm is 1
															leader election's me is 2
															begin to elect
2024-01-15T21:20:34.631+0800	INFO	raft/raft.go:465	rf.currenTerm is 2, rf.lastLogIndex is 0, rf.lastLogTerm is 0, me is 2
2024-01-15T21:20:34.631+0800	INFO	raft/raft.go:480	Convert2Candidate.me is 2
2024-01-15T21:20:34.631+0800	INFO	raft/raft.go:510	the leader is 2
2024-01-15T21:20:34.982+0800	INFO	raft/raft.go:442	the election timeout is 437
															the distance between now and last time from leader is 440ms
															rf.state.isleader is false
															rf.state.currTerm is 3
															leader election's me is 2
															begin to elect
2024-01-15T21:20:34.982+0800	INFO	raft/raft.go:465	rf.currenTerm is 4, rf.lastLogIndex is 0, rf.lastLogTerm is 0, me is 2
2024-01-15T21:20:34.982+0800	INFO	raft/raft.go:488	rf.sendRequestVote failed when send from server 2 to server 1
2024-01-15T21:20:34.982+0800	INFO	raft/raft.go:524	------a new leaderElection() call-------
2024-01-15T21:20:34.982+0800	INFO	raft/raft.go:488	rf.sendRequestVote failed when send from server 2 to server 0
2024-01-15T21:20:35.131+0800	INFO	raft/raft.go:217	enter the `rf.Requestvote()` handler
															rf.me is 2
															rf.currentTerm is 2
															rf.voteFor is 2
															args.CandiateId is 0
2024-01-15T21:20:35.131+0800	INFO	raft/raft.go:260	before exiting the `rf.Requestvote()` handler
															rf.me is 2
															rf.currentTerm is 3
															rf.voteFor is 0
															args.CandiateId is 0
2024-01-15T21:20:35.303+0800	INFO	raft/raft.go:442	the election timeout is 318
															the distance between now and last time from leader is 320ms
															rf.state.isleader is false
															rf.state.currTerm is 4
															leader election's me is 2
															begin to elect
2024-01-15T21:20:35.303+0800	INFO	raft/raft.go:465	rf.currenTerm is 5, rf.lastLogIndex is 0, rf.lastLogTerm is 0, me is 2
2024-01-15T21:20:35.303+0800	INFO	raft/raft.go:488	rf.sendRequestVote failed when send from server 2 to server 1
2024-01-15T21:20:35.303+0800	INFO	raft/raft.go:524	------a new leaderElection() call-------
2024-01-15T21:20:35.303+0800	INFO	raft/raft.go:488	rf.sendRequestVote failed when send from server 2 to server 0
2024-01-15T21:20:35.628+0800	INFO	raft/raft.go:442	the election timeout is 324
															the distance between now and last time from leader is 325ms
															rf.state.isleader is false
															rf.state.currTerm is 5
															leader election's me is 2
															begin to elect
2024-01-15T21:20:35.628+0800	INFO	raft/raft.go:465	rf.currenTerm is 6, rf.lastLogIndex is 0, rf.lastLogTerm is 0, me is 2
2024-01-15T21:20:35.628+0800	INFO	raft/raft.go:488	rf.sendRequestVote failed when send from server 2 to server 0
2024-01-15T21:20:35.628+0800	INFO	raft/raft.go:524	------a new leaderElection() call-------
2024-01-15T21:20:35.628+0800	INFO	raft/raft.go:488	rf.sendRequestVote failed when send from server 2 to server 1
2024-01-15T21:20:35.970+0800	INFO	raft/raft.go:442	the election timeout is 339
															the distance between now and last time from leader is 341ms
															rf.state.isleader is false
															rf.state.currTerm is 6
															leader election's me is 2
															begin to elect
2024-01-15T21:20:35.970+0800	INFO	raft/raft.go:465	rf.currenTerm is 7, rf.lastLogIndex is 0, rf.lastLogTerm is 0, me is 2
2024-01-15T21:20:35.970+0800	INFO	raft/raft.go:488	rf.sendRequestVote failed when send from server 2 to server 1
2024-01-15T21:20:35.970+0800	INFO	raft/raft.go:488	rf.sendRequestVote failed when send from server 2 to server 0
2024-01-15T21:20:35.970+0800	INFO	raft/raft.go:524	------a new leaderElection() call-------
2024-01-15T21:20:36.303+0800	INFO	raft/raft.go:442	the election timeout is 331
															the distance between now and last time from leader is 332ms
															rf.state.isleader is false
															rf.state.currTerm is 7
															leader election's me is 2
															begin to elect
2024-01-15T21:20:36.303+0800	INFO	raft/raft.go:465	rf.currenTerm is 8, rf.lastLogIndex is 0, rf.lastLogTerm is 0, me is 2
2024-01-15T21:20:36.303+0800	INFO	raft/raft.go:488	rf.sendRequestVote failed when send from server 2 to server 0
2024-01-15T21:20:36.303+0800	INFO	raft/raft.go:524	------a new leaderElection() call-------
2024-01-15T21:20:36.303+0800	INFO	raft/raft.go:488	rf.sendRequestVote failed when send from server 2 to server 1
2024-01-15T21:20:36.344+0800	INFO	raft/raft.go:488	rf.sendRequestVote failed when send from server 2 to server 1
2024-01-15T21:20:36.344+0800	INFO	raft/raft.go:524	------a new leaderElection() call-------
2024-01-15T21:20:36.346+0800	INFO	raft/raft.go:442	the election timeout is 415
															the distance between now and last time from leader is 986ms
															rf.state.isleader is false
															rf.state.currTerm is 3
															leader election's me is 2
															begin to elect
2024-01-15T21:20:36.346+0800	INFO	raft/raft.go:465	rf.currenTerm is 4, rf.lastLogIndex is 0, rf.lastLogTerm is 0, me is 2
2024-01-15T21:20:36.643+0800	INFO	raft/raft.go:442	the election timeout is 337
															the distance between now and last time from leader is 340ms
															rf.state.isleader is false
															rf.state.currTerm is 8
															leader election's me is 2
															begin to elect
2024-01-15T21:20:36.643+0800	INFO	raft/raft.go:465	rf.currenTerm is 9, rf.lastLogIndex is 0, rf.lastLogTerm is 0, me is 2
2024-01-15T21:20:36.643+0800	INFO	raft/raft.go:488	rf.sendRequestVote failed when send from server 2 to server 1
2024-01-15T21:20:36.643+0800	INFO	raft/raft.go:488	rf.sendRequestVote failed when send from server 2 to server 0
2024-01-15T21:20:36.643+0800	INFO	raft/raft.go:524	------a new leaderElection() call-------
2024-01-15T21:20:36.960+0800	INFO	raft/raft.go:442	the election timeout is 315
															the distance between now and last time from leader is 316ms
															rf.state.isleader is false
															rf.state.currTerm is 9
															leader election's me is 2
															begin to elect
2024-01-15T21:20:36.960+0800	INFO	raft/raft.go:465	rf.currenTerm is 10, rf.lastLogIndex is 0, rf.lastLogTerm is 0, me is 2
2024-01-15T21:20:36.960+0800	INFO	raft/raft.go:488	rf.sendRequestVote failed when send from server 2 to server 1
2024-01-15T21:20:36.960+0800	INFO	raft/raft.go:488	rf.sendRequestVote failed when send from server 2 to server 0
2024-01-15T21:20:36.960+0800	INFO	raft/raft.go:524	------a new leaderElection() call-------
2024-01-15T21:20:37.303+0800	INFO	raft/raft.go:442	the election timeout is 340
															the distance between now and last time from leader is 343ms
															rf.state.isleader is false
															rf.state.currTerm is 10
															leader election's me is 2
															begin to elect
2024-01-15T21:20:37.303+0800	INFO	raft/raft.go:465	rf.currenTerm is 11, rf.lastLogIndex is 0, rf.lastLogTerm is 0, me is 2
2024-01-15T21:20:37.303+0800	INFO	raft/raft.go:488	rf.sendRequestVote failed when send from server 2 to server 1
2024-01-15T21:20:37.303+0800	INFO	raft/raft.go:488	rf.sendRequestVote failed when send from server 2 to server 0
2024-01-15T21:20:37.303+0800	INFO	raft/raft.go:524	------a new leaderElection() call-------
2024-01-15T21:20:37.746+0800	INFO	raft/raft.go:442	the election timeout is 441
															the distance between now and last time from leader is 442ms
															rf.state.isleader is false
															rf.state.currTerm is 11
															leader election's me is 2
															begin to elect
2024-01-15T21:20:37.746+0800	INFO	raft/raft.go:465	rf.currenTerm is 12, rf.lastLogIndex is 0, rf.lastLogTerm is 0, me is 2
2024-01-15T21:20:37.746+0800	INFO	raft/raft.go:488	rf.sendRequestVote failed when send from server 2 to server 1
2024-01-15T21:20:37.746+0800	INFO	raft/raft.go:488	rf.sendRequestVote failed when send from server 2 to server 0
2024-01-15T21:20:37.746+0800	INFO	raft/raft.go:524	------a new leaderElection() call-------
2024-01-15T21:20:37.840+0800	INFO	raft/raft.go:488	rf.sendRequestVote failed when send from server 2 to server 0
2024-01-15T21:20:38.125+0800	INFO	raft/raft.go:442	the election timeout is 377
															the distance between now and last time from leader is 379ms
															rf.state.isleader is false
															rf.state.currTerm is 12
															leader election's me is 2
															begin to elect
2024-01-15T21:20:38.125+0800	INFO	raft/raft.go:465	rf.currenTerm is 13, rf.lastLogIndex is 0, rf.lastLogTerm is 0, me is 2
2024-01-15T21:20:38.125+0800	INFO	raft/raft.go:488	rf.sendRequestVote failed when send from server 2 to server 1
2024-01-15T21:20:38.125+0800	INFO	raft/raft.go:488	rf.sendRequestVote failed when send from server 2 to server 0
2024-01-15T21:20:38.125+0800	INFO	raft/raft.go:524	------a new leaderElection() call-------
2024-01-15T21:20:38.511+0800	INFO	raft/raft.go:442	the election timeout is 384
															the distance between now and last time from leader is 386ms
															rf.state.isleader is false
															rf.state.currTerm is 13
															leader election's me is 2
															begin to elect
2024-01-15T21:20:38.511+0800	INFO	raft/raft.go:465	rf.currenTerm is 14, rf.lastLogIndex is 0, rf.lastLogTerm is 0, me is 2
2024-01-15T21:20:38.511+0800	INFO	raft/raft.go:488	rf.sendRequestVote failed when send from server 2 to server 0
2024-01-15T21:20:38.511+0800	INFO	raft/raft.go:524	------a new leaderElection() call-------
2024-01-15T21:20:38.511+0800	INFO	raft/raft.go:488	rf.sendRequestVote failed when send from server 2 to server 1
2024-01-15T21:20:38.908+0800	INFO	raft/raft.go:442	the election timeout is 395
															the distance between now and last time from leader is 396ms
															rf.state.isleader is false
															rf.state.currTerm is 14
															leader election's me is 2
															begin to elect
2024-01-15T21:20:38.908+0800	INFO	raft/raft.go:465	rf.currenTerm is 15, rf.lastLogIndex is 0, rf.lastLogTerm is 0, me is 2
2024-01-15T21:20:38.908+0800	INFO	raft/raft.go:488	rf.sendRequestVote failed when send from server 2 to server 1
2024-01-15T21:20:38.908+0800	INFO	raft/raft.go:524	------a new leaderElection() call-------
2024-01-15T21:20:38.908+0800	INFO	raft/raft.go:488	rf.sendRequestVote failed when send from server 2 to server 0
2024-01-15T21:20:39.217+0800	INFO	raft/raft.go:442	the election timeout is 307
															the distance between now and last time from leader is 308ms
															rf.state.isleader is false
															rf.state.currTerm is 15
															leader election's me is 2
															begin to elect
2024-01-15T21:20:39.217+0800	INFO	raft/raft.go:465	rf.currenTerm is 16, rf.lastLogIndex is 0, rf.lastLogTerm is 0, me is 2
2024-01-15T21:20:39.217+0800	INFO	raft/raft.go:488	rf.sendRequestVote failed when send from server 2 to server 1
2024-01-15T21:20:39.217+0800	INFO	raft/raft.go:488	rf.sendRequestVote failed when send from server 2 to server 0
2024-01-15T21:20:39.217+0800	INFO	raft/raft.go:524	------a new leaderElection() call-------
2024-01-15T21:20:39.548+0800	INFO	raft/raft.go:442	the election timeout is 329
															the distance between now and last time from leader is 331ms
															rf.state.isleader is false
															rf.state.currTerm is 16
															leader election's me is 2
															begin to elect
2024-01-15T21:20:39.548+0800	INFO	raft/raft.go:465	rf.currenTerm is 17, rf.lastLogIndex is 0, rf.lastLogTerm is 0, me is 2
2024-01-15T21:20:39.548+0800	INFO	raft/raft.go:488	rf.sendRequestVote failed when send from server 2 to server 1
2024-01-15T21:20:39.548+0800	INFO	raft/raft.go:524	------a new leaderElection() call-------
2024-01-15T21:20:39.548+0800	INFO	raft/raft.go:488	rf.sendRequestVote failed when send from server 2 to server 0
2024-01-15T21:20:39.946+0800	INFO	raft/raft.go:442	the election timeout is 395
															the distance between now and last time from leader is 397ms
															rf.state.isleader is false
															rf.state.currTerm is 17
															leader election's me is 2
															begin to elect
2024-01-15T21:20:39.946+0800	INFO	raft/raft.go:465	rf.currenTerm is 18, rf.lastLogIndex is 0, rf.lastLogTerm is 0, me is 2
2024-01-15T21:20:39.946+0800	INFO	raft/raft.go:488	rf.sendRequestVote failed when send from server 2 to server 1
2024-01-15T21:20:39.946+0800	INFO	raft/raft.go:488	rf.sendRequestVote failed when send from server 2 to server 0
2024-01-15T21:20:39.946+0800	INFO	raft/raft.go:524	------a new leaderElection() call-------
2024-01-15T21:20:40.325+0800	INFO	raft/raft.go:442	the election timeout is 378
															the distance between now and last time from leader is 379ms
															rf.state.isleader is false
															rf.state.currTerm is 18
															leader election's me is 2
															begin to elect
2024-01-15T21:20:40.325+0800	INFO	raft/raft.go:465	rf.currenTerm is 19, rf.lastLogIndex is 0, rf.lastLogTerm is 0, me is 2
2024-01-15T21:20:40.325+0800	INFO	raft/raft.go:488	rf.sendRequestVote failed when send from server 2 to server 1
2024-01-15T21:20:40.325+0800	INFO	raft/raft.go:488	rf.sendRequestVote failed when send from server 2 to server 0
2024-01-15T21:20:40.325+0800	INFO	raft/raft.go:524	------a new leaderElection() call-------
2024-01-15T21:20:40.757+0800	INFO	raft/raft.go:442	the election timeout is 430
															the distance between now and last time from leader is 432ms
															rf.state.isleader is false
															rf.state.currTerm is 19
															leader election's me is 2
															begin to elect
2024-01-15T21:20:40.757+0800	INFO	raft/raft.go:465	rf.currenTerm is 20, rf.lastLogIndex is 0, rf.lastLogTerm is 0, me is 2
2024-01-15T21:20:40.757+0800	INFO	raft/raft.go:488	rf.sendRequestVote failed when send from server 2 to server 1
2024-01-15T21:20:40.757+0800	INFO	raft/raft.go:488	rf.sendRequestVote failed when send from server 2 to server 0
2024-01-15T21:20:40.757+0800	INFO	raft/raft.go:524	------a new leaderElection() call-------
2024-01-15T21:20:41.116+0800	INFO	raft/raft.go:442	the election timeout is 357
															the distance between now and last time from leader is 358ms
															rf.state.isleader is false
															rf.state.currTerm is 20
															leader election's me is 2
															begin to elect
2024-01-15T21:20:41.116+0800	INFO	raft/raft.go:465	rf.currenTerm is 21, rf.lastLogIndex is 0, rf.lastLogTerm is 0, me is 2
2024-01-15T21:20:41.116+0800	INFO	raft/raft.go:488	rf.sendRequestVote failed when send from server 2 to server 1
2024-01-15T21:20:41.116+0800	INFO	raft/raft.go:488	rf.sendRequestVote failed when send from server 2 to server 0
2024-01-15T21:20:41.116+0800	INFO	raft/raft.go:524	------a new leaderElection() call-------
2024-01-15T21:20:41.362+0800	INFO	raft/raft.go:217	enter the `rf.Requestvote()` handler
															rf.me is 2
															rf.currentTerm is 4
															rf.voteFor is 2
															args.CandiateId is 1
2024-01-15T21:20:41.362+0800	INFO	raft/raft.go:260	before exiting the `rf.Requestvote()` handler
															rf.me is 2
															rf.currentTerm is 5
															rf.voteFor is 1
															args.CandiateId is 1
2024-01-15T21:20:41.512+0800	INFO	raft/raft.go:442	the election timeout is 395
															the distance between now and last time from leader is 396ms
															rf.state.isleader is false
															rf.state.currTerm is 21
															leader election's me is 2
															begin to elect
2024-01-15T21:20:41.512+0800	INFO	raft/raft.go:465	rf.currenTerm is 22, rf.lastLogIndex is 0, rf.lastLogTerm is 0, me is 2
2024-01-15T21:20:41.512+0800	INFO	raft/raft.go:488	rf.sendRequestVote failed when send from server 2 to server 1
2024-01-15T21:20:41.512+0800	INFO	raft/raft.go:488	rf.sendRequestVote failed when send from server 2 to server 0
2024-01-15T21:20:41.512+0800	INFO	raft/raft.go:524	------a new leaderElection() call-------
2024-01-15T21:20:41.909+0800	INFO	raft/raft.go:442	the election timeout is 395
															the distance between now and last time from leader is 397ms
															rf.state.isleader is false
															rf.state.currTerm is 22
															leader election's me is 2
															begin to elect
2024-01-15T21:20:41.909+0800	INFO	raft/raft.go:465	rf.currenTerm is 23, rf.lastLogIndex is 0, rf.lastLogTerm is 0, me is 2
2024-01-15T21:20:41.909+0800	INFO	raft/raft.go:488	rf.sendRequestVote failed when send from server 2 to server 0
2024-01-15T21:20:41.909+0800	INFO	raft/raft.go:524	------a new leaderElection() call-------
2024-01-15T21:20:41.909+0800	INFO	raft/raft.go:488	rf.sendRequestVote failed when send from server 2 to server 1
