2024-01-02T10:39:24.001+0800	INFO	raft/raft.go:269	--------------------------------------Start a new run------------------------------------
2024-01-02T10:39:24.047+0800	INFO	raft/raft.go:269	--------------------------------------Start a new run------------------------------------
2024-01-02T10:39:24.091+0800	INFO	raft/raft.go:269	--------------------------------------Start a new run------------------------------------
2024-01-02T10:39:29.185+0800	INFO	raft/raft.go:269	--------------------------------------Start a new run------------------------------------
2024-01-02T10:39:29.226+0800	INFO	raft/raft.go:269	--------------------------------------Start a new run------------------------------------
2024-01-02T10:39:29.282+0800	INFO	raft/raft.go:269	--------------------------------------Start a new run------------------------------------
2024-01-02T11:10:59.610+0800	INFO	raft/raft.go:270	--------------------------------------Start a new run------------------------------------
2024-01-02T11:10:59.610+0800	INFO	raft/raft.go:276	The electionTimeout is 440
2024-01-02T11:10:59.672+0800	INFO	raft/raft.go:270	--------------------------------------Start a new run------------------------------------
2024-01-02T11:10:59.672+0800	INFO	raft/raft.go:276	The electionTimeout is 310
2024-01-02T11:10:59.717+0800	INFO	raft/raft.go:270	--------------------------------------Start a new run------------------------------------
2024-01-02T11:10:59.717+0800	INFO	raft/raft.go:276	The electionTimeout is 323
2024-01-02T11:11:04.870+0800	INFO	raft/raft.go:270	--------------------------------------Start a new run------------------------------------
2024-01-02T11:11:04.870+0800	INFO	raft/raft.go:276	The electionTimeout is 411
2024-01-02T11:11:04.906+0800	INFO	raft/raft.go:270	--------------------------------------Start a new run------------------------------------
2024-01-02T11:11:04.906+0800	INFO	raft/raft.go:276	The electionTimeout is 445
2024-01-02T11:11:04.951+0800	INFO	raft/raft.go:270	--------------------------------------Start a new run------------------------------------
2024-01-02T11:11:04.951+0800	INFO	raft/raft.go:276	The electionTimeout is 373
2024-01-02T11:18:43.098+0800	INFO	raft/raft.go:270	--------------------------------------Start a new server init------------------------------------
2024-01-02T11:18:43.098+0800	INFO	raft/raft.go:276	The electionTimeout is 370
2024-01-02T11:18:43.132+0800	INFO	raft/raft.go:270	--------------------------------------Start a new server init------------------------------------
2024-01-02T11:18:43.132+0800	INFO	raft/raft.go:276	The electionTimeout is 352
2024-01-02T11:18:43.165+0800	INFO	raft/raft.go:270	--------------------------------------Start a new server init------------------------------------
2024-01-02T11:18:43.165+0800	INFO	raft/raft.go:276	The electionTimeout is 415
2024-01-02T11:18:48.232+0800	INFO	raft/raft.go:270	--------------------------------------Start a new server init------------------------------------
2024-01-02T11:18:48.232+0800	INFO	raft/raft.go:276	The electionTimeout is 430
2024-01-02T11:18:48.701+0800	INFO	raft/raft.go:270	--------------------------------------Start a new server init------------------------------------
2024-01-02T11:18:48.701+0800	INFO	raft/raft.go:276	The electionTimeout is 313
2024-01-02T11:18:48.746+0800	INFO	raft/raft.go:270	--------------------------------------Start a new server init------------------------------------
2024-01-02T11:18:48.746+0800	INFO	raft/raft.go:276	The electionTimeout is 343
2024-01-02T11:20:45.735+0800	INFO	raft/raft.go:270	--------------------------------------Start a new server init------------------------------------
2024-01-02T11:20:45.735+0800	INFO	raft/raft.go:276	The electionTimeout is 405
2024-01-02T11:20:45.777+0800	INFO	raft/raft.go:270	--------------------------------------Start a new server init------------------------------------
2024-01-02T11:20:45.777+0800	INFO	raft/raft.go:276	The electionTimeout is 347
2024-01-02T11:20:45.821+0800	INFO	raft/raft.go:270	--------------------------------------Start a new server init------------------------------------
2024-01-02T11:20:45.821+0800	INFO	raft/raft.go:276	The electionTimeout is 443
2024-01-02T11:20:50.769+0800	INFO	raft/raft.go:270	--------------------------------------Start a new server init------------------------------------
2024-01-02T11:20:50.769+0800	INFO	raft/raft.go:276	The electionTimeout is 383
2024-01-02T11:20:50.901+0800	INFO	raft/raft.go:270	--------------------------------------Start a new server init------------------------------------
2024-01-02T11:20:50.901+0800	INFO	raft/raft.go:276	The electionTimeout is 421
2024-01-02T11:20:50.945+0800	INFO	raft/raft.go:270	--------------------------------------Start a new server init------------------------------------
2024-01-02T11:20:50.945+0800	INFO	raft/raft.go:276	The electionTimeout is 449
2024-01-02T11:22:06.843+0800	INFO	raft/raft.go:270	--------------------------------------Start a new server init------------------------------------
2024-01-02T11:22:06.843+0800	INFO	raft/raft.go:276	The electionTimeout is 401
2024-01-02T11:22:06.872+0800	INFO	raft/raft.go:270	--------------------------------------Start a new server init------------------------------------
2024-01-02T11:22:06.872+0800	INFO	raft/raft.go:276	The electionTimeout is 368
2024-01-02T11:22:06.917+0800	INFO	raft/raft.go:270	--------------------------------------Start a new server init------------------------------------
2024-01-02T11:22:06.917+0800	INFO	raft/raft.go:276	The electionTimeout is 343
2024-01-02T11:22:12.164+0800	INFO	raft/raft.go:270	--------------------------------------Start a new server init------------------------------------
2024-01-02T11:22:12.165+0800	INFO	raft/raft.go:276	The electionTimeout is 415
2024-01-02T11:22:12.208+0800	INFO	raft/raft.go:270	--------------------------------------Start a new server init------------------------------------
2024-01-02T11:22:12.208+0800	INFO	raft/raft.go:276	The electionTimeout is 382
2024-01-02T11:22:12.252+0800	INFO	raft/raft.go:270	--------------------------------------Start a new server init------------------------------------
2024-01-02T11:22:12.252+0800	INFO	raft/raft.go:276	The electionTimeout is 374
2024-01-02T11:22:51.846+0800	INFO	raft/raft.go:270	--------------------------------------Start a new server init------------------------------------
2024-01-02T11:22:51.846+0800	INFO	raft/raft.go:276	The electionTimeout is 327
2024-01-02T11:22:51.846+0800	INFO	raft/raft.go:278	&{S1jwjVYsx7WyWUyZqQIv 0xc00002c360 0xc00002c3c0}
2024-01-02T11:22:51.886+0800	INFO	raft/raft.go:270	--------------------------------------Start a new server init------------------------------------
2024-01-02T11:22:51.886+0800	INFO	raft/raft.go:276	The electionTimeout is 382
2024-01-02T11:22:51.886+0800	INFO	raft/raft.go:278	&{ldEqxvY7WeEFnb4CvxP_ 0xc00002c360 0xc00002c3c0}
2024-01-02T11:22:51.931+0800	INFO	raft/raft.go:270	--------------------------------------Start a new server init------------------------------------
2024-01-02T11:22:51.931+0800	INFO	raft/raft.go:276	The electionTimeout is 356
2024-01-02T11:22:51.931+0800	INFO	raft/raft.go:278	&{b1a_r1rSF-SnZtFSZWCA 0xc00002c360 0xc00002c3c0}
2024-01-02T11:22:56.858+0800	INFO	raft/raft.go:270	--------------------------------------Start a new server init------------------------------------
2024-01-02T11:22:56.858+0800	INFO	raft/raft.go:276	The electionTimeout is 417
2024-01-02T11:22:56.858+0800	INFO	raft/raft.go:278	&{CASgQFsEOo8grAbKY9Nm 0xc00022c0c0 0xc00022c120}
2024-01-02T11:22:56.888+0800	INFO	raft/raft.go:270	--------------------------------------Start a new server init------------------------------------
2024-01-02T11:22:56.888+0800	INFO	raft/raft.go:276	The electionTimeout is 302
2024-01-02T11:22:56.888+0800	INFO	raft/raft.go:278	&{9A5_tTkKswL5zlT0j2Ro 0xc00022c0c0 0xc00022c120}
2024-01-02T11:22:56.921+0800	INFO	raft/raft.go:270	--------------------------------------Start a new server init------------------------------------
2024-01-02T11:22:56.921+0800	INFO	raft/raft.go:276	The electionTimeout is 338
2024-01-02T11:22:56.921+0800	INFO	raft/raft.go:278	&{Ux3kjfjfETgnAXrMzhZx 0xc00022c0c0 0xc00022c120}
