2024-01-05T10:18:32.866+0800	INFO	raft/raft.go:280	--------------------------------------Start a new server init------------------------------------
2024-01-05T10:18:32.866+0800	INFO	raft/raft.go:287	The electionTimeout is 403
2024-01-05T10:18:32.866+0800	INFO	raft/raft.go:288	peers is [0xc00007e2c0 0xc00007e2e0 0xc00007e300]
2024-01-05T10:18:32.907+0800	INFO	raft/raft.go:280	--------------------------------------Start a new server init------------------------------------
2024-01-05T10:18:32.907+0800	INFO	raft/raft.go:287	The electionTimeout is 338
2024-01-05T10:18:32.907+0800	INFO	raft/raft.go:288	peers is [0xc00007e400 0xc00007e420 0xc00007e440]
2024-01-05T10:18:32.963+0800	INFO	raft/raft.go:280	--------------------------------------Start a new server init------------------------------------
2024-01-05T10:18:32.963+0800	INFO	raft/raft.go:287	The electionTimeout is 357
2024-01-05T10:18:32.963+0800	INFO	raft/raft.go:288	peers is [0xc0001200e0 0xc000120100 0xc000120120]
2024-01-05T10:18:33.067+0800	INFO	raft/raft.go:170	excute here
2024-01-05T10:18:33.067+0800	INFO	raft/raft.go:207	after rf.peers[server].Call() ok is %vtrue
2024-01-05T10:18:33.067+0800	INFO	raft/raft.go:295	rpc successful: reply_term=1, reply_grantvote=true
2024-01-05T10:18:33.108+0800	INFO	raft/raft.go:170	excute here
2024-01-05T10:18:33.108+0800	INFO	raft/raft.go:207	after rf.peers[server].Call() ok is %vtrue
2024-01-05T10:18:33.108+0800	INFO	raft/raft.go:295	rpc successful: reply_term=1, reply_grantvote=true
2024-01-05T10:18:33.163+0800	INFO	raft/raft.go:170	excute here
2024-01-05T10:18:33.163+0800	INFO	raft/raft.go:207	after rf.peers[server].Call() ok is %vtrue
2024-01-05T10:18:33.163+0800	INFO	raft/raft.go:295	rpc successful: reply_term=1, reply_grantvote=true
2024-01-05T10:18:33.267+0800	INFO	raft/raft.go:170	excute here
2024-01-05T10:18:33.267+0800	INFO	raft/raft.go:207	after rf.peers[server].Call() ok is %vtrue
2024-01-05T10:18:33.267+0800	INFO	raft/raft.go:295	rpc successful: reply_term=1, reply_grantvote=true
2024-01-05T10:18:33.309+0800	INFO	raft/raft.go:170	excute here
2024-01-05T10:18:33.309+0800	INFO	raft/raft.go:207	after rf.peers[server].Call() ok is %vtrue
2024-01-05T10:18:33.309+0800	INFO	raft/raft.go:295	rpc successful: reply_term=1, reply_grantvote=true
2024-01-05T10:18:33.364+0800	INFO	raft/raft.go:170	excute here
2024-01-05T10:18:33.364+0800	INFO	raft/raft.go:207	after rf.peers[server].Call() ok is %vtrue
2024-01-05T10:18:33.364+0800	INFO	raft/raft.go:295	rpc successful: reply_term=1, reply_grantvote=true
2024-01-05T10:18:33.468+0800	INFO	raft/raft.go:170	excute here
2024-01-05T10:18:33.469+0800	INFO	raft/raft.go:207	after rf.peers[server].Call() ok is %vtrue
2024-01-05T10:18:33.469+0800	INFO	raft/raft.go:295	rpc successful: reply_term=1, reply_grantvote=true
2024-01-05T10:18:33.510+0800	INFO	raft/raft.go:170	excute here
2024-01-05T10:18:33.510+0800	INFO	raft/raft.go:207	after rf.peers[server].Call() ok is %vtrue
2024-01-05T10:18:33.510+0800	INFO	raft/raft.go:295	rpc successful: reply_term=1, reply_grantvote=true
2024-01-05T10:18:33.564+0800	INFO	raft/raft.go:170	excute here
2024-01-05T10:18:33.564+0800	INFO	raft/raft.go:207	after rf.peers[server].Call() ok is %vtrue
2024-01-05T10:18:33.564+0800	INFO	raft/raft.go:295	rpc successful: reply_term=1, reply_grantvote=true
2024-01-05T10:18:37.986+0800	INFO	raft/raft.go:280	--------------------------------------Start a new server init------------------------------------
2024-01-05T10:18:37.986+0800	INFO	raft/raft.go:287	The electionTimeout is 333
2024-01-05T10:18:37.986+0800	INFO	raft/raft.go:288	peers is [0xc000219240 0xc000219260 0xc000219280]
2024-01-05T10:18:38.019+0800	INFO	raft/raft.go:280	--------------------------------------Start a new server init------------------------------------
2024-01-05T10:18:38.019+0800	INFO	raft/raft.go:287	The electionTimeout is 306
2024-01-05T10:18:38.019+0800	INFO	raft/raft.go:288	peers is [0xc000219380 0xc0002193a0 0xc0002193c0]
2024-01-05T10:18:38.063+0800	INFO	raft/raft.go:280	--------------------------------------Start a new server init------------------------------------
2024-01-05T10:18:38.063+0800	INFO	raft/raft.go:287	The electionTimeout is 326
2024-01-05T10:18:38.063+0800	INFO	raft/raft.go:288	peers is [0xc0002194c0 0xc0002194e0 0xc000219500]
2024-01-05T10:18:38.186+0800	INFO	raft/raft.go:170	excute here
2024-01-05T10:18:38.186+0800	INFO	raft/raft.go:207	after rf.peers[server].Call() ok is %vtrue
2024-01-05T10:18:38.186+0800	INFO	raft/raft.go:295	rpc successful: reply_term=1, reply_grantvote=true
2024-01-05T10:18:38.220+0800	INFO	raft/raft.go:170	excute here
2024-01-05T10:18:38.220+0800	INFO	raft/raft.go:207	after rf.peers[server].Call() ok is %vtrue
2024-01-05T10:18:38.220+0800	INFO	raft/raft.go:295	rpc successful: reply_term=1, reply_grantvote=true
2024-01-05T10:18:38.264+0800	INFO	raft/raft.go:170	excute here
2024-01-05T10:18:38.264+0800	INFO	raft/raft.go:207	after rf.peers[server].Call() ok is %vtrue
2024-01-05T10:18:38.264+0800	INFO	raft/raft.go:295	rpc successful: reply_term=1, reply_grantvote=true
2024-01-05T10:18:38.387+0800	INFO	raft/raft.go:170	excute here
2024-01-05T10:18:38.387+0800	INFO	raft/raft.go:207	after rf.peers[server].Call() ok is %vtrue
2024-01-05T10:18:38.387+0800	INFO	raft/raft.go:295	rpc successful: reply_term=1, reply_grantvote=true
2024-01-05T10:18:38.420+0800	INFO	raft/raft.go:170	excute here
2024-01-05T10:18:38.420+0800	INFO	raft/raft.go:207	after rf.peers[server].Call() ok is %vtrue
2024-01-05T10:18:38.420+0800	INFO	raft/raft.go:295	rpc successful: reply_term=1, reply_grantvote=true
2024-01-05T10:18:38.464+0800	INFO	raft/raft.go:170	excute here
2024-01-05T10:18:38.464+0800	INFO	raft/raft.go:207	after rf.peers[server].Call() ok is %vtrue
2024-01-05T10:18:38.464+0800	INFO	raft/raft.go:295	rpc successful: reply_term=1, reply_grantvote=true
2024-01-05T10:18:38.587+0800	INFO	raft/raft.go:170	excute here
2024-01-05T10:18:38.587+0800	INFO	raft/raft.go:207	after rf.peers[server].Call() ok is %vtrue
2024-01-05T10:18:38.587+0800	INFO	raft/raft.go:295	rpc successful: reply_term=1, reply_grantvote=true
2024-01-05T10:18:38.620+0800	INFO	raft/raft.go:170	excute here
2024-01-05T10:18:38.620+0800	INFO	raft/raft.go:207	after rf.peers[server].Call() ok is %vtrue
2024-01-05T10:18:38.620+0800	INFO	raft/raft.go:295	rpc successful: reply_term=1, reply_grantvote=true
2024-01-05T10:18:38.665+0800	INFO	raft/raft.go:170	excute here
2024-01-05T10:18:38.665+0800	INFO	raft/raft.go:207	after rf.peers[server].Call() ok is %vtrue
2024-01-05T10:18:38.665+0800	INFO	raft/raft.go:295	rpc successful: reply_term=1, reply_grantvote=true
2024-01-05T10:21:25.797+0800	INFO	raft/raft.go:280	--------------------------------------Start a new server init------------------------------------
2024-01-05T10:21:25.797+0800	INFO	raft/raft.go:287	The electionTimeout is 446
2024-01-05T10:21:25.797+0800	INFO	raft/raft.go:288	peers is [0xc0001e22a0 0xc0001e22c0 0xc0001e22e0]
2024-01-05T10:21:25.837+0800	INFO	raft/raft.go:280	--------------------------------------Start a new server init------------------------------------
2024-01-05T10:21:25.837+0800	INFO	raft/raft.go:287	The electionTimeout is 381
2024-01-05T10:21:25.837+0800	INFO	raft/raft.go:288	peers is [0xc0001e23e0 0xc0001e2400 0xc0001e2420]
2024-01-05T10:21:25.893+0800	INFO	raft/raft.go:280	--------------------------------------Start a new server init------------------------------------
2024-01-05T10:21:25.893+0800	INFO	raft/raft.go:287	The electionTimeout is 403
2024-01-05T10:21:25.893+0800	INFO	raft/raft.go:288	peers is [0xc0001e2520 0xc0001e2540 0xc0001e2560]
2024-01-05T10:21:25.997+0800	INFO	raft/raft.go:170	excute here
2024-01-05T10:21:25.997+0800	INFO	raft/raft.go:207	after rf.peers[server].Call() ok is %vtrue
2024-01-05T10:21:25.997+0800	INFO	raft/raft.go:295	rpc successful: reply_term=1, reply_grantvote=true
2024-01-05T10:21:26.039+0800	INFO	raft/raft.go:170	excute here
2024-01-05T10:21:26.039+0800	INFO	raft/raft.go:207	after rf.peers[server].Call() ok is %vtrue
2024-01-05T10:21:26.039+0800	INFO	raft/raft.go:295	rpc successful: reply_term=1, reply_grantvote=true
2024-01-05T10:21:26.094+0800	INFO	raft/raft.go:170	excute here
2024-01-05T10:21:26.094+0800	INFO	raft/raft.go:207	after rf.peers[server].Call() ok is %vtrue
2024-01-05T10:21:26.094+0800	INFO	raft/raft.go:295	rpc successful: reply_term=1, reply_grantvote=true
2024-01-05T10:21:30.851+0800	INFO	raft/raft.go:280	--------------------------------------Start a new server init------------------------------------
2024-01-05T10:21:30.851+0800	INFO	raft/raft.go:287	The electionTimeout is 315
2024-01-05T10:21:30.851+0800	INFO	raft/raft.go:288	peers is [0xc0001347a0 0xc0001347c0 0xc0001347e0]
2024-01-05T10:21:30.895+0800	INFO	raft/raft.go:280	--------------------------------------Start a new server init------------------------------------
2024-01-05T10:21:30.895+0800	INFO	raft/raft.go:287	The electionTimeout is 423
2024-01-05T10:21:30.895+0800	INFO	raft/raft.go:288	peers is [0xc0001348e0 0xc000134900 0xc000134920]
2024-01-05T10:21:30.939+0800	INFO	raft/raft.go:280	--------------------------------------Start a new server init------------------------------------
2024-01-05T10:21:30.939+0800	INFO	raft/raft.go:287	The electionTimeout is 327
2024-01-05T10:21:30.939+0800	INFO	raft/raft.go:288	peers is [0xc000134a20 0xc000134a40 0xc000134a60]
2024-01-05T10:21:31.052+0800	INFO	raft/raft.go:170	excute here
2024-01-05T10:21:31.052+0800	INFO	raft/raft.go:207	after rf.peers[server].Call() ok is %vtrue
2024-01-05T10:21:31.052+0800	INFO	raft/raft.go:295	rpc successful: reply_term=1, reply_grantvote=true
2024-01-05T10:21:31.095+0800	INFO	raft/raft.go:170	excute here
2024-01-05T10:21:31.095+0800	INFO	raft/raft.go:207	after rf.peers[server].Call() ok is %vtrue
2024-01-05T10:21:31.095+0800	INFO	raft/raft.go:295	rpc successful: reply_term=1, reply_grantvote=true
2024-01-05T10:21:31.140+0800	INFO	raft/raft.go:170	excute here
2024-01-05T10:21:31.140+0800	INFO	raft/raft.go:207	after rf.peers[server].Call() ok is %vtrue
2024-01-05T10:21:31.140+0800	INFO	raft/raft.go:295	rpc successful: reply_term=1, reply_grantvote=true
2024-01-05T11:21:57.647+0800	INFO	raft/raft.go:280	--------------------------------------Start a new server init------------------------------------
2024-01-05T11:21:57.647+0800	INFO	raft/raft.go:287	The electionTimeout is 444
2024-01-05T11:21:57.647+0800	INFO	raft/raft.go:288	peers is [0xc00007e2c0 0xc00007e2e0 0xc00007e300]
2024-01-05T11:21:57.700+0800	INFO	raft/raft.go:280	--------------------------------------Start a new server init------------------------------------
2024-01-05T11:21:57.700+0800	INFO	raft/raft.go:287	The electionTimeout is 336
2024-01-05T11:21:57.700+0800	INFO	raft/raft.go:288	peers is [0xc00007e400 0xc00007e420 0xc00007e440]
2024-01-05T11:21:57.745+0800	INFO	raft/raft.go:280	--------------------------------------Start a new server init------------------------------------
2024-01-05T11:21:57.745+0800	INFO	raft/raft.go:287	The electionTimeout is 326
2024-01-05T11:21:57.745+0800	INFO	raft/raft.go:288	peers is [0xc00007e540 0xc00007e560 0xc00007e580]
2024-01-05T11:21:57.848+0800	INFO	raft/raft.go:170	excute here
2024-01-05T11:21:57.848+0800	INFO	raft/raft.go:207	after rf.peers[server].Call() ok is %vtrue
2024-01-05T11:21:57.848+0800	INFO	raft/raft.go:295	rpc successful: reply_term=1, reply_grantvote=true
2024-01-05T11:21:57.901+0800	INFO	raft/raft.go:170	excute here
2024-01-05T11:21:57.901+0800	INFO	raft/raft.go:207	after rf.peers[server].Call() ok is %vtrue
2024-01-05T11:21:57.901+0800	INFO	raft/raft.go:295	rpc successful: reply_term=1, reply_grantvote=true
2024-01-05T11:21:57.945+0800	INFO	raft/raft.go:170	excute here
2024-01-05T11:21:57.945+0800	INFO	raft/raft.go:207	after rf.peers[server].Call() ok is %vtrue
2024-01-05T11:21:57.945+0800	INFO	raft/raft.go:295	rpc successful: reply_term=1, reply_grantvote=true
2024-01-05T11:22:02.866+0800	INFO	raft/raft.go:280	--------------------------------------Start a new server init------------------------------------
2024-01-05T11:22:02.866+0800	INFO	raft/raft.go:287	The electionTimeout is 337
2024-01-05T11:22:02.866+0800	INFO	raft/raft.go:288	peers is [0xc00007e720 0xc00007e740 0xc00007e760]
2024-01-05T11:22:02.934+0800	INFO	raft/raft.go:280	--------------------------------------Start a new server init------------------------------------
2024-01-05T11:22:02.934+0800	INFO	raft/raft.go:287	The electionTimeout is 311
2024-01-05T11:22:02.934+0800	INFO	raft/raft.go:288	peers is [0xc00007e860 0xc00007e880 0xc00007e8a0]
2024-01-05T11:22:02.990+0800	INFO	raft/raft.go:280	--------------------------------------Start a new server init------------------------------------
2024-01-05T11:22:02.990+0800	INFO	raft/raft.go:287	The electionTimeout is 359
2024-01-05T11:22:02.990+0800	INFO	raft/raft.go:288	peers is [0xc00007e9a0 0xc00007e9c0 0xc00007e9e0]
2024-01-05T11:22:03.067+0800	INFO	raft/raft.go:170	excute here
2024-01-05T11:22:03.067+0800	INFO	raft/raft.go:207	after rf.peers[server].Call() ok is %vtrue
2024-01-05T11:22:03.067+0800	INFO	raft/raft.go:295	rpc successful: reply_term=1, reply_grantvote=true
2024-01-05T11:22:03.135+0800	INFO	raft/raft.go:170	excute here
2024-01-05T11:22:03.135+0800	INFO	raft/raft.go:207	after rf.peers[server].Call() ok is %vtrue
2024-01-05T11:22:03.135+0800	INFO	raft/raft.go:295	rpc successful: reply_term=1, reply_grantvote=true
2024-01-05T11:22:03.191+0800	INFO	raft/raft.go:170	excute here
2024-01-05T11:22:03.191+0800	INFO	raft/raft.go:207	after rf.peers[server].Call() ok is %vtrue
2024-01-05T11:22:03.191+0800	INFO	raft/raft.go:295	rpc successful: reply_term=1, reply_grantvote=true
