2024-01-12T09:37:01.219+0800	INFO	raft/raft.go:384	

---------------------------------------------Start a new server init-------------------------------------------
2024-01-12T09:37:01.269+0800	INFO	raft/raft.go:384	

---------------------------------------------Start a new server init-------------------------------------------
2024-01-12T09:37:01.314+0800	INFO	raft/raft.go:384	

---------------------------------------------Start a new server init-------------------------------------------
2024-01-12T09:37:01.568+0800	INFO	raft/raft.go:420	the election timeout is 348
															the distance between now and last time from leader is 349ms
															rf.state.isleader is false
															leader election's me is 0
															begin to elect
2024-01-12T09:37:01.568+0800	INFO	raft/raft.go:439	rf.currenTerm is 1, rf.lastLogIndex is 0, rf.lastLogTerm is 0, me is 0
2024-01-12T09:37:01.568+0800	INFO	raft/raft.go:211	enter the `rf.Requestvote()` handler
															rf.me is 2
															rf.currentTerm is 0
															rf.voteFor is -1
															args.CandiateId is 0
2024-01-12T09:37:01.568+0800	INFO	raft/raft.go:247	before exiting the `rf.Requestvote()` handler
															rf.me is 2
															rf.currentTerm is 1
															rf.voteFor is 0
															args.CandiateId is 0
2024-01-12T09:37:01.568+0800	INFO	raft/raft.go:453	Convert2Candidate.me is 0
2024-01-12T09:37:01.568+0800	INFO	raft/raft.go:211	enter the `rf.Requestvote()` handler
															rf.me is 1
															rf.currentTerm is 0
															rf.voteFor is -1
															args.CandiateId is 0
2024-01-12T09:37:01.568+0800	INFO	raft/raft.go:247	before exiting the `rf.Requestvote()` handler
															rf.me is 1
															rf.currentTerm is 1
															rf.voteFor is 0
															args.CandiateId is 0
2024-01-12T09:37:01.568+0800	INFO	raft/raft.go:453	Convert2Candidate.me is 0
2024-01-12T09:37:04.407+0800	INFO	raft/raft.go:384	

---------------------------------------------Start a new server init-------------------------------------------
2024-01-12T09:37:04.450+0800	INFO	raft/raft.go:384	

---------------------------------------------Start a new server init-------------------------------------------
2024-01-12T09:37:04.498+0800	INFO	raft/raft.go:384	

---------------------------------------------Start a new server init-------------------------------------------
2024-01-12T09:37:04.750+0800	INFO	raft/raft.go:420	the election timeout is 329
															the distance between now and last time from leader is 343ms
															rf.state.isleader is false
															leader election's me is 2
															begin to elect
2024-01-12T09:37:04.750+0800	INFO	raft/raft.go:439	rf.currenTerm is 2, rf.lastLogIndex is 0, rf.lastLogTerm is 0, me is 2
2024-01-12T09:37:04.787+0800	INFO	raft/raft.go:420	the election timeout is 334
															the distance between now and last time from leader is 337ms
															rf.state.isleader is false
															leader election's me is 1
															begin to elect
2024-01-12T09:37:04.787+0800	INFO	raft/raft.go:439	rf.currenTerm is 1, rf.lastLogIndex is 0, rf.lastLogTerm is 0, me is 1
2024-01-12T09:37:04.787+0800	INFO	raft/raft.go:211	enter the `rf.Requestvote()` handler
															rf.me is 2
															rf.currentTerm is 0
															rf.voteFor is -1
															args.CandiateId is 1
2024-01-12T09:37:04.787+0800	INFO	raft/raft.go:247	before exiting the `rf.Requestvote()` handler
															rf.me is 2
															rf.currentTerm is 1
															rf.voteFor is 1
															args.CandiateId is 1
2024-01-12T09:37:04.787+0800	INFO	raft/raft.go:453	Convert2Candidate.me is 1
2024-01-12T09:37:04.787+0800	INFO	raft/raft.go:211	enter the `rf.Requestvote()` handler
															rf.me is 0
															rf.currentTerm is 0
															rf.voteFor is -1
															args.CandiateId is 1
2024-01-12T09:37:04.787+0800	INFO	raft/raft.go:247	before exiting the `rf.Requestvote()` handler
															rf.me is 0
															rf.currentTerm is 1
															rf.voteFor is 1
															args.CandiateId is 1
2024-01-12T09:37:04.787+0800	INFO	raft/raft.go:453	Convert2Candidate.me is 1
2024-01-12T09:37:04.803+0800	INFO	raft/raft.go:420	the election timeout is 393
															the distance between now and last time from leader is 396ms
															rf.state.isleader is false
															leader election's me is 1
															begin to elect
2024-01-12T09:37:04.803+0800	INFO	raft/raft.go:439	rf.currenTerm is 2, rf.lastLogIndex is 0, rf.lastLogTerm is 0, me is 1
2024-01-12T09:37:05.423+0800	INFO	raft/raft.go:420	the election timeout is 358
															the distance between now and last time from leader is 364ms
															rf.state.isleader is false
															leader election's me is 2
															begin to elect
2024-01-12T09:37:05.423+0800	INFO	raft/raft.go:439	rf.currenTerm is 2, rf.lastLogIndex is 0, rf.lastLogTerm is 0, me is 2
2024-01-12T09:37:05.444+0800	INFO	raft/raft.go:420	the election timeout is 386
															the distance between now and last time from leader is 388ms
															rf.state.isleader is false
															leader election's me is 0
															begin to elect
2024-01-12T09:37:05.444+0800	INFO	raft/raft.go:439	rf.currenTerm is 2, rf.lastLogIndex is 0, rf.lastLogTerm is 0, me is 0
2024-01-12T09:37:05.444+0800	INFO	raft/raft.go:211	enter the `rf.Requestvote()` handler
															rf.me is 2
															rf.currentTerm is 2
															rf.voteFor is 2
															args.CandiateId is 0
2024-01-12T09:37:05.444+0800	INFO	raft/raft.go:247	before exiting the `rf.Requestvote()` handler
															rf.me is 2
															rf.currentTerm is 2
															rf.voteFor is 0
															args.CandiateId is 0
2024-01-12T09:37:05.444+0800	INFO	raft/raft.go:453	Convert2Candidate.me is 0
2024-01-12T09:37:05.444+0800	INFO	raft/raft.go:211	enter the `rf.Requestvote()` handler
															rf.me is 0
															rf.currentTerm is 2
															rf.voteFor is 0
															args.CandiateId is 2
2024-01-12T09:37:05.444+0800	INFO	raft/raft.go:247	before exiting the `rf.Requestvote()` handler
															rf.me is 0
															rf.currentTerm is 2
															rf.voteFor is 2
															args.CandiateId is 2
2024-01-12T09:37:05.444+0800	INFO	raft/raft.go:453	Convert2Candidate.me is 2
2024-01-12T09:52:08.253+0800	INFO	raft/raft.go:384	

---------------------------------------------Start a new server init-------------------------------------------
2024-01-12T09:52:08.465+0800	INFO	raft/raft.go:384	

---------------------------------------------Start a new server init-------------------------------------------
2024-01-12T09:52:08.510+0800	INFO	raft/raft.go:384	

---------------------------------------------Start a new server init-------------------------------------------
2024-01-12T09:52:08.570+0800	INFO	raft/raft.go:420	the election timeout is 315
															the distance between now and last time from leader is 316ms
															rf.state.isleader is false
															leader election's me is 0
															begin to elect
2024-01-12T09:52:08.570+0800	INFO	raft/raft.go:439	rf.currenTerm is 1, rf.lastLogIndex is 0, rf.lastLogTerm is 0, me is 0
2024-01-12T09:52:08.570+0800	INFO	raft/raft.go:211	enter the `rf.Requestvote()` handler
															rf.me is 2
															rf.currentTerm is 0
															rf.voteFor is -1
															args.CandiateId is 0
2024-01-12T09:52:08.570+0800	INFO	raft/raft.go:247	before exiting the `rf.Requestvote()` handler
															rf.me is 2
															rf.currentTerm is 1
															rf.voteFor is 0
															args.CandiateId is 0
2024-01-12T09:52:08.570+0800	INFO	raft/raft.go:211	enter the `rf.Requestvote()` handler
															rf.me is 1
															rf.currentTerm is 0
															rf.voteFor is -1
															args.CandiateId is 0
2024-01-12T09:52:08.570+0800	INFO	raft/raft.go:247	before exiting the `rf.Requestvote()` handler
															rf.me is 1
															rf.currentTerm is 1
															rf.voteFor is 0
															args.CandiateId is 0
2024-01-12T09:52:08.570+0800	INFO	raft/raft.go:453	Convert2Candidate.me is 0
2024-01-12T09:52:08.570+0800	INFO	raft/raft.go:453	Convert2Candidate.me is 0
2024-01-12T09:52:11.618+0800	INFO	raft/raft.go:384	

---------------------------------------------Start a new server init-------------------------------------------
2024-01-12T09:52:11.682+0800	INFO	raft/raft.go:384	

---------------------------------------------Start a new server init-------------------------------------------
2024-01-12T09:52:11.727+0800	INFO	raft/raft.go:384	

---------------------------------------------Start a new server init-------------------------------------------
2024-01-12T09:52:11.925+0800	INFO	raft/raft.go:420	the election timeout is 305
															the distance between now and last time from leader is 306ms
															rf.state.isleader is false
															leader election's me is 2
															begin to elect
2024-01-12T09:52:11.925+0800	INFO	raft/raft.go:439	rf.currenTerm is 2, rf.lastLogIndex is 0, rf.lastLogTerm is 0, me is 2
2024-01-12T09:52:11.961+0800	INFO	raft/raft.go:420	the election timeout is 311
															the distance between now and last time from leader is 342ms
															rf.state.isleader is false
															leader election's me is 0
															begin to elect
2024-01-12T09:52:11.961+0800	INFO	raft/raft.go:439	rf.currenTerm is 1, rf.lastLogIndex is 0, rf.lastLogTerm is 0, me is 0
2024-01-12T09:52:11.961+0800	INFO	raft/raft.go:211	enter the `rf.Requestvote()` handler
															rf.me is 1
															rf.currentTerm is 0
															rf.voteFor is -1
															args.CandiateId is 0
2024-01-12T09:52:11.961+0800	INFO	raft/raft.go:247	before exiting the `rf.Requestvote()` handler
															rf.me is 1
															rf.currentTerm is 1
															rf.voteFor is 0
															args.CandiateId is 0
2024-01-12T09:52:11.961+0800	INFO	raft/raft.go:453	Convert2Candidate.me is 0
2024-01-12T09:52:11.964+0800	INFO	raft/raft.go:211	enter the `rf.Requestvote()` handler
															rf.me is 2
															rf.currentTerm is 0
															rf.voteFor is -1
															args.CandiateId is 0
2024-01-12T09:52:11.964+0800	INFO	raft/raft.go:247	before exiting the `rf.Requestvote()` handler
															rf.me is 2
															rf.currentTerm is 1
															rf.voteFor is 0
															args.CandiateId is 0
2024-01-12T09:52:11.964+0800	INFO	raft/raft.go:453	Convert2Candidate.me is 0
2024-01-12T09:52:11.992+0800	INFO	raft/raft.go:420	the election timeout is 372
															the distance between now and last time from leader is 374ms
															rf.state.isleader is false
															leader election's me is 1
															begin to elect
2024-01-12T09:52:11.992+0800	INFO	raft/raft.go:439	rf.currenTerm is 2, rf.lastLogIndex is 0, rf.lastLogTerm is 0, me is 1
2024-01-12T09:52:12.695+0800	INFO	raft/raft.go:420	the election timeout is 341
															the distance between now and last time from leader is 364ms
															rf.state.isleader is false
															leader election's me is 2
															begin to elect
2024-01-12T09:52:12.695+0800	INFO	raft/raft.go:420	the election timeout is 362
															the distance between now and last time from leader is 364ms
															rf.state.isleader is false
															leader election's me is 1
															begin to elect
2024-01-12T09:52:12.695+0800	INFO	raft/raft.go:439	rf.currenTerm is 2, rf.lastLogIndex is 0, rf.lastLogTerm is 0, me is 2
2024-01-12T09:52:12.695+0800	INFO	raft/raft.go:439	rf.currenTerm is 2, rf.lastLogIndex is 0, rf.lastLogTerm is 0, me is 1
2024-01-12T09:52:12.695+0800	INFO	raft/raft.go:211	enter the `rf.Requestvote()` handler
															rf.me is 1
															rf.currentTerm is 2
															rf.voteFor is 1
															args.CandiateId is 2
2024-01-12T09:52:12.695+0800	INFO	raft/raft.go:247	before exiting the `rf.Requestvote()` handler
															rf.me is 1
															rf.currentTerm is 2
															rf.voteFor is 2
															args.CandiateId is 2
2024-01-12T09:52:12.695+0800	INFO	raft/raft.go:211	enter the `rf.Requestvote()` handler
															rf.me is 2
															rf.currentTerm is 2
															rf.voteFor is 2
															args.CandiateId is 1
2024-01-12T09:52:12.695+0800	INFO	raft/raft.go:247	before exiting the `rf.Requestvote()` handler
															rf.me is 2
															rf.currentTerm is 2
															rf.voteFor is 1
															args.CandiateId is 1
2024-01-12T09:52:12.695+0800	INFO	raft/raft.go:453	Convert2Candidate.me is 2
2024-01-12T09:52:12.695+0800	INFO	raft/raft.go:453	Convert2Candidate.me is 1
2024-01-12T10:44:36.100+0800	INFO	raft/raft.go:386	

---------------------------------------------Start a new server init-------------------------------------------
2024-01-12T10:44:36.145+0800	INFO	raft/raft.go:386	

---------------------------------------------Start a new server init-------------------------------------------
2024-01-12T10:44:36.190+0800	INFO	raft/raft.go:386	

---------------------------------------------Start a new server init-------------------------------------------
2024-01-12T10:44:36.452+0800	INFO	raft/raft.go:422	the election timeout is 304
															the distance between now and last time from leader is 306ms
															rf.state.isleader is false
															leader election's me is 1
															begin to elect
2024-01-12T10:44:36.452+0800	INFO	raft/raft.go:441	rf.currenTerm is 1, rf.lastLogIndex is 0, rf.lastLogTerm is 0, me is 1
2024-01-12T10:44:36.452+0800	INFO	raft/raft.go:211	enter the `rf.Requestvote()` handler
															rf.me is 2
															rf.currentTerm is 0
															rf.voteFor is -1
															args.CandiateId is 1
2024-01-12T10:44:36.452+0800	INFO	raft/raft.go:249	before exiting the `rf.Requestvote()` handler
															rf.me is 2
															rf.currentTerm is 1
															rf.voteFor is 1
															args.CandiateId is 1
2024-01-12T10:44:36.452+0800	INFO	raft/raft.go:455	Convert2Candidate.me is 1
2024-01-12T10:44:36.452+0800	INFO	raft/raft.go:211	enter the `rf.Requestvote()` handler
															rf.me is 0
															rf.currentTerm is 0
															rf.voteFor is -1
															args.CandiateId is 1
2024-01-12T10:44:36.452+0800	INFO	raft/raft.go:249	before exiting the `rf.Requestvote()` handler
															rf.me is 0
															rf.currentTerm is 1
															rf.voteFor is 1
															args.CandiateId is 1
2024-01-12T10:44:36.452+0800	INFO	raft/raft.go:455	Convert2Candidate.me is 1
2024-01-12T10:44:39.346+0800	INFO	raft/raft.go:386	

---------------------------------------------Start a new server init-------------------------------------------
2024-01-12T10:44:39.392+0800	INFO	raft/raft.go:386	

---------------------------------------------Start a new server init-------------------------------------------
2024-01-12T10:44:39.435+0800	INFO	raft/raft.go:386	

---------------------------------------------Start a new server init-------------------------------------------
2024-01-12T10:44:39.687+0800	INFO	raft/raft.go:422	the election timeout is 338
															the distance between now and last time from leader is 340ms
															rf.state.isleader is false
															leader election's me is 0
															begin to elect
2024-01-12T10:44:39.687+0800	INFO	raft/raft.go:441	rf.currenTerm is 1, rf.lastLogIndex is 0, rf.lastLogTerm is 0, me is 0
2024-01-12T10:44:39.688+0800	INFO	raft/raft.go:211	enter the `rf.Requestvote()` handler
															rf.me is 2
															rf.currentTerm is 0
															rf.voteFor is -1
															args.CandiateId is 0
2024-01-12T10:44:39.688+0800	INFO	raft/raft.go:249	before exiting the `rf.Requestvote()` handler
															rf.me is 2
															rf.currentTerm is 1
															rf.voteFor is 0
															args.CandiateId is 0
2024-01-12T10:44:39.688+0800	INFO	raft/raft.go:455	Convert2Candidate.me is 0
2024-01-12T10:44:39.690+0800	INFO	raft/raft.go:211	enter the `rf.Requestvote()` handler
															rf.me is 1
															rf.currentTerm is 0
															rf.voteFor is -1
															args.CandiateId is 0
2024-01-12T10:44:39.690+0800	INFO	raft/raft.go:249	before exiting the `rf.Requestvote()` handler
															rf.me is 1
															rf.currentTerm is 1
															rf.voteFor is 0
															args.CandiateId is 0
2024-01-12T10:44:39.690+0800	INFO	raft/raft.go:455	Convert2Candidate.me is 0
2024-01-12T10:44:39.728+0800	INFO	raft/raft.go:422	the election timeout is 372
															the distance between now and last time from leader is 381ms
															rf.state.isleader is false
															leader election's me is 0
															begin to elect
2024-01-12T10:44:39.728+0800	INFO	raft/raft.go:441	rf.currenTerm is 2, rf.lastLogIndex is 0, rf.lastLogTerm is 0, me is 0
2024-01-12T10:44:39.753+0800	INFO	raft/raft.go:422	the election timeout is 405
															the distance between now and last time from leader is 406ms
															rf.state.isleader is false
															leader election's me is 2
															begin to elect
2024-01-12T10:44:39.753+0800	INFO	raft/raft.go:441	rf.currenTerm is 2, rf.lastLogIndex is 0, rf.lastLogTerm is 0, me is 2
2024-01-12T10:44:40.260+0800	INFO	raft/raft.go:422	the election timeout is 316
															the distance between now and last time from leader is 317ms
															rf.state.isleader is false
															leader election's me is 2
															begin to elect
2024-01-12T10:44:40.260+0800	INFO	raft/raft.go:441	rf.currenTerm is 2, rf.lastLogIndex is 0, rf.lastLogTerm is 0, me is 2
2024-01-12T10:44:40.260+0800	INFO	raft/raft.go:211	enter the `rf.Requestvote()` handler
															rf.me is 1
															rf.currentTerm is 1
															rf.voteFor is 0
															args.CandiateId is 2
2024-01-12T10:44:40.261+0800	INFO	raft/raft.go:249	before exiting the `rf.Requestvote()` handler
															rf.me is 1
															rf.currentTerm is 2
															rf.voteFor is 2
															args.CandiateId is 2
2024-01-12T10:44:40.261+0800	INFO	raft/raft.go:455	Convert2Candidate.me is 2
2024-01-12T10:44:40.336+0800	INFO	raft/raft.go:422	the election timeout is 392
															the distance between now and last time from leader is 395ms
															rf.state.isleader is false
															leader election's me is 1
															begin to elect
2024-01-12T10:44:40.336+0800	INFO	raft/raft.go:441	rf.currenTerm is 3, rf.lastLogIndex is 0, rf.lastLogTerm is 0, me is 1
2024-01-12T10:44:40.336+0800	INFO	raft/raft.go:211	enter the `rf.Requestvote()` handler
															rf.me is 2
															rf.currentTerm is 2
															rf.voteFor is 2
															args.CandiateId is 1
2024-01-12T10:44:40.336+0800	INFO	raft/raft.go:249	before exiting the `rf.Requestvote()` handler
															rf.me is 2
															rf.currentTerm is 3
															rf.voteFor is 1
															args.CandiateId is 1
2024-01-12T10:44:40.336+0800	INFO	raft/raft.go:455	Convert2Candidate.me is 1
2024-01-12T11:16:41.586+0800	INFO	raft/raft.go:386	

---------------------------------------------Start a new server init-------------------------------------------
2024-01-12T11:16:41.635+0800	INFO	raft/raft.go:386	

---------------------------------------------Start a new server init-------------------------------------------
2024-01-12T11:16:41.679+0800	INFO	raft/raft.go:386	

---------------------------------------------Start a new server init-------------------------------------------
2024-01-12T11:16:41.952+0800	INFO	raft/raft.go:422	the election timeout is 364
															the distance between now and last time from leader is 366ms
															rf.state.isleader is false
															leader election's me is 0
															begin to elect
2024-01-12T11:16:41.952+0800	INFO	raft/raft.go:441	rf.currenTerm is 1, rf.lastLogIndex is 0, rf.lastLogTerm is 0, me is 0
2024-01-12T11:16:41.953+0800	INFO	raft/raft.go:211	enter the `rf.Requestvote()` handler
															rf.me is 2
															rf.currentTerm is 0
															rf.voteFor is -1
															args.CandiateId is 0
2024-01-12T11:16:41.953+0800	INFO	raft/raft.go:249	before exiting the `rf.Requestvote()` handler
															rf.me is 2
															rf.currentTerm is 1
															rf.voteFor is 0
															args.CandiateId is 0
2024-01-12T11:16:41.953+0800	INFO	raft/raft.go:211	enter the `rf.Requestvote()` handler
															rf.me is 1
															rf.currentTerm is 0
															rf.voteFor is -1
															args.CandiateId is 0
2024-01-12T11:16:41.953+0800	INFO	raft/raft.go:455	Convert2Candidate.me is 0
2024-01-12T11:16:41.953+0800	INFO	raft/raft.go:249	before exiting the `rf.Requestvote()` handler
															rf.me is 1
															rf.currentTerm is 1
															rf.voteFor is 0
															args.CandiateId is 0
2024-01-12T11:16:41.953+0800	INFO	raft/raft.go:480	the leader is %v0
2024-01-12T11:16:41.953+0800	INFO	raft/raft.go:455	Convert2Candidate.me is 0
2024-01-12T11:17:19.239+0800	INFO	raft/raft.go:386	

---------------------------------------------Start a new server init-------------------------------------------
2024-01-12T11:17:19.279+0800	INFO	raft/raft.go:386	

---------------------------------------------Start a new server init-------------------------------------------
2024-01-12T11:17:19.323+0800	INFO	raft/raft.go:386	

---------------------------------------------Start a new server init-------------------------------------------
2024-01-12T11:17:19.568+0800	INFO	raft/raft.go:422	the election timeout is 327
															the distance between now and last time from leader is 329ms
															rf.state.isleader is false
															leader election's me is 0
															begin to elect
2024-01-12T11:17:19.568+0800	INFO	raft/raft.go:441	rf.currenTerm is 1, rf.lastLogIndex is 0, rf.lastLogTerm is 0, me is 0
2024-01-12T11:17:19.568+0800	INFO	raft/raft.go:211	enter the `rf.Requestvote()` handler
															rf.me is 2
															rf.currentTerm is 0
															rf.voteFor is -1
															args.CandiateId is 0
2024-01-12T11:17:19.568+0800	INFO	raft/raft.go:249	before exiting the `rf.Requestvote()` handler
															rf.me is 2
															rf.currentTerm is 1
															rf.voteFor is 0
															args.CandiateId is 0
2024-01-12T11:17:19.569+0800	INFO	raft/raft.go:455	Convert2Candidate.me is 0
2024-01-12T11:17:19.569+0800	INFO	raft/raft.go:480	the leader is %v0
2024-01-12T11:17:19.569+0800	INFO	raft/raft.go:211	enter the `rf.Requestvote()` handler
															rf.me is 1
															rf.currentTerm is 0
															rf.voteFor is -1
															args.CandiateId is 0
2024-01-12T11:17:19.569+0800	INFO	raft/raft.go:249	before exiting the `rf.Requestvote()` handler
															rf.me is 1
															rf.currentTerm is 1
															rf.voteFor is 0
															args.CandiateId is 0
2024-01-12T11:17:19.569+0800	INFO	raft/raft.go:455	Convert2Candidate.me is 0
2024-01-12T11:17:19.569+0800	INFO	raft/raft.go:480	the leader is %v0
2024-01-12T11:17:22.441+0800	INFO	raft/raft.go:386	

---------------------------------------------Start a new server init-------------------------------------------
2024-01-12T11:17:22.485+0800	INFO	raft/raft.go:386	

---------------------------------------------Start a new server init-------------------------------------------
2024-01-12T11:17:22.556+0800	INFO	raft/raft.go:386	

---------------------------------------------Start a new server init-------------------------------------------
2024-01-12T11:17:22.798+0800	INFO	raft/raft.go:422	the election timeout is 352
															the distance between now and last time from leader is 357ms
															rf.state.isleader is false
															leader election's me is 2
															begin to elect
2024-01-12T11:17:22.798+0800	INFO	raft/raft.go:441	rf.currenTerm is 2, rf.lastLogIndex is 0, rf.lastLogTerm is 0, me is 2
2024-01-12T11:17:22.801+0800	INFO	raft/raft.go:422	the election timeout is 358
															the distance between now and last time from leader is 360ms
															rf.state.isleader is false
															leader election's me is 1
															begin to elect
2024-01-12T11:17:22.801+0800	INFO	raft/raft.go:441	rf.currenTerm is 2, rf.lastLogIndex is 0, rf.lastLogTerm is 0, me is 1
2024-01-12T11:17:22.835+0800	INFO	raft/raft.go:422	the election timeout is 346
															the distance between now and last time from leader is 347ms
															rf.state.isleader is false
															leader election's me is 1
															begin to elect
2024-01-12T11:17:22.835+0800	INFO	raft/raft.go:441	rf.currenTerm is 1, rf.lastLogIndex is 0, rf.lastLogTerm is 0, me is 1
2024-01-12T11:17:22.835+0800	INFO	raft/raft.go:211	enter the `rf.Requestvote()` handler
															rf.me is 2
															rf.currentTerm is 0
															rf.voteFor is -1
															args.CandiateId is 1
2024-01-12T11:17:22.835+0800	INFO	raft/raft.go:249	before exiting the `rf.Requestvote()` handler
															rf.me is 2
															rf.currentTerm is 1
															rf.voteFor is 1
															args.CandiateId is 1
2024-01-12T11:17:22.835+0800	INFO	raft/raft.go:211	enter the `rf.Requestvote()` handler
															rf.me is 0
															rf.currentTerm is 0
															rf.voteFor is -1
															args.CandiateId is 1
2024-01-12T11:17:22.835+0800	INFO	raft/raft.go:249	before exiting the `rf.Requestvote()` handler
															rf.me is 0
															rf.currentTerm is 1
															rf.voteFor is 1
															args.CandiateId is 1
2024-01-12T11:17:22.835+0800	INFO	raft/raft.go:455	Convert2Candidate.me is 1
2024-01-12T11:17:22.835+0800	INFO	raft/raft.go:480	the leader is %v1
2024-01-12T11:17:22.835+0800	INFO	raft/raft.go:455	Convert2Candidate.me is 1
2024-01-12T11:17:22.835+0800	INFO	raft/raft.go:480	the leader is %v1
2024-01-12T11:17:23.539+0800	INFO	raft/raft.go:422	the election timeout is 394
															the distance between now and last time from leader is 397ms
															rf.state.isleader is false
															leader election's me is 2
															begin to elect
2024-01-12T11:17:23.539+0800	INFO	raft/raft.go:441	rf.currenTerm is 2, rf.lastLogIndex is 0, rf.lastLogTerm is 0, me is 2
2024-01-12T11:17:23.543+0800	INFO	raft/raft.go:211	enter the `rf.Requestvote()` handler
															rf.me is 0
															rf.currentTerm is 1
															rf.voteFor is 1
															args.CandiateId is 2
2024-01-12T11:17:23.543+0800	INFO	raft/raft.go:249	before exiting the `rf.Requestvote()` handler
															rf.me is 0
															rf.currentTerm is 2
															rf.voteFor is 2
															args.CandiateId is 2
2024-01-12T11:17:23.543+0800	INFO	raft/raft.go:455	Convert2Candidate.me is 2
2024-01-12T11:17:23.543+0800	INFO	raft/raft.go:480	the leader is %v2
2024-01-12T11:17:23.991+0800	INFO	raft/raft.go:422	the election timeout is 445
															the distance between now and last time from leader is 448ms
															rf.state.isleader is false
															leader election's me is 0
															begin to elect
2024-01-12T11:17:23.991+0800	INFO	raft/raft.go:441	rf.currenTerm is 3, rf.lastLogIndex is 0, rf.lastLogTerm is 0, me is 0
2024-01-12T11:17:23.992+0800	INFO	raft/raft.go:211	enter the `rf.Requestvote()` handler
															rf.me is 1
															rf.currentTerm is 1
															rf.voteFor is 1
															args.CandiateId is 0
2024-01-12T11:17:23.992+0800	INFO	raft/raft.go:249	before exiting the `rf.Requestvote()` handler
															rf.me is 1
															rf.currentTerm is 3
															rf.voteFor is 0
															args.CandiateId is 0
2024-01-12T11:17:23.992+0800	INFO	raft/raft.go:455	Convert2Candidate.me is 0
2024-01-12T11:17:23.992+0800	INFO	raft/raft.go:480	the leader is %v0
2024-01-12T11:17:23.992+0800	INFO	raft/raft.go:211	enter the `rf.Requestvote()` handler
															rf.me is 2
															rf.currentTerm is 2
															rf.voteFor is 2
															args.CandiateId is 0
2024-01-12T11:17:23.992+0800	INFO	raft/raft.go:249	before exiting the `rf.Requestvote()` handler
															rf.me is 2
															rf.currentTerm is 3
															rf.voteFor is 0
															args.CandiateId is 0
2024-01-12T11:17:23.992+0800	INFO	raft/raft.go:455	Convert2Candidate.me is 0
2024-01-12T11:17:23.992+0800	INFO	raft/raft.go:480	the leader is %v0
2024-01-12T11:18:11.546+0800	INFO	raft/raft.go:386	

---------------------------------------------Start a new server init-------------------------------------------
2024-01-12T11:18:11.591+0800	INFO	raft/raft.go:386	

---------------------------------------------Start a new server init-------------------------------------------
2024-01-12T11:18:11.647+0800	INFO	raft/raft.go:386	

---------------------------------------------Start a new server init-------------------------------------------
2024-01-12T11:18:11.943+0800	INFO	raft/raft.go:422	the election timeout is 396
															the distance between now and last time from leader is 397ms
															rf.state.isleader is false
															leader election's me is 0
															begin to elect
2024-01-12T11:18:11.943+0800	INFO	raft/raft.go:441	rf.currenTerm is 1, rf.lastLogIndex is 0, rf.lastLogTerm is 0, me is 0
2024-01-12T11:18:11.943+0800	INFO	raft/raft.go:211	enter the `rf.Requestvote()` handler
															rf.me is 2
															rf.currentTerm is 0
															rf.voteFor is -1
															args.CandiateId is 0
2024-01-12T11:18:11.943+0800	INFO	raft/raft.go:249	before exiting the `rf.Requestvote()` handler
															rf.me is 2
															rf.currentTerm is 1
															rf.voteFor is 0
															args.CandiateId is 0
2024-01-12T11:18:11.943+0800	INFO	raft/raft.go:455	Convert2Candidate.me is 0
2024-01-12T11:18:11.943+0800	INFO	raft/raft.go:211	enter the `rf.Requestvote()` handler
															rf.me is 1
															rf.currentTerm is 0
															rf.voteFor is -1
															args.CandiateId is 0
2024-01-12T11:18:11.943+0800	INFO	raft/raft.go:480	the leader is 0
2024-01-12T11:18:11.943+0800	INFO	raft/raft.go:249	before exiting the `rf.Requestvote()` handler
															rf.me is 1
															rf.currentTerm is 1
															rf.voteFor is 0
															args.CandiateId is 0
2024-01-12T11:18:11.943+0800	INFO	raft/raft.go:455	Convert2Candidate.me is 0
2024-01-12T11:18:11.943+0800	INFO	raft/raft.go:480	the leader is 0
2024-01-12T11:18:14.709+0800	INFO	raft/raft.go:386	

---------------------------------------------Start a new server init-------------------------------------------
2024-01-12T11:18:14.759+0800	INFO	raft/raft.go:386	

---------------------------------------------Start a new server init-------------------------------------------
2024-01-12T11:18:14.820+0800	INFO	raft/raft.go:386	

---------------------------------------------Start a new server init-------------------------------------------
2024-01-12T11:18:15.155+0800	INFO	raft/raft.go:422	the election timeout is 319
															the distance between now and last time from leader is 335ms
															rf.state.isleader is false
															leader election's me is 2
															begin to elect
2024-01-12T11:18:15.155+0800	INFO	raft/raft.go:422	the election timeout is 432
															the distance between now and last time from leader is 446ms
															rf.state.isleader is false
															leader election's me is 1
															begin to elect
2024-01-12T11:18:15.155+0800	INFO	raft/raft.go:441	rf.currenTerm is 1, rf.lastLogIndex is 0, rf.lastLogTerm is 0, me is 2
2024-01-12T11:18:15.155+0800	INFO	raft/raft.go:422	the election timeout is 445
															the distance between now and last time from leader is 446ms
															rf.state.isleader is false
															leader election's me is 2
															begin to elect
2024-01-12T11:18:15.155+0800	INFO	raft/raft.go:441	rf.currenTerm is 2, rf.lastLogIndex is 0, rf.lastLogTerm is 0, me is 2
2024-01-12T11:18:15.155+0800	INFO	raft/raft.go:441	rf.currenTerm is 2, rf.lastLogIndex is 0, rf.lastLogTerm is 0, me is 1
2024-01-12T11:18:15.155+0800	INFO	raft/raft.go:211	enter the `rf.Requestvote()` handler
															rf.me is 1
															rf.currentTerm is 0
															rf.voteFor is -1
															args.CandiateId is 2
2024-01-12T11:18:15.155+0800	INFO	raft/raft.go:249	before exiting the `rf.Requestvote()` handler
															rf.me is 1
															rf.currentTerm is 1
															rf.voteFor is 2
															args.CandiateId is 2
2024-01-12T11:18:15.156+0800	INFO	raft/raft.go:455	Convert2Candidate.me is 2
2024-01-12T11:18:15.156+0800	INFO	raft/raft.go:480	the leader is 2
2024-01-12T11:18:15.158+0800	INFO	raft/raft.go:211	enter the `rf.Requestvote()` handler
															rf.me is 0
															rf.currentTerm is 0
															rf.voteFor is -1
															args.CandiateId is 2
2024-01-12T11:18:15.161+0800	INFO	raft/raft.go:249	before exiting the `rf.Requestvote()` handler
															rf.me is 0
															rf.currentTerm is 1
															rf.voteFor is 2
															args.CandiateId is 2
2024-01-12T11:18:15.161+0800	INFO	raft/raft.go:455	Convert2Candidate.me is 2
2024-01-12T11:18:15.161+0800	INFO	raft/raft.go:480	the leader is 2
2024-01-12T11:18:15.751+0800	INFO	raft/raft.go:422	the election timeout is 404
															the distance between now and last time from leader is 423ms
															rf.state.isleader is false
															leader election's me is 1
															begin to elect
2024-01-12T11:18:15.751+0800	INFO	raft/raft.go:441	rf.currenTerm is 2, rf.lastLogIndex is 0, rf.lastLogTerm is 0, me is 1
2024-01-12T11:18:15.751+0800	INFO	raft/raft.go:211	enter the `rf.Requestvote()` handler
															rf.me is 0
															rf.currentTerm is 1
															rf.voteFor is 2
															args.CandiateId is 1
2024-01-12T11:18:15.751+0800	INFO	raft/raft.go:249	before exiting the `rf.Requestvote()` handler
															rf.me is 0
															rf.currentTerm is 2
															rf.voteFor is 1
															args.CandiateId is 1
2024-01-12T11:18:15.751+0800	INFO	raft/raft.go:455	Convert2Candidate.me is 1
2024-01-12T11:18:15.751+0800	INFO	raft/raft.go:480	the leader is 1
2024-01-12T11:18:16.203+0800	INFO	raft/raft.go:422	the election timeout is 447
															the distance between now and last time from leader is 449ms
															rf.state.isleader is false
															leader election's me is 0
															begin to elect
2024-01-12T11:18:16.204+0800	INFO	raft/raft.go:441	rf.currenTerm is 3, rf.lastLogIndex is 0, rf.lastLogTerm is 0, me is 0
2024-01-12T11:18:16.204+0800	INFO	raft/raft.go:211	enter the `rf.Requestvote()` handler
															rf.me is 2
															rf.currentTerm is 1
															rf.voteFor is 2
															args.CandiateId is 0
2024-01-12T11:18:16.204+0800	INFO	raft/raft.go:249	before exiting the `rf.Requestvote()` handler
															rf.me is 2
															rf.currentTerm is 3
															rf.voteFor is 0
															args.CandiateId is 0
2024-01-12T11:18:16.204+0800	INFO	raft/raft.go:455	Convert2Candidate.me is 0
2024-01-12T11:18:16.204+0800	INFO	raft/raft.go:480	the leader is 0
2024-01-12T11:18:16.204+0800	INFO	raft/raft.go:211	enter the `rf.Requestvote()` handler
															rf.me is 1
															rf.currentTerm is 2
															rf.voteFor is 1
															args.CandiateId is 0
2024-01-12T11:18:16.204+0800	INFO	raft/raft.go:249	before exiting the `rf.Requestvote()` handler
															rf.me is 1
															rf.currentTerm is 3
															rf.voteFor is 0
															args.CandiateId is 0
2024-01-12T11:18:16.204+0800	INFO	raft/raft.go:455	Convert2Candidate.me is 0
2024-01-12T11:18:16.204+0800	INFO	raft/raft.go:480	the leader is 0
