2024-01-17T11:22:42.965+0800	INFO	raft/raft.go:460	

---------------------------------------------Start a new server init-------------------------------------------
2024-01-17T11:22:43.039+0800	INFO	raft/raft.go:460	

---------------------------------------------Start a new server init-------------------------------------------
2024-01-17T11:22:43.076+0800	INFO	raft/raft.go:460	

---------------------------------------------Start a new server init-------------------------------------------
2024-01-17T11:22:43.365+0800	INFO	raft/raft.go:498	the election timeout is 399
															the distance between now and last time from leader is 400ms
															rf.state.isleader is false
															rf.state.currTerm is 0
															leader election's me is %!v(MISSING)
															begin to elect
2024-01-17T11:22:43.366+0800	INFO	raft/raft.go:520	rf.currenTerm is 1, rf.lastLogIndex is 0, rf.lastLogTerm is 0, me is 0
2024-01-17T11:22:43.366+0800	INFO	raft/raft.go:221	enter the `rf.Requestvote()` handler
															rf.me is 2
															rf.currentTerm is 0
															rf.voteFor is -1
															args.CandiateId is 0
2024-01-17T11:22:43.366+0800	INFO	raft/raft.go:221	enter the `rf.Requestvote()` handler
															rf.me is 1
															rf.currentTerm is 0
															rf.voteFor is -1
															args.CandiateId is 0
2024-01-17T11:22:43.366+0800	INFO	raft/raft.go:264	before exiting the `rf.Requestvote()` handler
															rf.me is 2
															rf.currentTerm is 1
															rf.voteFor is 0
															args.CandiateId is 0
2024-01-17T11:22:43.366+0800	INFO	raft/raft.go:264	before exiting the `rf.Requestvote()` handler
															rf.me is 1
															rf.currentTerm is 1
															rf.voteFor is 0
															args.CandiateId is 0
2024-01-17T11:22:43.366+0800	INFO	raft/raft.go:536	Convert2Candidate.me is 0
2024-01-17T11:22:43.366+0800	INFO	raft/raft.go:566	the leader is 0
2024-01-17T11:22:43.366+0800	INFO	raft/raft.go:536	Convert2Candidate.me is 0
2024-01-17T11:22:43.366+0800	INFO	raft/raft.go:566	the leader is 0
2024-01-17T11:22:43.366+0800	INFO	raft/raft.go:580	------a new leaderElection() call-------
2024-01-17T11:23:48.481+0800	INFO	raft/raft.go:461	

---------------------------------------------Start a new server init-------------------------------------------
2024-01-17T11:23:48.523+0800	INFO	raft/raft.go:461	

---------------------------------------------Start a new server init-------------------------------------------
2024-01-17T11:23:48.579+0800	INFO	raft/raft.go:461	

---------------------------------------------Start a new server init-------------------------------------------
2024-01-17T11:23:48.805+0800	INFO	raft/raft.go:499	the election timeout is 322
															the distance between now and last time from leader is 323ms
															rf.state.isleader is false
															rf.state.currTerm is 0
															leader election's me is %!v(MISSING)
															begin to elect
2024-01-17T11:23:48.805+0800	INFO	raft/raft.go:521	rf.currenTerm is 1, rf.lastLogIndex is 0, rf.lastLogTerm is 0, me is 0
2024-01-17T11:23:48.805+0800	INFO	raft/raft.go:221	enter the `rf.Requestvote()` handler
															rf.me is 2
															rf.currentTerm is 0
															rf.voteFor is -1
															args.CandiateId is 0
2024-01-17T11:23:48.805+0800	INFO	raft/raft.go:264	before exiting the `rf.Requestvote()` handler
															rf.me is 2
															rf.currentTerm is 1
															rf.voteFor is 0
															args.CandiateId is 0
2024-01-17T11:23:48.805+0800	INFO	raft/raft.go:537	Convert2Candidate.me is 0
2024-01-17T11:23:48.805+0800	INFO	raft/raft.go:567	the leader is 0
2024-01-17T11:23:48.805+0800	INFO	raft/raft.go:221	enter the `rf.Requestvote()` handler
															rf.me is 1
															rf.currentTerm is 0
															rf.voteFor is -1
															args.CandiateId is 0
2024-01-17T11:23:48.805+0800	INFO	raft/raft.go:264	before exiting the `rf.Requestvote()` handler
															rf.me is 1
															rf.currentTerm is 1
															rf.voteFor is 0
															args.CandiateId is 0
2024-01-17T11:23:48.805+0800	INFO	raft/raft.go:537	Convert2Candidate.me is 0
2024-01-17T11:23:48.805+0800	INFO	raft/raft.go:567	the leader is 0
2024-01-17T11:23:48.805+0800	INFO	raft/raft.go:581	------a new leaderElection() call-------
2024-01-17T11:25:49.960+0800	INFO	raft/raft.go:462	

---------------------------------------------Start a new server init-------------------------------------------
2024-01-17T11:25:50.029+0800	INFO	raft/raft.go:462	

---------------------------------------------Start a new server init-------------------------------------------
2024-01-17T11:25:50.096+0800	INFO	raft/raft.go:462	

---------------------------------------------Start a new server init-------------------------------------------
2024-01-17T11:25:50.377+0800	INFO	raft/raft.go:500	the election timeout is 345
															the distance between now and last time from leader is 347ms
															rf.state.isleader is false
															rf.state.currTerm is 1
															leader election's me is %!v(MISSING)
															begin to elect
2024-01-17T11:25:50.377+0800	INFO	raft/raft.go:522	rf.currenTerm is 1, rf.lastLogIndex is 0, rf.lastLogTerm is 0, me is 1
2024-01-17T11:25:50.377+0800	INFO	raft/raft.go:221	enter the `rf.Requestvote()` handler
															rf.me is 2
															rf.currentTerm is 0
															rf.voteFor is -1
															args.CandiateId is 1
2024-01-17T11:25:50.377+0800	INFO	raft/raft.go:264	before exiting the `rf.Requestvote()` handler
															rf.me is 2
															rf.currentTerm is 1
															rf.voteFor is 1
															args.CandiateId is 1
2024-01-17T11:25:50.377+0800	INFO	raft/raft.go:221	enter the `rf.Requestvote()` handler
															rf.me is 0
															rf.currentTerm is 0
															rf.voteFor is -1
															args.CandiateId is 1
2024-01-17T11:25:50.377+0800	INFO	raft/raft.go:538	Convert2Candidate.me is 1
2024-01-17T11:25:50.377+0800	INFO	raft/raft.go:568	the leader is 1
2024-01-17T11:25:50.377+0800	INFO	raft/raft.go:264	before exiting the `rf.Requestvote()` handler
															rf.me is 0
															rf.currentTerm is 1
															rf.voteFor is 1
															args.CandiateId is 1
2024-01-17T11:25:50.377+0800	INFO	raft/raft.go:538	Convert2Candidate.me is 1
2024-01-17T11:25:50.377+0800	INFO	raft/raft.go:568	the leader is 1
2024-01-17T11:25:50.377+0800	INFO	raft/raft.go:582	------a new leaderElection() call-------
2024-01-17T11:28:09.379+0800	INFO	raft/raft.go:462	

---------------------------------------------Start a new server init-------------------------------------------
2024-01-17T11:28:09.420+0800	INFO	raft/raft.go:462	

---------------------------------------------Start a new server init-------------------------------------------
2024-01-17T11:28:09.465+0800	INFO	raft/raft.go:462	

---------------------------------------------Start a new server init-------------------------------------------
2024-01-17T11:28:09.787+0800	INFO	raft/raft.go:500	the election timeout is 365
															the distance between now and last time from leader is 366ms
															rf.state.isleader is false
															rf.state.currTerm is 1
															leader election's me is %!v(MISSING)
															begin to elect
2024-01-17T11:28:09.787+0800	INFO	raft/raft.go:522	rf.currenTerm is 1, rf.lastLogIndex is 0, rf.lastLogTerm is 0, me is 1
2024-01-17T11:28:09.787+0800	INFO	raft/raft.go:221	enter the `rf.Requestvote()` handler
															rf.me is 2
															rf.currentTerm is 0
															rf.voteFor is -1
															args.CandiateId is 1
2024-01-17T11:28:09.787+0800	INFO	raft/raft.go:264	before exiting the `rf.Requestvote()` handler
															rf.me is 2
															rf.currentTerm is 1
															rf.voteFor is 1
															args.CandiateId is 1
2024-01-17T11:28:09.787+0800	INFO	raft/raft.go:538	Convert2Candidate.me is 1
2024-01-17T11:28:09.787+0800	INFO	raft/raft.go:568	the leader is 1
2024-01-17T11:28:09.787+0800	INFO	raft/raft.go:221	enter the `rf.Requestvote()` handler
															rf.me is 0
															rf.currentTerm is 0
															rf.voteFor is -1
															args.CandiateId is 1
2024-01-17T11:28:09.787+0800	INFO	raft/raft.go:264	before exiting the `rf.Requestvote()` handler
															rf.me is 0
															rf.currentTerm is 1
															rf.voteFor is 1
															args.CandiateId is 1
2024-01-17T11:28:09.787+0800	INFO	raft/raft.go:538	Convert2Candidate.me is 1
2024-01-17T11:28:09.787+0800	INFO	raft/raft.go:568	the leader is 1
2024-01-17T11:28:09.787+0800	INFO	raft/raft.go:582	------a new leaderElection() call-------
2024-01-17T11:30:00.833+0800	INFO	raft/raft.go:462	

---------------------------------------------Start a new server init-------------------------------------------
2024-01-17T11:30:00.883+0800	INFO	raft/raft.go:462	

---------------------------------------------Start a new server init-------------------------------------------
2024-01-17T11:30:00.928+0800	INFO	raft/raft.go:462	

---------------------------------------------Start a new server init-------------------------------------------
2024-01-17T11:30:01.243+0800	INFO	raft/raft.go:500	the election timeout is 407
															the distance between now and last time from leader is 409ms
															rf.state.isleader is false
															rf.state.currTerm is 0
															leader election's me is %!v(MISSING)
															begin to elect
2024-01-17T11:30:01.243+0800	INFO	raft/raft.go:522	rf.currenTerm is 1, rf.lastLogIndex is 0, rf.lastLogTerm is 0, me is 0
2024-01-17T11:30:01.243+0800	INFO	raft/raft.go:221	enter the `rf.Requestvote()` handler
															rf.me is 2
															rf.currentTerm is 0
															rf.voteFor is -1
															args.CandiateId is 0
2024-01-17T11:30:01.244+0800	INFO	raft/raft.go:221	enter the `rf.Requestvote()` handler
															rf.me is 1
															rf.currentTerm is 0
															rf.voteFor is -1
															args.CandiateId is 0
2024-01-17T11:30:01.244+0800	INFO	raft/raft.go:264	before exiting the `rf.Requestvote()` handler
															rf.me is 2
															rf.currentTerm is 1
															rf.voteFor is 0
															args.CandiateId is 0
2024-01-17T11:30:01.244+0800	INFO	raft/raft.go:264	before exiting the `rf.Requestvote()` handler
															rf.me is 1
															rf.currentTerm is 1
															rf.voteFor is 0
															args.CandiateId is 0
2024-01-17T11:30:01.244+0800	INFO	raft/raft.go:538	Convert2Candidate.me is 0
2024-01-17T11:30:01.244+0800	INFO	raft/raft.go:538	Convert2Candidate.me is 0
2024-01-17T11:30:01.244+0800	INFO	raft/raft.go:568	the leader is 0
2024-01-17T11:30:01.244+0800	INFO	raft/raft.go:568	the leader is 0
2024-01-17T11:30:01.244+0800	INFO	raft/raft.go:582	------a new leaderElection() call-------
2024-01-17T11:30:04.028+0800	INFO	raft/raft.go:462	

---------------------------------------------Start a new server init-------------------------------------------
2024-01-17T11:30:04.090+0800	INFO	raft/raft.go:462	

---------------------------------------------Start a new server init-------------------------------------------
2024-01-17T11:30:04.093+0800	INFO	raft/raft.go:642	fail to receive reply from majority servers, rf.me is 0, sendFaults is 2
2024-01-17T11:30:04.095+0800	INFO	raft/raft.go:500	the election timeout is 438
															the distance between now and last time from leader is 2851ms
															rf.state.isleader is false
															rf.state.currTerm is 0
															leader election's me is %!v(MISSING)
															begin to elect
2024-01-17T11:30:04.095+0800	INFO	raft/raft.go:522	rf.currenTerm is 2, rf.lastLogIndex is 0, rf.lastLogTerm is 0, me is 0
2024-01-17T11:30:04.095+0800	INFO	raft/raft.go:546	rf.sendRequestVote failed when send from server 0 to server 2
2024-01-17T11:30:04.095+0800	INFO	raft/raft.go:546	rf.sendRequestVote failed when send from server 0 to server 1
2024-01-17T11:30:04.095+0800	INFO	raft/raft.go:582	------a new leaderElection() call-------
2024-01-17T11:30:04.140+0800	INFO	raft/raft.go:462	

---------------------------------------------Start a new server init-------------------------------------------
2024-01-17T11:30:04.323+0800	INFO	raft/raft.go:500	the election timeout is 349
															the distance between now and last time from leader is 350ms
															rf.state.isleader is false
															rf.state.currTerm is 2
															leader election's me is %!v(MISSING)
															begin to elect
2024-01-17T11:30:04.323+0800	INFO	raft/raft.go:522	rf.currenTerm is 2, rf.lastLogIndex is 0, rf.lastLogTerm is 0, me is 2
2024-01-17T11:30:04.323+0800	INFO	raft/raft.go:546	rf.sendRequestVote failed when send from server 2 to server 1
2024-01-17T11:30:04.323+0800	INFO	raft/raft.go:546	rf.sendRequestVote failed when send from server 2 to server 0
2024-01-17T11:30:04.323+0800	INFO	raft/raft.go:582	------a new leaderElection() call-------
2024-01-17T11:30:04.355+0800	INFO	raft/raft.go:500	the election timeout is 380
															the distance between now and last time from leader is 382ms
															rf.state.isleader is false
															rf.state.currTerm is 1
															leader election's me is %!v(MISSING)
															begin to elect
2024-01-17T11:30:04.355+0800	INFO	raft/raft.go:522	rf.currenTerm is 2, rf.lastLogIndex is 0, rf.lastLogTerm is 0, me is 1
2024-01-17T11:30:04.355+0800	INFO	raft/raft.go:546	rf.sendRequestVote failed when send from server 1 to server 0
2024-01-17T11:30:04.355+0800	INFO	raft/raft.go:582	------a new leaderElection() call-------
2024-01-17T11:30:04.355+0800	INFO	raft/raft.go:546	rf.sendRequestVote failed when send from server 1 to server 2
2024-01-17T11:30:04.358+0800	INFO	raft/raft.go:500	the election timeout is 327
															the distance between now and last time from leader is 329ms
															rf.state.isleader is false
															rf.state.currTerm is 0
															leader election's me is %!v(MISSING)
															begin to elect
2024-01-17T11:30:04.358+0800	INFO	raft/raft.go:522	rf.currenTerm is 1, rf.lastLogIndex is 0, rf.lastLogTerm is 0, me is 0
2024-01-17T11:30:04.358+0800	INFO	raft/raft.go:221	enter the `rf.Requestvote()` handler
															rf.me is 2
															rf.currentTerm is 0
															rf.voteFor is -1
															args.CandiateId is 0
2024-01-17T11:30:04.358+0800	INFO	raft/raft.go:264	before exiting the `rf.Requestvote()` handler
															rf.me is 2
															rf.currentTerm is 1
															rf.voteFor is 0
															args.CandiateId is 0
2024-01-17T11:30:04.358+0800	INFO	raft/raft.go:221	enter the `rf.Requestvote()` handler
															rf.me is 1
															rf.currentTerm is 0
															rf.voteFor is -1
															args.CandiateId is 0
2024-01-17T11:30:04.358+0800	INFO	raft/raft.go:264	before exiting the `rf.Requestvote()` handler
															rf.me is 1
															rf.currentTerm is 1
															rf.voteFor is 0
															args.CandiateId is 0
2024-01-17T11:30:04.358+0800	INFO	raft/raft.go:538	Convert2Candidate.me is 0
2024-01-17T11:30:04.358+0800	INFO	raft/raft.go:568	the leader is 0
2024-01-17T11:30:04.358+0800	INFO	raft/raft.go:538	Convert2Candidate.me is 0
2024-01-17T11:30:04.358+0800	INFO	raft/raft.go:568	the leader is 0
2024-01-17T11:30:04.358+0800	INFO	raft/raft.go:582	------a new leaderElection() call-------
2024-01-17T11:30:04.478+0800	INFO	raft/raft.go:500	the election timeout is 380
															the distance between now and last time from leader is 382ms
															rf.state.isleader is false
															rf.state.currTerm is 0
															leader election's me is %!v(MISSING)
															begin to elect
2024-01-17T11:30:04.478+0800	INFO	raft/raft.go:522	rf.currenTerm is 3, rf.lastLogIndex is 0, rf.lastLogTerm is 0, me is 0
2024-01-17T11:30:04.478+0800	INFO	raft/raft.go:546	rf.sendRequestVote failed when send from server 0 to server 2
2024-01-17T11:30:04.478+0800	INFO	raft/raft.go:582	------a new leaderElection() call-------
2024-01-17T11:30:04.478+0800	INFO	raft/raft.go:546	rf.sendRequestVote failed when send from server 0 to server 1
2024-01-17T11:30:04.719+0800	INFO	raft/raft.go:500	the election timeout is 394
															the distance between now and last time from leader is 395ms
															rf.state.isleader is false
															rf.state.currTerm is 2
															leader election's me is %!v(MISSING)
															begin to elect
2024-01-17T11:30:04.719+0800	INFO	raft/raft.go:522	rf.currenTerm is 3, rf.lastLogIndex is 0, rf.lastLogTerm is 0, me is 2
2024-01-17T11:30:04.719+0800	INFO	raft/raft.go:546	rf.sendRequestVote failed when send from server 2 to server 1
2024-01-17T11:30:04.719+0800	INFO	raft/raft.go:582	------a new leaderElection() call-------
2024-01-17T11:30:04.719+0800	INFO	raft/raft.go:546	rf.sendRequestVote failed when send from server 2 to server 0
2024-01-17T11:30:04.801+0800	INFO	raft/raft.go:500	the election timeout is 445
															the distance between now and last time from leader is 446ms
															rf.state.isleader is false
															rf.state.currTerm is 1
															leader election's me is %!v(MISSING)
															begin to elect
2024-01-17T11:30:04.801+0800	INFO	raft/raft.go:522	rf.currenTerm is 3, rf.lastLogIndex is 0, rf.lastLogTerm is 0, me is 1
2024-01-17T11:30:04.801+0800	INFO	raft/raft.go:546	rf.sendRequestVote failed when send from server 1 to server 2
2024-01-17T11:30:04.801+0800	INFO	raft/raft.go:582	------a new leaderElection() call-------
2024-01-17T11:30:04.801+0800	INFO	raft/raft.go:546	rf.sendRequestVote failed when send from server 1 to server 0
2024-01-17T11:30:04.838+0800	INFO	raft/raft.go:500	the election timeout is 358
															the distance between now and last time from leader is 359ms
															rf.state.isleader is false
															rf.state.currTerm is 0
															leader election's me is %!v(MISSING)
															begin to elect
2024-01-17T11:30:04.838+0800	INFO	raft/raft.go:522	rf.currenTerm is 4, rf.lastLogIndex is 0, rf.lastLogTerm is 0, me is 0
2024-01-17T11:30:04.838+0800	INFO	raft/raft.go:546	rf.sendRequestVote failed when send from server 0 to server 1
2024-01-17T11:30:04.838+0800	INFO	raft/raft.go:582	------a new leaderElection() call-------
2024-01-17T11:30:04.838+0800	INFO	raft/raft.go:546	rf.sendRequestVote failed when send from server 0 to server 2
2024-01-17T11:30:04.957+0800	INFO	raft/raft.go:500	the election timeout is 323
															the distance between now and last time from leader is 325ms
															rf.state.isleader is false
															rf.state.currTerm is 1
															leader election's me is %!v(MISSING)
															begin to elect
2024-01-17T11:30:04.957+0800	INFO	raft/raft.go:522	rf.currenTerm is 2, rf.lastLogIndex is 0, rf.lastLogTerm is 0, me is 1
2024-01-17T11:30:04.957+0800	INFO	raft/raft.go:221	enter the `rf.Requestvote()` handler
															rf.me is 2
															rf.currentTerm is 1
															rf.voteFor is 0
															args.CandiateId is 1
2024-01-17T11:30:04.957+0800	INFO	raft/raft.go:264	before exiting the `rf.Requestvote()` handler
															rf.me is 2
															rf.currentTerm is 2
															rf.voteFor is 1
															args.CandiateId is 1
2024-01-17T11:30:04.957+0800	INFO	raft/raft.go:538	Convert2Candidate.me is 1
2024-01-17T11:30:04.957+0800	INFO	raft/raft.go:568	the leader is 1
2024-01-17T11:30:05.058+0800	INFO	raft/raft.go:500	the election timeout is 337
															the distance between now and last time from leader is 339ms
															rf.state.isleader is false
															rf.state.currTerm is 2
															leader election's me is %!v(MISSING)
															begin to elect
2024-01-17T11:30:05.058+0800	INFO	raft/raft.go:522	rf.currenTerm is 4, rf.lastLogIndex is 0, rf.lastLogTerm is 0, me is 2
2024-01-17T11:30:05.058+0800	INFO	raft/raft.go:546	rf.sendRequestVote failed when send from server 2 to server 1
2024-01-17T11:30:05.058+0800	INFO	raft/raft.go:582	------a new leaderElection() call-------
2024-01-17T11:30:05.058+0800	INFO	raft/raft.go:546	rf.sendRequestVote failed when send from server 2 to server 0
2024-01-17T11:30:05.140+0800	INFO	raft/raft.go:500	the election timeout is 300
															the distance between now and last time from leader is 302ms
															rf.state.isleader is false
															rf.state.currTerm is 0
															leader election's me is %!v(MISSING)
															begin to elect
2024-01-17T11:30:05.140+0800	INFO	raft/raft.go:522	rf.currenTerm is 5, rf.lastLogIndex is 0, rf.lastLogTerm is 0, me is 0
2024-01-17T11:30:05.140+0800	INFO	raft/raft.go:546	rf.sendRequestVote failed when send from server 0 to server 2
2024-01-17T11:30:05.140+0800	INFO	raft/raft.go:546	rf.sendRequestVote failed when send from server 0 to server 1
2024-01-17T11:30:05.140+0800	INFO	raft/raft.go:582	------a new leaderElection() call-------
2024-01-17T11:30:05.164+0800	INFO	raft/raft.go:500	the election timeout is 361
															the distance between now and last time from leader is 363ms
															rf.state.isleader is false
															rf.state.currTerm is 1
															leader election's me is %!v(MISSING)
															begin to elect
2024-01-17T11:30:05.164+0800	INFO	raft/raft.go:522	rf.currenTerm is 4, rf.lastLogIndex is 0, rf.lastLogTerm is 0, me is 1
2024-01-17T11:30:05.164+0800	INFO	raft/raft.go:546	rf.sendRequestVote failed when send from server 1 to server 2
2024-01-17T11:30:05.164+0800	INFO	raft/raft.go:582	------a new leaderElection() call-------
2024-01-17T11:30:05.164+0800	INFO	raft/raft.go:546	rf.sendRequestVote failed when send from server 1 to server 0
2024-01-17T11:30:05.346+0800	INFO	raft/raft.go:500	the election timeout is 386
															the distance between now and last time from leader is 388ms
															rf.state.isleader is false
															rf.state.currTerm is 2
															leader election's me is %!v(MISSING)
															begin to elect
2024-01-17T11:30:05.346+0800	INFO	raft/raft.go:522	rf.currenTerm is 3, rf.lastLogIndex is 0, rf.lastLogTerm is 0, me is 2
2024-01-17T11:30:05.346+0800	INFO	raft/raft.go:221	enter the `rf.Requestvote()` handler
															rf.me is 1
															rf.currentTerm is 2
															rf.voteFor is 1
															args.CandiateId is 2
2024-01-17T11:30:05.346+0800	INFO	raft/raft.go:264	before exiting the `rf.Requestvote()` handler
															rf.me is 1
															rf.currentTerm is 3
															rf.voteFor is 2
															args.CandiateId is 2
2024-01-17T11:30:05.346+0800	INFO	raft/raft.go:538	Convert2Candidate.me is 2
2024-01-17T11:30:05.346+0800	INFO	raft/raft.go:221	enter the `rf.Requestvote()` handler
															rf.me is 0
															rf.currentTerm is 1
															rf.voteFor is 0
															args.CandiateId is 2
2024-01-17T11:30:05.346+0800	INFO	raft/raft.go:568	the leader is 2
2024-01-17T11:30:05.346+0800	INFO	raft/raft.go:264	before exiting the `rf.Requestvote()` handler
															rf.me is 0
															rf.currentTerm is 3
															rf.voteFor is 2
															args.CandiateId is 2
2024-01-17T11:30:05.346+0800	INFO	raft/raft.go:538	Convert2Candidate.me is 2
2024-01-17T11:30:05.346+0800	INFO	raft/raft.go:568	the leader is 2
2024-01-17T11:30:05.346+0800	INFO	raft/raft.go:582	------a new leaderElection() call-------
2024-01-17T11:30:05.466+0800	INFO	raft/raft.go:500	the election timeout is 407
															the distance between now and last time from leader is 408ms
															rf.state.isleader is false
															rf.state.currTerm is 2
															leader election's me is %!v(MISSING)
															begin to elect
2024-01-17T11:30:05.466+0800	INFO	raft/raft.go:522	rf.currenTerm is 5, rf.lastLogIndex is 0, rf.lastLogTerm is 0, me is 2
2024-01-17T11:30:05.466+0800	INFO	raft/raft.go:546	rf.sendRequestVote failed when send from server 2 to server 1
2024-01-17T11:30:05.466+0800	INFO	raft/raft.go:546	rf.sendRequestVote failed when send from server 2 to server 0
2024-01-17T11:30:05.466+0800	INFO	raft/raft.go:582	------a new leaderElection() call-------
2024-01-17T11:30:05.468+0800	INFO	raft/raft.go:500	the election timeout is 326
															the distance between now and last time from leader is 327ms
															rf.state.isleader is false
															rf.state.currTerm is 0
															leader election's me is %!v(MISSING)
															begin to elect
2024-01-17T11:30:05.468+0800	INFO	raft/raft.go:522	rf.currenTerm is 6, rf.lastLogIndex is 0, rf.lastLogTerm is 0, me is 0
2024-01-17T11:30:05.468+0800	INFO	raft/raft.go:546	rf.sendRequestVote failed when send from server 0 to server 2
2024-01-17T11:30:05.468+0800	INFO	raft/raft.go:582	------a new leaderElection() call-------
2024-01-17T11:30:05.468+0800	INFO	raft/raft.go:546	rf.sendRequestVote failed when send from server 0 to server 1
2024-01-17T11:30:05.610+0800	INFO	raft/raft.go:500	the election timeout is 444
															the distance between now and last time from leader is 445ms
															rf.state.isleader is false
															rf.state.currTerm is 1
															leader election's me is %!v(MISSING)
															begin to elect
2024-01-17T11:30:05.610+0800	INFO	raft/raft.go:522	rf.currenTerm is 5, rf.lastLogIndex is 0, rf.lastLogTerm is 0, me is 1
2024-01-17T11:30:05.610+0800	INFO	raft/raft.go:546	rf.sendRequestVote failed when send from server 1 to server 2
2024-01-17T11:30:05.610+0800	INFO	raft/raft.go:546	rf.sendRequestVote failed when send from server 1 to server 0
2024-01-17T11:30:05.610+0800	INFO	raft/raft.go:582	------a new leaderElection() call-------
2024-01-17T11:30:05.799+0800	INFO	raft/raft.go:500	the election timeout is 330
															the distance between now and last time from leader is 332ms
															rf.state.isleader is false
															rf.state.currTerm is 2
															leader election's me is %!v(MISSING)
															begin to elect
2024-01-17T11:30:05.799+0800	INFO	raft/raft.go:522	rf.currenTerm is 6, rf.lastLogIndex is 0, rf.lastLogTerm is 0, me is 2
2024-01-17T11:30:05.799+0800	INFO	raft/raft.go:546	rf.sendRequestVote failed when send from server 2 to server 1
2024-01-17T11:30:05.799+0800	INFO	raft/raft.go:582	------a new leaderElection() call-------
2024-01-17T11:30:05.799+0800	INFO	raft/raft.go:546	rf.sendRequestVote failed when send from server 2 to server 0
2024-01-17T11:30:05.870+0800	INFO	raft/raft.go:500	the election timeout is 399
															the distance between now and last time from leader is 401ms
															rf.state.isleader is false
															rf.state.currTerm is 0
															leader election's me is %!v(MISSING)
															begin to elect
2024-01-17T11:30:05.870+0800	INFO	raft/raft.go:522	rf.currenTerm is 7, rf.lastLogIndex is 0, rf.lastLogTerm is 0, me is 0
2024-01-17T11:30:05.870+0800	INFO	raft/raft.go:546	rf.sendRequestVote failed when send from server 0 to server 1
2024-01-17T11:30:05.870+0800	INFO	raft/raft.go:582	------a new leaderElection() call-------
2024-01-17T11:30:05.870+0800	INFO	raft/raft.go:546	rf.sendRequestVote failed when send from server 0 to server 2
2024-01-17T11:30:05.999+0800	INFO	raft/raft.go:500	the election timeout is 412
															the distance between now and last time from leader is 414ms
															rf.state.isleader is false
															rf.state.currTerm is 0
															leader election's me is %!v(MISSING)
															begin to elect
2024-01-17T11:30:05.999+0800	INFO	raft/raft.go:522	rf.currenTerm is 4, rf.lastLogIndex is 0, rf.lastLogTerm is 0, me is 0
2024-01-17T11:30:06.000+0800	INFO	raft/raft.go:500	the election timeout is 388
															the distance between now and last time from leader is 390ms
															rf.state.isleader is false
															rf.state.currTerm is 1
															leader election's me is %!v(MISSING)
															begin to elect
2024-01-17T11:30:06.000+0800	INFO	raft/raft.go:522	rf.currenTerm is 6, rf.lastLogIndex is 0, rf.lastLogTerm is 0, me is 1
2024-01-17T11:30:06.000+0800	INFO	raft/raft.go:546	rf.sendRequestVote failed when send from server 1 to server 2
2024-01-17T11:30:06.000+0800	INFO	raft/raft.go:582	------a new leaderElection() call-------
2024-01-17T11:30:06.000+0800	INFO	raft/raft.go:546	rf.sendRequestVote failed when send from server 1 to server 0
2024-01-17T11:30:06.113+0800	INFO	raft/raft.go:500	the election timeout is 313
															the distance between now and last time from leader is 314ms
															rf.state.isleader is false
															rf.state.currTerm is 2
															leader election's me is %!v(MISSING)
															begin to elect
2024-01-17T11:30:06.113+0800	INFO	raft/raft.go:522	rf.currenTerm is 7, rf.lastLogIndex is 0, rf.lastLogTerm is 0, me is 2
2024-01-17T11:30:06.113+0800	INFO	raft/raft.go:546	rf.sendRequestVote failed when send from server 2 to server 1
2024-01-17T11:30:06.113+0800	INFO	raft/raft.go:582	------a new leaderElection() call-------
2024-01-17T11:30:06.113+0800	INFO	raft/raft.go:546	rf.sendRequestVote failed when send from server 2 to server 0
2024-01-17T11:30:06.312+0800	INFO	raft/raft.go:500	the election timeout is 441
															the distance between now and last time from leader is 442ms
															rf.state.isleader is false
															rf.state.currTerm is 0
															leader election's me is %!v(MISSING)
															begin to elect
2024-01-17T11:30:06.312+0800	INFO	raft/raft.go:522	rf.currenTerm is 8, rf.lastLogIndex is 0, rf.lastLogTerm is 0, me is 0
2024-01-17T11:30:06.312+0800	INFO	raft/raft.go:546	rf.sendRequestVote failed when send from server 0 to server 2
2024-01-17T11:30:06.312+0800	INFO	raft/raft.go:582	------a new leaderElection() call-------
2024-01-17T11:30:06.312+0800	INFO	raft/raft.go:546	rf.sendRequestVote failed when send from server 0 to server 1
2024-01-17T11:30:06.431+0800	INFO	raft/raft.go:500	the election timeout is 428
															the distance between now and last time from leader is 430ms
															rf.state.isleader is false
															rf.state.currTerm is 1
															leader election's me is %!v(MISSING)
															begin to elect
2024-01-17T11:30:06.431+0800	INFO	raft/raft.go:522	rf.currenTerm is 7, rf.lastLogIndex is 0, rf.lastLogTerm is 0, me is 1
2024-01-17T11:30:06.431+0800	INFO	raft/raft.go:546	rf.sendRequestVote failed when send from server 1 to server 2
2024-01-17T11:30:06.431+0800	INFO	raft/raft.go:582	------a new leaderElection() call-------
2024-01-17T11:30:06.431+0800	INFO	raft/raft.go:546	rf.sendRequestVote failed when send from server 1 to server 0
2024-01-17T11:30:06.450+0800	INFO	raft/raft.go:500	the election timeout is 335
															the distance between now and last time from leader is 336ms
															rf.state.isleader is false
															rf.state.currTerm is 2
															leader election's me is %!v(MISSING)
															begin to elect
2024-01-17T11:30:06.450+0800	INFO	raft/raft.go:522	rf.currenTerm is 8, rf.lastLogIndex is 0, rf.lastLogTerm is 0, me is 2
2024-01-17T11:30:06.450+0800	INFO	raft/raft.go:546	rf.sendRequestVote failed when send from server 2 to server 1
2024-01-17T11:30:06.450+0800	INFO	raft/raft.go:582	------a new leaderElection() call-------
2024-01-17T11:30:06.450+0800	INFO	raft/raft.go:546	rf.sendRequestVote failed when send from server 2 to server 0
2024-01-17T11:30:06.727+0800	INFO	raft/raft.go:500	the election timeout is 414
															the distance between now and last time from leader is 415ms
															rf.state.isleader is false
															rf.state.currTerm is 0
															leader election's me is %!v(MISSING)
															begin to elect
2024-01-17T11:30:06.727+0800	INFO	raft/raft.go:522	rf.currenTerm is 9, rf.lastLogIndex is 0, rf.lastLogTerm is 0, me is 0
2024-01-17T11:30:06.727+0800	INFO	raft/raft.go:546	rf.sendRequestVote failed when send from server 0 to server 2
2024-01-17T11:30:06.727+0800	INFO	raft/raft.go:546	rf.sendRequestVote failed when send from server 0 to server 1
2024-01-17T11:30:06.728+0800	INFO	raft/raft.go:582	------a new leaderElection() call-------
2024-01-17T11:30:06.785+0800	INFO	raft/raft.go:500	the election timeout is 352
															the distance between now and last time from leader is 354ms
															rf.state.isleader is false
															rf.state.currTerm is 1
															leader election's me is %!v(MISSING)
															begin to elect
2024-01-17T11:30:06.785+0800	INFO	raft/raft.go:522	rf.currenTerm is 8, rf.lastLogIndex is 0, rf.lastLogTerm is 0, me is 1
2024-01-17T11:30:06.785+0800	INFO	raft/raft.go:546	rf.sendRequestVote failed when send from server 1 to server 2
2024-01-17T11:30:06.785+0800	INFO	raft/raft.go:546	rf.sendRequestVote failed when send from server 1 to server 0
2024-01-17T11:30:06.785+0800	INFO	raft/raft.go:582	------a new leaderElection() call-------
2024-01-17T11:30:06.876+0800	INFO	raft/raft.go:500	the election timeout is 424
															the distance between now and last time from leader is 426ms
															rf.state.isleader is false
															rf.state.currTerm is 2
															leader election's me is %!v(MISSING)
															begin to elect
2024-01-17T11:30:06.876+0800	INFO	raft/raft.go:522	rf.currenTerm is 9, rf.lastLogIndex is 0, rf.lastLogTerm is 0, me is 2
2024-01-17T11:30:06.876+0800	INFO	raft/raft.go:546	rf.sendRequestVote failed when send from server 2 to server 1
2024-01-17T11:30:06.876+0800	INFO	raft/raft.go:546	rf.sendRequestVote failed when send from server 2 to server 0
2024-01-17T11:30:06.876+0800	INFO	raft/raft.go:582	------a new leaderElection() call-------
2024-01-17T11:30:07.108+0800	INFO	raft/raft.go:500	the election timeout is 378
															the distance between now and last time from leader is 380ms
															rf.state.isleader is false
															rf.state.currTerm is 0
															leader election's me is %!v(MISSING)
															begin to elect
2024-01-17T11:30:07.108+0800	INFO	raft/raft.go:522	rf.currenTerm is 10, rf.lastLogIndex is 0, rf.lastLogTerm is 0, me is 0
2024-01-17T11:30:07.108+0800	INFO	raft/raft.go:546	rf.sendRequestVote failed when send from server 0 to server 2
2024-01-17T11:30:07.108+0800	INFO	raft/raft.go:546	rf.sendRequestVote failed when send from server 0 to server 1
2024-01-17T11:30:07.108+0800	INFO	raft/raft.go:582	------a new leaderElection() call-------
2024-01-17T11:30:07.164+0800	INFO	raft/raft.go:500	the election timeout is 377
															the distance between now and last time from leader is 378ms
															rf.state.isleader is false
															rf.state.currTerm is 1
															leader election's me is %!v(MISSING)
															begin to elect
2024-01-17T11:30:07.164+0800	INFO	raft/raft.go:522	rf.currenTerm is 9, rf.lastLogIndex is 0, rf.lastLogTerm is 0, me is 1
2024-01-17T11:30:07.164+0800	INFO	raft/raft.go:546	rf.sendRequestVote failed when send from server 1 to server 2
2024-01-17T11:30:07.164+0800	INFO	raft/raft.go:546	rf.sendRequestVote failed when send from server 1 to server 0
2024-01-17T11:30:07.164+0800	INFO	raft/raft.go:582	------a new leaderElection() call-------
2024-01-17T11:30:07.207+0800	INFO	raft/raft.go:500	the election timeout is 328
															the distance between now and last time from leader is 330ms
															rf.state.isleader is false
															rf.state.currTerm is 2
															leader election's me is %!v(MISSING)
															begin to elect
2024-01-17T11:30:07.207+0800	INFO	raft/raft.go:522	rf.currenTerm is 10, rf.lastLogIndex is 0, rf.lastLogTerm is 0, me is 2
2024-01-17T11:30:07.207+0800	INFO	raft/raft.go:546	rf.sendRequestVote failed when send from server 2 to server 1
2024-01-17T11:30:07.207+0800	INFO	raft/raft.go:582	------a new leaderElection() call-------
2024-01-17T11:30:07.207+0800	INFO	raft/raft.go:546	rf.sendRequestVote failed when send from server 2 to server 0
2024-01-17T11:30:07.424+0800	INFO	raft/raft.go:500	the election timeout is 314
															the distance between now and last time from leader is 316ms
															rf.state.isleader is false
															rf.state.currTerm is 0
															leader election's me is %!v(MISSING)
															begin to elect
2024-01-17T11:30:07.424+0800	INFO	raft/raft.go:522	rf.currenTerm is 11, rf.lastLogIndex is 0, rf.lastLogTerm is 0, me is 0
2024-01-17T11:30:07.424+0800	INFO	raft/raft.go:546	rf.sendRequestVote failed when send from server 0 to server 2
2024-01-17T11:30:07.425+0800	INFO	raft/raft.go:546	rf.sendRequestVote failed when send from server 0 to server 1
2024-01-17T11:30:07.425+0800	INFO	raft/raft.go:582	------a new leaderElection() call-------
2024-01-17T11:30:07.480+0800	INFO	raft/raft.go:500	the election timeout is 314
															the distance between now and last time from leader is 316ms
															rf.state.isleader is false
															rf.state.currTerm is 1
															leader election's me is %!v(MISSING)
															begin to elect
2024-01-17T11:30:07.480+0800	INFO	raft/raft.go:522	rf.currenTerm is 10, rf.lastLogIndex is 0, rf.lastLogTerm is 0, me is 1
2024-01-17T11:30:07.480+0800	INFO	raft/raft.go:546	rf.sendRequestVote failed when send from server 1 to server 0
2024-01-17T11:30:07.480+0800	INFO	raft/raft.go:582	------a new leaderElection() call-------
2024-01-17T11:30:07.480+0800	INFO	raft/raft.go:546	rf.sendRequestVote failed when send from server 1 to server 2
2024-01-17T11:30:07.643+0800	INFO	raft/raft.go:500	the election timeout is 434
															the distance between now and last time from leader is 436ms
															rf.state.isleader is false
															rf.state.currTerm is 2
															leader election's me is %!v(MISSING)
															begin to elect
2024-01-17T11:30:07.643+0800	INFO	raft/raft.go:522	rf.currenTerm is 11, rf.lastLogIndex is 0, rf.lastLogTerm is 0, me is 2
2024-01-17T11:30:07.643+0800	INFO	raft/raft.go:546	rf.sendRequestVote failed when send from server 2 to server 1
2024-01-17T11:30:07.643+0800	INFO	raft/raft.go:546	rf.sendRequestVote failed when send from server 2 to server 0
2024-01-17T11:30:07.643+0800	INFO	raft/raft.go:582	------a new leaderElection() call-------
2024-01-17T11:30:07.794+0800	INFO	raft/raft.go:500	the election timeout is 368
															the distance between now and last time from leader is 369ms
															rf.state.isleader is false
															rf.state.currTerm is 0
															leader election's me is %!v(MISSING)
															begin to elect
2024-01-17T11:30:07.794+0800	INFO	raft/raft.go:522	rf.currenTerm is 12, rf.lastLogIndex is 0, rf.lastLogTerm is 0, me is 0
2024-01-17T11:30:07.794+0800	INFO	raft/raft.go:546	rf.sendRequestVote failed when send from server 0 to server 2
2024-01-17T11:30:07.794+0800	INFO	raft/raft.go:546	rf.sendRequestVote failed when send from server 0 to server 1
2024-01-17T11:30:07.795+0800	INFO	raft/raft.go:582	------a new leaderElection() call-------
2024-01-17T11:30:07.885+0800	INFO	raft/raft.go:500	the election timeout is 402
															the distance between now and last time from leader is 404ms
															rf.state.isleader is false
															rf.state.currTerm is 1
															leader election's me is %!v(MISSING)
															begin to elect
2024-01-17T11:30:07.885+0800	INFO	raft/raft.go:522	rf.currenTerm is 11, rf.lastLogIndex is 0, rf.lastLogTerm is 0, me is 1
2024-01-17T11:30:07.885+0800	INFO	raft/raft.go:546	rf.sendRequestVote failed when send from server 1 to server 2
2024-01-17T11:30:07.885+0800	INFO	raft/raft.go:546	rf.sendRequestVote failed when send from server 1 to server 0
2024-01-17T11:30:07.885+0800	INFO	raft/raft.go:582	------a new leaderElection() call-------
2024-01-17T11:30:08.083+0800	INFO	raft/raft.go:500	the election timeout is 438
															the distance between now and last time from leader is 440ms
															rf.state.isleader is false
															rf.state.currTerm is 2
															leader election's me is %!v(MISSING)
															begin to elect
2024-01-17T11:30:08.083+0800	INFO	raft/raft.go:522	rf.currenTerm is 12, rf.lastLogIndex is 0, rf.lastLogTerm is 0, me is 2
2024-01-17T11:30:08.084+0800	INFO	raft/raft.go:546	rf.sendRequestVote failed when send from server 2 to server 1
2024-01-17T11:30:08.084+0800	INFO	raft/raft.go:546	rf.sendRequestVote failed when send from server 2 to server 0
2024-01-17T11:30:08.084+0800	INFO	raft/raft.go:582	------a new leaderElection() call-------
2024-01-17T11:30:08.141+0800	INFO	raft/raft.go:500	the election timeout is 346
															the distance between now and last time from leader is 347ms
															rf.state.isleader is false
															rf.state.currTerm is 0
															leader election's me is %!v(MISSING)
															begin to elect
2024-01-17T11:30:08.142+0800	INFO	raft/raft.go:522	rf.currenTerm is 13, rf.lastLogIndex is 0, rf.lastLogTerm is 0, me is 0
2024-01-17T11:30:08.142+0800	INFO	raft/raft.go:546	rf.sendRequestVote failed when send from server 0 to server 2
2024-01-17T11:30:08.142+0800	INFO	raft/raft.go:546	rf.sendRequestVote failed when send from server 0 to server 1
2024-01-17T11:30:08.142+0800	INFO	raft/raft.go:582	------a new leaderElection() call-------
2024-01-17T11:30:08.277+0800	INFO	raft/raft.go:500	the election timeout is 391
															the distance between now and last time from leader is 392ms
															rf.state.isleader is false
															rf.state.currTerm is 1
															leader election's me is %!v(MISSING)
															begin to elect
2024-01-17T11:30:08.277+0800	INFO	raft/raft.go:522	rf.currenTerm is 12, rf.lastLogIndex is 0, rf.lastLogTerm is 0, me is 1
2024-01-17T11:30:08.277+0800	INFO	raft/raft.go:546	rf.sendRequestVote failed when send from server 1 to server 2
2024-01-17T11:30:08.277+0800	INFO	raft/raft.go:582	------a new leaderElection() call-------
2024-01-17T11:30:08.277+0800	INFO	raft/raft.go:546	rf.sendRequestVote failed when send from server 1 to server 0
2024-01-17T11:30:08.460+0800	INFO	raft/raft.go:500	the election timeout is 374
															the distance between now and last time from leader is 376ms
															rf.state.isleader is false
															rf.state.currTerm is 2
															leader election's me is %!v(MISSING)
															begin to elect
2024-01-17T11:30:08.460+0800	INFO	raft/raft.go:522	rf.currenTerm is 13, rf.lastLogIndex is 0, rf.lastLogTerm is 0, me is 2
2024-01-17T11:30:08.460+0800	INFO	raft/raft.go:546	rf.sendRequestVote failed when send from server 2 to server 1
2024-01-17T11:30:08.460+0800	INFO	raft/raft.go:546	rf.sendRequestVote failed when send from server 2 to server 0
2024-01-17T11:30:08.460+0800	INFO	raft/raft.go:582	------a new leaderElection() call-------
2024-01-17T11:30:08.535+0800	INFO	raft/raft.go:546	rf.sendRequestVote failed when send from server 0 to server 1
2024-01-17T11:30:08.568+0800	INFO	raft/raft.go:500	the election timeout is 425
															the distance between now and last time from leader is 426ms
															rf.state.isleader is false
															rf.state.currTerm is 0
															leader election's me is %!v(MISSING)
															begin to elect
2024-01-17T11:30:08.568+0800	INFO	raft/raft.go:522	rf.currenTerm is 14, rf.lastLogIndex is 0, rf.lastLogTerm is 0, me is 0
2024-01-17T11:30:08.568+0800	INFO	raft/raft.go:546	rf.sendRequestVote failed when send from server 0 to server 2
2024-01-17T11:30:08.568+0800	INFO	raft/raft.go:546	rf.sendRequestVote failed when send from server 0 to server 1
2024-01-17T11:30:08.568+0800	INFO	raft/raft.go:582	------a new leaderElection() call-------
2024-01-17T11:30:08.604+0800	INFO	raft/raft.go:500	the election timeout is 325
															the distance between now and last time from leader is 326ms
															rf.state.isleader is false
															rf.state.currTerm is 1
															leader election's me is %!v(MISSING)
															begin to elect
2024-01-17T11:30:08.604+0800	INFO	raft/raft.go:522	rf.currenTerm is 13, rf.lastLogIndex is 0, rf.lastLogTerm is 0, me is 1
2024-01-17T11:30:08.604+0800	INFO	raft/raft.go:546	rf.sendRequestVote failed when send from server 1 to server 2
2024-01-17T11:30:08.604+0800	INFO	raft/raft.go:582	------a new leaderElection() call-------
2024-01-17T11:30:08.604+0800	INFO	raft/raft.go:546	rf.sendRequestVote failed when send from server 1 to server 0
2024-01-17T11:30:08.832+0800	INFO	raft/raft.go:546	rf.sendRequestVote failed when send from server 1 to server 0
2024-01-17T11:30:08.832+0800	INFO	raft/raft.go:582	------a new leaderElection() call-------
2024-01-17T11:30:08.834+0800	INFO	raft/raft.go:500	the election timeout is 358
															the distance between now and last time from leader is 3249ms
															rf.state.isleader is false
															rf.state.currTerm is 1
															leader election's me is %!v(MISSING)
															begin to elect
2024-01-17T11:30:08.834+0800	INFO	raft/raft.go:522	rf.currenTerm is 4, rf.lastLogIndex is 0, rf.lastLogTerm is 0, me is 1
2024-01-17T11:30:08.835+0800	INFO	raft/raft.go:221	enter the `rf.Requestvote()` handler
															rf.me is 0
															rf.currentTerm is 4
															rf.voteFor is 0
															args.CandiateId is 1
2024-01-17T11:30:08.835+0800	INFO	raft/raft.go:264	before exiting the `rf.Requestvote()` handler
															rf.me is 0
															rf.currentTerm is 4
															rf.voteFor is 1
															args.CandiateId is 1
2024-01-17T11:30:08.835+0800	INFO	raft/raft.go:538	Convert2Candidate.me is 1
2024-01-17T11:30:08.835+0800	INFO	raft/raft.go:568	the leader is 1
2024-01-17T11:30:08.872+0800	INFO	raft/raft.go:500	the election timeout is 411
															the distance between now and last time from leader is 412ms
															rf.state.isleader is false
															rf.state.currTerm is 2
															leader election's me is %!v(MISSING)
															begin to elect
2024-01-17T11:30:08.872+0800	INFO	raft/raft.go:522	rf.currenTerm is 14, rf.lastLogIndex is 0, rf.lastLogTerm is 0, me is 2
2024-01-17T11:30:08.872+0800	INFO	raft/raft.go:546	rf.sendRequestVote failed when send from server 2 to server 1
2024-01-17T11:30:08.872+0800	INFO	raft/raft.go:546	rf.sendRequestVote failed when send from server 2 to server 0
2024-01-17T11:30:08.872+0800	INFO	raft/raft.go:582	------a new leaderElection() call-------
2024-01-17T11:30:08.952+0800	INFO	raft/raft.go:500	the election timeout is 383
															the distance between now and last time from leader is 384ms
															rf.state.isleader is false
															rf.state.currTerm is 0
															leader election's me is %!v(MISSING)
															begin to elect
2024-01-17T11:30:08.952+0800	INFO	raft/raft.go:522	rf.currenTerm is 15, rf.lastLogIndex is 0, rf.lastLogTerm is 0, me is 0
2024-01-17T11:30:08.952+0800	INFO	raft/raft.go:546	rf.sendRequestVote failed when send from server 0 to server 2
2024-01-17T11:30:08.952+0800	INFO	raft/raft.go:546	rf.sendRequestVote failed when send from server 0 to server 1
2024-01-17T11:30:08.952+0800	INFO	raft/raft.go:582	------a new leaderElection() call-------
2024-01-17T11:30:09.034+0800	INFO	raft/raft.go:500	the election timeout is 428
															the distance between now and last time from leader is 429ms
															rf.state.isleader is false
															rf.state.currTerm is 1
															leader election's me is %!v(MISSING)
															begin to elect
2024-01-17T11:30:09.034+0800	INFO	raft/raft.go:522	rf.currenTerm is 14, rf.lastLogIndex is 0, rf.lastLogTerm is 0, me is 1
2024-01-17T11:30:09.034+0800	INFO	raft/raft.go:546	rf.sendRequestVote failed when send from server 1 to server 2
2024-01-17T11:30:09.034+0800	INFO	raft/raft.go:546	rf.sendRequestVote failed when send from server 1 to server 0
2024-01-17T11:30:09.034+0800	INFO	raft/raft.go:582	------a new leaderElection() call-------
2024-01-17T11:30:09.240+0800	INFO	raft/raft.go:500	the election timeout is 365
															the distance between now and last time from leader is 367ms
															rf.state.isleader is false
															rf.state.currTerm is 2
															leader election's me is %!v(MISSING)
															begin to elect
2024-01-17T11:30:09.240+0800	INFO	raft/raft.go:522	rf.currenTerm is 15, rf.lastLogIndex is 0, rf.lastLogTerm is 0, me is 2
2024-01-17T11:30:09.240+0800	INFO	raft/raft.go:546	rf.sendRequestVote failed when send from server 2 to server 1
2024-01-17T11:30:09.240+0800	INFO	raft/raft.go:582	------a new leaderElection() call-------
2024-01-17T11:30:09.240+0800	INFO	raft/raft.go:546	rf.sendRequestVote failed when send from server 2 to server 0
2024-01-17T11:30:09.299+0800	INFO	raft/raft.go:500	the election timeout is 344
															the distance between now and last time from leader is 346ms
															rf.state.isleader is false
															rf.state.currTerm is 0
															leader election's me is %!v(MISSING)
															begin to elect
2024-01-17T11:30:09.299+0800	INFO	raft/raft.go:522	rf.currenTerm is 16, rf.lastLogIndex is 0, rf.lastLogTerm is 0, me is 0
2024-01-17T11:30:09.299+0800	INFO	raft/raft.go:546	rf.sendRequestVote failed when send from server 0 to server 2
2024-01-17T11:30:09.299+0800	INFO	raft/raft.go:546	rf.sendRequestVote failed when send from server 0 to server 1
2024-01-17T11:30:09.299+0800	INFO	raft/raft.go:582	------a new leaderElection() call-------
2024-01-17T11:30:09.464+0800	INFO	raft/raft.go:500	the election timeout is 429
															the distance between now and last time from leader is 430ms
															rf.state.isleader is false
															rf.state.currTerm is 1
															leader election's me is %!v(MISSING)
															begin to elect
2024-01-17T11:30:09.464+0800	INFO	raft/raft.go:522	rf.currenTerm is 15, rf.lastLogIndex is 0, rf.lastLogTerm is 0, me is 1
2024-01-17T11:30:09.464+0800	INFO	raft/raft.go:546	rf.sendRequestVote failed when send from server 1 to server 2
2024-01-17T11:30:09.464+0800	INFO	raft/raft.go:546	rf.sendRequestVote failed when send from server 1 to server 0
2024-01-17T11:30:09.464+0800	INFO	raft/raft.go:582	------a new leaderElection() call-------
2024-01-17T11:30:09.615+0800	INFO	raft/raft.go:500	the election timeout is 372
															the distance between now and last time from leader is 374ms
															rf.state.isleader is false
															rf.state.currTerm is 2
															leader election's me is %!v(MISSING)
															begin to elect
2024-01-17T11:30:09.615+0800	INFO	raft/raft.go:522	rf.currenTerm is 16, rf.lastLogIndex is 0, rf.lastLogTerm is 0, me is 2
2024-01-17T11:30:09.615+0800	INFO	raft/raft.go:546	rf.sendRequestVote failed when send from server 2 to server 1
2024-01-17T11:30:09.615+0800	INFO	raft/raft.go:582	------a new leaderElection() call-------
2024-01-17T11:30:09.615+0800	INFO	raft/raft.go:546	rf.sendRequestVote failed when send from server 2 to server 0
2024-01-17T11:30:09.667+0800	INFO	raft/raft.go:500	the election timeout is 367
															the distance between now and last time from leader is 368ms
															rf.state.isleader is false
															rf.state.currTerm is 0
															leader election's me is %!v(MISSING)
															begin to elect
2024-01-17T11:30:09.667+0800	INFO	raft/raft.go:522	rf.currenTerm is 17, rf.lastLogIndex is 0, rf.lastLogTerm is 0, me is 0
2024-01-17T11:30:09.667+0800	INFO	raft/raft.go:546	rf.sendRequestVote failed when send from server 0 to server 2
2024-01-17T11:30:09.667+0800	INFO	raft/raft.go:582	------a new leaderElection() call-------
2024-01-17T11:30:09.667+0800	INFO	raft/raft.go:546	rf.sendRequestVote failed when send from server 0 to server 1
