2024-01-21T09:30:12.830+0800	INFO	raft/raft.go:506	

---------------------------------------------Start a new server init-------------------------------------------
2024-01-21T09:30:12.919+0800	INFO	raft/raft.go:506	

---------------------------------------------Start a new server init-------------------------------------------
2024-01-21T09:30:12.966+0800	INFO	raft/raft.go:506	

---------------------------------------------Start a new server init-------------------------------------------
2024-01-21T09:30:13.230+0800	INFO	raft/raft.go:544	the election timeout is 308
															the distance between now and last time from leader is 310ms
															rf.state.isleader is false
															rf.state.currTerm is 1
															leader election's me is %!v(MISSING)
															begin to elect
2024-01-21T09:30:13.230+0800	INFO	raft/raft.go:566	rf.currenTerm is 1, rf.lastLogIndex is 0, rf.lastLogTerm is 0, me is 1
2024-01-21T09:30:13.230+0800	INFO	raft/raft.go:221	enter the `rf.Requestvote()` handler
															rf.me is 2
															rf.currentTerm is 0
															rf.voteFor is -1
															args.CandiateId is 1
2024-01-21T09:30:13.230+0800	INFO	raft/raft.go:264	before exiting the `rf.Requestvote()` handler
															rf.me is 2
															rf.currentTerm is 1
															rf.voteFor is 1
															args.CandiateId is 1
2024-01-21T09:30:13.230+0800	INFO	raft/raft.go:582	Convert2Candidate.me is 1
2024-01-21T09:30:13.230+0800	INFO	raft/raft.go:612	the leader is 1
2024-01-21T09:30:13.230+0800	INFO	raft/raft.go:221	enter the `rf.Requestvote()` handler
															rf.me is 0
															rf.currentTerm is 0
															rf.voteFor is -1
															args.CandiateId is 1
2024-01-21T09:30:13.230+0800	INFO	raft/raft.go:264	before exiting the `rf.Requestvote()` handler
															rf.me is 0
															rf.currentTerm is 1
															rf.voteFor is 1
															args.CandiateId is 1
2024-01-21T09:30:13.230+0800	INFO	raft/raft.go:582	Convert2Candidate.me is 1
2024-01-21T09:30:13.230+0800	INFO	raft/raft.go:612	the leader is 1
2024-01-21T09:30:13.230+0800	INFO	raft/raft.go:626	------a new leaderElection() call-------
2024-01-21T09:30:16.074+0800	INFO	raft/raft.go:506	

---------------------------------------------Start a new server init-------------------------------------------
2024-01-21T09:30:16.133+0800	INFO	raft/raft.go:506	

---------------------------------------------Start a new server init-------------------------------------------
2024-01-21T09:30:16.180+0800	INFO	raft/raft.go:686	fail to receive reply from majority servers, rf.me is 1, sendFaults is 2
2024-01-21T09:30:16.182+0800	INFO	raft/raft.go:544	the election timeout is 407
															the distance between now and last time from leader is 2951ms
															rf.state.isleader is false
															rf.state.currTerm is 1
															leader election's me is %!v(MISSING)
															begin to elect
2024-01-21T09:30:16.182+0800	INFO	raft/raft.go:566	rf.currenTerm is 2, rf.lastLogIndex is 0, rf.lastLogTerm is 0, me is 1
2024-01-21T09:30:16.182+0800	INFO	raft/raft.go:590	rf.sendRequestVote failed when send from server 1 to server 2
2024-01-21T09:30:16.182+0800	INFO	raft/raft.go:590	rf.sendRequestVote failed when send from server 1 to server 0
2024-01-21T09:30:16.182+0800	INFO	raft/raft.go:626	------a new leaderElection() call-------
2024-01-21T09:30:16.200+0800	INFO	raft/raft.go:506	

---------------------------------------------Start a new server init-------------------------------------------
2024-01-21T09:30:16.398+0800	INFO	raft/raft.go:544	the election timeout is 337
															the distance between now and last time from leader is 339ms
															rf.state.isleader is false
															rf.state.currTerm is 0
															leader election's me is %!v(MISSING)
															begin to elect
2024-01-21T09:30:16.398+0800	INFO	raft/raft.go:566	rf.currenTerm is 2, rf.lastLogIndex is 0, rf.lastLogTerm is 0, me is 0
2024-01-21T09:30:16.398+0800	INFO	raft/raft.go:590	rf.sendRequestVote failed when send from server 0 to server 2
2024-01-21T09:30:16.398+0800	INFO	raft/raft.go:590	rf.sendRequestVote failed when send from server 0 to server 1
2024-01-21T09:30:16.398+0800	INFO	raft/raft.go:626	------a new leaderElection() call-------
2024-01-21T09:30:16.457+0800	INFO	raft/raft.go:544	the election timeout is 380
															the distance between now and last time from leader is 382ms
															rf.state.isleader is false
															rf.state.currTerm is 0
															leader election's me is %!v(MISSING)
															begin to elect
2024-01-21T09:30:16.457+0800	INFO	raft/raft.go:566	rf.currenTerm is 1, rf.lastLogIndex is 0, rf.lastLogTerm is 0, me is 0
2024-01-21T09:30:16.457+0800	INFO	raft/raft.go:221	enter the `rf.Requestvote()` handler
															rf.me is 2
															rf.currentTerm is 0
															rf.voteFor is -1
															args.CandiateId is 0
2024-01-21T09:30:16.457+0800	INFO	raft/raft.go:221	enter the `rf.Requestvote()` handler
															rf.me is 1
															rf.currentTerm is 0
															rf.voteFor is -1
															args.CandiateId is 0
2024-01-21T09:30:16.458+0800	INFO	raft/raft.go:264	before exiting the `rf.Requestvote()` handler
															rf.me is 1
															rf.currentTerm is 1
															rf.voteFor is 0
															args.CandiateId is 0
2024-01-21T09:30:16.458+0800	INFO	raft/raft.go:582	Convert2Candidate.me is 0
2024-01-21T09:30:16.458+0800	INFO	raft/raft.go:612	the leader is 0
2024-01-21T09:30:16.458+0800	INFO	raft/raft.go:264	before exiting the `rf.Requestvote()` handler
															rf.me is 2
															rf.currentTerm is 1
															rf.voteFor is 0
															args.CandiateId is 0
2024-01-21T09:30:16.458+0800	INFO	raft/raft.go:582	Convert2Candidate.me is 0
2024-01-21T09:30:16.458+0800	INFO	raft/raft.go:612	the leader is 0
2024-01-21T09:30:16.458+0800	INFO	raft/raft.go:626	------a new leaderElection() call-------
2024-01-21T09:30:16.498+0800	INFO	raft/raft.go:544	the election timeout is 437
															the distance between now and last time from leader is 439ms
															rf.state.isleader is false
															rf.state.currTerm is 2
															leader election's me is %!v(MISSING)
															begin to elect
2024-01-21T09:30:16.498+0800	INFO	raft/raft.go:566	rf.currenTerm is 2, rf.lastLogIndex is 0, rf.lastLogTerm is 0, me is 2
2024-01-21T09:30:16.498+0800	INFO	raft/raft.go:590	rf.sendRequestVote failed when send from server 2 to server 1
2024-01-21T09:30:16.498+0800	INFO	raft/raft.go:590	rf.sendRequestVote failed when send from server 2 to server 0
2024-01-21T09:30:16.498+0800	INFO	raft/raft.go:626	------a new leaderElection() call-------
2024-01-21T09:30:16.606+0800	INFO	raft/raft.go:544	the election timeout is 423
															the distance between now and last time from leader is 424ms
															rf.state.isleader is false
															rf.state.currTerm is 1
															leader election's me is %!v(MISSING)
															begin to elect
2024-01-21T09:30:16.606+0800	INFO	raft/raft.go:566	rf.currenTerm is 3, rf.lastLogIndex is 0, rf.lastLogTerm is 0, me is 1
2024-01-21T09:30:16.606+0800	INFO	raft/raft.go:590	rf.sendRequestVote failed when send from server 1 to server 2
2024-01-21T09:30:16.606+0800	INFO	raft/raft.go:590	rf.sendRequestVote failed when send from server 1 to server 0
2024-01-21T09:30:16.606+0800	INFO	raft/raft.go:626	------a new leaderElection() call-------
2024-01-21T09:30:16.812+0800	INFO	raft/raft.go:544	the election timeout is 311
															the distance between now and last time from leader is 314ms
															rf.state.isleader is false
															rf.state.currTerm is 2
															leader election's me is %!v(MISSING)
															begin to elect
2024-01-21T09:30:16.812+0800	INFO	raft/raft.go:566	rf.currenTerm is 3, rf.lastLogIndex is 0, rf.lastLogTerm is 0, me is 2
2024-01-21T09:30:16.812+0800	INFO	raft/raft.go:590	rf.sendRequestVote failed when send from server 2 to server 1
2024-01-21T09:30:16.812+0800	INFO	raft/raft.go:626	------a new leaderElection() call-------
2024-01-21T09:30:16.812+0800	INFO	raft/raft.go:590	rf.sendRequestVote failed when send from server 2 to server 0
2024-01-21T09:30:16.819+0800	INFO	raft/raft.go:544	the election timeout is 418
															the distance between now and last time from leader is 420ms
															rf.state.isleader is false
															rf.state.currTerm is 0
															leader election's me is %!v(MISSING)
															begin to elect
2024-01-21T09:30:16.819+0800	INFO	raft/raft.go:566	rf.currenTerm is 3, rf.lastLogIndex is 0, rf.lastLogTerm is 0, me is 0
2024-01-21T09:30:16.819+0800	INFO	raft/raft.go:590	rf.sendRequestVote failed when send from server 0 to server 2
2024-01-21T09:30:16.819+0800	INFO	raft/raft.go:626	------a new leaderElection() call-------
2024-01-21T09:30:16.819+0800	INFO	raft/raft.go:590	rf.sendRequestVote failed when send from server 0 to server 1
2024-01-21T09:30:16.961+0800	INFO	raft/raft.go:544	the election timeout is 354
															the distance between now and last time from leader is 355ms
															rf.state.isleader is false
															rf.state.currTerm is 1
															leader election's me is %!v(MISSING)
															begin to elect
2024-01-21T09:30:16.961+0800	INFO	raft/raft.go:566	rf.currenTerm is 4, rf.lastLogIndex is 0, rf.lastLogTerm is 0, me is 1
2024-01-21T09:30:16.961+0800	INFO	raft/raft.go:590	rf.sendRequestVote failed when send from server 1 to server 2
2024-01-21T09:30:16.961+0800	INFO	raft/raft.go:590	rf.sendRequestVote failed when send from server 1 to server 0
2024-01-21T09:30:16.961+0800	INFO	raft/raft.go:626	------a new leaderElection() call-------
2024-01-21T09:30:17.108+0800	INFO	raft/raft.go:544	the election timeout is 429
															the distance between now and last time from leader is 430ms
															rf.state.isleader is false
															rf.state.currTerm is 1
															leader election's me is %!v(MISSING)
															begin to elect
2024-01-21T09:30:17.108+0800	INFO	raft/raft.go:566	rf.currenTerm is 2, rf.lastLogIndex is 0, rf.lastLogTerm is 0, me is 1
2024-01-21T09:30:17.108+0800	INFO	raft/raft.go:221	enter the `rf.Requestvote()` handler
															rf.me is 2
															rf.currentTerm is 1
															rf.voteFor is 0
															args.CandiateId is 1
2024-01-21T09:30:17.108+0800	INFO	raft/raft.go:264	before exiting the `rf.Requestvote()` handler
															rf.me is 2
															rf.currentTerm is 2
															rf.voteFor is 1
															args.CandiateId is 1
2024-01-21T09:30:17.108+0800	INFO	raft/raft.go:582	Convert2Candidate.me is 1
2024-01-21T09:30:17.108+0800	INFO	raft/raft.go:612	the leader is 1
2024-01-21T09:30:17.145+0800	INFO	raft/raft.go:544	the election timeout is 323
															the distance between now and last time from leader is 326ms
															rf.state.isleader is false
															rf.state.currTerm is 0
															leader election's me is %!v(MISSING)
															begin to elect
2024-01-21T09:30:17.145+0800	INFO	raft/raft.go:566	rf.currenTerm is 4, rf.lastLogIndex is 0, rf.lastLogTerm is 0, me is 0
2024-01-21T09:30:17.145+0800	INFO	raft/raft.go:590	rf.sendRequestVote failed when send from server 0 to server 2
2024-01-21T09:30:17.145+0800	INFO	raft/raft.go:590	rf.sendRequestVote failed when send from server 0 to server 1
2024-01-21T09:30:17.145+0800	INFO	raft/raft.go:626	------a new leaderElection() call-------
2024-01-21T09:30:17.146+0800	INFO	raft/raft.go:544	the election timeout is 333
															the distance between now and last time from leader is 334ms
															rf.state.isleader is false
															rf.state.currTerm is 2
															leader election's me is %!v(MISSING)
															begin to elect
2024-01-21T09:30:17.146+0800	INFO	raft/raft.go:566	rf.currenTerm is 4, rf.lastLogIndex is 0, rf.lastLogTerm is 0, me is 2
2024-01-21T09:30:17.146+0800	INFO	raft/raft.go:590	rf.sendRequestVote failed when send from server 2 to server 1
2024-01-21T09:30:17.146+0800	INFO	raft/raft.go:590	rf.sendRequestVote failed when send from server 2 to server 0
2024-01-21T09:30:17.146+0800	INFO	raft/raft.go:626	------a new leaderElection() call-------
2024-01-21T09:30:17.409+0800	INFO	raft/raft.go:544	the election timeout is 446
															the distance between now and last time from leader is 447ms
															rf.state.isleader is false
															rf.state.currTerm is 1
															leader election's me is %!v(MISSING)
															begin to elect
2024-01-21T09:30:17.409+0800	INFO	raft/raft.go:566	rf.currenTerm is 5, rf.lastLogIndex is 0, rf.lastLogTerm is 0, me is 1
2024-01-21T09:30:17.409+0800	INFO	raft/raft.go:590	rf.sendRequestVote failed when send from server 1 to server 0
2024-01-21T09:30:17.409+0800	INFO	raft/raft.go:626	------a new leaderElection() call-------
2024-01-21T09:30:17.409+0800	INFO	raft/raft.go:590	rf.sendRequestVote failed when send from server 1 to server 2
2024-01-21T09:30:17.509+0800	INFO	raft/raft.go:544	the election timeout is 361
															the distance between now and last time from leader is 363ms
															rf.state.isleader is false
															rf.state.currTerm is 0
															leader election's me is %!v(MISSING)
															begin to elect
2024-01-21T09:30:17.509+0800	INFO	raft/raft.go:566	rf.currenTerm is 5, rf.lastLogIndex is 0, rf.lastLogTerm is 0, me is 0
2024-01-21T09:30:17.509+0800	INFO	raft/raft.go:590	rf.sendRequestVote failed when send from server 0 to server 2
2024-01-21T09:30:17.509+0800	INFO	raft/raft.go:590	rf.sendRequestVote failed when send from server 0 to server 1
2024-01-21T09:30:17.509+0800	INFO	raft/raft.go:626	------a new leaderElection() call-------
2024-01-21T09:30:17.563+0800	INFO	raft/raft.go:544	the election timeout is 414
															the distance between now and last time from leader is 417ms
															rf.state.isleader is false
															rf.state.currTerm is 2
															leader election's me is %!v(MISSING)
															begin to elect
2024-01-21T09:30:17.564+0800	INFO	raft/raft.go:566	rf.currenTerm is 5, rf.lastLogIndex is 0, rf.lastLogTerm is 0, me is 2
2024-01-21T09:30:17.564+0800	INFO	raft/raft.go:590	rf.sendRequestVote failed when send from server 2 to server 1
2024-01-21T09:30:17.564+0800	INFO	raft/raft.go:626	------a new leaderElection() call-------
2024-01-21T09:30:17.564+0800	INFO	raft/raft.go:590	rf.sendRequestVote failed when send from server 2 to server 0
2024-01-21T09:30:17.767+0800	INFO	raft/raft.go:544	the election timeout is 357
															the distance between now and last time from leader is 358ms
															rf.state.isleader is false
															rf.state.currTerm is 1
															leader election's me is %!v(MISSING)
															begin to elect
2024-01-21T09:30:17.767+0800	INFO	raft/raft.go:566	rf.currenTerm is 6, rf.lastLogIndex is 0, rf.lastLogTerm is 0, me is 1
2024-01-21T09:30:17.767+0800	INFO	raft/raft.go:590	rf.sendRequestVote failed when send from server 1 to server 0
2024-01-21T09:30:17.767+0800	INFO	raft/raft.go:626	------a new leaderElection() call-------
2024-01-21T09:30:17.767+0800	INFO	raft/raft.go:590	rf.sendRequestVote failed when send from server 1 to server 2
2024-01-21T09:30:17.813+0800	INFO	raft/raft.go:544	the election timeout is 302
															the distance between now and last time from leader is 303ms
															rf.state.isleader is false
															rf.state.currTerm is 0
															leader election's me is %!v(MISSING)
															begin to elect
2024-01-21T09:30:17.813+0800	INFO	raft/raft.go:566	rf.currenTerm is 6, rf.lastLogIndex is 0, rf.lastLogTerm is 0, me is 0
2024-01-21T09:30:17.813+0800	INFO	raft/raft.go:590	rf.sendRequestVote failed when send from server 0 to server 2
2024-01-21T09:30:17.813+0800	INFO	raft/raft.go:626	------a new leaderElection() call-------
2024-01-21T09:30:17.813+0800	INFO	raft/raft.go:590	rf.sendRequestVote failed when send from server 0 to server 1
2024-01-21T09:30:17.911+0800	INFO	raft/raft.go:544	the election timeout is 329
															the distance between now and last time from leader is 331ms
															rf.state.isleader is false
															rf.state.currTerm is 2
															leader election's me is %!v(MISSING)
															begin to elect
2024-01-21T09:30:17.911+0800	INFO	raft/raft.go:566	rf.currenTerm is 3, rf.lastLogIndex is 0, rf.lastLogTerm is 0, me is 2
2024-01-21T09:30:17.951+0800	INFO	raft/raft.go:544	the election timeout is 385
															the distance between now and last time from leader is 387ms
															rf.state.isleader is false
															rf.state.currTerm is 2
															leader election's me is %!v(MISSING)
															begin to elect
2024-01-21T09:30:17.951+0800	INFO	raft/raft.go:566	rf.currenTerm is 6, rf.lastLogIndex is 0, rf.lastLogTerm is 0, me is 2
2024-01-21T09:30:17.951+0800	INFO	raft/raft.go:590	rf.sendRequestVote failed when send from server 2 to server 1
2024-01-21T09:30:17.951+0800	INFO	raft/raft.go:590	rf.sendRequestVote failed when send from server 2 to server 0
2024-01-21T09:30:17.951+0800	INFO	raft/raft.go:626	------a new leaderElection() call-------
2024-01-21T09:30:18.015+0800	INFO	raft/raft.go:544	the election timeout is 435
															the distance between now and last time from leader is 436ms
															rf.state.isleader is false
															rf.state.currTerm is 0
															leader election's me is %!v(MISSING)
															begin to elect
2024-01-21T09:30:18.015+0800	INFO	raft/raft.go:566	rf.currenTerm is 2, rf.lastLogIndex is 0, rf.lastLogTerm is 0, me is 0
2024-01-21T09:30:18.144+0800	INFO	raft/raft.go:590	rf.sendRequestVote failed when send from server 1 to server 0
2024-01-21T09:30:18.144+0800	INFO	raft/raft.go:626	------a new leaderElection() call-------
2024-01-21T09:30:18.174+0800	INFO	raft/raft.go:544	the election timeout is 405
															the distance between now and last time from leader is 406ms
															rf.state.isleader is false
															rf.state.currTerm is 1
															leader election's me is %!v(MISSING)
															begin to elect
2024-01-21T09:30:18.174+0800	INFO	raft/raft.go:566	rf.currenTerm is 7, rf.lastLogIndex is 0, rf.lastLogTerm is 0, me is 1
2024-01-21T09:30:18.174+0800	INFO	raft/raft.go:590	rf.sendRequestVote failed when send from server 1 to server 2
2024-01-21T09:30:18.174+0800	INFO	raft/raft.go:590	rf.sendRequestVote failed when send from server 1 to server 0
2024-01-21T09:30:18.174+0800	INFO	raft/raft.go:626	------a new leaderElection() call-------
2024-01-21T09:30:18.264+0800	INFO	raft/raft.go:544	the election timeout is 448
															the distance between now and last time from leader is 451ms
															rf.state.isleader is false
															rf.state.currTerm is 0
															leader election's me is %!v(MISSING)
															begin to elect
2024-01-21T09:30:18.264+0800	INFO	raft/raft.go:566	rf.currenTerm is 7, rf.lastLogIndex is 0, rf.lastLogTerm is 0, me is 0
2024-01-21T09:30:18.264+0800	INFO	raft/raft.go:590	rf.sendRequestVote failed when send from server 0 to server 2
2024-01-21T09:30:18.264+0800	INFO	raft/raft.go:590	rf.sendRequestVote failed when send from server 0 to server 1
2024-01-21T09:30:18.264+0800	INFO	raft/raft.go:626	------a new leaderElection() call-------
2024-01-21T09:30:18.287+0800	INFO	raft/raft.go:544	the election timeout is 334
															the distance between now and last time from leader is 335ms
															rf.state.isleader is false
															rf.state.currTerm is 2
															leader election's me is %!v(MISSING)
															begin to elect
2024-01-21T09:30:18.287+0800	INFO	raft/raft.go:566	rf.currenTerm is 7, rf.lastLogIndex is 0, rf.lastLogTerm is 0, me is 2
2024-01-21T09:30:18.287+0800	INFO	raft/raft.go:590	rf.sendRequestVote failed when send from server 2 to server 1
2024-01-21T09:30:18.287+0800	INFO	raft/raft.go:590	rf.sendRequestVote failed when send from server 2 to server 0
2024-01-21T09:30:18.287+0800	INFO	raft/raft.go:626	------a new leaderElection() call-------
2024-01-21T09:30:18.526+0800	INFO	raft/raft.go:544	the election timeout is 351
															the distance between now and last time from leader is 352ms
															rf.state.isleader is false
															rf.state.currTerm is 1
															leader election's me is %!v(MISSING)
															begin to elect
2024-01-21T09:30:18.526+0800	INFO	raft/raft.go:566	rf.currenTerm is 8, rf.lastLogIndex is 0, rf.lastLogTerm is 0, me is 1
2024-01-21T09:30:18.526+0800	INFO	raft/raft.go:590	rf.sendRequestVote failed when send from server 1 to server 0
2024-01-21T09:30:18.526+0800	INFO	raft/raft.go:626	------a new leaderElection() call-------
2024-01-21T09:30:18.526+0800	INFO	raft/raft.go:590	rf.sendRequestVote failed when send from server 1 to server 2
2024-01-21T09:30:18.603+0800	INFO	raft/raft.go:544	the election timeout is 338
															the distance between now and last time from leader is 339ms
															rf.state.isleader is false
															rf.state.currTerm is 0
															leader election's me is %!v(MISSING)
															begin to elect
2024-01-21T09:30:18.603+0800	INFO	raft/raft.go:566	rf.currenTerm is 8, rf.lastLogIndex is 0, rf.lastLogTerm is 0, me is 0
2024-01-21T09:30:18.603+0800	INFO	raft/raft.go:590	rf.sendRequestVote failed when send from server 0 to server 2
2024-01-21T09:30:18.603+0800	INFO	raft/raft.go:590	rf.sendRequestVote failed when send from server 0 to server 1
2024-01-21T09:30:18.603+0800	INFO	raft/raft.go:626	------a new leaderElection() call-------
2024-01-21T09:30:18.696+0800	INFO	raft/raft.go:544	the election timeout is 407
															the distance between now and last time from leader is 409ms
															rf.state.isleader is false
															rf.state.currTerm is 2
															leader election's me is %!v(MISSING)
															begin to elect
2024-01-21T09:30:18.696+0800	INFO	raft/raft.go:566	rf.currenTerm is 8, rf.lastLogIndex is 0, rf.lastLogTerm is 0, me is 2
2024-01-21T09:30:18.697+0800	INFO	raft/raft.go:590	rf.sendRequestVote failed when send from server 2 to server 1
2024-01-21T09:30:18.697+0800	INFO	raft/raft.go:590	rf.sendRequestVote failed when send from server 2 to server 0
2024-01-21T09:30:18.697+0800	INFO	raft/raft.go:626	------a new leaderElection() call-------
2024-01-21T09:30:18.750+0800	INFO	raft/raft.go:590	rf.sendRequestVote failed when send from server 2 to server 1
2024-01-21T09:30:18.966+0800	INFO	raft/raft.go:544	the election timeout is 437
															the distance between now and last time from leader is 439ms
															rf.state.isleader is false
															rf.state.currTerm is 1
															leader election's me is %!v(MISSING)
															begin to elect
2024-01-21T09:30:18.966+0800	INFO	raft/raft.go:566	rf.currenTerm is 9, rf.lastLogIndex is 0, rf.lastLogTerm is 0, me is 1
2024-01-21T09:30:18.966+0800	INFO	raft/raft.go:590	rf.sendRequestVote failed when send from server 1 to server 2
2024-01-21T09:30:18.966+0800	INFO	raft/raft.go:590	rf.sendRequestVote failed when send from server 1 to server 0
2024-01-21T09:30:18.966+0800	INFO	raft/raft.go:626	------a new leaderElection() call-------
2024-01-21T09:30:18.968+0800	INFO	raft/raft.go:544	the election timeout is 362
															the distance between now and last time from leader is 364ms
															rf.state.isleader is false
															rf.state.currTerm is 0
															leader election's me is %!v(MISSING)
															begin to elect
2024-01-21T09:30:18.968+0800	INFO	raft/raft.go:566	rf.currenTerm is 9, rf.lastLogIndex is 0, rf.lastLogTerm is 0, me is 0
2024-01-21T09:30:18.968+0800	INFO	raft/raft.go:590	rf.sendRequestVote failed when send from server 0 to server 1
2024-01-21T09:30:18.968+0800	INFO	raft/raft.go:590	rf.sendRequestVote failed when send from server 0 to server 2
2024-01-21T09:30:18.968+0800	INFO	raft/raft.go:626	------a new leaderElection() call-------
2024-01-21T09:30:19.081+0800	INFO	raft/raft.go:544	the election timeout is 382
															the distance between now and last time from leader is 384ms
															rf.state.isleader is false
															rf.state.currTerm is 2
															leader election's me is %!v(MISSING)
															begin to elect
2024-01-21T09:30:19.081+0800	INFO	raft/raft.go:566	rf.currenTerm is 9, rf.lastLogIndex is 0, rf.lastLogTerm is 0, me is 2
2024-01-21T09:30:19.081+0800	INFO	raft/raft.go:590	rf.sendRequestVote failed when send from server 2 to server 1
2024-01-21T09:30:19.081+0800	INFO	raft/raft.go:590	rf.sendRequestVote failed when send from server 2 to server 0
2024-01-21T09:30:19.081+0800	INFO	raft/raft.go:626	------a new leaderElection() call-------
2024-01-21T09:30:19.290+0800	INFO	raft/raft.go:544	the election timeout is 321
															the distance between now and last time from leader is 322ms
															rf.state.isleader is false
															rf.state.currTerm is 0
															leader election's me is %!v(MISSING)
															begin to elect
2024-01-21T09:30:19.290+0800	INFO	raft/raft.go:566	rf.currenTerm is 10, rf.lastLogIndex is 0, rf.lastLogTerm is 0, me is 0
2024-01-21T09:30:19.290+0800	INFO	raft/raft.go:590	rf.sendRequestVote failed when send from server 0 to server 2
2024-01-21T09:30:19.290+0800	INFO	raft/raft.go:590	rf.sendRequestVote failed when send from server 0 to server 1
2024-01-21T09:30:19.290+0800	INFO	raft/raft.go:626	------a new leaderElection() call-------
2024-01-21T09:30:19.389+0800	INFO	raft/raft.go:544	the election timeout is 422
															the distance between now and last time from leader is 423ms
															rf.state.isleader is false
															rf.state.currTerm is 1
															leader election's me is %!v(MISSING)
															begin to elect
2024-01-21T09:30:19.389+0800	INFO	raft/raft.go:566	rf.currenTerm is 10, rf.lastLogIndex is 0, rf.lastLogTerm is 0, me is 1
2024-01-21T09:30:19.389+0800	INFO	raft/raft.go:590	rf.sendRequestVote failed when send from server 1 to server 2
2024-01-21T09:30:19.389+0800	INFO	raft/raft.go:590	rf.sendRequestVote failed when send from server 1 to server 0
2024-01-21T09:30:19.389+0800	INFO	raft/raft.go:626	------a new leaderElection() call-------
2024-01-21T09:30:19.504+0800	INFO	raft/raft.go:544	the election timeout is 422
															the distance between now and last time from leader is 423ms
															rf.state.isleader is false
															rf.state.currTerm is 2
															leader election's me is %!v(MISSING)
															begin to elect
2024-01-21T09:30:19.504+0800	INFO	raft/raft.go:566	rf.currenTerm is 10, rf.lastLogIndex is 0, rf.lastLogTerm is 0, me is 2
2024-01-21T09:30:19.504+0800	INFO	raft/raft.go:590	rf.sendRequestVote failed when send from server 2 to server 1
2024-01-21T09:30:19.504+0800	INFO	raft/raft.go:590	rf.sendRequestVote failed when send from server 2 to server 0
2024-01-21T09:30:19.504+0800	INFO	raft/raft.go:626	------a new leaderElection() call-------
2024-01-21T09:30:19.674+0800	INFO	raft/raft.go:544	the election timeout is 381
															the distance between now and last time from leader is 383ms
															rf.state.isleader is false
															rf.state.currTerm is 0
															leader election's me is %!v(MISSING)
															begin to elect
2024-01-21T09:30:19.674+0800	INFO	raft/raft.go:566	rf.currenTerm is 11, rf.lastLogIndex is 0, rf.lastLogTerm is 0, me is 0
2024-01-21T09:30:19.674+0800	INFO	raft/raft.go:590	rf.sendRequestVote failed when send from server 0 to server 1
2024-01-21T09:30:19.674+0800	INFO	raft/raft.go:626	------a new leaderElection() call-------
2024-01-21T09:30:19.674+0800	INFO	raft/raft.go:590	rf.sendRequestVote failed when send from server 0 to server 2
2024-01-21T09:30:19.754+0800	INFO	raft/raft.go:544	the election timeout is 363
															the distance between now and last time from leader is 364ms
															rf.state.isleader is false
															rf.state.currTerm is 1
															leader election's me is %!v(MISSING)
															begin to elect
2024-01-21T09:30:19.754+0800	INFO	raft/raft.go:566	rf.currenTerm is 11, rf.lastLogIndex is 0, rf.lastLogTerm is 0, me is 1
2024-01-21T09:30:19.754+0800	INFO	raft/raft.go:590	rf.sendRequestVote failed when send from server 1 to server 2
2024-01-21T09:30:19.754+0800	INFO	raft/raft.go:590	rf.sendRequestVote failed when send from server 1 to server 0
2024-01-21T09:30:19.754+0800	INFO	raft/raft.go:626	------a new leaderElection() call-------
2024-01-21T09:30:19.827+0800	INFO	raft/raft.go:544	the election timeout is 321
															the distance between now and last time from leader is 322ms
															rf.state.isleader is false
															rf.state.currTerm is 2
															leader election's me is %!v(MISSING)
															begin to elect
2024-01-21T09:30:19.827+0800	INFO	raft/raft.go:566	rf.currenTerm is 11, rf.lastLogIndex is 0, rf.lastLogTerm is 0, me is 2
2024-01-21T09:30:19.827+0800	INFO	raft/raft.go:590	rf.sendRequestVote failed when send from server 2 to server 1
2024-01-21T09:30:19.827+0800	INFO	raft/raft.go:590	rf.sendRequestVote failed when send from server 2 to server 0
2024-01-21T09:30:19.827+0800	INFO	raft/raft.go:626	------a new leaderElection() call-------
2024-01-21T09:30:19.990+0800	INFO	raft/raft.go:590	rf.sendRequestVote failed when send from server 2 to server 0
2024-01-21T09:30:19.990+0800	INFO	raft/raft.go:626	------a new leaderElection() call-------
2024-01-21T09:30:19.992+0800	INFO	raft/raft.go:544	the election timeout is 359
															the distance between now and last time from leader is 2081ms
															rf.state.isleader is false
															rf.state.currTerm is 2
															leader election's me is %!v(MISSING)
															begin to elect
2024-01-21T09:30:19.993+0800	INFO	raft/raft.go:566	rf.currenTerm is 4, rf.lastLogIndex is 0, rf.lastLogTerm is 0, me is 2
2024-01-21T09:30:19.993+0800	INFO	raft/raft.go:221	enter the `rf.Requestvote()` handler
															rf.me is 0
															rf.currentTerm is 2
															rf.voteFor is 0
															args.CandiateId is 2
2024-01-21T09:30:19.993+0800	INFO	raft/raft.go:264	before exiting the `rf.Requestvote()` handler
															rf.me is 0
															rf.currentTerm is 4
															rf.voteFor is 2
															args.CandiateId is 2
2024-01-21T09:30:19.993+0800	INFO	raft/raft.go:582	Convert2Candidate.me is 2
2024-01-21T09:30:19.993+0800	INFO	raft/raft.go:612	the leader is 2
2024-01-21T09:30:20.118+0800	INFO	raft/raft.go:544	the election timeout is 442
															the distance between now and last time from leader is 444ms
															rf.state.isleader is false
															rf.state.currTerm is 0
															leader election's me is %!v(MISSING)
															begin to elect
2024-01-21T09:30:20.118+0800	INFO	raft/raft.go:566	rf.currenTerm is 12, rf.lastLogIndex is 0, rf.lastLogTerm is 0, me is 0
2024-01-21T09:30:20.118+0800	INFO	raft/raft.go:590	rf.sendRequestVote failed when send from server 0 to server 2
2024-01-21T09:30:20.118+0800	INFO	raft/raft.go:590	rf.sendRequestVote failed when send from server 0 to server 1
2024-01-21T09:30:20.118+0800	INFO	raft/raft.go:626	------a new leaderElection() call-------
2024-01-21T09:30:20.185+0800	INFO	raft/raft.go:544	the election timeout is 428
															the distance between now and last time from leader is 430ms
															rf.state.isleader is false
															rf.state.currTerm is 1
															leader election's me is %!v(MISSING)
															begin to elect
2024-01-21T09:30:20.185+0800	INFO	raft/raft.go:566	rf.currenTerm is 12, rf.lastLogIndex is 0, rf.lastLogTerm is 0, me is 1
2024-01-21T09:30:20.185+0800	INFO	raft/raft.go:590	rf.sendRequestVote failed when send from server 1 to server 2
2024-01-21T09:30:20.185+0800	INFO	raft/raft.go:590	rf.sendRequestVote failed when send from server 1 to server 0
2024-01-21T09:30:20.185+0800	INFO	raft/raft.go:626	------a new leaderElection() call-------
2024-01-21T09:30:20.197+0800	INFO	raft/raft.go:544	the election timeout is 367
															the distance between now and last time from leader is 369ms
															rf.state.isleader is false
															rf.state.currTerm is 2
															leader election's me is %!v(MISSING)
															begin to elect
2024-01-21T09:30:20.197+0800	INFO	raft/raft.go:566	rf.currenTerm is 12, rf.lastLogIndex is 0, rf.lastLogTerm is 0, me is 2
2024-01-21T09:30:20.197+0800	INFO	raft/raft.go:590	rf.sendRequestVote failed when send from server 2 to server 0
2024-01-21T09:30:20.197+0800	INFO	raft/raft.go:626	------a new leaderElection() call-------
2024-01-21T09:30:20.197+0800	INFO	raft/raft.go:590	rf.sendRequestVote failed when send from server 2 to server 1
2024-01-21T09:30:20.507+0800	INFO	raft/raft.go:544	the election timeout is 388
															the distance between now and last time from leader is 389ms
															rf.state.isleader is false
															rf.state.currTerm is 0
															leader election's me is %!v(MISSING)
															begin to elect
2024-01-21T09:30:20.508+0800	INFO	raft/raft.go:566	rf.currenTerm is 13, rf.lastLogIndex is 0, rf.lastLogTerm is 0, me is 0
2024-01-21T09:30:20.508+0800	INFO	raft/raft.go:590	rf.sendRequestVote failed when send from server 0 to server 2
2024-01-21T09:30:20.508+0800	INFO	raft/raft.go:590	rf.sendRequestVote failed when send from server 0 to server 1
2024-01-21T09:30:20.508+0800	INFO	raft/raft.go:626	------a new leaderElection() call-------
2024-01-21T09:30:20.540+0800	INFO	raft/raft.go:544	the election timeout is 352
															the distance between now and last time from leader is 354ms
															rf.state.isleader is false
															rf.state.currTerm is 1
															leader election's me is %!v(MISSING)
															begin to elect
2024-01-21T09:30:20.540+0800	INFO	raft/raft.go:566	rf.currenTerm is 13, rf.lastLogIndex is 0, rf.lastLogTerm is 0, me is 1
2024-01-21T09:30:20.540+0800	INFO	raft/raft.go:590	rf.sendRequestVote failed when send from server 1 to server 2
2024-01-21T09:30:20.540+0800	INFO	raft/raft.go:590	rf.sendRequestVote failed when send from server 1 to server 0
2024-01-21T09:30:20.540+0800	INFO	raft/raft.go:626	------a new leaderElection() call-------
2024-01-21T09:30:20.613+0800	INFO	raft/raft.go:544	the election timeout is 414
															the distance between now and last time from leader is 415ms
															rf.state.isleader is false
															rf.state.currTerm is 2
															leader election's me is %!v(MISSING)
															begin to elect
2024-01-21T09:30:20.613+0800	INFO	raft/raft.go:566	rf.currenTerm is 13, rf.lastLogIndex is 0, rf.lastLogTerm is 0, me is 2
2024-01-21T09:30:20.613+0800	INFO	raft/raft.go:590	rf.sendRequestVote failed when send from server 2 to server 1
2024-01-21T09:30:20.613+0800	INFO	raft/raft.go:590	rf.sendRequestVote failed when send from server 2 to server 0
2024-01-21T09:30:20.613+0800	INFO	raft/raft.go:626	------a new leaderElection() call-------
