2024-01-17T11:22:43.366+0800	INFO	raft/raft.go:222	enter the `rf.Requestvote()` handler
															rf.me is 1
															rf.currentTerm is 0
															rf.voteFor is -1
															args.CandiateId is 0
2024-01-17T11:22:43.366+0800	INFO	raft/raft.go:265	before exiting the `rf.Requestvote()` handler
															rf.me is 1
															rf.currentTerm is 1
															rf.voteFor is 0
															args.CandiateId is 0
2024-01-17T11:23:48.805+0800	INFO	raft/raft.go:222	enter the `rf.Requestvote()` handler
															rf.me is 1
															rf.currentTerm is 0
															rf.voteFor is -1
															args.CandiateId is 0
2024-01-17T11:23:48.805+0800	INFO	raft/raft.go:265	before exiting the `rf.Requestvote()` handler
															rf.me is 1
															rf.currentTerm is 1
															rf.voteFor is 0
															args.CandiateId is 0
2024-01-17T11:25:50.377+0800	INFO	raft/raft.go:501	the election timeout is 345
															the distance between now and last time from leader is 347ms
															rf.state.isleader is false
															rf.state.currTerm is 0
															leader election's me is 1
															begin to elect
2024-01-17T11:25:50.377+0800	INFO	raft/raft.go:524	rf.currenTerm is 1, rf.lastLogIndex is 0, rf.lastLogTerm is 0, me is 1
2024-01-17T11:25:50.377+0800	INFO	raft/raft.go:539	Convert2Candidate.me is 1
2024-01-17T11:25:50.377+0800	INFO	raft/raft.go:569	the leader is 1
2024-01-17T11:25:50.377+0800	INFO	raft/raft.go:539	Convert2Candidate.me is 1
2024-01-17T11:25:50.377+0800	INFO	raft/raft.go:569	the leader is 1
2024-01-17T11:25:50.377+0800	INFO	raft/raft.go:583	------a new leaderElection() call-------
2024-01-17T11:28:09.787+0800	INFO	raft/raft.go:501	the election timeout is 365
															the distance between now and last time from leader is 366ms
															rf.state.isleader is false
															rf.state.currTerm is 0
															leader election's me is 1
															begin to elect
2024-01-17T11:28:09.787+0800	INFO	raft/raft.go:524	rf.currenTerm is 1, rf.lastLogIndex is 0, rf.lastLogTerm is 0, me is 1
2024-01-17T11:28:09.787+0800	INFO	raft/raft.go:539	Convert2Candidate.me is 1
2024-01-17T11:28:09.787+0800	INFO	raft/raft.go:569	the leader is 1
2024-01-17T11:28:09.787+0800	INFO	raft/raft.go:539	Convert2Candidate.me is 1
2024-01-17T11:28:09.787+0800	INFO	raft/raft.go:569	the leader is 1
2024-01-17T11:28:09.787+0800	INFO	raft/raft.go:583	------a new leaderElection() call-------
2024-01-17T11:30:01.244+0800	INFO	raft/raft.go:222	enter the `rf.Requestvote()` handler
															rf.me is 1
															rf.currentTerm is 0
															rf.voteFor is -1
															args.CandiateId is 0
2024-01-17T11:30:01.244+0800	INFO	raft/raft.go:265	before exiting the `rf.Requestvote()` handler
															rf.me is 1
															rf.currentTerm is 1
															rf.voteFor is 0
															args.CandiateId is 0
2024-01-17T11:30:04.355+0800	INFO	raft/raft.go:501	the election timeout is 380
															the distance between now and last time from leader is 382ms
															rf.state.isleader is false
															rf.state.currTerm is 1
															leader election's me is 1
															begin to elect
2024-01-17T11:30:04.355+0800	INFO	raft/raft.go:524	rf.currenTerm is 2, rf.lastLogIndex is 0, rf.lastLogTerm is 0, me is 1
2024-01-17T11:30:04.355+0800	INFO	raft/raft.go:547	rf.sendRequestVote failed when send from server 1 to server 0
2024-01-17T11:30:04.355+0800	INFO	raft/raft.go:583	------a new leaderElection() call-------
2024-01-17T11:30:04.355+0800	INFO	raft/raft.go:547	rf.sendRequestVote failed when send from server 1 to server 2
2024-01-17T11:30:04.358+0800	INFO	raft/raft.go:222	enter the `rf.Requestvote()` handler
															rf.me is 1
															rf.currentTerm is 0
															rf.voteFor is -1
															args.CandiateId is 0
2024-01-17T11:30:04.358+0800	INFO	raft/raft.go:265	before exiting the `rf.Requestvote()` handler
															rf.me is 1
															rf.currentTerm is 1
															rf.voteFor is 0
															args.CandiateId is 0
2024-01-17T11:30:04.801+0800	INFO	raft/raft.go:501	the election timeout is 445
															the distance between now and last time from leader is 446ms
															rf.state.isleader is false
															rf.state.currTerm is 2
															leader election's me is 1
															begin to elect
2024-01-17T11:30:04.801+0800	INFO	raft/raft.go:524	rf.currenTerm is 3, rf.lastLogIndex is 0, rf.lastLogTerm is 0, me is 1
2024-01-17T11:30:04.801+0800	INFO	raft/raft.go:547	rf.sendRequestVote failed when send from server 1 to server 2
2024-01-17T11:30:04.801+0800	INFO	raft/raft.go:583	------a new leaderElection() call-------
2024-01-17T11:30:04.801+0800	INFO	raft/raft.go:547	rf.sendRequestVote failed when send from server 1 to server 0
2024-01-17T11:30:04.957+0800	INFO	raft/raft.go:501	the election timeout is 323
															the distance between now and last time from leader is 325ms
															rf.state.isleader is false
															rf.state.currTerm is 1
															leader election's me is 1
															begin to elect
2024-01-17T11:30:04.957+0800	INFO	raft/raft.go:524	rf.currenTerm is 2, rf.lastLogIndex is 0, rf.lastLogTerm is 0, me is 1
2024-01-17T11:30:04.957+0800	INFO	raft/raft.go:539	Convert2Candidate.me is 1
2024-01-17T11:30:04.957+0800	INFO	raft/raft.go:569	the leader is 1
2024-01-17T11:30:05.164+0800	INFO	raft/raft.go:501	the election timeout is 361
															the distance between now and last time from leader is 363ms
															rf.state.isleader is false
															rf.state.currTerm is 3
															leader election's me is 1
															begin to elect
2024-01-17T11:30:05.164+0800	INFO	raft/raft.go:524	rf.currenTerm is 4, rf.lastLogIndex is 0, rf.lastLogTerm is 0, me is 1
2024-01-17T11:30:05.164+0800	INFO	raft/raft.go:547	rf.sendRequestVote failed when send from server 1 to server 2
2024-01-17T11:30:05.164+0800	INFO	raft/raft.go:583	------a new leaderElection() call-------
2024-01-17T11:30:05.164+0800	INFO	raft/raft.go:547	rf.sendRequestVote failed when send from server 1 to server 0
2024-01-17T11:30:05.346+0800	INFO	raft/raft.go:222	enter the `rf.Requestvote()` handler
															rf.me is 1
															rf.currentTerm is 2
															rf.voteFor is 1
															args.CandiateId is 2
2024-01-17T11:30:05.346+0800	INFO	raft/raft.go:265	before exiting the `rf.Requestvote()` handler
															rf.me is 1
															rf.currentTerm is 3
															rf.voteFor is 2
															args.CandiateId is 2
2024-01-17T11:30:05.610+0800	INFO	raft/raft.go:501	the election timeout is 444
															the distance between now and last time from leader is 445ms
															rf.state.isleader is false
															rf.state.currTerm is 4
															leader election's me is 1
															begin to elect
2024-01-17T11:30:05.610+0800	INFO	raft/raft.go:524	rf.currenTerm is 5, rf.lastLogIndex is 0, rf.lastLogTerm is 0, me is 1
2024-01-17T11:30:05.610+0800	INFO	raft/raft.go:547	rf.sendRequestVote failed when send from server 1 to server 2
2024-01-17T11:30:05.610+0800	INFO	raft/raft.go:547	rf.sendRequestVote failed when send from server 1 to server 0
2024-01-17T11:30:05.610+0800	INFO	raft/raft.go:583	------a new leaderElection() call-------
2024-01-17T11:30:06.000+0800	INFO	raft/raft.go:501	the election timeout is 388
															the distance between now and last time from leader is 390ms
															rf.state.isleader is false
															rf.state.currTerm is 5
															leader election's me is 1
															begin to elect
2024-01-17T11:30:06.000+0800	INFO	raft/raft.go:524	rf.currenTerm is 6, rf.lastLogIndex is 0, rf.lastLogTerm is 0, me is 1
2024-01-17T11:30:06.000+0800	INFO	raft/raft.go:547	rf.sendRequestVote failed when send from server 1 to server 2
2024-01-17T11:30:06.000+0800	INFO	raft/raft.go:583	------a new leaderElection() call-------
2024-01-17T11:30:06.000+0800	INFO	raft/raft.go:547	rf.sendRequestVote failed when send from server 1 to server 0
2024-01-17T11:30:06.431+0800	INFO	raft/raft.go:501	the election timeout is 428
															the distance between now and last time from leader is 430ms
															rf.state.isleader is false
															rf.state.currTerm is 6
															leader election's me is 1
															begin to elect
2024-01-17T11:30:06.431+0800	INFO	raft/raft.go:524	rf.currenTerm is 7, rf.lastLogIndex is 0, rf.lastLogTerm is 0, me is 1
2024-01-17T11:30:06.431+0800	INFO	raft/raft.go:547	rf.sendRequestVote failed when send from server 1 to server 2
2024-01-17T11:30:06.431+0800	INFO	raft/raft.go:583	------a new leaderElection() call-------
2024-01-17T11:30:06.431+0800	INFO	raft/raft.go:547	rf.sendRequestVote failed when send from server 1 to server 0
2024-01-17T11:30:06.785+0800	INFO	raft/raft.go:501	the election timeout is 352
															the distance between now and last time from leader is 354ms
															rf.state.isleader is false
															rf.state.currTerm is 7
															leader election's me is 1
															begin to elect
2024-01-17T11:30:06.785+0800	INFO	raft/raft.go:524	rf.currenTerm is 8, rf.lastLogIndex is 0, rf.lastLogTerm is 0, me is 1
2024-01-17T11:30:06.785+0800	INFO	raft/raft.go:547	rf.sendRequestVote failed when send from server 1 to server 2
2024-01-17T11:30:06.785+0800	INFO	raft/raft.go:547	rf.sendRequestVote failed when send from server 1 to server 0
2024-01-17T11:30:06.785+0800	INFO	raft/raft.go:583	------a new leaderElection() call-------
2024-01-17T11:30:07.164+0800	INFO	raft/raft.go:501	the election timeout is 377
															the distance between now and last time from leader is 378ms
															rf.state.isleader is false
															rf.state.currTerm is 8
															leader election's me is 1
															begin to elect
2024-01-17T11:30:07.164+0800	INFO	raft/raft.go:524	rf.currenTerm is 9, rf.lastLogIndex is 0, rf.lastLogTerm is 0, me is 1
2024-01-17T11:30:07.164+0800	INFO	raft/raft.go:547	rf.sendRequestVote failed when send from server 1 to server 2
2024-01-17T11:30:07.164+0800	INFO	raft/raft.go:547	rf.sendRequestVote failed when send from server 1 to server 0
2024-01-17T11:30:07.164+0800	INFO	raft/raft.go:583	------a new leaderElection() call-------
2024-01-17T11:30:07.480+0800	INFO	raft/raft.go:501	the election timeout is 314
															the distance between now and last time from leader is 316ms
															rf.state.isleader is false
															rf.state.currTerm is 9
															leader election's me is 1
															begin to elect
2024-01-17T11:30:07.480+0800	INFO	raft/raft.go:524	rf.currenTerm is 10, rf.lastLogIndex is 0, rf.lastLogTerm is 0, me is 1
2024-01-17T11:30:07.480+0800	INFO	raft/raft.go:547	rf.sendRequestVote failed when send from server 1 to server 0
2024-01-17T11:30:07.480+0800	INFO	raft/raft.go:583	------a new leaderElection() call-------
2024-01-17T11:30:07.480+0800	INFO	raft/raft.go:547	rf.sendRequestVote failed when send from server 1 to server 2
2024-01-17T11:30:07.885+0800	INFO	raft/raft.go:501	the election timeout is 402
															the distance between now and last time from leader is 404ms
															rf.state.isleader is false
															rf.state.currTerm is 10
															leader election's me is 1
															begin to elect
2024-01-17T11:30:07.885+0800	INFO	raft/raft.go:524	rf.currenTerm is 11, rf.lastLogIndex is 0, rf.lastLogTerm is 0, me is 1
2024-01-17T11:30:07.885+0800	INFO	raft/raft.go:547	rf.sendRequestVote failed when send from server 1 to server 2
2024-01-17T11:30:07.885+0800	INFO	raft/raft.go:547	rf.sendRequestVote failed when send from server 1 to server 0
2024-01-17T11:30:07.885+0800	INFO	raft/raft.go:583	------a new leaderElection() call-------
2024-01-17T11:30:08.277+0800	INFO	raft/raft.go:501	the election timeout is 391
															the distance between now and last time from leader is 392ms
															rf.state.isleader is false
															rf.state.currTerm is 11
															leader election's me is 1
															begin to elect
2024-01-17T11:30:08.277+0800	INFO	raft/raft.go:524	rf.currenTerm is 12, rf.lastLogIndex is 0, rf.lastLogTerm is 0, me is 1
2024-01-17T11:30:08.277+0800	INFO	raft/raft.go:547	rf.sendRequestVote failed when send from server 1 to server 2
2024-01-17T11:30:08.277+0800	INFO	raft/raft.go:583	------a new leaderElection() call-------
2024-01-17T11:30:08.277+0800	INFO	raft/raft.go:547	rf.sendRequestVote failed when send from server 1 to server 0
2024-01-17T11:30:08.604+0800	INFO	raft/raft.go:501	the election timeout is 325
															the distance between now and last time from leader is 326ms
															rf.state.isleader is false
															rf.state.currTerm is 12
															leader election's me is 1
															begin to elect
2024-01-17T11:30:08.604+0800	INFO	raft/raft.go:524	rf.currenTerm is 13, rf.lastLogIndex is 0, rf.lastLogTerm is 0, me is 1
2024-01-17T11:30:08.604+0800	INFO	raft/raft.go:547	rf.sendRequestVote failed when send from server 1 to server 2
2024-01-17T11:30:08.604+0800	INFO	raft/raft.go:583	------a new leaderElection() call-------
2024-01-17T11:30:08.604+0800	INFO	raft/raft.go:547	rf.sendRequestVote failed when send from server 1 to server 0
2024-01-17T11:30:08.832+0800	INFO	raft/raft.go:547	rf.sendRequestVote failed when send from server 1 to server 0
2024-01-17T11:30:08.832+0800	INFO	raft/raft.go:583	------a new leaderElection() call-------
2024-01-17T11:30:08.834+0800	INFO	raft/raft.go:501	the election timeout is 358
															the distance between now and last time from leader is 3249ms
															rf.state.isleader is false
															rf.state.currTerm is 3
															leader election's me is 1
															begin to elect
2024-01-17T11:30:08.834+0800	INFO	raft/raft.go:524	rf.currenTerm is 4, rf.lastLogIndex is 0, rf.lastLogTerm is 0, me is 1
2024-01-17T11:30:08.835+0800	INFO	raft/raft.go:539	Convert2Candidate.me is 1
2024-01-17T11:30:08.835+0800	INFO	raft/raft.go:569	the leader is 1
2024-01-17T11:30:09.034+0800	INFO	raft/raft.go:501	the election timeout is 428
															the distance between now and last time from leader is 429ms
															rf.state.isleader is false
															rf.state.currTerm is 13
															leader election's me is 1
															begin to elect
2024-01-17T11:30:09.034+0800	INFO	raft/raft.go:524	rf.currenTerm is 14, rf.lastLogIndex is 0, rf.lastLogTerm is 0, me is 1
2024-01-17T11:30:09.034+0800	INFO	raft/raft.go:547	rf.sendRequestVote failed when send from server 1 to server 2
2024-01-17T11:30:09.034+0800	INFO	raft/raft.go:547	rf.sendRequestVote failed when send from server 1 to server 0
2024-01-17T11:30:09.034+0800	INFO	raft/raft.go:583	------a new leaderElection() call-------
2024-01-17T11:30:09.464+0800	INFO	raft/raft.go:501	the election timeout is 429
															the distance between now and last time from leader is 430ms
															rf.state.isleader is false
															rf.state.currTerm is 14
															leader election's me is 1
															begin to elect
2024-01-17T11:30:09.464+0800	INFO	raft/raft.go:524	rf.currenTerm is 15, rf.lastLogIndex is 0, rf.lastLogTerm is 0, me is 1
2024-01-17T11:30:09.464+0800	INFO	raft/raft.go:547	rf.sendRequestVote failed when send from server 1 to server 2
2024-01-17T11:30:09.464+0800	INFO	raft/raft.go:547	rf.sendRequestVote failed when send from server 1 to server 0
2024-01-17T11:30:09.464+0800	INFO	raft/raft.go:583	------a new leaderElection() call-------
