2024-01-06T14:56:23.790+0800	INFO	raft/raft.go:280	--------------------------------------Start a new server init------------------------------------
2024-01-06T14:56:23.790+0800	INFO	raft/raft.go:287	The electionTimeout is 389
2024-01-06T14:56:23.790+0800	INFO	raft/raft.go:288	peers is [0xc00007e2c0 0xc00007e2e0 0xc00007e300]
2024-01-06T14:56:23.842+0800	INFO	raft/raft.go:280	--------------------------------------Start a new server init------------------------------------
2024-01-06T14:56:23.842+0800	INFO	raft/raft.go:287	The electionTimeout is 332
2024-01-06T14:56:23.842+0800	INFO	raft/raft.go:288	peers is [0xc00007e400 0xc00007e420 0xc00007e440]
2024-01-06T14:56:23.898+0800	INFO	raft/raft.go:280	--------------------------------------Start a new server init------------------------------------
2024-01-06T14:56:23.898+0800	INFO	raft/raft.go:287	The electionTimeout is 387
2024-01-06T14:56:23.898+0800	INFO	raft/raft.go:288	peers is [0xc00007e540 0xc00007e560 0xc00007e580]
2024-01-06T14:56:23.990+0800	INFO	raft/raft.go:170	excute here
2024-01-06T14:56:23.990+0800	INFO	raft/raft.go:207	after rf.peers[server].Call() ok is %vtrue
2024-01-06T14:56:23.990+0800	INFO	raft/raft.go:295	rpc successful: reply_term=1, reply_grantvote=true
2024-01-06T14:56:24.043+0800	INFO	raft/raft.go:170	excute here
2024-01-06T14:56:24.043+0800	INFO	raft/raft.go:207	after rf.peers[server].Call() ok is %vtrue
2024-01-06T14:56:24.043+0800	INFO	raft/raft.go:295	rpc successful: reply_term=1, reply_grantvote=true
2024-01-06T14:56:24.098+0800	INFO	raft/raft.go:170	excute here
2024-01-06T14:56:24.098+0800	INFO	raft/raft.go:207	after rf.peers[server].Call() ok is %vtrue
2024-01-06T14:56:24.098+0800	INFO	raft/raft.go:295	rpc successful: reply_term=1, reply_grantvote=true
2024-01-06T14:56:28.916+0800	INFO	raft/raft.go:280	--------------------------------------Start a new server init------------------------------------
2024-01-06T14:56:28.916+0800	INFO	raft/raft.go:287	The electionTimeout is 359
2024-01-06T14:56:28.916+0800	INFO	raft/raft.go:288	peers is [0xc00011e0a0 0xc00011e0c0 0xc00011e0e0]
2024-01-06T14:56:28.965+0800	INFO	raft/raft.go:280	--------------------------------------Start a new server init------------------------------------
2024-01-06T14:56:28.965+0800	INFO	raft/raft.go:287	The electionTimeout is 390
2024-01-06T14:56:28.965+0800	INFO	raft/raft.go:288	peers is [0xc00011e1e0 0xc00011e200 0xc00011e220]
2024-01-06T14:56:29.020+0800	INFO	raft/raft.go:280	--------------------------------------Start a new server init------------------------------------
2024-01-06T14:56:29.020+0800	INFO	raft/raft.go:287	The electionTimeout is 326
2024-01-06T14:56:29.020+0800	INFO	raft/raft.go:288	peers is [0xc00011e320 0xc00011e340 0xc00011e360]
2024-01-06T14:56:29.116+0800	INFO	raft/raft.go:170	excute here
2024-01-06T14:56:29.117+0800	INFO	raft/raft.go:207	after rf.peers[server].Call() ok is %vtrue
2024-01-06T14:56:29.117+0800	INFO	raft/raft.go:295	rpc successful: reply_term=1, reply_grantvote=true
2024-01-06T14:56:29.166+0800	INFO	raft/raft.go:170	excute here
2024-01-06T14:56:29.166+0800	INFO	raft/raft.go:207	after rf.peers[server].Call() ok is %vtrue
2024-01-06T14:56:29.166+0800	INFO	raft/raft.go:295	rpc successful: reply_term=1, reply_grantvote=true
2024-01-06T14:56:29.221+0800	INFO	raft/raft.go:170	excute here
2024-01-06T14:56:29.221+0800	INFO	raft/raft.go:207	after rf.peers[server].Call() ok is %vtrue
2024-01-06T14:56:29.221+0800	INFO	raft/raft.go:295	rpc successful: reply_term=1, reply_grantvote=true
2024-01-06T15:21:24.446+0800	INFO	raft/raft.go:280	--------------------------------------Start a new server init------------------------------------
2024-01-06T15:21:24.446+0800	INFO	raft/raft.go:287	The electionTimeout is 444
2024-01-06T15:21:24.446+0800	INFO	raft/raft.go:288	peers is [0xc00007e2c0 0xc00007e2e0 0xc00007e300]
2024-01-06T15:21:24.490+0800	INFO	raft/raft.go:280	--------------------------------------Start a new server init------------------------------------
2024-01-06T15:21:24.490+0800	INFO	raft/raft.go:287	The electionTimeout is 438
2024-01-06T15:21:24.490+0800	INFO	raft/raft.go:288	peers is [0xc00007e400 0xc00007e420 0xc00007e440]
2024-01-06T15:21:24.535+0800	INFO	raft/raft.go:280	--------------------------------------Start a new server init------------------------------------
2024-01-06T15:21:24.535+0800	INFO	raft/raft.go:287	The electionTimeout is 387
2024-01-06T15:21:24.535+0800	INFO	raft/raft.go:288	peers is [0xc00007e540 0xc00007e560 0xc00007e580]
2024-01-06T15:21:24.646+0800	INFO	raft/raft.go:170	excute here
2024-01-06T15:21:24.646+0800	INFO	raft/raft.go:207	after rf.peers[server].Call() ok is %vtrue
2024-01-06T15:21:24.646+0800	INFO	raft/raft.go:295	rpc successful: reply_term=1, reply_grantvote=true
2024-01-06T15:21:24.691+0800	INFO	raft/raft.go:170	excute here
2024-01-06T15:21:24.691+0800	INFO	raft/raft.go:207	after rf.peers[server].Call() ok is %vtrue
2024-01-06T15:21:24.691+0800	INFO	raft/raft.go:295	rpc successful: reply_term=1, reply_grantvote=true
2024-01-06T15:21:24.736+0800	INFO	raft/raft.go:170	excute here
2024-01-06T15:21:24.736+0800	INFO	raft/raft.go:207	after rf.peers[server].Call() ok is %vtrue
2024-01-06T15:21:24.736+0800	INFO	raft/raft.go:295	rpc successful: reply_term=1, reply_grantvote=true
2024-01-06T15:21:29.460+0800	INFO	raft/raft.go:280	--------------------------------------Start a new server init------------------------------------
2024-01-06T15:21:29.460+0800	INFO	raft/raft.go:287	The electionTimeout is 304
2024-01-06T15:21:29.460+0800	INFO	raft/raft.go:288	peers is [0xc000218540 0xc000218560 0xc000218580]
2024-01-06T15:21:29.530+0800	INFO	raft/raft.go:280	--------------------------------------Start a new server init------------------------------------
2024-01-06T15:21:29.531+0800	INFO	raft/raft.go:287	The electionTimeout is 322
2024-01-06T15:21:29.531+0800	INFO	raft/raft.go:288	peers is [0xc000218680 0xc0002186a0 0xc0002186c0]
2024-01-06T15:21:29.616+0800	INFO	raft/raft.go:280	--------------------------------------Start a new server init------------------------------------
2024-01-06T15:21:29.616+0800	INFO	raft/raft.go:287	The electionTimeout is 446
2024-01-06T15:21:29.616+0800	INFO	raft/raft.go:288	peers is [0xc0002187c0 0xc0002187e0 0xc000218800]
2024-01-06T15:21:29.731+0800	INFO	raft/raft.go:170	excute here
2024-01-06T15:21:29.731+0800	INFO	raft/raft.go:207	after rf.peers[server].Call() ok is %vtrue
2024-01-06T15:21:29.731+0800	INFO	raft/raft.go:295	rpc successful: reply_term=1, reply_grantvote=true
2024-01-06T15:21:29.817+0800	INFO	raft/raft.go:170	excute here
2024-01-06T15:21:29.817+0800	INFO	raft/raft.go:207	after rf.peers[server].Call() ok is %vtrue
2024-01-06T15:21:29.817+0800	INFO	raft/raft.go:295	rpc successful: reply_term=1, reply_grantvote=true
2024-01-06T15:21:32.549+0800	INFO	raft/raft.go:207	after rf.peers[server].Call() ok is %vfalse
2024-01-06T15:23:25.119+0800	INFO	raft/raft.go:280	--------------------------------------Start a new server init------------------------------------
2024-01-06T15:23:25.119+0800	INFO	raft/raft.go:287	The electionTimeout is 388
2024-01-06T15:23:25.119+0800	INFO	raft/raft.go:288	peers is [0xc00007e2c0 0xc00007e2e0 0xc00007e300]
2024-01-06T15:23:25.904+0800	INFO	raft/raft.go:280	--------------------------------------Start a new server init------------------------------------
2024-01-06T15:23:25.904+0800	INFO	raft/raft.go:287	The electionTimeout is 320
2024-01-06T15:23:25.904+0800	INFO	raft/raft.go:288	peers is [0xc00007e440 0xc00007e460 0xc00007e480]
2024-01-06T15:23:25.959+0800	INFO	raft/raft.go:280	--------------------------------------Start a new server init------------------------------------
2024-01-06T15:23:25.960+0800	INFO	raft/raft.go:287	The electionTimeout is 400
2024-01-06T15:23:25.960+0800	INFO	raft/raft.go:288	peers is [0xc00007e580 0xc00007e5a0 0xc00007e5c0]
2024-01-06T15:23:26.105+0800	INFO	raft/raft.go:170	excute here
2024-01-06T15:23:26.105+0800	INFO	raft/raft.go:207	after rf.peers[server].Call() ok is %vtrue
2024-01-06T15:23:26.105+0800	INFO	raft/raft.go:295	rpc successful: reply_term=1, reply_grantvote=true
2024-01-06T15:23:26.161+0800	INFO	raft/raft.go:170	excute here
2024-01-06T15:23:26.161+0800	INFO	raft/raft.go:207	after rf.peers[server].Call() ok is %vtrue
2024-01-06T15:23:26.161+0800	INFO	raft/raft.go:295	rpc successful: reply_term=1, reply_grantvote=true
2024-01-06T15:23:29.741+0800	INFO	raft/raft.go:207	after rf.peers[server].Call() ok is %vfalse
2024-01-06T15:23:30.900+0800	INFO	raft/raft.go:280	--------------------------------------Start a new server init------------------------------------
2024-01-06T15:23:30.900+0800	INFO	raft/raft.go:287	The electionTimeout is 374
2024-01-06T15:23:30.900+0800	INFO	raft/raft.go:288	peers is [0xc0001260a0 0xc0001260c0 0xc0001260e0]
2024-01-06T15:23:30.940+0800	INFO	raft/raft.go:280	--------------------------------------Start a new server init------------------------------------
2024-01-06T15:23:30.940+0800	INFO	raft/raft.go:287	The electionTimeout is 394
2024-01-06T15:23:30.940+0800	INFO	raft/raft.go:288	peers is [0xc0001261e0 0xc000126200 0xc000126220]
2024-01-06T15:23:30.996+0800	INFO	raft/raft.go:280	--------------------------------------Start a new server init------------------------------------
2024-01-06T15:23:30.996+0800	INFO	raft/raft.go:287	The electionTimeout is 316
2024-01-06T15:23:30.996+0800	INFO	raft/raft.go:288	peers is [0xc000126320 0xc000126340 0xc000126360]
2024-01-06T15:23:31.100+0800	INFO	raft/raft.go:170	excute here
2024-01-06T15:23:31.100+0800	INFO	raft/raft.go:207	after rf.peers[server].Call() ok is %vtrue
2024-01-06T15:23:31.100+0800	INFO	raft/raft.go:295	rpc successful: reply_term=1, reply_grantvote=true
2024-01-06T15:23:31.141+0800	INFO	raft/raft.go:170	excute here
2024-01-06T15:23:31.141+0800	INFO	raft/raft.go:207	after rf.peers[server].Call() ok is %vtrue
2024-01-06T15:23:31.141+0800	INFO	raft/raft.go:295	rpc successful: reply_term=1, reply_grantvote=true
2024-01-06T15:23:31.197+0800	INFO	raft/raft.go:170	excute here
2024-01-06T15:23:31.197+0800	INFO	raft/raft.go:207	after rf.peers[server].Call() ok is %vtrue
2024-01-06T15:23:31.197+0800	INFO	raft/raft.go:295	rpc successful: reply_term=1, reply_grantvote=true
2024-01-06T15:24:54.141+0800	INFO	raft/raft.go:280	--------------------------------------Start a new server init------------------------------------
2024-01-06T15:24:54.141+0800	INFO	raft/raft.go:287	The electionTimeout is 443
2024-01-06T15:24:54.141+0800	INFO	raft/raft.go:288	peers is [0xc00007e2c0 0xc00007e2e0 0xc00007e300]
2024-01-06T15:24:54.771+0800	INFO	raft/raft.go:280	--------------------------------------Start a new server init------------------------------------
2024-01-06T15:24:54.771+0800	INFO	raft/raft.go:287	The electionTimeout is 393
2024-01-06T15:24:54.771+0800	INFO	raft/raft.go:288	peers is [0xc00007e440 0xc00007e460 0xc00007e480]
2024-01-06T15:24:54.838+0800	INFO	raft/raft.go:280	--------------------------------------Start a new server init------------------------------------
2024-01-06T15:24:54.838+0800	INFO	raft/raft.go:287	The electionTimeout is 371
2024-01-06T15:24:54.838+0800	INFO	raft/raft.go:288	peers is [0xc00007e580 0xc00007e5a0 0xc00007e5c0]
2024-01-06T15:24:54.972+0800	INFO	raft/raft.go:170	excute here
2024-01-06T15:24:54.972+0800	INFO	raft/raft.go:207	after rf.peers[server].Call() ok is %vtrue
2024-01-06T15:24:54.972+0800	INFO	raft/raft.go:295	rpc successful: reply_term=1, reply_grantvote=true
2024-01-06T15:24:55.039+0800	INFO	raft/raft.go:170	excute here
2024-01-06T15:24:55.039+0800	INFO	raft/raft.go:207	after rf.peers[server].Call() ok is %vtrue
2024-01-06T15:24:55.039+0800	INFO	raft/raft.go:295	rpc successful: reply_term=1, reply_grantvote=true
2024-01-06T15:24:57.069+0800	INFO	raft/raft.go:207	after rf.peers[server].Call() ok is %vfalse
2024-01-06T15:24:59.793+0800	INFO	raft/raft.go:280	--------------------------------------Start a new server init------------------------------------
2024-01-06T15:24:59.793+0800	INFO	raft/raft.go:287	The electionTimeout is 375
2024-01-06T15:24:59.793+0800	INFO	raft/raft.go:288	peers is [0xc00011e440 0xc00011e460 0xc00011e480]
2024-01-06T15:24:59.828+0800	INFO	raft/raft.go:280	--------------------------------------Start a new server init------------------------------------
2024-01-06T15:24:59.828+0800	INFO	raft/raft.go:287	The electionTimeout is 396
2024-01-06T15:24:59.828+0800	INFO	raft/raft.go:288	peers is [0xc00011e580 0xc00011e5a0 0xc00011e5c0]
2024-01-06T15:24:59.872+0800	INFO	raft/raft.go:280	--------------------------------------Start a new server init------------------------------------
2024-01-06T15:24:59.873+0800	INFO	raft/raft.go:287	The electionTimeout is 397
2024-01-06T15:24:59.873+0800	INFO	raft/raft.go:288	peers is [0xc00011e6c0 0xc00011e6e0 0xc00011e700]
2024-01-06T15:24:59.993+0800	INFO	raft/raft.go:170	excute here
2024-01-06T15:24:59.993+0800	INFO	raft/raft.go:207	after rf.peers[server].Call() ok is %vtrue
2024-01-06T15:24:59.994+0800	INFO	raft/raft.go:295	rpc successful: reply_term=1, reply_grantvote=true
2024-01-06T15:25:00.029+0800	INFO	raft/raft.go:170	excute here
2024-01-06T15:25:00.029+0800	INFO	raft/raft.go:207	after rf.peers[server].Call() ok is %vtrue
2024-01-06T15:25:00.029+0800	INFO	raft/raft.go:295	rpc successful: reply_term=1, reply_grantvote=true
2024-01-06T15:25:00.073+0800	INFO	raft/raft.go:170	excute here
2024-01-06T15:25:00.073+0800	INFO	raft/raft.go:207	after rf.peers[server].Call() ok is %vtrue
2024-01-06T15:25:00.073+0800	INFO	raft/raft.go:295	rpc successful: reply_term=1, reply_grantvote=true
2024-01-06T15:27:47.895+0800	INFO	raft/raft.go:280	--------------------------------------Start a new server init------------------------------------
2024-01-06T15:27:47.895+0800	INFO	raft/raft.go:287	The electionTimeout is 364
2024-01-06T15:27:47.895+0800	INFO	raft/raft.go:288	peers is [0xc00007e2c0 0xc00007e2e0 0xc00007e300]
2024-01-06T15:27:48.000+0800	INFO	raft/raft.go:280	--------------------------------------Start a new server init------------------------------------
2024-01-06T15:27:48.000+0800	INFO	raft/raft.go:287	The electionTimeout is 369
2024-01-06T15:27:48.000+0800	INFO	raft/raft.go:288	peers is [0xc00007e400 0xc00007e420 0xc00007e440]
2024-01-06T15:27:48.080+0800	INFO	raft/raft.go:280	--------------------------------------Start a new server init------------------------------------
2024-01-06T15:27:48.080+0800	INFO	raft/raft.go:287	The electionTimeout is 301
2024-01-06T15:27:48.080+0800	INFO	raft/raft.go:288	peers is [0xc00007e540 0xc00007e560 0xc00007e580]
2024-01-06T15:27:48.200+0800	INFO	raft/raft.go:170	excute here
2024-01-06T15:27:48.200+0800	INFO	raft/raft.go:207	after rf.peers[server].Call() ok is %vtrue
2024-01-06T15:27:48.200+0800	INFO	raft/raft.go:295	rpc successful: reply_term=1, reply_grantvote=true
2024-01-06T15:27:48.281+0800	INFO	raft/raft.go:170	excute here
2024-01-06T15:27:48.281+0800	INFO	raft/raft.go:207	after rf.peers[server].Call() ok is %vtrue
2024-01-06T15:27:48.281+0800	INFO	raft/raft.go:295	rpc successful: reply_term=1, reply_grantvote=true
2024-01-06T15:27:53.052+0800	INFO	raft/raft.go:280	--------------------------------------Start a new server init------------------------------------
2024-01-06T15:27:53.052+0800	INFO	raft/raft.go:287	The electionTimeout is 373
2024-01-06T15:27:53.052+0800	INFO	raft/raft.go:288	peers is [0xc0001a60c0 0xc0001a60e0 0xc0001a6100]
2024-01-06T15:27:53.116+0800	INFO	raft/raft.go:280	--------------------------------------Start a new server init------------------------------------
2024-01-06T15:27:53.116+0800	INFO	raft/raft.go:287	The electionTimeout is 413
2024-01-06T15:27:53.116+0800	INFO	raft/raft.go:288	peers is [0xc0001a6200 0xc0001a6220 0xc0001a6240]
2024-01-06T15:27:53.161+0800	INFO	raft/raft.go:280	--------------------------------------Start a new server init------------------------------------
2024-01-06T15:27:53.161+0800	INFO	raft/raft.go:287	The electionTimeout is 397
2024-01-06T15:27:53.161+0800	INFO	raft/raft.go:288	peers is [0xc0001a6340 0xc0001a6360 0xc0001a6380]
2024-01-06T15:27:53.253+0800	INFO	raft/raft.go:170	excute here
2024-01-06T15:27:53.253+0800	INFO	raft/raft.go:207	after rf.peers[server].Call() ok is %vtrue
2024-01-06T15:27:53.253+0800	INFO	raft/raft.go:295	rpc successful: reply_term=1, reply_grantvote=true
2024-01-06T15:27:53.317+0800	INFO	raft/raft.go:170	excute here
2024-01-06T15:27:53.317+0800	INFO	raft/raft.go:207	after rf.peers[server].Call() ok is %vtrue
2024-01-06T15:27:53.317+0800	INFO	raft/raft.go:295	rpc successful: reply_term=1, reply_grantvote=true
2024-01-06T15:27:53.361+0800	INFO	raft/raft.go:170	excute here
2024-01-06T15:27:53.361+0800	INFO	raft/raft.go:207	after rf.peers[server].Call() ok is %vtrue
2024-01-06T15:27:53.361+0800	INFO	raft/raft.go:295	rpc successful: reply_term=1, reply_grantvote=true
2024-01-06T15:27:53.641+0800	INFO	raft/raft.go:207	after rf.peers[server].Call() ok is %vfalse
