2024-01-21T09:30:13.230+0800	INFO	raft/raft.go:222	enter the `rf.Requestvote()` handler
															rf.me is 0
															rf.currentTerm is 0
															rf.voteFor is -1
															args.CandiateId is 1
2024-01-21T09:30:13.230+0800	INFO	raft/raft.go:265	before exiting the `rf.Requestvote()` handler
															rf.me is 0
															rf.currentTerm is 1
															rf.voteFor is 1
															args.CandiateId is 1
2024-01-21T09:30:16.398+0800	INFO	raft/raft.go:545	the election timeout is 337
															the distance between now and last time from leader is 339ms
															rf.state.isleader is false
															rf.state.currTerm is 1
															leader election's me is 0
															begin to elect
2024-01-21T09:30:16.398+0800	INFO	raft/raft.go:568	rf.currenTerm is 2, rf.lastLogIndex is 0, rf.lastLogTerm is 0, me is 0
2024-01-21T09:30:16.398+0800	INFO	raft/raft.go:591	rf.sendRequestVote failed when send from server 0 to server 2
2024-01-21T09:30:16.398+0800	INFO	raft/raft.go:591	rf.sendRequestVote failed when send from server 0 to server 1
2024-01-21T09:30:16.398+0800	INFO	raft/raft.go:627	------a new leaderElection() call-------
2024-01-21T09:30:16.457+0800	INFO	raft/raft.go:545	the election timeout is 380
															the distance between now and last time from leader is 382ms
															rf.state.isleader is false
															rf.state.currTerm is 0
															leader election's me is 0
															begin to elect
2024-01-21T09:30:16.457+0800	INFO	raft/raft.go:568	rf.currenTerm is 1, rf.lastLogIndex is 0, rf.lastLogTerm is 0, me is 0
2024-01-21T09:30:16.458+0800	INFO	raft/raft.go:583	Convert2Candidate.me is 0
2024-01-21T09:30:16.458+0800	INFO	raft/raft.go:613	the leader is 0
2024-01-21T09:30:16.458+0800	INFO	raft/raft.go:583	Convert2Candidate.me is 0
2024-01-21T09:30:16.458+0800	INFO	raft/raft.go:613	the leader is 0
2024-01-21T09:30:16.458+0800	INFO	raft/raft.go:627	------a new leaderElection() call-------
2024-01-21T09:30:16.819+0800	INFO	raft/raft.go:545	the election timeout is 418
															the distance between now and last time from leader is 420ms
															rf.state.isleader is false
															rf.state.currTerm is 2
															leader election's me is 0
															begin to elect
2024-01-21T09:30:16.819+0800	INFO	raft/raft.go:568	rf.currenTerm is 3, rf.lastLogIndex is 0, rf.lastLogTerm is 0, me is 0
2024-01-21T09:30:16.819+0800	INFO	raft/raft.go:591	rf.sendRequestVote failed when send from server 0 to server 2
2024-01-21T09:30:16.819+0800	INFO	raft/raft.go:627	------a new leaderElection() call-------
2024-01-21T09:30:16.819+0800	INFO	raft/raft.go:591	rf.sendRequestVote failed when send from server 0 to server 1
2024-01-21T09:30:17.145+0800	INFO	raft/raft.go:545	the election timeout is 323
															the distance between now and last time from leader is 326ms
															rf.state.isleader is false
															rf.state.currTerm is 3
															leader election's me is 0
															begin to elect
2024-01-21T09:30:17.145+0800	INFO	raft/raft.go:568	rf.currenTerm is 4, rf.lastLogIndex is 0, rf.lastLogTerm is 0, me is 0
2024-01-21T09:30:17.145+0800	INFO	raft/raft.go:591	rf.sendRequestVote failed when send from server 0 to server 2
2024-01-21T09:30:17.145+0800	INFO	raft/raft.go:591	rf.sendRequestVote failed when send from server 0 to server 1
2024-01-21T09:30:17.145+0800	INFO	raft/raft.go:627	------a new leaderElection() call-------
2024-01-21T09:30:17.509+0800	INFO	raft/raft.go:545	the election timeout is 361
															the distance between now and last time from leader is 363ms
															rf.state.isleader is false
															rf.state.currTerm is 4
															leader election's me is 0
															begin to elect
2024-01-21T09:30:17.509+0800	INFO	raft/raft.go:568	rf.currenTerm is 5, rf.lastLogIndex is 0, rf.lastLogTerm is 0, me is 0
2024-01-21T09:30:17.509+0800	INFO	raft/raft.go:591	rf.sendRequestVote failed when send from server 0 to server 2
2024-01-21T09:30:17.509+0800	INFO	raft/raft.go:591	rf.sendRequestVote failed when send from server 0 to server 1
2024-01-21T09:30:17.509+0800	INFO	raft/raft.go:627	------a new leaderElection() call-------
2024-01-21T09:30:17.813+0800	INFO	raft/raft.go:545	the election timeout is 302
															the distance between now and last time from leader is 303ms
															rf.state.isleader is false
															rf.state.currTerm is 5
															leader election's me is 0
															begin to elect
2024-01-21T09:30:17.813+0800	INFO	raft/raft.go:568	rf.currenTerm is 6, rf.lastLogIndex is 0, rf.lastLogTerm is 0, me is 0
2024-01-21T09:30:17.813+0800	INFO	raft/raft.go:591	rf.sendRequestVote failed when send from server 0 to server 2
2024-01-21T09:30:17.813+0800	INFO	raft/raft.go:627	------a new leaderElection() call-------
2024-01-21T09:30:17.813+0800	INFO	raft/raft.go:591	rf.sendRequestVote failed when send from server 0 to server 1
2024-01-21T09:30:18.015+0800	INFO	raft/raft.go:545	the election timeout is 435
															the distance between now and last time from leader is 436ms
															rf.state.isleader is false
															rf.state.currTerm is 1
															leader election's me is 0
															begin to elect
2024-01-21T09:30:18.015+0800	INFO	raft/raft.go:568	rf.currenTerm is 2, rf.lastLogIndex is 0, rf.lastLogTerm is 0, me is 0
2024-01-21T09:30:18.264+0800	INFO	raft/raft.go:545	the election timeout is 448
															the distance between now and last time from leader is 451ms
															rf.state.isleader is false
															rf.state.currTerm is 6
															leader election's me is 0
															begin to elect
2024-01-21T09:30:18.264+0800	INFO	raft/raft.go:568	rf.currenTerm is 7, rf.lastLogIndex is 0, rf.lastLogTerm is 0, me is 0
2024-01-21T09:30:18.264+0800	INFO	raft/raft.go:591	rf.sendRequestVote failed when send from server 0 to server 2
2024-01-21T09:30:18.264+0800	INFO	raft/raft.go:591	rf.sendRequestVote failed when send from server 0 to server 1
2024-01-21T09:30:18.264+0800	INFO	raft/raft.go:627	------a new leaderElection() call-------
2024-01-21T09:30:18.603+0800	INFO	raft/raft.go:545	the election timeout is 338
															the distance between now and last time from leader is 339ms
															rf.state.isleader is false
															rf.state.currTerm is 7
															leader election's me is 0
															begin to elect
2024-01-21T09:30:18.603+0800	INFO	raft/raft.go:568	rf.currenTerm is 8, rf.lastLogIndex is 0, rf.lastLogTerm is 0, me is 0
2024-01-21T09:30:18.603+0800	INFO	raft/raft.go:591	rf.sendRequestVote failed when send from server 0 to server 2
2024-01-21T09:30:18.603+0800	INFO	raft/raft.go:591	rf.sendRequestVote failed when send from server 0 to server 1
2024-01-21T09:30:18.603+0800	INFO	raft/raft.go:627	------a new leaderElection() call-------
2024-01-21T09:30:18.968+0800	INFO	raft/raft.go:545	the election timeout is 362
															the distance between now and last time from leader is 364ms
															rf.state.isleader is false
															rf.state.currTerm is 8
															leader election's me is 0
															begin to elect
2024-01-21T09:30:18.968+0800	INFO	raft/raft.go:568	rf.currenTerm is 9, rf.lastLogIndex is 0, rf.lastLogTerm is 0, me is 0
2024-01-21T09:30:18.968+0800	INFO	raft/raft.go:591	rf.sendRequestVote failed when send from server 0 to server 1
2024-01-21T09:30:18.968+0800	INFO	raft/raft.go:591	rf.sendRequestVote failed when send from server 0 to server 2
2024-01-21T09:30:18.968+0800	INFO	raft/raft.go:627	------a new leaderElection() call-------
2024-01-21T09:30:19.290+0800	INFO	raft/raft.go:545	the election timeout is 321
															the distance between now and last time from leader is 322ms
															rf.state.isleader is false
															rf.state.currTerm is 9
															leader election's me is 0
															begin to elect
2024-01-21T09:30:19.290+0800	INFO	raft/raft.go:568	rf.currenTerm is 10, rf.lastLogIndex is 0, rf.lastLogTerm is 0, me is 0
2024-01-21T09:30:19.290+0800	INFO	raft/raft.go:591	rf.sendRequestVote failed when send from server 0 to server 2
2024-01-21T09:30:19.290+0800	INFO	raft/raft.go:591	rf.sendRequestVote failed when send from server 0 to server 1
2024-01-21T09:30:19.290+0800	INFO	raft/raft.go:627	------a new leaderElection() call-------
2024-01-21T09:30:19.674+0800	INFO	raft/raft.go:545	the election timeout is 381
															the distance between now and last time from leader is 383ms
															rf.state.isleader is false
															rf.state.currTerm is 10
															leader election's me is 0
															begin to elect
2024-01-21T09:30:19.674+0800	INFO	raft/raft.go:568	rf.currenTerm is 11, rf.lastLogIndex is 0, rf.lastLogTerm is 0, me is 0
2024-01-21T09:30:19.674+0800	INFO	raft/raft.go:591	rf.sendRequestVote failed when send from server 0 to server 1
2024-01-21T09:30:19.674+0800	INFO	raft/raft.go:627	------a new leaderElection() call-------
2024-01-21T09:30:19.674+0800	INFO	raft/raft.go:591	rf.sendRequestVote failed when send from server 0 to server 2
2024-01-21T09:30:19.993+0800	INFO	raft/raft.go:222	enter the `rf.Requestvote()` handler
															rf.me is 0
															rf.currentTerm is 2
															rf.voteFor is 0
															args.CandiateId is 2
2024-01-21T09:30:19.993+0800	INFO	raft/raft.go:265	before exiting the `rf.Requestvote()` handler
															rf.me is 0
															rf.currentTerm is 4
															rf.voteFor is 2
															args.CandiateId is 2
2024-01-21T09:30:20.118+0800	INFO	raft/raft.go:545	the election timeout is 442
															the distance between now and last time from leader is 444ms
															rf.state.isleader is false
															rf.state.currTerm is 11
															leader election's me is 0
															begin to elect
2024-01-21T09:30:20.118+0800	INFO	raft/raft.go:568	rf.currenTerm is 12, rf.lastLogIndex is 0, rf.lastLogTerm is 0, me is 0
2024-01-21T09:30:20.118+0800	INFO	raft/raft.go:591	rf.sendRequestVote failed when send from server 0 to server 2
2024-01-21T09:30:20.118+0800	INFO	raft/raft.go:591	rf.sendRequestVote failed when send from server 0 to server 1
2024-01-21T09:30:20.118+0800	INFO	raft/raft.go:627	------a new leaderElection() call-------
2024-01-21T09:30:20.508+0800	INFO	raft/raft.go:545	the election timeout is 388
															the distance between now and last time from leader is 389ms
															rf.state.isleader is false
															rf.state.currTerm is 12
															leader election's me is 0
															begin to elect
2024-01-21T09:30:20.508+0800	INFO	raft/raft.go:568	rf.currenTerm is 13, rf.lastLogIndex is 0, rf.lastLogTerm is 0, me is 0
2024-01-21T09:30:20.508+0800	INFO	raft/raft.go:591	rf.sendRequestVote failed when send from server 0 to server 2
2024-01-21T09:30:20.508+0800	INFO	raft/raft.go:591	rf.sendRequestVote failed when send from server 0 to server 1
2024-01-21T09:30:20.508+0800	INFO	raft/raft.go:627	------a new leaderElection() call-------
