2024-01-21T09:30:13.230+0800	INFO	raft/raft.go:222	enter the `rf.Requestvote()` handler
															rf.me is 2
															rf.currentTerm is 0
															rf.voteFor is -1
															args.CandiateId is 1
2024-01-21T09:30:13.230+0800	INFO	raft/raft.go:265	before exiting the `rf.Requestvote()` handler
															rf.me is 2
															rf.currentTerm is 1
															rf.voteFor is 1
															args.CandiateId is 1
2024-01-21T09:30:16.458+0800	INFO	raft/raft.go:222	enter the `rf.Requestvote()` handler
															rf.me is 2
															rf.currentTerm is 0
															rf.voteFor is -1
															args.CandiateId is 0
2024-01-21T09:30:16.458+0800	INFO	raft/raft.go:265	before exiting the `rf.Requestvote()` handler
															rf.me is 2
															rf.currentTerm is 1
															rf.voteFor is 0
															args.CandiateId is 0
2024-01-21T09:30:16.498+0800	INFO	raft/raft.go:545	the election timeout is 437
															the distance between now and last time from leader is 439ms
															rf.state.isleader is false
															rf.state.currTerm is 1
															leader election's me is 2
															begin to elect
2024-01-21T09:30:16.498+0800	INFO	raft/raft.go:568	rf.currenTerm is 2, rf.lastLogIndex is 0, rf.lastLogTerm is 0, me is 2
2024-01-21T09:30:16.498+0800	INFO	raft/raft.go:591	rf.sendRequestVote failed when send from server 2 to server 1
2024-01-21T09:30:16.498+0800	INFO	raft/raft.go:591	rf.sendRequestVote failed when send from server 2 to server 0
2024-01-21T09:30:16.498+0800	INFO	raft/raft.go:627	------a new leaderElection() call-------
2024-01-21T09:30:16.812+0800	INFO	raft/raft.go:545	the election timeout is 311
															the distance between now and last time from leader is 314ms
															rf.state.isleader is false
															rf.state.currTerm is 2
															leader election's me is 2
															begin to elect
2024-01-21T09:30:16.812+0800	INFO	raft/raft.go:568	rf.currenTerm is 3, rf.lastLogIndex is 0, rf.lastLogTerm is 0, me is 2
2024-01-21T09:30:16.812+0800	INFO	raft/raft.go:591	rf.sendRequestVote failed when send from server 2 to server 1
2024-01-21T09:30:16.812+0800	INFO	raft/raft.go:627	------a new leaderElection() call-------
2024-01-21T09:30:16.812+0800	INFO	raft/raft.go:591	rf.sendRequestVote failed when send from server 2 to server 0
2024-01-21T09:30:17.108+0800	INFO	raft/raft.go:222	enter the `rf.Requestvote()` handler
															rf.me is 2
															rf.currentTerm is 1
															rf.voteFor is 0
															args.CandiateId is 1
2024-01-21T09:30:17.108+0800	INFO	raft/raft.go:265	before exiting the `rf.Requestvote()` handler
															rf.me is 2
															rf.currentTerm is 2
															rf.voteFor is 1
															args.CandiateId is 1
2024-01-21T09:30:17.146+0800	INFO	raft/raft.go:545	the election timeout is 333
															the distance between now and last time from leader is 334ms
															rf.state.isleader is false
															rf.state.currTerm is 3
															leader election's me is 2
															begin to elect
2024-01-21T09:30:17.146+0800	INFO	raft/raft.go:568	rf.currenTerm is 4, rf.lastLogIndex is 0, rf.lastLogTerm is 0, me is 2
2024-01-21T09:30:17.146+0800	INFO	raft/raft.go:591	rf.sendRequestVote failed when send from server 2 to server 1
2024-01-21T09:30:17.146+0800	INFO	raft/raft.go:591	rf.sendRequestVote failed when send from server 2 to server 0
2024-01-21T09:30:17.146+0800	INFO	raft/raft.go:627	------a new leaderElection() call-------
2024-01-21T09:30:17.563+0800	INFO	raft/raft.go:545	the election timeout is 414
															the distance between now and last time from leader is 417ms
															rf.state.isleader is false
															rf.state.currTerm is 4
															leader election's me is 2
															begin to elect
2024-01-21T09:30:17.564+0800	INFO	raft/raft.go:568	rf.currenTerm is 5, rf.lastLogIndex is 0, rf.lastLogTerm is 0, me is 2
2024-01-21T09:30:17.564+0800	INFO	raft/raft.go:591	rf.sendRequestVote failed when send from server 2 to server 1
2024-01-21T09:30:17.564+0800	INFO	raft/raft.go:627	------a new leaderElection() call-------
2024-01-21T09:30:17.564+0800	INFO	raft/raft.go:591	rf.sendRequestVote failed when send from server 2 to server 0
2024-01-21T09:30:17.911+0800	INFO	raft/raft.go:545	the election timeout is 329
															the distance between now and last time from leader is 331ms
															rf.state.isleader is false
															rf.state.currTerm is 2
															leader election's me is 2
															begin to elect
2024-01-21T09:30:17.911+0800	INFO	raft/raft.go:568	rf.currenTerm is 3, rf.lastLogIndex is 0, rf.lastLogTerm is 0, me is 2
2024-01-21T09:30:17.951+0800	INFO	raft/raft.go:545	the election timeout is 385
															the distance between now and last time from leader is 387ms
															rf.state.isleader is false
															rf.state.currTerm is 5
															leader election's me is 2
															begin to elect
2024-01-21T09:30:17.951+0800	INFO	raft/raft.go:568	rf.currenTerm is 6, rf.lastLogIndex is 0, rf.lastLogTerm is 0, me is 2
2024-01-21T09:30:17.951+0800	INFO	raft/raft.go:591	rf.sendRequestVote failed when send from server 2 to server 1
2024-01-21T09:30:17.951+0800	INFO	raft/raft.go:591	rf.sendRequestVote failed when send from server 2 to server 0
2024-01-21T09:30:17.951+0800	INFO	raft/raft.go:627	------a new leaderElection() call-------
2024-01-21T09:30:18.287+0800	INFO	raft/raft.go:545	the election timeout is 334
															the distance between now and last time from leader is 335ms
															rf.state.isleader is false
															rf.state.currTerm is 6
															leader election's me is 2
															begin to elect
2024-01-21T09:30:18.287+0800	INFO	raft/raft.go:568	rf.currenTerm is 7, rf.lastLogIndex is 0, rf.lastLogTerm is 0, me is 2
2024-01-21T09:30:18.287+0800	INFO	raft/raft.go:591	rf.sendRequestVote failed when send from server 2 to server 1
2024-01-21T09:30:18.287+0800	INFO	raft/raft.go:591	rf.sendRequestVote failed when send from server 2 to server 0
2024-01-21T09:30:18.287+0800	INFO	raft/raft.go:627	------a new leaderElection() call-------
2024-01-21T09:30:18.696+0800	INFO	raft/raft.go:545	the election timeout is 407
															the distance between now and last time from leader is 409ms
															rf.state.isleader is false
															rf.state.currTerm is 7
															leader election's me is 2
															begin to elect
2024-01-21T09:30:18.697+0800	INFO	raft/raft.go:568	rf.currenTerm is 8, rf.lastLogIndex is 0, rf.lastLogTerm is 0, me is 2
2024-01-21T09:30:18.697+0800	INFO	raft/raft.go:591	rf.sendRequestVote failed when send from server 2 to server 1
2024-01-21T09:30:18.697+0800	INFO	raft/raft.go:591	rf.sendRequestVote failed when send from server 2 to server 0
2024-01-21T09:30:18.697+0800	INFO	raft/raft.go:627	------a new leaderElection() call-------
2024-01-21T09:30:18.750+0800	INFO	raft/raft.go:591	rf.sendRequestVote failed when send from server 2 to server 1
2024-01-21T09:30:19.081+0800	INFO	raft/raft.go:545	the election timeout is 382
															the distance between now and last time from leader is 384ms
															rf.state.isleader is false
															rf.state.currTerm is 8
															leader election's me is 2
															begin to elect
2024-01-21T09:30:19.081+0800	INFO	raft/raft.go:568	rf.currenTerm is 9, rf.lastLogIndex is 0, rf.lastLogTerm is 0, me is 2
2024-01-21T09:30:19.081+0800	INFO	raft/raft.go:591	rf.sendRequestVote failed when send from server 2 to server 1
2024-01-21T09:30:19.081+0800	INFO	raft/raft.go:591	rf.sendRequestVote failed when send from server 2 to server 0
2024-01-21T09:30:19.081+0800	INFO	raft/raft.go:627	------a new leaderElection() call-------
2024-01-21T09:30:19.504+0800	INFO	raft/raft.go:545	the election timeout is 422
															the distance between now and last time from leader is 423ms
															rf.state.isleader is false
															rf.state.currTerm is 9
															leader election's me is 2
															begin to elect
2024-01-21T09:30:19.504+0800	INFO	raft/raft.go:568	rf.currenTerm is 10, rf.lastLogIndex is 0, rf.lastLogTerm is 0, me is 2
2024-01-21T09:30:19.504+0800	INFO	raft/raft.go:591	rf.sendRequestVote failed when send from server 2 to server 1
2024-01-21T09:30:19.504+0800	INFO	raft/raft.go:591	rf.sendRequestVote failed when send from server 2 to server 0
2024-01-21T09:30:19.504+0800	INFO	raft/raft.go:627	------a new leaderElection() call-------
2024-01-21T09:30:19.827+0800	INFO	raft/raft.go:545	the election timeout is 321
															the distance between now and last time from leader is 322ms
															rf.state.isleader is false
															rf.state.currTerm is 10
															leader election's me is 2
															begin to elect
2024-01-21T09:30:19.827+0800	INFO	raft/raft.go:568	rf.currenTerm is 11, rf.lastLogIndex is 0, rf.lastLogTerm is 0, me is 2
2024-01-21T09:30:19.827+0800	INFO	raft/raft.go:591	rf.sendRequestVote failed when send from server 2 to server 1
2024-01-21T09:30:19.827+0800	INFO	raft/raft.go:591	rf.sendRequestVote failed when send from server 2 to server 0
2024-01-21T09:30:19.827+0800	INFO	raft/raft.go:627	------a new leaderElection() call-------
2024-01-21T09:30:19.990+0800	INFO	raft/raft.go:591	rf.sendRequestVote failed when send from server 2 to server 0
2024-01-21T09:30:19.990+0800	INFO	raft/raft.go:627	------a new leaderElection() call-------
2024-01-21T09:30:19.992+0800	INFO	raft/raft.go:545	the election timeout is 359
															the distance between now and last time from leader is 2081ms
															rf.state.isleader is false
															rf.state.currTerm is 3
															leader election's me is 2
															begin to elect
2024-01-21T09:30:19.993+0800	INFO	raft/raft.go:568	rf.currenTerm is 4, rf.lastLogIndex is 0, rf.lastLogTerm is 0, me is 2
2024-01-21T09:30:19.993+0800	INFO	raft/raft.go:583	Convert2Candidate.me is 2
2024-01-21T09:30:19.993+0800	INFO	raft/raft.go:613	the leader is 2
2024-01-21T09:30:20.197+0800	INFO	raft/raft.go:545	the election timeout is 367
															the distance between now and last time from leader is 369ms
															rf.state.isleader is false
															rf.state.currTerm is 11
															leader election's me is 2
															begin to elect
2024-01-21T09:30:20.197+0800	INFO	raft/raft.go:568	rf.currenTerm is 12, rf.lastLogIndex is 0, rf.lastLogTerm is 0, me is 2
2024-01-21T09:30:20.197+0800	INFO	raft/raft.go:591	rf.sendRequestVote failed when send from server 2 to server 0
2024-01-21T09:30:20.197+0800	INFO	raft/raft.go:627	------a new leaderElection() call-------
2024-01-21T09:30:20.197+0800	INFO	raft/raft.go:591	rf.sendRequestVote failed when send from server 2 to server 1
2024-01-21T09:30:20.613+0800	INFO	raft/raft.go:545	the election timeout is 414
															the distance between now and last time from leader is 415ms
															rf.state.isleader is false
															rf.state.currTerm is 12
															leader election's me is 2
															begin to elect
2024-01-21T09:30:20.613+0800	INFO	raft/raft.go:568	rf.currenTerm is 13, rf.lastLogIndex is 0, rf.lastLogTerm is 0, me is 2
2024-01-21T09:30:20.613+0800	INFO	raft/raft.go:591	rf.sendRequestVote failed when send from server 2 to server 1
2024-01-21T09:30:20.613+0800	INFO	raft/raft.go:591	rf.sendRequestVote failed when send from server 2 to server 0
2024-01-21T09:30:20.613+0800	INFO	raft/raft.go:627	------a new leaderElection() call-------
