2024-01-04T09:03:51.799+0800	INFO	raft/raft.go:280	--------------------------------------Start a new server init------------------------------------
2024-01-04T09:03:51.799+0800	INFO	raft/raft.go:293	The electionTimeout is 377
2024-01-04T09:03:51.799+0800	INFO	raft/raft.go:295	peers is [0xc0001e22a0 0xc0001e22c0 0xc0001e22e0]
2024-01-04T09:03:51.851+0800	INFO	raft/raft.go:280	--------------------------------------Start a new server init------------------------------------
2024-01-04T09:03:51.852+0800	INFO	raft/raft.go:293	The electionTimeout is 414
2024-01-04T09:03:51.852+0800	INFO	raft/raft.go:295	peers is [0xc0001e2380 0xc0001e23a0 0xc0001e23c0]
2024-01-04T09:03:51.907+0800	INFO	raft/raft.go:280	--------------------------------------Start a new server init------------------------------------
2024-01-04T09:03:51.907+0800	INFO	raft/raft.go:293	The electionTimeout is 328
2024-01-04T09:03:51.907+0800	INFO	raft/raft.go:295	peers is [0xc0001e2460 0xc0001e2480 0xc0001e24a0]
2024-01-04T09:03:52.474+0800	INFO	raft/raft.go:207	after rf.peers[server].Call() ok is %vfalse
2024-01-04T09:03:55.245+0800	INFO	raft/raft.go:207	after rf.peers[server].Call() ok is %vfalse
2024-01-04T09:03:56.252+0800	INFO	raft/raft.go:207	after rf.peers[server].Call() ok is %vfalse
2024-01-04T09:03:56.963+0800	INFO	raft/raft.go:280	--------------------------------------Start a new server init------------------------------------
2024-01-04T09:03:56.963+0800	INFO	raft/raft.go:293	The electionTimeout is 439
2024-01-04T09:03:56.963+0800	INFO	raft/raft.go:295	peers is [0xc00007e160 0xc00007e180 0xc00007e1a0]
2024-01-04T09:03:56.997+0800	INFO	raft/raft.go:280	--------------------------------------Start a new server init------------------------------------
2024-01-04T09:03:56.997+0800	INFO	raft/raft.go:293	The electionTimeout is 387
2024-01-04T09:03:56.997+0800	INFO	raft/raft.go:295	peers is [0xc00007e240 0xc00007e260 0xc00007e280]
2024-01-04T09:03:57.041+0800	INFO	raft/raft.go:280	--------------------------------------Start a new server init------------------------------------
2024-01-04T09:03:57.041+0800	INFO	raft/raft.go:293	The electionTimeout is 316
2024-01-04T09:03:57.041+0800	INFO	raft/raft.go:295	peers is [0xc00007e320 0xc00007e340 0xc00007e360]
2024-01-04T09:03:58.552+0800	INFO	raft/raft.go:207	after rf.peers[server].Call() ok is %vfalse
2024-01-04T09:03:59.964+0800	INFO	raft/raft.go:207	after rf.peers[server].Call() ok is %vfalse
2024-01-04T09:04:00.534+0800	INFO	raft/raft.go:207	after rf.peers[server].Call() ok is %vfalse
2024-01-04T09:12:27.471+0800	INFO	raft/raft.go:280	--------------------------------------Start a new server init------------------------------------
2024-01-04T09:12:27.471+0800	INFO	raft/raft.go:293	The electionTimeout is 436
2024-01-04T09:12:27.471+0800	INFO	raft/raft.go:295	peers is [0xc00007e2c0 0xc00007e2e0 0xc00007e300]
2024-01-04T09:12:27.503+0800	INFO	raft/raft.go:280	--------------------------------------Start a new server init------------------------------------
2024-01-04T09:12:27.503+0800	INFO	raft/raft.go:293	The electionTimeout is 386
2024-01-04T09:12:27.503+0800	INFO	raft/raft.go:295	peers is [0xc00007e3a0 0xc00007e3c0 0xc00007e3e0]
2024-01-04T09:12:27.548+0800	INFO	raft/raft.go:280	--------------------------------------Start a new server init------------------------------------
2024-01-04T09:12:27.548+0800	INFO	raft/raft.go:293	The electionTimeout is 409
2024-01-04T09:12:27.548+0800	INFO	raft/raft.go:295	peers is [0xc00021c0c0 0xc00021c0e0 0xc00021c100]
2024-01-04T09:12:28.414+0800	INFO	raft/raft.go:207	after rf.peers[server].Call() ok is %vfalse
2024-01-04T09:12:30.974+0800	INFO	raft/raft.go:207	after rf.peers[server].Call() ok is %vfalse
2024-01-04T09:12:32.647+0800	INFO	raft/raft.go:280	--------------------------------------Start a new server init------------------------------------
2024-01-04T09:12:32.647+0800	INFO	raft/raft.go:293	The electionTimeout is 317
2024-01-04T09:12:32.647+0800	INFO	raft/raft.go:295	peers is [0xc0001100e0 0xc000110100 0xc000110120]
2024-01-04T09:12:32.705+0800	INFO	raft/raft.go:280	--------------------------------------Start a new server init------------------------------------
2024-01-04T09:12:32.705+0800	INFO	raft/raft.go:293	The electionTimeout is 320
2024-01-04T09:12:32.705+0800	INFO	raft/raft.go:295	peers is [0xc0001101c0 0xc0001101e0 0xc000110200]
2024-01-04T09:12:32.749+0800	INFO	raft/raft.go:280	--------------------------------------Start a new server init------------------------------------
2024-01-04T09:12:32.749+0800	INFO	raft/raft.go:293	The electionTimeout is 358
2024-01-04T09:12:32.749+0800	INFO	raft/raft.go:295	peers is [0xc0001102a0 0xc0001102c0 0xc0001102e0]
2024-01-04T09:12:34.271+0800	INFO	raft/raft.go:207	after rf.peers[server].Call() ok is %vfalse
2024-01-04T09:12:35.315+0800	INFO	raft/raft.go:207	after rf.peers[server].Call() ok is %vfalse
2024-01-04T09:12:35.608+0800	INFO	raft/raft.go:207	after rf.peers[server].Call() ok is %vfalse
2024-01-04T09:12:37.634+0800	INFO	raft/raft.go:207	after rf.peers[server].Call() ok is %vfalse
2024-01-04T09:31:58.684+0800	INFO	raft/raft.go:280	--------------------------------------Start a new server init------------------------------------
2024-01-04T09:31:58.684+0800	INFO	raft/raft.go:293	The electionTimeout is 337
2024-01-04T09:31:58.684+0800	INFO	raft/raft.go:295	peers is [0xc00007e2c0 0xc00007e2e0 0xc00007e300]
2024-01-04T09:31:58.731+0800	INFO	raft/raft.go:280	--------------------------------------Start a new server init------------------------------------
2024-01-04T09:31:58.731+0800	INFO	raft/raft.go:293	The electionTimeout is 380
2024-01-04T09:31:58.731+0800	INFO	raft/raft.go:295	peers is [0xc00007e3a0 0xc00007e3c0 0xc00007e3e0]
2024-01-04T09:31:58.775+0800	INFO	raft/raft.go:280	--------------------------------------Start a new server init------------------------------------
2024-01-04T09:31:58.775+0800	INFO	raft/raft.go:293	The electionTimeout is 323
2024-01-04T09:31:58.775+0800	INFO	raft/raft.go:295	peers is [0xc00007e480 0xc00007e4a0 0xc00007e4c0]
2024-01-04T09:31:59.156+0800	INFO	raft/raft.go:207	after rf.peers[server].Call() ok is %vfalse
2024-01-04T09:32:02.515+0800	INFO	raft/raft.go:207	after rf.peers[server].Call() ok is %vfalse
2024-01-04T09:32:03.673+0800	INFO	raft/raft.go:280	--------------------------------------Start a new server init------------------------------------
2024-01-04T09:32:03.673+0800	INFO	raft/raft.go:293	The electionTimeout is 377
2024-01-04T09:32:03.673+0800	INFO	raft/raft.go:295	peers is [0xc00007e5c0 0xc00007e5e0 0xc00007e600]
2024-01-04T09:32:03.709+0800	INFO	raft/raft.go:280	--------------------------------------Start a new server init------------------------------------
2024-01-04T09:32:03.709+0800	INFO	raft/raft.go:293	The electionTimeout is 367
2024-01-04T09:32:03.709+0800	INFO	raft/raft.go:295	peers is [0xc00007e6a0 0xc00007e6c0 0xc00007e6e0]
2024-01-04T09:32:03.754+0800	INFO	raft/raft.go:280	--------------------------------------Start a new server init------------------------------------
2024-01-04T09:32:03.754+0800	INFO	raft/raft.go:293	The electionTimeout is 328
2024-01-04T09:32:03.754+0800	INFO	raft/raft.go:295	peers is [0xc00007e780 0xc00007e7a0 0xc00007e7c0]
2024-01-04T09:32:04.654+0800	INFO	raft/raft.go:207	after rf.peers[server].Call() ok is %vfalse
2024-01-04T09:32:05.024+0800	INFO	raft/raft.go:207	after rf.peers[server].Call() ok is %vfalse
2024-01-04T09:37:41.031+0800	INFO	raft/raft.go:280	--------------------------------------Start a new server init------------------------------------
2024-01-04T09:37:41.031+0800	INFO	raft/raft.go:293	The electionTimeout is 300
2024-01-04T09:37:41.031+0800	INFO	raft/raft.go:295	peers is [0xc00007e2c0 0xc00007e2e0 0xc00007e300]
2024-01-04T09:37:41.074+0800	INFO	raft/raft.go:280	--------------------------------------Start a new server init------------------------------------
2024-01-04T09:37:41.074+0800	INFO	raft/raft.go:293	The electionTimeout is 420
2024-01-04T09:37:41.074+0800	INFO	raft/raft.go:295	peers is [0xc00007e3a0 0xc00007e3c0 0xc00007e3e0]
2024-01-04T09:37:41.119+0800	INFO	raft/raft.go:280	--------------------------------------Start a new server init------------------------------------
2024-01-04T09:37:41.119+0800	INFO	raft/raft.go:293	The electionTimeout is 449
2024-01-04T09:37:41.119+0800	INFO	raft/raft.go:295	peers is [0xc00007e480 0xc00007e4a0 0xc00007e4c0]
2024-01-04T09:37:41.293+0800	INFO	raft/raft.go:207	after rf.peers[server].Call() ok is %vfalse
2024-01-04T09:37:43.612+0800	INFO	raft/raft.go:207	after rf.peers[server].Call() ok is %vfalse
2024-01-04T09:37:44.472+0800	INFO	raft/raft.go:207	after rf.peers[server].Call() ok is %vfalse
2024-01-04T09:37:46.094+0800	INFO	raft/raft.go:280	--------------------------------------Start a new server init------------------------------------
2024-01-04T09:37:46.094+0800	INFO	raft/raft.go:293	The electionTimeout is 378
2024-01-04T09:37:46.094+0800	INFO	raft/raft.go:295	peers is [0xc0002a40e0 0xc0002a4100 0xc0002a4120]
2024-01-04T09:37:46.131+0800	INFO	raft/raft.go:280	--------------------------------------Start a new server init------------------------------------
2024-01-04T09:37:46.131+0800	INFO	raft/raft.go:293	The electionTimeout is 341
2024-01-04T09:37:46.131+0800	INFO	raft/raft.go:295	peers is [0xc0002a41c0 0xc0002a41e0 0xc0002a4200]
2024-01-04T09:37:46.175+0800	INFO	raft/raft.go:280	--------------------------------------Start a new server init------------------------------------
2024-01-04T09:37:46.175+0800	INFO	raft/raft.go:293	The electionTimeout is 422
2024-01-04T09:37:46.175+0800	INFO	raft/raft.go:295	peers is [0xc0002a42a0 0xc0002a42c0 0xc0002a42e0]
2024-01-04T09:37:46.829+0800	INFO	raft/raft.go:207	after rf.peers[server].Call() ok is %vfalse
2024-01-04T09:37:47.197+0800	INFO	raft/raft.go:207	after rf.peers[server].Call() ok is %vfalse
2024-01-04T09:37:48.398+0800	INFO	raft/raft.go:207	after rf.peers[server].Call() ok is %vfalse
2024-01-04T10:11:01.462+0800	INFO	raft/raft.go:280	--------------------------------------Start a new server init------------------------------------
2024-01-04T10:11:01.462+0800	INFO	raft/raft.go:293	The electionTimeout is 447
2024-01-04T10:11:01.462+0800	INFO	raft/raft.go:295	peers is [0xc00007e2c0 0xc00007e2e0 0xc00007e300]
2024-01-04T10:11:01.503+0800	INFO	raft/raft.go:280	--------------------------------------Start a new server init------------------------------------
2024-01-04T10:11:01.503+0800	INFO	raft/raft.go:293	The electionTimeout is 421
2024-01-04T10:11:01.503+0800	INFO	raft/raft.go:295	peers is [0xc00007e3a0 0xc00007e3c0 0xc00007e3e0]
2024-01-04T10:11:01.547+0800	INFO	raft/raft.go:280	--------------------------------------Start a new server init------------------------------------
2024-01-04T10:11:01.547+0800	INFO	raft/raft.go:293	The electionTimeout is 397
2024-01-04T10:11:01.547+0800	INFO	raft/raft.go:295	peers is [0xc00007e480 0xc00007e4a0 0xc00007e4c0]
2024-01-04T10:11:02.715+0800	INFO	raft/raft.go:207	after rf.peers[server].Call() ok is %vfalse
2024-01-04T10:11:03.564+0800	INFO	raft/raft.go:207	after rf.peers[server].Call() ok is %vfalse
2024-01-04T10:11:05.728+0800	INFO	raft/raft.go:207	after rf.peers[server].Call() ok is %vfalse
2024-01-04T10:11:06.563+0800	INFO	raft/raft.go:280	--------------------------------------Start a new server init------------------------------------
2024-01-04T10:11:06.563+0800	INFO	raft/raft.go:293	The electionTimeout is 351
2024-01-04T10:11:06.563+0800	INFO	raft/raft.go:295	peers is [0xc00007e600 0xc00007e620 0xc00007e640]
2024-01-04T10:11:06.605+0800	INFO	raft/raft.go:280	--------------------------------------Start a new server init------------------------------------
2024-01-04T10:11:06.605+0800	INFO	raft/raft.go:293	The electionTimeout is 397
2024-01-04T10:11:06.605+0800	INFO	raft/raft.go:295	peers is [0xc00007e6e0 0xc00007e700 0xc00007e720]
2024-01-04T10:11:06.649+0800	INFO	raft/raft.go:280	--------------------------------------Start a new server init------------------------------------
2024-01-04T10:11:06.649+0800	INFO	raft/raft.go:293	The electionTimeout is 357
2024-01-04T10:11:06.649+0800	INFO	raft/raft.go:295	peers is [0xc00007e7c0 0xc00007e7e0 0xc00007e800]
2024-01-04T10:11:09.169+0800	INFO	raft/raft.go:207	after rf.peers[server].Call() ok is %vfalse
2024-01-04T10:11:10.314+0800	INFO	raft/raft.go:207	after rf.peers[server].Call() ok is %vfalse
2024-01-04T10:12:39.246+0800	INFO	raft/raft.go:280	--------------------------------------Start a new server init------------------------------------
2024-01-04T10:12:39.246+0800	INFO	raft/raft.go:293	The electionTimeout is 358
2024-01-04T10:12:39.246+0800	INFO	raft/raft.go:295	peers is [0xc00007e2c0 0xc00007e2e0 0xc00007e300]
2024-01-04T10:12:39.284+0800	INFO	raft/raft.go:280	--------------------------------------Start a new server init------------------------------------
2024-01-04T10:12:39.284+0800	INFO	raft/raft.go:293	The electionTimeout is 339
2024-01-04T10:12:39.284+0800	INFO	raft/raft.go:295	peers is [0xc00007e3a0 0xc00007e3c0 0xc00007e3e0]
2024-01-04T10:12:39.328+0800	INFO	raft/raft.go:280	--------------------------------------Start a new server init------------------------------------
2024-01-04T10:12:39.328+0800	INFO	raft/raft.go:293	The electionTimeout is 422
2024-01-04T10:12:39.328+0800	INFO	raft/raft.go:295	peers is [0xc00007e480 0xc00007e4a0 0xc00007e4c0]
2024-01-04T10:12:40.475+0800	INFO	raft/raft.go:207	after rf.peers[server].Call() ok is %vfalse
2024-01-04T10:12:41.586+0800	INFO	raft/raft.go:207	after rf.peers[server].Call() ok is %vfalse
2024-01-04T10:12:44.272+0800	INFO	raft/raft.go:280	--------------------------------------Start a new server init------------------------------------
2024-01-04T10:12:44.272+0800	INFO	raft/raft.go:293	The electionTimeout is 431
2024-01-04T10:12:44.272+0800	INFO	raft/raft.go:295	peers is [0xc0001220c0 0xc0001220e0 0xc000122100]
2024-01-04T10:12:44.307+0800	INFO	raft/raft.go:280	--------------------------------------Start a new server init------------------------------------
2024-01-04T10:12:44.307+0800	INFO	raft/raft.go:293	The electionTimeout is 333
2024-01-04T10:12:44.307+0800	INFO	raft/raft.go:295	peers is [0xc0001221a0 0xc0001221c0 0xc0001221e0]
2024-01-04T10:12:44.351+0800	INFO	raft/raft.go:280	--------------------------------------Start a new server init------------------------------------
2024-01-04T10:12:44.351+0800	INFO	raft/raft.go:293	The electionTimeout is 371
2024-01-04T10:12:44.351+0800	INFO	raft/raft.go:295	peers is [0xc000122280 0xc0001222a0 0xc0001222c0]
2024-01-04T10:12:45.108+0800	INFO	raft/raft.go:207	after rf.peers[server].Call() ok is %vfalse
2024-01-04T10:12:48.403+0800	INFO	raft/raft.go:207	after rf.peers[server].Call() ok is %vfalse
2024-01-04T10:14:16.213+0800	INFO	raft/raft.go:280	--------------------------------------Start a new server init------------------------------------
2024-01-04T10:14:16.213+0800	INFO	raft/raft.go:293	The electionTimeout is 440
2024-01-04T10:14:16.213+0800	INFO	raft/raft.go:295	peers is [0xc00007e2c0 0xc00007e2e0 0xc00007e300]
2024-01-04T10:14:16.252+0800	INFO	raft/raft.go:280	--------------------------------------Start a new server init------------------------------------
2024-01-04T10:14:16.252+0800	INFO	raft/raft.go:293	The electionTimeout is 340
2024-01-04T10:14:16.252+0800	INFO	raft/raft.go:295	peers is [0xc00007e3a0 0xc00007e3c0 0xc00007e3e0]
2024-01-04T10:14:16.297+0800	INFO	raft/raft.go:280	--------------------------------------Start a new server init------------------------------------
2024-01-04T10:14:16.297+0800	INFO	raft/raft.go:293	The electionTimeout is 359
2024-01-04T10:14:16.297+0800	INFO	raft/raft.go:295	peers is [0xc00007e480 0xc00007e4a0 0xc00007e4c0]
2024-01-04T10:14:18.283+0800	INFO	raft/raft.go:207	after rf.peers[server].Call() ok is %vfalse
2024-01-04T10:14:19.789+0800	INFO	raft/raft.go:207	after rf.peers[server].Call() ok is %vfalse
2024-01-04T10:14:19.948+0800	INFO	raft/raft.go:207	after rf.peers[server].Call() ok is %vfalse
2024-01-04T10:14:21.166+0800	INFO	raft/raft.go:280	--------------------------------------Start a new server init------------------------------------
2024-01-04T10:14:21.166+0800	INFO	raft/raft.go:293	The electionTimeout is 397
2024-01-04T10:14:21.166+0800	INFO	raft/raft.go:295	peers is [0xc0001220c0 0xc0001220e0 0xc000122100]
2024-01-04T10:14:21.210+0800	INFO	raft/raft.go:280	--------------------------------------Start a new server init------------------------------------
2024-01-04T10:14:21.210+0800	INFO	raft/raft.go:293	The electionTimeout is 300
2024-01-04T10:14:21.210+0800	INFO	raft/raft.go:295	peers is [0xc0001221a0 0xc0001221c0 0xc0001221e0]
2024-01-04T10:14:21.255+0800	INFO	raft/raft.go:280	--------------------------------------Start a new server init------------------------------------
2024-01-04T10:14:21.255+0800	INFO	raft/raft.go:293	The electionTimeout is 429
2024-01-04T10:14:21.255+0800	INFO	raft/raft.go:295	peers is [0xc000284080 0xc0002840a0 0xc0002840c0]
2024-01-04T10:14:21.321+0800	INFO	raft/raft.go:207	after rf.peers[server].Call() ok is %vfalse
2024-01-04T10:14:26.036+0800	INFO	raft/raft.go:207	after rf.peers[server].Call() ok is %vfalse
2024-01-04T10:15:23.055+0800	INFO	raft/raft.go:280	--------------------------------------Start a new server init------------------------------------
2024-01-04T10:15:23.055+0800	INFO	raft/raft.go:293	The electionTimeout is 362
2024-01-04T10:15:23.055+0800	INFO	raft/raft.go:295	peers is [0xc00007e2c0 0xc00007e2e0 0xc00007e300]
2024-01-04T10:15:23.095+0800	INFO	raft/raft.go:280	--------------------------------------Start a new server init------------------------------------
2024-01-04T10:15:23.095+0800	INFO	raft/raft.go:293	The electionTimeout is 307
2024-01-04T10:15:23.095+0800	INFO	raft/raft.go:295	peers is [0xc00007e3a0 0xc00007e3c0 0xc00007e3e0]
2024-01-04T10:15:23.139+0800	INFO	raft/raft.go:280	--------------------------------------Start a new server init------------------------------------
2024-01-04T10:15:23.139+0800	INFO	raft/raft.go:293	The electionTimeout is 352
2024-01-04T10:15:23.139+0800	INFO	raft/raft.go:295	peers is [0xc00007e480 0xc00007e4a0 0xc00007e4c0]
2024-01-04T10:15:25.862+0800	INFO	raft/raft.go:207	after rf.peers[server].Call() ok is %vfalse
2024-01-04T10:15:27.968+0800	INFO	raft/raft.go:207	after rf.peers[server].Call() ok is %vfalse
2024-01-04T10:15:28.227+0800	INFO	raft/raft.go:280	--------------------------------------Start a new server init------------------------------------
2024-01-04T10:15:28.228+0800	INFO	raft/raft.go:293	The electionTimeout is 318
2024-01-04T10:15:28.228+0800	INFO	raft/raft.go:295	peers is [0xc0001220e0 0xc000122100 0xc000122120]
2024-01-04T10:15:28.285+0800	INFO	raft/raft.go:280	--------------------------------------Start a new server init------------------------------------
2024-01-04T10:15:28.285+0800	INFO	raft/raft.go:293	The electionTimeout is 303
2024-01-04T10:15:28.285+0800	INFO	raft/raft.go:295	peers is [0xc0001221c0 0xc0001221e0 0xc000122200]
2024-01-04T10:15:28.330+0800	INFO	raft/raft.go:280	--------------------------------------Start a new server init------------------------------------
2024-01-04T10:15:28.330+0800	INFO	raft/raft.go:293	The electionTimeout is 338
2024-01-04T10:15:28.330+0800	INFO	raft/raft.go:295	peers is [0xc0001222a0 0xc0001222c0 0xc0001222e0]
2024-01-04T10:15:28.701+0800	INFO	raft/raft.go:207	after rf.peers[server].Call() ok is %vfalse
2024-01-04T10:15:29.850+0800	INFO	raft/raft.go:207	after rf.peers[server].Call() ok is %vfalse
2024-01-04T10:15:32.327+0800	INFO	raft/raft.go:207	after rf.peers[server].Call() ok is %vfalse
2024-01-04T10:28:41.585+0800	INFO	raft/raft.go:280	--------------------------------------Start a new server init------------------------------------
2024-01-04T10:28:41.585+0800	INFO	raft/raft.go:293	The electionTimeout is 315
2024-01-04T10:28:41.585+0800	INFO	raft/raft.go:295	peers is [0xc00007e2c0 0xc00007e2e0 0xc00007e300]
2024-01-04T10:28:41.622+0800	INFO	raft/raft.go:280	--------------------------------------Start a new server init------------------------------------
2024-01-04T10:28:41.622+0800	INFO	raft/raft.go:293	The electionTimeout is 310
2024-01-04T10:28:41.622+0800	INFO	raft/raft.go:295	peers is [0xc00007e3a0 0xc00007e3c0 0xc00007e3e0]
2024-01-04T10:28:41.666+0800	INFO	raft/raft.go:280	--------------------------------------Start a new server init------------------------------------
2024-01-04T10:28:41.666+0800	INFO	raft/raft.go:293	The electionTimeout is 442
2024-01-04T10:28:41.666+0800	INFO	raft/raft.go:295	peers is [0xc00007e480 0xc00007e4a0 0xc00007e4c0]
2024-01-04T10:28:43.099+0800	INFO	raft/raft.go:207	after rf.peers[server].Call() ok is %vfalse
2024-01-04T10:28:43.777+0800	INFO	raft/raft.go:207	after rf.peers[server].Call() ok is %vfalse
2024-01-04T10:28:45.063+0800	INFO	raft/raft.go:207	after rf.peers[server].Call() ok is %vfalse
2024-01-04T10:28:46.627+0800	INFO	raft/raft.go:280	--------------------------------------Start a new server init------------------------------------
2024-01-04T10:28:46.627+0800	INFO	raft/raft.go:293	The electionTimeout is 348
2024-01-04T10:28:46.627+0800	INFO	raft/raft.go:295	peers is [0xc00007e600 0xc00007e620 0xc00007e640]
2024-01-04T10:28:46.656+0800	INFO	raft/raft.go:280	--------------------------------------Start a new server init------------------------------------
2024-01-04T10:28:46.656+0800	INFO	raft/raft.go:293	The electionTimeout is 356
2024-01-04T10:28:46.656+0800	INFO	raft/raft.go:295	peers is [0xc00007e6e0 0xc00007e700 0xc00007e720]
2024-01-04T10:28:46.701+0800	INFO	raft/raft.go:280	--------------------------------------Start a new server init------------------------------------
2024-01-04T10:28:46.701+0800	INFO	raft/raft.go:293	The electionTimeout is 321
2024-01-04T10:28:46.701+0800	INFO	raft/raft.go:295	peers is [0xc00007e7c0 0xc00007e7e0 0xc00007e800]
2024-01-04T10:28:47.480+0800	INFO	raft/raft.go:207	after rf.peers[server].Call() ok is %vfalse
2024-01-04T10:43:26.291+0800	INFO	raft/raft.go:280	--------------------------------------Start a new server init------------------------------------
2024-01-04T10:43:26.291+0800	INFO	raft/raft.go:293	The electionTimeout is 354
2024-01-04T10:43:26.291+0800	INFO	raft/raft.go:295	peers is [0xc00007e2c0 0xc00007e2e0 0xc00007e300]
2024-01-04T10:43:26.338+0800	INFO	raft/raft.go:280	--------------------------------------Start a new server init------------------------------------
2024-01-04T10:43:26.338+0800	INFO	raft/raft.go:293	The electionTimeout is 351
2024-01-04T10:43:26.338+0800	INFO	raft/raft.go:295	peers is [0xc00007e3a0 0xc00007e3c0 0xc00007e3e0]
2024-01-04T10:43:26.382+0800	INFO	raft/raft.go:280	--------------------------------------Start a new server init------------------------------------
2024-01-04T10:43:26.382+0800	INFO	raft/raft.go:293	The electionTimeout is 319
2024-01-04T10:43:26.382+0800	INFO	raft/raft.go:295	peers is [0xc00007e480 0xc00007e4a0 0xc00007e4c0]
2024-01-04T10:43:28.758+0800	INFO	raft/raft.go:207	after rf.peers[server].Call() ok is %vfalse
2024-01-04T10:43:31.540+0800	INFO	raft/raft.go:280	--------------------------------------Start a new server init------------------------------------
2024-01-04T10:43:31.540+0800	INFO	raft/raft.go:293	The electionTimeout is 336
2024-01-04T10:43:31.540+0800	INFO	raft/raft.go:295	peers is [0xc00028e0c0 0xc00028e0e0 0xc00028e100]
2024-01-04T10:43:31.574+0800	INFO	raft/raft.go:280	--------------------------------------Start a new server init------------------------------------
2024-01-04T10:43:31.574+0800	INFO	raft/raft.go:293	The electionTimeout is 424
2024-01-04T10:43:31.574+0800	INFO	raft/raft.go:295	peers is [0xc00028e1a0 0xc00028e1c0 0xc00028e1e0]
2024-01-04T10:43:31.619+0800	INFO	raft/raft.go:280	--------------------------------------Start a new server init------------------------------------
2024-01-04T10:43:31.619+0800	INFO	raft/raft.go:293	The electionTimeout is 436
2024-01-04T10:43:31.619+0800	INFO	raft/raft.go:295	peers is [0xc00028e280 0xc00028e2a0 0xc00028e2c0]
2024-01-04T10:43:31.990+0800	INFO	raft/raft.go:207	after rf.peers[server].Call() ok is %vfalse
2024-01-04T10:43:32.076+0800	INFO	raft/raft.go:207	after rf.peers[server].Call() ok is %vfalse
2024-01-04T10:43:32.381+0800	INFO	raft/raft.go:207	after rf.peers[server].Call() ok is %vfalse
2024-01-04T10:43:32.539+0800	INFO	raft/raft.go:207	after rf.peers[server].Call() ok is %vfalse
2024-01-04T10:43:32.908+0800	INFO	raft/raft.go:207	after rf.peers[server].Call() ok is %vfalse
2024-01-04T10:48:23.446+0800	INFO	raft/raft.go:280	--------------------------------------Start a new server init------------------------------------
2024-01-04T10:48:23.446+0800	INFO	raft/raft.go:293	The electionTimeout is 387
2024-01-04T10:48:23.446+0800	INFO	raft/raft.go:295	peers is [0xc00007e2c0 0xc00007e2e0 0xc00007e300]
2024-01-04T10:48:23.597+0800	INFO	raft/raft.go:280	--------------------------------------Start a new server init------------------------------------
2024-01-04T10:48:23.597+0800	INFO	raft/raft.go:293	The electionTimeout is 399
2024-01-04T10:48:23.597+0800	INFO	raft/raft.go:295	peers is [0xc00007e3a0 0xc00007e3c0 0xc00007e3e0]
2024-01-04T10:48:23.642+0800	INFO	raft/raft.go:280	--------------------------------------Start a new server init------------------------------------
2024-01-04T10:48:23.642+0800	INFO	raft/raft.go:293	The electionTimeout is 335
2024-01-04T10:48:23.642+0800	INFO	raft/raft.go:295	peers is [0xc00007e480 0xc00007e4a0 0xc00007e4c0]
2024-01-04T10:48:26.458+0800	INFO	raft/raft.go:207	after rf.peers[server].Call() ok is %vfalse
2024-01-04T10:48:27.850+0800	INFO	raft/raft.go:207	after rf.peers[server].Call() ok is %vfalse
2024-01-04T10:48:28.116+0800	INFO	raft/raft.go:207	after rf.peers[server].Call() ok is %vfalse
2024-01-04T10:48:28.848+0800	INFO	raft/raft.go:280	--------------------------------------Start a new server init------------------------------------
2024-01-04T10:48:28.848+0800	INFO	raft/raft.go:293	The electionTimeout is 414
2024-01-04T10:48:28.848+0800	INFO	raft/raft.go:295	peers is [0xc0002a8100 0xc0002a8120 0xc0002a8140]
2024-01-04T10:48:29.387+0800	INFO	raft/raft.go:280	--------------------------------------Start a new server init------------------------------------
2024-01-04T10:48:29.387+0800	INFO	raft/raft.go:293	The electionTimeout is 375
2024-01-04T10:48:29.387+0800	INFO	raft/raft.go:295	peers is [0xc0002a81e0 0xc0002a8200 0xc0002a8220]
2024-01-04T10:48:29.432+0800	INFO	raft/raft.go:280	--------------------------------------Start a new server init------------------------------------
2024-01-04T10:48:29.432+0800	INFO	raft/raft.go:293	The electionTimeout is 412
2024-01-04T10:48:29.432+0800	INFO	raft/raft.go:295	peers is [0xc0002a82c0 0xc0002a82e0 0xc0002a8300]
2024-01-04T10:48:29.444+0800	INFO	raft/raft.go:207	after rf.peers[server].Call() ok is %vfalse
2024-01-04T10:48:31.524+0800	INFO	raft/raft.go:207	after rf.peers[server].Call() ok is %vfalse
2024-01-04T10:48:32.824+0800	INFO	raft/raft.go:207	after rf.peers[server].Call() ok is %vfalse
2024-01-04T11:14:38.864+0800	INFO	raft/raft.go:280	--------------------------------------Start a new server init------------------------------------
2024-01-04T11:14:38.864+0800	INFO	raft/raft.go:293	The electionTimeout is 410
2024-01-04T11:14:38.864+0800	INFO	raft/raft.go:295	peers is [0xc00007e2c0 0xc00007e2e0 0xc00007e300]
2024-01-04T11:14:38.912+0800	INFO	raft/raft.go:280	--------------------------------------Start a new server init------------------------------------
2024-01-04T11:14:38.912+0800	INFO	raft/raft.go:293	The electionTimeout is 305
2024-01-04T11:14:38.912+0800	INFO	raft/raft.go:295	peers is [0xc00007e3a0 0xc00007e3c0 0xc00007e3e0]
2024-01-04T11:14:38.945+0800	INFO	raft/raft.go:280	--------------------------------------Start a new server init------------------------------------
2024-01-04T11:14:38.945+0800	INFO	raft/raft.go:293	The electionTimeout is 399
2024-01-04T11:14:38.945+0800	INFO	raft/raft.go:295	peers is [0xc00007e480 0xc00007e4a0 0xc00007e4c0]
2024-01-04T11:14:39.873+0800	INFO	raft/raft.go:207	after rf.peers[server].Call() ok is %vfalse
2024-01-04T11:14:40.678+0800	INFO	raft/raft.go:207	after rf.peers[server].Call() ok is %vfalse
2024-01-04T11:14:41.601+0800	INFO	raft/raft.go:207	after rf.peers[server].Call() ok is %vfalse
2024-01-04T11:14:44.054+0800	INFO	raft/raft.go:280	--------------------------------------Start a new server init------------------------------------
2024-01-04T11:14:44.054+0800	INFO	raft/raft.go:293	The electionTimeout is 349
2024-01-04T11:14:44.054+0800	INFO	raft/raft.go:295	peers is [0xc00007e5c0 0xc00007e5e0 0xc00007e600]
2024-01-04T11:14:44.102+0800	INFO	raft/raft.go:280	--------------------------------------Start a new server init------------------------------------
2024-01-04T11:14:44.102+0800	INFO	raft/raft.go:293	The electionTimeout is 345
2024-01-04T11:14:44.102+0800	INFO	raft/raft.go:295	peers is [0xc00007e6a0 0xc00007e6c0 0xc00007e6e0]
2024-01-04T11:14:44.146+0800	INFO	raft/raft.go:280	--------------------------------------Start a new server init------------------------------------
2024-01-04T11:14:44.146+0800	INFO	raft/raft.go:293	The electionTimeout is 431
2024-01-04T11:14:44.146+0800	INFO	raft/raft.go:295	peers is [0xc00007e780 0xc00007e7a0 0xc00007e7c0]
2024-01-04T11:14:46.320+0800	INFO	raft/raft.go:207	after rf.peers[server].Call() ok is %vfalse
2024-01-04T11:14:46.862+0800	INFO	raft/raft.go:207	after rf.peers[server].Call() ok is %vfalse
2024-01-04T11:19:09.558+0800	INFO	raft/raft.go:280	--------------------------------------Start a new server init------------------------------------
2024-01-04T11:19:09.558+0800	INFO	raft/raft.go:293	The electionTimeout is 359
2024-01-04T11:19:09.558+0800	INFO	raft/raft.go:295	peers is [0xc00007e2c0 0xc00007e2e0 0xc00007e300]
2024-01-04T11:19:09.602+0800	INFO	raft/raft.go:280	--------------------------------------Start a new server init------------------------------------
2024-01-04T11:19:09.602+0800	INFO	raft/raft.go:293	The electionTimeout is 351
2024-01-04T11:19:09.602+0800	INFO	raft/raft.go:295	peers is [0xc00007e3e0 0xc00007e400 0xc00007e420]
2024-01-04T11:19:09.646+0800	INFO	raft/raft.go:280	--------------------------------------Start a new server init------------------------------------
2024-01-04T11:19:09.646+0800	INFO	raft/raft.go:293	The electionTimeout is 308
2024-01-04T11:19:09.646+0800	INFO	raft/raft.go:295	peers is [0xc00007e500 0xc00007e520 0xc00007e540]
2024-01-04T11:19:10.783+0800	INFO	raft/raft.go:207	after rf.peers[server].Call() ok is %vfalse
2024-01-04T11:19:12.414+0800	INFO	raft/raft.go:207	after rf.peers[server].Call() ok is %vfalse
2024-01-04T11:19:14.172+0800	INFO	raft/raft.go:207	after rf.peers[server].Call() ok is %vfalse
2024-01-04T11:19:14.750+0800	INFO	raft/raft.go:280	--------------------------------------Start a new server init------------------------------------
2024-01-04T11:19:14.750+0800	INFO	raft/raft.go:293	The electionTimeout is 428
2024-01-04T11:19:14.750+0800	INFO	raft/raft.go:295	peers is [0xc00021c240 0xc00021c260 0xc00021c280]
2024-01-04T11:19:14.814+0800	INFO	raft/raft.go:280	--------------------------------------Start a new server init------------------------------------
2024-01-04T11:19:14.814+0800	INFO	raft/raft.go:293	The electionTimeout is 362
2024-01-04T11:19:14.814+0800	INFO	raft/raft.go:295	peers is [0xc00021c360 0xc00021c380 0xc00021c3a0]
2024-01-04T11:19:14.859+0800	INFO	raft/raft.go:280	--------------------------------------Start a new server init------------------------------------
2024-01-04T11:19:14.859+0800	INFO	raft/raft.go:293	The electionTimeout is 324
2024-01-04T11:19:14.859+0800	INFO	raft/raft.go:295	peers is [0xc00021c480 0xc00021c4a0 0xc00021c4c0]
2024-01-04T11:19:16.698+0800	INFO	raft/raft.go:207	after rf.peers[server].Call() ok is %vfalse
2024-01-04T11:19:17.450+0800	INFO	raft/raft.go:207	after rf.peers[server].Call() ok is %vfalse
2024-01-04T11:22:24.788+0800	INFO	raft/raft.go:280	--------------------------------------Start a new server init------------------------------------
2024-01-04T11:22:24.788+0800	INFO	raft/raft.go:293	The electionTimeout is 333
2024-01-04T11:22:24.788+0800	INFO	raft/raft.go:295	peers is [0xc00007e2c0 0xc00007e2e0 0xc00007e300]
2024-01-04T11:22:25.309+0800	INFO	raft/raft.go:280	--------------------------------------Start a new server init------------------------------------
2024-01-04T11:22:25.309+0800	INFO	raft/raft.go:293	The electionTimeout is 446
2024-01-04T11:22:25.309+0800	INFO	raft/raft.go:295	peers is [0xc00007e400 0xc00007e420 0xc00007e440]
2024-01-04T11:22:25.365+0800	INFO	raft/raft.go:280	--------------------------------------Start a new server init------------------------------------
2024-01-04T11:22:25.365+0800	INFO	raft/raft.go:293	The electionTimeout is 424
2024-01-04T11:22:25.365+0800	INFO	raft/raft.go:295	peers is [0xc00007e540 0xc00007e560 0xc00007e580]
2024-01-04T11:22:27.245+0800	INFO	raft/raft.go:207	after rf.peers[server].Call() ok is %vfalse
2024-01-04T11:22:28.863+0800	INFO	raft/raft.go:207	after rf.peers[server].Call() ok is %vfalse
2024-01-04T11:22:30.418+0800	INFO	raft/raft.go:280	--------------------------------------Start a new server init------------------------------------
2024-01-04T11:22:30.418+0800	INFO	raft/raft.go:293	The electionTimeout is 363
2024-01-04T11:22:30.418+0800	INFO	raft/raft.go:295	peers is [0xc00012a1c0 0xc00012a1e0 0xc00012a200]
2024-01-04T11:22:30.456+0800	INFO	raft/raft.go:280	--------------------------------------Start a new server init------------------------------------
2024-01-04T11:22:30.456+0800	INFO	raft/raft.go:293	The electionTimeout is 390
2024-01-04T11:22:30.456+0800	INFO	raft/raft.go:295	peers is [0xc00012a300 0xc00012a320 0xc00012a340]
2024-01-04T11:22:30.500+0800	INFO	raft/raft.go:280	--------------------------------------Start a new server init------------------------------------
2024-01-04T11:22:30.500+0800	INFO	raft/raft.go:293	The electionTimeout is 431
2024-01-04T11:22:30.500+0800	INFO	raft/raft.go:295	peers is [0xc00012a440 0xc00012a460 0xc00012a480]
2024-01-04T11:22:30.531+0800	INFO	raft/raft.go:207	after rf.peers[server].Call() ok is %vfalse
2024-01-04T11:22:31.647+0800	INFO	raft/raft.go:207	after rf.peers[server].Call() ok is %vfalse
2024-01-04T11:22:32.514+0800	INFO	raft/raft.go:207	after rf.peers[server].Call() ok is %vfalse
2024-01-04T11:24:13.893+0800	INFO	raft/raft.go:280	--------------------------------------Start a new server init------------------------------------
2024-01-04T11:24:13.893+0800	INFO	raft/raft.go:293	The electionTimeout is 432
2024-01-04T11:24:13.893+0800	INFO	raft/raft.go:295	peers is [0xc00016a2a0 0xc00016a2c0 0xc00016a2e0]
2024-01-04T11:24:13.937+0800	INFO	raft/raft.go:280	--------------------------------------Start a new server init------------------------------------
2024-01-04T11:24:13.937+0800	INFO	raft/raft.go:293	The electionTimeout is 324
2024-01-04T11:24:13.937+0800	INFO	raft/raft.go:295	peers is [0xc00016a3e0 0xc00016a400 0xc00016a420]
2024-01-04T11:24:13.981+0800	INFO	raft/raft.go:280	--------------------------------------Start a new server init------------------------------------
2024-01-04T11:24:13.982+0800	INFO	raft/raft.go:293	The electionTimeout is 396
2024-01-04T11:24:13.982+0800	INFO	raft/raft.go:295	peers is [0xc00016a520 0xc00016a540 0xc00016a560]
2024-01-04T11:24:14.503+0800	INFO	raft/raft.go:207	after rf.peers[server].Call() ok is %vfalse
2024-01-04T11:24:17.459+0800	INFO	raft/raft.go:207	after rf.peers[server].Call() ok is %vfalse
2024-01-04T11:24:18.964+0800	INFO	raft/raft.go:280	--------------------------------------Start a new server init------------------------------------
2024-01-04T11:24:18.964+0800	INFO	raft/raft.go:293	The electionTimeout is 349
2024-01-04T11:24:18.964+0800	INFO	raft/raft.go:295	peers is [0xc00007e1c0 0xc00007e1e0 0xc00007e200]
2024-01-04T11:24:19.005+0800	INFO	raft/raft.go:280	--------------------------------------Start a new server init------------------------------------
2024-01-04T11:24:19.005+0800	INFO	raft/raft.go:293	The electionTimeout is 384
2024-01-04T11:24:19.005+0800	INFO	raft/raft.go:295	peers is [0xc00007e300 0xc00007e320 0xc00007e340]
2024-01-04T11:24:19.049+0800	INFO	raft/raft.go:280	--------------------------------------Start a new server init------------------------------------
2024-01-04T11:24:19.049+0800	INFO	raft/raft.go:293	The electionTimeout is 308
2024-01-04T11:24:19.049+0800	INFO	raft/raft.go:295	peers is [0xc00007e440 0xc00007e460 0xc00007e480]
2024-01-04T11:24:19.988+0800	INFO	raft/raft.go:207	after rf.peers[server].Call() ok is %vfalse
2024-01-04T11:24:20.123+0800	INFO	raft/raft.go:207	after rf.peers[server].Call() ok is %vfalse
2024-01-04T11:24:22.061+0800	INFO	raft/raft.go:207	after rf.peers[server].Call() ok is %vfalse
2024-01-04T11:24:22.244+0800	INFO	raft/raft.go:207	after rf.peers[server].Call() ok is %vfalse
2024-01-04T22:17:06.612+0800	INFO	raft/raft.go:280	--------------------------------------Start a new server init------------------------------------
2024-01-04T22:17:06.612+0800	INFO	raft/raft.go:296	The electionTimeout is 442
2024-01-04T22:17:06.612+0800	INFO	raft/raft.go:298	peers is [0xc00007e2c0 0xc00007e2e0 0xc00007e300]
2024-01-04T22:17:06.661+0800	INFO	raft/raft.go:280	--------------------------------------Start a new server init------------------------------------
2024-01-04T22:17:06.661+0800	INFO	raft/raft.go:296	The electionTimeout is 384
2024-01-04T22:17:06.661+0800	INFO	raft/raft.go:298	peers is [0xc00007e400 0xc00007e420 0xc00007e440]
2024-01-04T22:17:06.705+0800	INFO	raft/raft.go:280	--------------------------------------Start a new server init------------------------------------
2024-01-04T22:17:06.705+0800	INFO	raft/raft.go:296	The electionTimeout is 376
2024-01-04T22:17:06.705+0800	INFO	raft/raft.go:298	peers is [0xc0002140e0 0xc000214100 0xc000214120]
2024-01-04T22:17:06.813+0800	INFO	raft/raft.go:170	excute here
2024-01-04T22:17:06.813+0800	INFO	raft/raft.go:207	after rf.peers[server].Call() ok is %vtrue
2024-01-04T22:17:06.813+0800	INFO	raft/raft.go:289	rpc successful: reply_term=1, reply_grantvote=true
2024-01-04T22:17:06.862+0800	INFO	raft/raft.go:170	excute here
2024-01-04T22:17:06.862+0800	INFO	raft/raft.go:207	after rf.peers[server].Call() ok is %vtrue
2024-01-04T22:17:06.862+0800	INFO	raft/raft.go:289	rpc successful: reply_term=1, reply_grantvote=true
2024-01-04T22:17:06.906+0800	INFO	raft/raft.go:170	excute here
2024-01-04T22:17:06.906+0800	INFO	raft/raft.go:207	after rf.peers[server].Call() ok is %vtrue
2024-01-04T22:17:06.906+0800	INFO	raft/raft.go:289	rpc successful: reply_term=1, reply_grantvote=true
2024-01-04T22:17:07.014+0800	INFO	raft/raft.go:170	excute here
2024-01-04T22:17:07.014+0800	INFO	raft/raft.go:207	after rf.peers[server].Call() ok is %vtrue
2024-01-04T22:17:07.014+0800	INFO	raft/raft.go:289	rpc successful: reply_term=1, reply_grantvote=true
2024-01-04T22:17:07.063+0800	INFO	raft/raft.go:170	excute here
2024-01-04T22:17:07.063+0800	INFO	raft/raft.go:207	after rf.peers[server].Call() ok is %vtrue
2024-01-04T22:17:07.063+0800	INFO	raft/raft.go:289	rpc successful: reply_term=1, reply_grantvote=true
2024-01-04T22:17:07.108+0800	INFO	raft/raft.go:170	excute here
2024-01-04T22:17:07.108+0800	INFO	raft/raft.go:207	after rf.peers[server].Call() ok is %vtrue
2024-01-04T22:17:07.108+0800	INFO	raft/raft.go:289	rpc successful: reply_term=1, reply_grantvote=true
2024-01-04T22:17:07.215+0800	INFO	raft/raft.go:170	excute here
2024-01-04T22:17:07.215+0800	INFO	raft/raft.go:207	after rf.peers[server].Call() ok is %vtrue
2024-01-04T22:17:07.215+0800	INFO	raft/raft.go:289	rpc successful: reply_term=1, reply_grantvote=true
2024-01-04T22:17:07.264+0800	INFO	raft/raft.go:170	excute here
2024-01-04T22:17:07.264+0800	INFO	raft/raft.go:207	after rf.peers[server].Call() ok is %vtrue
2024-01-04T22:17:07.264+0800	INFO	raft/raft.go:289	rpc successful: reply_term=1, reply_grantvote=true
2024-01-04T22:17:07.308+0800	INFO	raft/raft.go:170	excute here
2024-01-04T22:17:07.308+0800	INFO	raft/raft.go:207	after rf.peers[server].Call() ok is %vtrue
2024-01-04T22:17:07.308+0800	INFO	raft/raft.go:289	rpc successful: reply_term=1, reply_grantvote=true
2024-01-04T22:17:07.416+0800	INFO	raft/raft.go:170	excute here
2024-01-04T22:17:07.416+0800	INFO	raft/raft.go:207	after rf.peers[server].Call() ok is %vtrue
2024-01-04T22:17:07.416+0800	INFO	raft/raft.go:289	rpc successful: reply_term=1, reply_grantvote=true
2024-01-04T22:17:07.465+0800	INFO	raft/raft.go:170	excute here
2024-01-04T22:17:07.465+0800	INFO	raft/raft.go:207	after rf.peers[server].Call() ok is %vtrue
2024-01-04T22:17:07.465+0800	INFO	raft/raft.go:289	rpc successful: reply_term=1, reply_grantvote=true
2024-01-04T22:17:07.508+0800	INFO	raft/raft.go:170	excute here
2024-01-04T22:17:07.508+0800	INFO	raft/raft.go:207	after rf.peers[server].Call() ok is %vtrue
2024-01-04T22:17:07.508+0800	INFO	raft/raft.go:289	rpc successful: reply_term=1, reply_grantvote=true
2024-01-04T22:17:07.617+0800	INFO	raft/raft.go:170	excute here
2024-01-04T22:17:07.617+0800	INFO	raft/raft.go:207	after rf.peers[server].Call() ok is %vtrue
2024-01-04T22:17:07.617+0800	INFO	raft/raft.go:289	rpc successful: reply_term=1, reply_grantvote=true
2024-01-04T22:17:07.666+0800	INFO	raft/raft.go:170	excute here
2024-01-04T22:17:07.666+0800	INFO	raft/raft.go:207	after rf.peers[server].Call() ok is %vtrue
2024-01-04T22:17:07.666+0800	INFO	raft/raft.go:289	rpc successful: reply_term=1, reply_grantvote=true
2024-01-04T22:17:07.709+0800	INFO	raft/raft.go:170	excute here
2024-01-04T22:17:07.709+0800	INFO	raft/raft.go:207	after rf.peers[server].Call() ok is %vtrue
2024-01-04T22:17:07.709+0800	INFO	raft/raft.go:289	rpc successful: reply_term=1, reply_grantvote=true
2024-01-04T22:17:11.797+0800	INFO	raft/raft.go:280	--------------------------------------Start a new server init------------------------------------
2024-01-04T22:17:11.797+0800	INFO	raft/raft.go:296	The electionTimeout is 439
2024-01-04T22:17:11.797+0800	INFO	raft/raft.go:298	peers is [0xc00028c760 0xc00028c780 0xc00028c7a0]
2024-01-04T22:17:12.840+0800	INFO	raft/raft.go:280	--------------------------------------Start a new server init------------------------------------
2024-01-04T22:17:12.840+0800	INFO	raft/raft.go:296	The electionTimeout is 404
2024-01-04T22:17:12.840+0800	INFO	raft/raft.go:298	peers is [0xc00028c8a0 0xc00028c8c0 0xc00028c8e0]
2024-01-04T22:17:12.896+0800	INFO	raft/raft.go:280	--------------------------------------Start a new server init------------------------------------
2024-01-04T22:17:12.896+0800	INFO	raft/raft.go:296	The electionTimeout is 399
2024-01-04T22:17:12.896+0800	INFO	raft/raft.go:298	peers is [0xc00028c9e0 0xc00028ca00 0xc00028ca20]
2024-01-04T22:17:13.041+0800	INFO	raft/raft.go:170	excute here
2024-01-04T22:17:13.041+0800	INFO	raft/raft.go:207	after rf.peers[server].Call() ok is %vtrue
2024-01-04T22:17:13.041+0800	INFO	raft/raft.go:289	rpc successful: reply_term=1, reply_grantvote=true
2024-01-04T22:17:13.096+0800	INFO	raft/raft.go:170	excute here
2024-01-04T22:17:13.096+0800	INFO	raft/raft.go:207	after rf.peers[server].Call() ok is %vtrue
2024-01-04T22:17:13.096+0800	INFO	raft/raft.go:289	rpc successful: reply_term=1, reply_grantvote=true
2024-01-04T22:17:13.242+0800	INFO	raft/raft.go:170	excute here
2024-01-04T22:17:13.242+0800	INFO	raft/raft.go:207	after rf.peers[server].Call() ok is %vtrue
2024-01-04T22:17:13.242+0800	INFO	raft/raft.go:289	rpc successful: reply_term=1, reply_grantvote=true
2024-01-04T22:17:13.297+0800	INFO	raft/raft.go:170	excute here
2024-01-04T22:17:13.297+0800	INFO	raft/raft.go:207	after rf.peers[server].Call() ok is %vtrue
2024-01-04T22:17:13.297+0800	INFO	raft/raft.go:289	rpc successful: reply_term=1, reply_grantvote=true
2024-01-04T22:17:13.443+0800	INFO	raft/raft.go:170	excute here
2024-01-04T22:17:13.443+0800	INFO	raft/raft.go:207	after rf.peers[server].Call() ok is %vtrue
2024-01-04T22:17:13.443+0800	INFO	raft/raft.go:289	rpc successful: reply_term=1, reply_grantvote=true
2024-01-04T22:17:13.498+0800	INFO	raft/raft.go:170	excute here
2024-01-04T22:17:13.498+0800	INFO	raft/raft.go:207	after rf.peers[server].Call() ok is %vtrue
2024-01-04T22:17:13.498+0800	INFO	raft/raft.go:289	rpc successful: reply_term=1, reply_grantvote=true
2024-01-04T22:17:13.644+0800	INFO	raft/raft.go:170	excute here
2024-01-04T22:17:13.644+0800	INFO	raft/raft.go:207	after rf.peers[server].Call() ok is %vtrue
2024-01-04T22:17:13.644+0800	INFO	raft/raft.go:289	rpc successful: reply_term=1, reply_grantvote=true
2024-01-04T22:17:13.698+0800	INFO	raft/raft.go:170	excute here
2024-01-04T22:17:13.698+0800	INFO	raft/raft.go:207	after rf.peers[server].Call() ok is %vtrue
2024-01-04T22:17:13.698+0800	INFO	raft/raft.go:289	rpc successful: reply_term=1, reply_grantvote=true
2024-01-04T22:17:13.845+0800	INFO	raft/raft.go:170	excute here
2024-01-04T22:17:13.845+0800	INFO	raft/raft.go:207	after rf.peers[server].Call() ok is %vtrue
2024-01-04T22:17:13.845+0800	INFO	raft/raft.go:289	rpc successful: reply_term=1, reply_grantvote=true
2024-01-04T22:17:13.899+0800	INFO	raft/raft.go:170	excute here
2024-01-04T22:17:13.899+0800	INFO	raft/raft.go:207	after rf.peers[server].Call() ok is %vtrue
2024-01-04T22:17:13.899+0800	INFO	raft/raft.go:289	rpc successful: reply_term=1, reply_grantvote=true
2024-01-04T22:17:17.262+0800	INFO	raft/raft.go:207	after rf.peers[server].Call() ok is %vfalse
2024-01-04T22:17:17.463+0800	INFO	raft/raft.go:170	excute here
2024-01-04T22:17:17.463+0800	INFO	raft/raft.go:207	after rf.peers[server].Call() ok is %vtrue
2024-01-04T22:17:17.463+0800	INFO	raft/raft.go:289	rpc successful: reply_term=1, reply_grantvote=true
2024-01-04T22:17:17.664+0800	INFO	raft/raft.go:170	excute here
2024-01-04T22:17:17.664+0800	INFO	raft/raft.go:207	after rf.peers[server].Call() ok is %vtrue
2024-01-04T22:17:17.664+0800	INFO	raft/raft.go:289	rpc successful: reply_term=1, reply_grantvote=true
2024-01-04T22:17:17.865+0800	INFO	raft/raft.go:170	excute here
2024-01-04T22:17:17.865+0800	INFO	raft/raft.go:207	after rf.peers[server].Call() ok is %vtrue
2024-01-04T22:17:17.865+0800	INFO	raft/raft.go:289	rpc successful: reply_term=1, reply_grantvote=true
2024-01-04T22:18:06.097+0800	INFO	raft/raft.go:280	--------------------------------------Start a new server init------------------------------------
2024-01-04T22:18:06.097+0800	INFO	raft/raft.go:297	The electionTimeout is 322
2024-01-04T22:18:06.097+0800	INFO	raft/raft.go:299	peers is [0xc00007e2c0 0xc00007e2e0 0xc00007e300]
2024-01-04T22:18:06.137+0800	INFO	raft/raft.go:280	--------------------------------------Start a new server init------------------------------------
2024-01-04T22:18:06.137+0800	INFO	raft/raft.go:297	The electionTimeout is 301
2024-01-04T22:18:06.137+0800	INFO	raft/raft.go:299	peers is [0xc00007e400 0xc00007e420 0xc00007e440]
2024-01-04T22:18:06.193+0800	INFO	raft/raft.go:280	--------------------------------------Start a new server init------------------------------------
2024-01-04T22:18:06.193+0800	INFO	raft/raft.go:297	The electionTimeout is 403
2024-01-04T22:18:06.193+0800	INFO	raft/raft.go:299	peers is [0xc00007e540 0xc00007e560 0xc00007e580]
2024-01-04T22:18:06.298+0800	INFO	raft/raft.go:170	excute here
2024-01-04T22:18:06.298+0800	INFO	raft/raft.go:207	after rf.peers[server].Call() ok is %vtrue
2024-01-04T22:18:06.298+0800	INFO	raft/raft.go:289	rpc successful: reply_term=1, reply_grantvote=true
2024-01-04T22:18:06.338+0800	INFO	raft/raft.go:170	excute here
2024-01-04T22:18:06.338+0800	INFO	raft/raft.go:207	after rf.peers[server].Call() ok is %vtrue
2024-01-04T22:18:06.338+0800	INFO	raft/raft.go:289	rpc successful: reply_term=1, reply_grantvote=true
2024-01-04T22:18:06.393+0800	INFO	raft/raft.go:170	excute here
2024-01-04T22:18:06.393+0800	INFO	raft/raft.go:207	after rf.peers[server].Call() ok is %vtrue
2024-01-04T22:18:06.393+0800	INFO	raft/raft.go:289	rpc successful: reply_term=1, reply_grantvote=true
2024-01-04T22:18:06.498+0800	INFO	raft/raft.go:170	excute here
2024-01-04T22:18:06.498+0800	INFO	raft/raft.go:207	after rf.peers[server].Call() ok is %vtrue
2024-01-04T22:18:06.498+0800	INFO	raft/raft.go:289	rpc successful: reply_term=1, reply_grantvote=true
2024-01-04T22:18:06.539+0800	INFO	raft/raft.go:170	excute here
2024-01-04T22:18:06.539+0800	INFO	raft/raft.go:207	after rf.peers[server].Call() ok is %vtrue
2024-01-04T22:18:06.539+0800	INFO	raft/raft.go:289	rpc successful: reply_term=1, reply_grantvote=true
2024-01-04T22:18:06.594+0800	INFO	raft/raft.go:170	excute here
2024-01-04T22:18:06.594+0800	INFO	raft/raft.go:207	after rf.peers[server].Call() ok is %vtrue
2024-01-04T22:18:06.594+0800	INFO	raft/raft.go:289	rpc successful: reply_term=1, reply_grantvote=true
2024-01-04T22:18:06.699+0800	INFO	raft/raft.go:170	excute here
2024-01-04T22:18:06.699+0800	INFO	raft/raft.go:207	after rf.peers[server].Call() ok is %vtrue
2024-01-04T22:18:06.699+0800	INFO	raft/raft.go:289	rpc successful: reply_term=1, reply_grantvote=true
2024-01-04T22:18:06.740+0800	INFO	raft/raft.go:170	excute here
2024-01-04T22:18:06.740+0800	INFO	raft/raft.go:207	after rf.peers[server].Call() ok is %vtrue
2024-01-04T22:18:06.740+0800	INFO	raft/raft.go:289	rpc successful: reply_term=1, reply_grantvote=true
2024-01-04T22:18:06.795+0800	INFO	raft/raft.go:170	excute here
2024-01-04T22:18:06.795+0800	INFO	raft/raft.go:207	after rf.peers[server].Call() ok is %vtrue
2024-01-04T22:18:06.795+0800	INFO	raft/raft.go:289	rpc successful: reply_term=1, reply_grantvote=true
2024-01-04T22:18:11.320+0800	INFO	raft/raft.go:280	--------------------------------------Start a new server init------------------------------------
2024-01-04T22:18:11.320+0800	INFO	raft/raft.go:297	The electionTimeout is 358
2024-01-04T22:18:11.320+0800	INFO	raft/raft.go:299	peers is [0xc000234420 0xc000234440 0xc000234460]
2024-01-04T22:18:11.383+0800	INFO	raft/raft.go:280	--------------------------------------Start a new server init------------------------------------
2024-01-04T22:18:11.383+0800	INFO	raft/raft.go:297	The electionTimeout is 328
2024-01-04T22:18:11.383+0800	INFO	raft/raft.go:299	peers is [0xc000234560 0xc000234580 0xc0002345a0]
2024-01-04T22:18:11.438+0800	INFO	raft/raft.go:280	--------------------------------------Start a new server init------------------------------------
2024-01-04T22:18:11.438+0800	INFO	raft/raft.go:297	The electionTimeout is 400
2024-01-04T22:18:11.438+0800	INFO	raft/raft.go:299	peers is [0xc0002346a0 0xc0002346c0 0xc0002346e0]
2024-01-04T22:18:11.521+0800	INFO	raft/raft.go:170	excute here
2024-01-04T22:18:11.521+0800	INFO	raft/raft.go:207	after rf.peers[server].Call() ok is %vtrue
2024-01-04T22:18:11.521+0800	INFO	raft/raft.go:289	rpc successful: reply_term=1, reply_grantvote=true
2024-01-04T22:18:11.583+0800	INFO	raft/raft.go:170	excute here
2024-01-04T22:18:11.583+0800	INFO	raft/raft.go:207	after rf.peers[server].Call() ok is %vtrue
2024-01-04T22:18:11.583+0800	INFO	raft/raft.go:289	rpc successful: reply_term=1, reply_grantvote=true
2024-01-04T22:18:11.639+0800	INFO	raft/raft.go:170	excute here
2024-01-04T22:18:11.639+0800	INFO	raft/raft.go:207	after rf.peers[server].Call() ok is %vtrue
2024-01-04T22:18:11.639+0800	INFO	raft/raft.go:289	rpc successful: reply_term=1, reply_grantvote=true
2024-01-04T22:18:11.722+0800	INFO	raft/raft.go:170	excute here
2024-01-04T22:18:11.722+0800	INFO	raft/raft.go:207	after rf.peers[server].Call() ok is %vtrue
2024-01-04T22:18:11.722+0800	INFO	raft/raft.go:289	rpc successful: reply_term=1, reply_grantvote=true
2024-01-04T22:18:11.784+0800	INFO	raft/raft.go:170	excute here
2024-01-04T22:18:11.784+0800	INFO	raft/raft.go:207	after rf.peers[server].Call() ok is %vtrue
2024-01-04T22:18:11.784+0800	INFO	raft/raft.go:289	rpc successful: reply_term=1, reply_grantvote=true
2024-01-04T22:18:11.840+0800	INFO	raft/raft.go:170	excute here
2024-01-04T22:18:11.840+0800	INFO	raft/raft.go:207	after rf.peers[server].Call() ok is %vtrue
2024-01-04T22:18:11.840+0800	INFO	raft/raft.go:289	rpc successful: reply_term=1, reply_grantvote=true
2024-01-04T22:18:11.923+0800	INFO	raft/raft.go:170	excute here
2024-01-04T22:18:11.923+0800	INFO	raft/raft.go:207	after rf.peers[server].Call() ok is %vtrue
2024-01-04T22:18:11.923+0800	INFO	raft/raft.go:289	rpc successful: reply_term=1, reply_grantvote=true
2024-01-04T22:18:11.984+0800	INFO	raft/raft.go:170	excute here
2024-01-04T22:18:11.984+0800	INFO	raft/raft.go:207	after rf.peers[server].Call() ok is %vtrue
2024-01-04T22:18:11.984+0800	INFO	raft/raft.go:289	rpc successful: reply_term=1, reply_grantvote=true
2024-01-04T22:18:12.040+0800	INFO	raft/raft.go:170	excute here
2024-01-04T22:18:12.040+0800	INFO	raft/raft.go:207	after rf.peers[server].Call() ok is %vtrue
2024-01-04T22:18:12.040+0800	INFO	raft/raft.go:289	rpc successful: reply_term=1, reply_grantvote=true
2024-01-04T22:37:07.271+0800	INFO	raft/raft.go:280	--------------------------------------Start a new server init------------------------------------
2024-01-04T22:37:07.271+0800	INFO	raft/raft.go:297	The electionTimeout is 440
2024-01-04T22:37:07.271+0800	INFO	raft/raft.go:299	peers is [0xc00007e2c0 0xc00007e2e0 0xc00007e300]
2024-01-04T22:37:07.329+0800	INFO	raft/raft.go:280	--------------------------------------Start a new server init------------------------------------
2024-01-04T22:37:07.329+0800	INFO	raft/raft.go:297	The electionTimeout is 374
2024-01-04T22:37:07.329+0800	INFO	raft/raft.go:299	peers is [0xc00007e400 0xc00007e420 0xc00007e440]
2024-01-04T22:37:07.385+0800	INFO	raft/raft.go:280	--------------------------------------Start a new server init------------------------------------
2024-01-04T22:37:07.385+0800	INFO	raft/raft.go:297	The electionTimeout is 404
2024-01-04T22:37:07.385+0800	INFO	raft/raft.go:299	peers is [0xc00007e540 0xc00007e560 0xc00007e580]
2024-01-04T22:37:07.472+0800	INFO	raft/raft.go:170	excute here
2024-01-04T22:37:07.472+0800	INFO	raft/raft.go:207	after rf.peers[server].Call() ok is %vtrue
2024-01-04T22:37:07.472+0800	INFO	raft/raft.go:289	rpc successful: reply_term=1, reply_grantvote=true
2024-01-04T22:37:07.530+0800	INFO	raft/raft.go:170	excute here
2024-01-04T22:37:07.530+0800	INFO	raft/raft.go:207	after rf.peers[server].Call() ok is %vtrue
2024-01-04T22:37:07.530+0800	INFO	raft/raft.go:289	rpc successful: reply_term=1, reply_grantvote=true
2024-01-04T22:37:07.586+0800	INFO	raft/raft.go:170	excute here
2024-01-04T22:37:07.586+0800	INFO	raft/raft.go:207	after rf.peers[server].Call() ok is %vtrue
2024-01-04T22:37:07.586+0800	INFO	raft/raft.go:289	rpc successful: reply_term=1, reply_grantvote=true
2024-01-04T22:37:07.673+0800	INFO	raft/raft.go:170	excute here
2024-01-04T22:37:07.673+0800	INFO	raft/raft.go:207	after rf.peers[server].Call() ok is %vtrue
2024-01-04T22:37:07.673+0800	INFO	raft/raft.go:289	rpc successful: reply_term=1, reply_grantvote=true
2024-01-04T22:37:07.731+0800	INFO	raft/raft.go:170	excute here
2024-01-04T22:37:07.731+0800	INFO	raft/raft.go:207	after rf.peers[server].Call() ok is %vtrue
2024-01-04T22:37:07.731+0800	INFO	raft/raft.go:289	rpc successful: reply_term=1, reply_grantvote=true
2024-01-04T22:37:07.786+0800	INFO	raft/raft.go:170	excute here
2024-01-04T22:37:07.786+0800	INFO	raft/raft.go:207	after rf.peers[server].Call() ok is %vtrue
2024-01-04T22:37:07.786+0800	INFO	raft/raft.go:289	rpc successful: reply_term=1, reply_grantvote=true
2024-01-04T22:37:07.874+0800	INFO	raft/raft.go:170	excute here
2024-01-04T22:37:07.874+0800	INFO	raft/raft.go:207	after rf.peers[server].Call() ok is %vtrue
2024-01-04T22:37:07.874+0800	INFO	raft/raft.go:289	rpc successful: reply_term=1, reply_grantvote=true
2024-01-04T22:37:07.933+0800	INFO	raft/raft.go:170	excute here
2024-01-04T22:37:07.933+0800	INFO	raft/raft.go:207	after rf.peers[server].Call() ok is %vtrue
2024-01-04T22:37:07.933+0800	INFO	raft/raft.go:289	rpc successful: reply_term=1, reply_grantvote=true
2024-01-04T22:37:07.987+0800	INFO	raft/raft.go:170	excute here
2024-01-04T22:37:07.987+0800	INFO	raft/raft.go:207	after rf.peers[server].Call() ok is %vtrue
2024-01-04T22:37:07.987+0800	INFO	raft/raft.go:289	rpc successful: reply_term=1, reply_grantvote=true
2024-01-04T22:37:12.533+0800	INFO	raft/raft.go:280	--------------------------------------Start a new server init------------------------------------
2024-01-04T22:37:12.533+0800	INFO	raft/raft.go:297	The electionTimeout is 420
2024-01-04T22:37:12.533+0800	INFO	raft/raft.go:299	peers is [0xc00021a420 0xc00021a440 0xc00021a460]
2024-01-04T22:37:12.597+0800	INFO	raft/raft.go:280	--------------------------------------Start a new server init------------------------------------
2024-01-04T22:37:12.597+0800	INFO	raft/raft.go:297	The electionTimeout is 416
2024-01-04T22:37:12.597+0800	INFO	raft/raft.go:299	peers is [0xc00021a560 0xc00021a580 0xc00021a5a0]
2024-01-04T22:37:12.641+0800	INFO	raft/raft.go:280	--------------------------------------Start a new server init------------------------------------
2024-01-04T22:37:12.641+0800	INFO	raft/raft.go:297	The electionTimeout is 309
2024-01-04T22:37:12.641+0800	INFO	raft/raft.go:299	peers is [0xc00021a6a0 0xc00021a6c0 0xc00021a6e0]
2024-01-04T22:37:12.734+0800	INFO	raft/raft.go:170	excute here
2024-01-04T22:37:12.734+0800	INFO	raft/raft.go:207	after rf.peers[server].Call() ok is %vtrue
2024-01-04T22:37:12.734+0800	INFO	raft/raft.go:289	rpc successful: reply_term=1, reply_grantvote=true
2024-01-04T22:37:12.798+0800	INFO	raft/raft.go:170	excute here
2024-01-04T22:37:12.798+0800	INFO	raft/raft.go:207	after rf.peers[server].Call() ok is %vtrue
2024-01-04T22:37:12.798+0800	INFO	raft/raft.go:289	rpc successful: reply_term=1, reply_grantvote=true
2024-01-04T22:37:12.842+0800	INFO	raft/raft.go:170	excute here
2024-01-04T22:37:12.842+0800	INFO	raft/raft.go:207	after rf.peers[server].Call() ok is %vtrue
2024-01-04T22:37:12.842+0800	INFO	raft/raft.go:289	rpc successful: reply_term=1, reply_grantvote=true
2024-01-04T22:37:12.935+0800	INFO	raft/raft.go:170	excute here
2024-01-04T22:37:12.935+0800	INFO	raft/raft.go:207	after rf.peers[server].Call() ok is %vtrue
2024-01-04T22:37:12.935+0800	INFO	raft/raft.go:289	rpc successful: reply_term=1, reply_grantvote=true
2024-01-04T22:37:12.998+0800	INFO	raft/raft.go:170	excute here
2024-01-04T22:37:12.999+0800	INFO	raft/raft.go:207	after rf.peers[server].Call() ok is %vtrue
2024-01-04T22:37:12.999+0800	INFO	raft/raft.go:289	rpc successful: reply_term=1, reply_grantvote=true
2024-01-04T22:37:13.043+0800	INFO	raft/raft.go:170	excute here
2024-01-04T22:37:13.043+0800	INFO	raft/raft.go:207	after rf.peers[server].Call() ok is %vtrue
2024-01-04T22:37:13.043+0800	INFO	raft/raft.go:289	rpc successful: reply_term=1, reply_grantvote=true
2024-01-04T22:37:13.136+0800	INFO	raft/raft.go:170	excute here
2024-01-04T22:37:13.136+0800	INFO	raft/raft.go:207	after rf.peers[server].Call() ok is %vtrue
2024-01-04T22:37:13.136+0800	INFO	raft/raft.go:289	rpc successful: reply_term=1, reply_grantvote=true
2024-01-04T22:37:13.200+0800	INFO	raft/raft.go:170	excute here
2024-01-04T22:37:13.200+0800	INFO	raft/raft.go:207	after rf.peers[server].Call() ok is %vtrue
2024-01-04T22:37:13.200+0800	INFO	raft/raft.go:289	rpc successful: reply_term=1, reply_grantvote=true
2024-01-04T22:37:13.244+0800	INFO	raft/raft.go:170	excute here
2024-01-04T22:37:13.244+0800	INFO	raft/raft.go:207	after rf.peers[server].Call() ok is %vtrue
2024-01-04T22:37:13.244+0800	INFO	raft/raft.go:289	rpc successful: reply_term=1, reply_grantvote=true
2024-01-04T22:38:04.584+0800	INFO	raft/raft.go:280	--------------------------------------Start a new server init------------------------------------
2024-01-04T22:38:04.584+0800	INFO	raft/raft.go:297	The electionTimeout is 365
2024-01-04T22:38:04.584+0800	INFO	raft/raft.go:299	peers is [0xc00007e2c0 0xc00007e2e0 0xc00007e300]
2024-01-04T22:38:05.114+0800	INFO	raft/raft.go:280	--------------------------------------Start a new server init------------------------------------
2024-01-04T22:38:05.114+0800	INFO	raft/raft.go:297	The electionTimeout is 341
2024-01-04T22:38:05.114+0800	INFO	raft/raft.go:299	peers is [0xc0001a20e0 0xc0001a2100 0xc0001a2120]
2024-01-04T22:38:05.170+0800	INFO	raft/raft.go:280	--------------------------------------Start a new server init------------------------------------
2024-01-04T22:38:05.170+0800	INFO	raft/raft.go:297	The electionTimeout is 304
2024-01-04T22:38:05.170+0800	INFO	raft/raft.go:299	peers is [0xc0001a2220 0xc0001a2240 0xc0001a2260]
2024-01-04T22:38:05.315+0800	INFO	raft/raft.go:170	excute here
2024-01-04T22:38:05.315+0800	INFO	raft/raft.go:207	after rf.peers[server].Call() ok is %vtrue
2024-01-04T22:38:05.315+0800	INFO	raft/raft.go:289	rpc successful: reply_term=1, reply_grantvote=true
2024-01-04T22:38:05.370+0800	INFO	raft/raft.go:170	excute here
2024-01-04T22:38:05.370+0800	INFO	raft/raft.go:207	after rf.peers[server].Call() ok is %vtrue
2024-01-04T22:38:05.370+0800	INFO	raft/raft.go:289	rpc successful: reply_term=1, reply_grantvote=true
2024-01-04T22:38:05.516+0800	INFO	raft/raft.go:170	excute here
2024-01-04T22:38:05.516+0800	INFO	raft/raft.go:207	after rf.peers[server].Call() ok is %vtrue
2024-01-04T22:38:05.516+0800	INFO	raft/raft.go:289	rpc successful: reply_term=1, reply_grantvote=true
2024-01-04T22:38:05.571+0800	INFO	raft/raft.go:170	excute here
2024-01-04T22:38:05.571+0800	INFO	raft/raft.go:207	after rf.peers[server].Call() ok is %vtrue
2024-01-04T22:38:05.571+0800	INFO	raft/raft.go:289	rpc successful: reply_term=1, reply_grantvote=true
2024-01-04T22:38:05.717+0800	INFO	raft/raft.go:170	excute here
2024-01-04T22:38:05.717+0800	INFO	raft/raft.go:207	after rf.peers[server].Call() ok is %vtrue
2024-01-04T22:38:05.717+0800	INFO	raft/raft.go:289	rpc successful: reply_term=1, reply_grantvote=true
2024-01-04T22:38:05.772+0800	INFO	raft/raft.go:170	excute here
2024-01-04T22:38:05.772+0800	INFO	raft/raft.go:207	after rf.peers[server].Call() ok is %vtrue
2024-01-04T22:38:05.772+0800	INFO	raft/raft.go:289	rpc successful: reply_term=1, reply_grantvote=true
2024-01-04T22:38:07.303+0800	INFO	raft/raft.go:207	after rf.peers[server].Call() ok is %vfalse
2024-01-04T22:38:07.504+0800	INFO	raft/raft.go:170	excute here
2024-01-04T22:38:07.504+0800	INFO	raft/raft.go:207	after rf.peers[server].Call() ok is %vtrue
2024-01-04T22:38:07.504+0800	INFO	raft/raft.go:289	rpc successful: reply_term=1, reply_grantvote=true
2024-01-04T22:38:07.705+0800	INFO	raft/raft.go:170	excute here
2024-01-04T22:38:07.705+0800	INFO	raft/raft.go:207	after rf.peers[server].Call() ok is %vtrue
2024-01-04T22:38:07.705+0800	INFO	raft/raft.go:289	rpc successful: reply_term=1, reply_grantvote=true
2024-01-04T22:38:10.290+0800	INFO	raft/raft.go:280	--------------------------------------Start a new server init------------------------------------
2024-01-04T22:38:10.290+0800	INFO	raft/raft.go:297	The electionTimeout is 336
2024-01-04T22:38:10.290+0800	INFO	raft/raft.go:299	peers is [0xc000223300 0xc000223320 0xc000223340]
2024-01-04T22:38:10.359+0800	INFO	raft/raft.go:280	--------------------------------------Start a new server init------------------------------------
2024-01-04T22:38:10.359+0800	INFO	raft/raft.go:297	The electionTimeout is 374
2024-01-04T22:38:10.360+0800	INFO	raft/raft.go:299	peers is [0xc000223440 0xc000223460 0xc000223480]
2024-01-04T22:38:10.404+0800	INFO	raft/raft.go:280	--------------------------------------Start a new server init------------------------------------
2024-01-04T22:38:10.404+0800	INFO	raft/raft.go:297	The electionTimeout is 335
2024-01-04T22:38:10.404+0800	INFO	raft/raft.go:299	peers is [0xc000223580 0xc0002235a0 0xc0002235c0]
2024-01-04T22:38:10.491+0800	INFO	raft/raft.go:170	excute here
2024-01-04T22:38:10.491+0800	INFO	raft/raft.go:207	after rf.peers[server].Call() ok is %vtrue
2024-01-04T22:38:10.491+0800	INFO	raft/raft.go:289	rpc successful: reply_term=1, reply_grantvote=true
2024-01-04T22:38:10.560+0800	INFO	raft/raft.go:170	excute here
2024-01-04T22:38:10.560+0800	INFO	raft/raft.go:207	after rf.peers[server].Call() ok is %vtrue
2024-01-04T22:38:10.560+0800	INFO	raft/raft.go:289	rpc successful: reply_term=1, reply_grantvote=true
2024-01-04T22:38:10.605+0800	INFO	raft/raft.go:170	excute here
2024-01-04T22:38:10.605+0800	INFO	raft/raft.go:207	after rf.peers[server].Call() ok is %vtrue
2024-01-04T22:38:10.605+0800	INFO	raft/raft.go:289	rpc successful: reply_term=1, reply_grantvote=true
2024-01-04T22:38:10.692+0800	INFO	raft/raft.go:170	excute here
2024-01-04T22:38:10.692+0800	INFO	raft/raft.go:207	after rf.peers[server].Call() ok is %vtrue
2024-01-04T22:38:10.692+0800	INFO	raft/raft.go:289	rpc successful: reply_term=1, reply_grantvote=true
2024-01-04T22:38:10.761+0800	INFO	raft/raft.go:170	excute here
2024-01-04T22:38:10.761+0800	INFO	raft/raft.go:207	after rf.peers[server].Call() ok is %vtrue
2024-01-04T22:38:10.761+0800	INFO	raft/raft.go:289	rpc successful: reply_term=1, reply_grantvote=true
2024-01-04T22:38:10.806+0800	INFO	raft/raft.go:170	excute here
2024-01-04T22:38:10.806+0800	INFO	raft/raft.go:207	after rf.peers[server].Call() ok is %vtrue
2024-01-04T22:38:10.806+0800	INFO	raft/raft.go:289	rpc successful: reply_term=1, reply_grantvote=true
2024-01-04T22:38:10.893+0800	INFO	raft/raft.go:170	excute here
2024-01-04T22:38:10.893+0800	INFO	raft/raft.go:207	after rf.peers[server].Call() ok is %vtrue
2024-01-04T22:38:10.893+0800	INFO	raft/raft.go:289	rpc successful: reply_term=1, reply_grantvote=true
2024-01-04T22:38:10.962+0800	INFO	raft/raft.go:170	excute here
2024-01-04T22:38:10.962+0800	INFO	raft/raft.go:207	after rf.peers[server].Call() ok is %vtrue
2024-01-04T22:38:10.962+0800	INFO	raft/raft.go:289	rpc successful: reply_term=1, reply_grantvote=true
2024-01-04T22:38:11.006+0800	INFO	raft/raft.go:170	excute here
2024-01-04T22:38:11.006+0800	INFO	raft/raft.go:207	after rf.peers[server].Call() ok is %vtrue
2024-01-04T22:38:11.006+0800	INFO	raft/raft.go:289	rpc successful: reply_term=1, reply_grantvote=true
2024-01-04T22:47:04.295+0800	INFO	raft/raft.go:280	--------------------------------------Start a new server init------------------------------------
2024-01-04T22:47:04.295+0800	INFO	raft/raft.go:297	The electionTimeout is 393
2024-01-04T22:47:04.295+0800	INFO	raft/raft.go:299	peers is [0xc00007e2c0 0xc00007e2e0 0xc00007e300]
2024-01-04T22:47:04.742+0800	INFO	raft/raft.go:280	--------------------------------------Start a new server init------------------------------------
2024-01-04T22:47:04.742+0800	INFO	raft/raft.go:297	The electionTimeout is 438
2024-01-04T22:47:04.742+0800	INFO	raft/raft.go:299	peers is [0xc0001220e0 0xc000122100 0xc000122120]
2024-01-04T22:47:04.787+0800	INFO	raft/raft.go:280	--------------------------------------Start a new server init------------------------------------
2024-01-04T22:47:04.787+0800	INFO	raft/raft.go:297	The electionTimeout is 393
2024-01-04T22:47:04.787+0800	INFO	raft/raft.go:299	peers is [0xc000122220 0xc000122240 0xc000122260]
2024-01-04T22:47:04.943+0800	INFO	raft/raft.go:170	excute here
2024-01-04T22:47:04.943+0800	INFO	raft/raft.go:207	after rf.peers[server].Call() ok is %vtrue
2024-01-04T22:47:04.943+0800	INFO	raft/raft.go:289	rpc successful: reply_term=1, reply_grantvote=true
2024-01-04T22:47:04.987+0800	INFO	raft/raft.go:170	excute here
2024-01-04T22:47:04.987+0800	INFO	raft/raft.go:207	after rf.peers[server].Call() ok is %vtrue
2024-01-04T22:47:04.987+0800	INFO	raft/raft.go:289	rpc successful: reply_term=1, reply_grantvote=true
2024-01-04T22:47:05.144+0800	INFO	raft/raft.go:170	excute here
2024-01-04T22:47:05.144+0800	INFO	raft/raft.go:207	after rf.peers[server].Call() ok is %vtrue
2024-01-04T22:47:05.144+0800	INFO	raft/raft.go:289	rpc successful: reply_term=1, reply_grantvote=true
2024-01-04T22:47:05.188+0800	INFO	raft/raft.go:170	excute here
2024-01-04T22:47:05.188+0800	INFO	raft/raft.go:207	after rf.peers[server].Call() ok is %vtrue
2024-01-04T22:47:05.188+0800	INFO	raft/raft.go:289	rpc successful: reply_term=1, reply_grantvote=true
2024-01-04T22:47:05.345+0800	INFO	raft/raft.go:170	excute here
2024-01-04T22:47:05.345+0800	INFO	raft/raft.go:207	after rf.peers[server].Call() ok is %vtrue
2024-01-04T22:47:05.345+0800	INFO	raft/raft.go:289	rpc successful: reply_term=1, reply_grantvote=true
2024-01-04T22:47:05.389+0800	INFO	raft/raft.go:170	excute here
2024-01-04T22:47:05.389+0800	INFO	raft/raft.go:207	after rf.peers[server].Call() ok is %vtrue
2024-01-04T22:47:05.389+0800	INFO	raft/raft.go:289	rpc successful: reply_term=1, reply_grantvote=true
2024-01-04T22:47:09.863+0800	INFO	raft/raft.go:280	--------------------------------------Start a new server init------------------------------------
2024-01-04T22:47:09.863+0800	INFO	raft/raft.go:297	The electionTimeout is 408
2024-01-04T22:47:09.863+0800	INFO	raft/raft.go:299	peers is [0xc000222f80 0xc000222fa0 0xc000222fc0]
2024-01-04T22:47:09.932+0800	INFO	raft/raft.go:280	--------------------------------------Start a new server init------------------------------------
2024-01-04T22:47:09.932+0800	INFO	raft/raft.go:297	The electionTimeout is 317
2024-01-04T22:47:09.932+0800	INFO	raft/raft.go:299	peers is [0xc0002230c0 0xc0002230e0 0xc000223100]
2024-01-04T22:47:09.977+0800	INFO	raft/raft.go:280	--------------------------------------Start a new server init------------------------------------
2024-01-04T22:47:09.977+0800	INFO	raft/raft.go:297	The electionTimeout is 416
2024-01-04T22:47:09.977+0800	INFO	raft/raft.go:299	peers is [0xc000223200 0xc000223220 0xc000223240]
2024-01-04T22:47:10.064+0800	INFO	raft/raft.go:170	excute here
2024-01-04T22:47:10.064+0800	INFO	raft/raft.go:207	after rf.peers[server].Call() ok is %vtrue
2024-01-04T22:47:10.064+0800	INFO	raft/raft.go:289	rpc successful: reply_term=1, reply_grantvote=true
2024-01-04T22:47:10.132+0800	INFO	raft/raft.go:170	excute here
2024-01-04T22:47:10.132+0800	INFO	raft/raft.go:207	after rf.peers[server].Call() ok is %vtrue
2024-01-04T22:47:10.132+0800	INFO	raft/raft.go:289	rpc successful: reply_term=1, reply_grantvote=true
2024-01-04T22:47:10.178+0800	INFO	raft/raft.go:170	excute here
2024-01-04T22:47:10.178+0800	INFO	raft/raft.go:207	after rf.peers[server].Call() ok is %vtrue
2024-01-04T22:47:10.178+0800	INFO	raft/raft.go:289	rpc successful: reply_term=1, reply_grantvote=true
2024-01-04T22:47:10.265+0800	INFO	raft/raft.go:170	excute here
2024-01-04T22:47:10.265+0800	INFO	raft/raft.go:207	after rf.peers[server].Call() ok is %vtrue
2024-01-04T22:47:10.265+0800	INFO	raft/raft.go:289	rpc successful: reply_term=1, reply_grantvote=true
2024-01-04T22:47:10.334+0800	INFO	raft/raft.go:170	excute here
2024-01-04T22:47:10.334+0800	INFO	raft/raft.go:207	after rf.peers[server].Call() ok is %vtrue
2024-01-04T22:47:10.334+0800	INFO	raft/raft.go:289	rpc successful: reply_term=1, reply_grantvote=true
2024-01-04T22:47:10.378+0800	INFO	raft/raft.go:170	excute here
2024-01-04T22:47:10.378+0800	INFO	raft/raft.go:207	after rf.peers[server].Call() ok is %vtrue
2024-01-04T22:47:10.378+0800	INFO	raft/raft.go:289	rpc successful: reply_term=1, reply_grantvote=true
2024-01-04T22:47:10.466+0800	INFO	raft/raft.go:170	excute here
2024-01-04T22:47:10.466+0800	INFO	raft/raft.go:207	after rf.peers[server].Call() ok is %vtrue
2024-01-04T22:47:10.466+0800	INFO	raft/raft.go:289	rpc successful: reply_term=1, reply_grantvote=true
2024-01-04T22:47:10.534+0800	INFO	raft/raft.go:170	excute here
2024-01-04T22:47:10.534+0800	INFO	raft/raft.go:207	after rf.peers[server].Call() ok is %vtrue
2024-01-04T22:47:10.534+0800	INFO	raft/raft.go:289	rpc successful: reply_term=1, reply_grantvote=true
2024-01-04T22:47:10.579+0800	INFO	raft/raft.go:170	excute here
2024-01-04T22:47:10.579+0800	INFO	raft/raft.go:207	after rf.peers[server].Call() ok is %vtrue
2024-01-04T22:47:10.579+0800	INFO	raft/raft.go:289	rpc successful: reply_term=1, reply_grantvote=true
2024-01-04T22:47:10.615+0800	INFO	raft/raft.go:207	after rf.peers[server].Call() ok is %vfalse
2024-01-04T22:47:10.816+0800	INFO	raft/raft.go:207	after rf.peers[server].Call() ok is %vfalse
2024-01-04T22:47:11.017+0800	INFO	raft/raft.go:207	after rf.peers[server].Call() ok is %vfalse
