2024-01-07T09:19:43.647+0800	INFO	raft/raft.go:280	--------------------------------------Start a new server init------------------------------------
2024-01-07T09:19:43.647+0800	INFO	raft/raft.go:287	The electionTimeout is 348
2024-01-07T09:19:43.647+0800	INFO	raft/raft.go:288	peers is [0xc00016a2a0 0xc00016a2c0 0xc00016a2e0]
2024-01-07T09:19:43.690+0800	INFO	raft/raft.go:280	--------------------------------------Start a new server init------------------------------------
2024-01-07T09:19:43.690+0800	INFO	raft/raft.go:287	The electionTimeout is 350
2024-01-07T09:19:43.690+0800	INFO	raft/raft.go:288	peers is [0xc00016a3e0 0xc00016a400 0xc00016a420]
2024-01-07T09:19:43.746+0800	INFO	raft/raft.go:280	--------------------------------------Start a new server init------------------------------------
2024-01-07T09:19:43.746+0800	INFO	raft/raft.go:287	The electionTimeout is 359
2024-01-07T09:19:43.746+0800	INFO	raft/raft.go:288	peers is [0xc00016a520 0xc00016a540 0xc00016a560]
2024-01-07T09:19:43.848+0800	INFO	raft/raft.go:170	excute here
2024-01-07T09:19:43.848+0800	INFO	raft/raft.go:207	after rf.peers[server].Call() ok is %vtrue
2024-01-07T09:19:43.848+0800	INFO	raft/raft.go:295	rpc successful: reply_term=1, reply_grantvote=true
2024-01-07T09:19:43.891+0800	INFO	raft/raft.go:170	excute here
2024-01-07T09:19:43.891+0800	INFO	raft/raft.go:207	after rf.peers[server].Call() ok is %vtrue
2024-01-07T09:19:43.891+0800	INFO	raft/raft.go:295	rpc successful: reply_term=1, reply_grantvote=true
2024-01-07T09:19:43.947+0800	INFO	raft/raft.go:170	excute here
2024-01-07T09:19:43.947+0800	INFO	raft/raft.go:207	after rf.peers[server].Call() ok is %vtrue
2024-01-07T09:19:43.947+0800	INFO	raft/raft.go:295	rpc successful: reply_term=1, reply_grantvote=true
2024-01-07T09:19:48.841+0800	INFO	raft/raft.go:280	--------------------------------------Start a new server init------------------------------------
2024-01-07T09:19:48.841+0800	INFO	raft/raft.go:287	The electionTimeout is 446
2024-01-07T09:19:48.841+0800	INFO	raft/raft.go:288	peers is [0xc00007e0c0 0xc00007e0e0 0xc00007e100]
2024-01-07T09:19:48.938+0800	INFO	raft/raft.go:280	--------------------------------------Start a new server init------------------------------------
2024-01-07T09:19:48.938+0800	INFO	raft/raft.go:287	The electionTimeout is 362
2024-01-07T09:19:48.938+0800	INFO	raft/raft.go:288	peers is [0xc00007e200 0xc00007e220 0xc00007e240]
2024-01-07T09:19:48.983+0800	INFO	raft/raft.go:280	--------------------------------------Start a new server init------------------------------------
2024-01-07T09:19:48.983+0800	INFO	raft/raft.go:287	The electionTimeout is 345
2024-01-07T09:19:48.983+0800	INFO	raft/raft.go:288	peers is [0xc000218460 0xc000218480 0xc0002184a0]
2024-01-07T09:19:49.042+0800	INFO	raft/raft.go:170	excute here
2024-01-07T09:19:49.042+0800	INFO	raft/raft.go:207	after rf.peers[server].Call() ok is %vtrue
2024-01-07T09:19:49.042+0800	INFO	raft/raft.go:295	rpc successful: reply_term=1, reply_grantvote=true
2024-01-07T09:19:49.138+0800	INFO	raft/raft.go:170	excute here
2024-01-07T09:19:49.138+0800	INFO	raft/raft.go:207	after rf.peers[server].Call() ok is %vtrue
2024-01-07T09:19:49.138+0800	INFO	raft/raft.go:295	rpc successful: reply_term=1, reply_grantvote=true
2024-01-07T09:19:49.184+0800	INFO	raft/raft.go:170	excute here
2024-01-07T09:19:49.184+0800	INFO	raft/raft.go:207	after rf.peers[server].Call() ok is %vtrue
2024-01-07T09:19:49.184+0800	INFO	raft/raft.go:295	rpc successful: reply_term=1, reply_grantvote=true
2024-01-07T10:01:49.408+0800	INFO	raft/raft.go:280	--------------------------------------Start a new server init------------------------------------
2024-01-07T10:01:49.408+0800	INFO	raft/raft.go:287	The electionTimeout is 358
2024-01-07T10:01:49.408+0800	INFO	raft/raft.go:288	peers is [0xc00007e2c0 0xc00007e2e0 0xc00007e300]
2024-01-07T10:01:49.441+0800	INFO	raft/raft.go:280	--------------------------------------Start a new server init------------------------------------
2024-01-07T10:01:49.441+0800	INFO	raft/raft.go:287	The electionTimeout is 366
2024-01-07T10:01:49.441+0800	INFO	raft/raft.go:288	peers is [0xc00007e400 0xc00007e420 0xc00007e440]
2024-01-07T10:01:49.486+0800	INFO	raft/raft.go:280	--------------------------------------Start a new server init------------------------------------
2024-01-07T10:01:49.486+0800	INFO	raft/raft.go:287	The electionTimeout is 445
2024-01-07T10:01:49.486+0800	INFO	raft/raft.go:288	peers is [0xc00007e540 0xc00007e560 0xc00007e580]
2024-01-07T10:01:49.608+0800	INFO	raft/raft.go:170	excute here
2024-01-07T10:01:49.608+0800	INFO	raft/raft.go:207	after rf.peers[server].Call() ok is %vtrue
2024-01-07T10:01:49.608+0800	INFO	raft/raft.go:295	rpc successful: reply_term=1, reply_grantvote=true
2024-01-07T10:01:49.643+0800	INFO	raft/raft.go:170	excute here
2024-01-07T10:01:49.643+0800	INFO	raft/raft.go:207	after rf.peers[server].Call() ok is %vtrue
2024-01-07T10:01:49.643+0800	INFO	raft/raft.go:295	rpc successful: reply_term=1, reply_grantvote=true
2024-01-07T10:01:49.687+0800	INFO	raft/raft.go:170	excute here
2024-01-07T10:01:49.687+0800	INFO	raft/raft.go:207	after rf.peers[server].Call() ok is %vtrue
2024-01-07T10:01:49.687+0800	INFO	raft/raft.go:295	rpc successful: reply_term=1, reply_grantvote=true
2024-01-07T10:01:54.488+0800	INFO	raft/raft.go:280	--------------------------------------Start a new server init------------------------------------
2024-01-07T10:01:54.488+0800	INFO	raft/raft.go:287	The electionTimeout is 416
2024-01-07T10:01:54.488+0800	INFO	raft/raft.go:288	peers is [0xc0002187e0 0xc000218800 0xc000218820]
2024-01-07T10:01:54.531+0800	INFO	raft/raft.go:280	--------------------------------------Start a new server init------------------------------------
2024-01-07T10:01:54.531+0800	INFO	raft/raft.go:287	The electionTimeout is 360
2024-01-07T10:01:54.531+0800	INFO	raft/raft.go:288	peers is [0xc000218920 0xc000218940 0xc000218960]
2024-01-07T10:01:54.576+0800	INFO	raft/raft.go:280	--------------------------------------Start a new server init------------------------------------
2024-01-07T10:01:54.576+0800	INFO	raft/raft.go:287	The electionTimeout is 384
2024-01-07T10:01:54.576+0800	INFO	raft/raft.go:288	peers is [0xc000218a60 0xc000218a80 0xc000218aa0]
2024-01-07T10:01:54.689+0800	INFO	raft/raft.go:170	excute here
2024-01-07T10:01:54.689+0800	INFO	raft/raft.go:207	after rf.peers[server].Call() ok is %vtrue
2024-01-07T10:01:54.689+0800	INFO	raft/raft.go:295	rpc successful: reply_term=1, reply_grantvote=true
2024-01-07T10:01:54.732+0800	INFO	raft/raft.go:170	excute here
2024-01-07T10:01:54.732+0800	INFO	raft/raft.go:207	after rf.peers[server].Call() ok is %vtrue
2024-01-07T10:01:54.732+0800	INFO	raft/raft.go:295	rpc successful: reply_term=1, reply_grantvote=true
2024-01-07T10:01:54.776+0800	INFO	raft/raft.go:170	excute here
2024-01-07T10:01:54.776+0800	INFO	raft/raft.go:207	after rf.peers[server].Call() ok is %vtrue
2024-01-07T10:01:54.776+0800	INFO	raft/raft.go:295	rpc successful: reply_term=1, reply_grantvote=true
2024-01-07T10:02:05.842+0800	INFO	raft/raft.go:280	--------------------------------------Start a new server init------------------------------------
2024-01-07T10:02:05.842+0800	INFO	raft/raft.go:287	The electionTimeout is 429
2024-01-07T10:02:05.842+0800	INFO	raft/raft.go:288	peers is [0xc00007e2c0 0xc00007e2e0 0xc00007e300]
2024-01-07T10:02:05.873+0800	INFO	raft/raft.go:280	--------------------------------------Start a new server init------------------------------------
2024-01-07T10:02:05.873+0800	INFO	raft/raft.go:287	The electionTimeout is 336
2024-01-07T10:02:05.873+0800	INFO	raft/raft.go:288	peers is [0xc00007e400 0xc00007e420 0xc00007e440]
2024-01-07T10:02:05.918+0800	INFO	raft/raft.go:280	--------------------------------------Start a new server init------------------------------------
2024-01-07T10:02:05.918+0800	INFO	raft/raft.go:287	The electionTimeout is 323
2024-01-07T10:02:05.918+0800	INFO	raft/raft.go:288	peers is [0xc00007e540 0xc00007e560 0xc00007e580]
2024-01-07T10:02:06.043+0800	INFO	raft/raft.go:170	excute here
2024-01-07T10:02:06.043+0800	INFO	raft/raft.go:207	after rf.peers[server].Call() ok is %vtrue
2024-01-07T10:02:06.043+0800	INFO	raft/raft.go:295	rpc successful: reply_term=1, reply_grantvote=true
2024-01-07T10:02:06.074+0800	INFO	raft/raft.go:170	excute here
2024-01-07T10:02:06.074+0800	INFO	raft/raft.go:207	after rf.peers[server].Call() ok is %vtrue
2024-01-07T10:02:06.074+0800	INFO	raft/raft.go:295	rpc successful: reply_term=1, reply_grantvote=true
2024-01-07T10:02:06.118+0800	INFO	raft/raft.go:170	excute here
2024-01-07T10:02:06.118+0800	INFO	raft/raft.go:207	after rf.peers[server].Call() ok is %vtrue
2024-01-07T10:02:06.118+0800	INFO	raft/raft.go:295	rpc successful: reply_term=1, reply_grantvote=true
2024-01-07T10:02:10.829+0800	INFO	raft/raft.go:280	--------------------------------------Start a new server init------------------------------------
2024-01-07T10:02:10.830+0800	INFO	raft/raft.go:287	The electionTimeout is 400
2024-01-07T10:02:10.830+0800	INFO	raft/raft.go:288	peers is [0xc00007ee60 0xc00007ee80 0xc00007eea0]
2024-01-07T10:02:10.874+0800	INFO	raft/raft.go:280	--------------------------------------Start a new server init------------------------------------
2024-01-07T10:02:10.874+0800	INFO	raft/raft.go:287	The electionTimeout is 306
2024-01-07T10:02:10.874+0800	INFO	raft/raft.go:288	peers is [0xc00007efa0 0xc00007efc0 0xc00007efe0]
2024-01-07T10:02:10.918+0800	INFO	raft/raft.go:280	--------------------------------------Start a new server init------------------------------------
2024-01-07T10:02:10.918+0800	INFO	raft/raft.go:287	The electionTimeout is 364
2024-01-07T10:02:10.918+0800	INFO	raft/raft.go:288	peers is [0xc00007f0e0 0xc00007f100 0xc00007f120]
2024-01-07T10:02:11.030+0800	INFO	raft/raft.go:170	excute here
2024-01-07T10:02:11.030+0800	INFO	raft/raft.go:207	after rf.peers[server].Call() ok is %vtrue
2024-01-07T10:02:11.030+0800	INFO	raft/raft.go:295	rpc successful: reply_term=1, reply_grantvote=true
2024-01-07T10:02:11.074+0800	INFO	raft/raft.go:170	excute here
2024-01-07T10:02:11.074+0800	INFO	raft/raft.go:207	after rf.peers[server].Call() ok is %vtrue
2024-01-07T10:02:11.074+0800	INFO	raft/raft.go:295	rpc successful: reply_term=1, reply_grantvote=true
2024-01-07T10:02:11.120+0800	INFO	raft/raft.go:170	excute here
2024-01-07T10:02:11.120+0800	INFO	raft/raft.go:207	after rf.peers[server].Call() ok is %vtrue
2024-01-07T10:02:11.120+0800	INFO	raft/raft.go:295	rpc successful: reply_term=1, reply_grantvote=true
2024-01-07T10:03:04.416+0800	INFO	raft/raft.go:280	--------------------------------------Start a new server init------------------------------------
2024-01-07T10:03:04.417+0800	INFO	raft/raft.go:287	The electionTimeout is 412
2024-01-07T10:03:04.417+0800	INFO	raft/raft.go:288	peers is [0xc00007e2c0 0xc00007e2e0 0xc00007e300]
2024-01-07T10:03:04.449+0800	INFO	raft/raft.go:280	--------------------------------------Start a new server init------------------------------------
2024-01-07T10:03:04.449+0800	INFO	raft/raft.go:287	The electionTimeout is 377
2024-01-07T10:03:04.450+0800	INFO	raft/raft.go:288	peers is [0xc00007e400 0xc00007e420 0xc00007e440]
2024-01-07T10:03:04.494+0800	INFO	raft/raft.go:280	--------------------------------------Start a new server init------------------------------------
2024-01-07T10:03:04.494+0800	INFO	raft/raft.go:287	The electionTimeout is 402
2024-01-07T10:03:04.494+0800	INFO	raft/raft.go:288	peers is [0xc00007e540 0xc00007e560 0xc00007e580]
2024-01-07T10:03:04.617+0800	INFO	raft/raft.go:170	excute here
2024-01-07T10:03:04.617+0800	INFO	raft/raft.go:207	after rf.peers[server].Call() ok is %vtrue
2024-01-07T10:03:04.617+0800	INFO	raft/raft.go:295	rpc successful: reply_term=1, reply_grantvote=true
2024-01-07T10:03:04.650+0800	INFO	raft/raft.go:170	excute here
2024-01-07T10:03:04.650+0800	INFO	raft/raft.go:207	after rf.peers[server].Call() ok is %vtrue
2024-01-07T10:03:04.650+0800	INFO	raft/raft.go:295	rpc successful: reply_term=1, reply_grantvote=true
2024-01-07T10:03:04.694+0800	INFO	raft/raft.go:170	excute here
2024-01-07T10:03:04.694+0800	INFO	raft/raft.go:207	after rf.peers[server].Call() ok is %vtrue
2024-01-07T10:03:04.694+0800	INFO	raft/raft.go:295	rpc successful: reply_term=1, reply_grantvote=true
2024-01-07T10:03:09.413+0800	INFO	raft/raft.go:280	--------------------------------------Start a new server init------------------------------------
2024-01-07T10:03:09.413+0800	INFO	raft/raft.go:287	The electionTimeout is 319
2024-01-07T10:03:09.413+0800	INFO	raft/raft.go:288	peers is [0xc00007eac0 0xc00007eae0 0xc00007eb00]
2024-01-07T10:03:09.451+0800	INFO	raft/raft.go:280	--------------------------------------Start a new server init------------------------------------
2024-01-07T10:03:09.451+0800	INFO	raft/raft.go:287	The electionTimeout is 443
2024-01-07T10:03:09.451+0800	INFO	raft/raft.go:288	peers is [0xc00007ec00 0xc00007ec20 0xc00007ec40]
2024-01-07T10:03:09.496+0800	INFO	raft/raft.go:280	--------------------------------------Start a new server init------------------------------------
2024-01-07T10:03:09.496+0800	INFO	raft/raft.go:287	The electionTimeout is 393
2024-01-07T10:03:09.496+0800	INFO	raft/raft.go:288	peers is [0xc00007ed40 0xc00007ed60 0xc00007ed80]
2024-01-07T10:03:09.613+0800	INFO	raft/raft.go:170	excute here
2024-01-07T10:03:09.613+0800	INFO	raft/raft.go:207	after rf.peers[server].Call() ok is %vtrue
2024-01-07T10:03:09.613+0800	INFO	raft/raft.go:295	rpc successful: reply_term=1, reply_grantvote=true
2024-01-07T10:03:09.651+0800	INFO	raft/raft.go:170	excute here
2024-01-07T10:03:09.652+0800	INFO	raft/raft.go:207	after rf.peers[server].Call() ok is %vtrue
2024-01-07T10:03:09.652+0800	INFO	raft/raft.go:295	rpc successful: reply_term=1, reply_grantvote=true
2024-01-07T10:03:09.697+0800	INFO	raft/raft.go:170	excute here
2024-01-07T10:03:09.697+0800	INFO	raft/raft.go:207	after rf.peers[server].Call() ok is %vtrue
2024-01-07T10:03:09.697+0800	INFO	raft/raft.go:295	rpc successful: reply_term=1, reply_grantvote=true
2024-01-07T10:06:01.263+0800	INFO	raft/raft.go:280	--------------------------------------Start a new server init------------------------------------
2024-01-07T10:06:01.264+0800	INFO	raft/raft.go:287	The electionTimeout is 384
2024-01-07T10:06:01.264+0800	INFO	raft/raft.go:288	peers is [0xc00007e2c0 0xc00007e2e0 0xc00007e300]
2024-01-07T10:06:01.300+0800	INFO	raft/raft.go:280	--------------------------------------Start a new server init------------------------------------
2024-01-07T10:06:01.300+0800	INFO	raft/raft.go:287	The electionTimeout is 334
2024-01-07T10:06:01.300+0800	INFO	raft/raft.go:288	peers is [0xc00007e400 0xc00007e420 0xc00007e440]
2024-01-07T10:06:01.344+0800	INFO	raft/raft.go:280	--------------------------------------Start a new server init------------------------------------
2024-01-07T10:06:01.344+0800	INFO	raft/raft.go:287	The electionTimeout is 323
2024-01-07T10:06:01.344+0800	INFO	raft/raft.go:288	peers is [0xc00007e540 0xc00007e560 0xc00007e580]
2024-01-07T10:06:01.464+0800	INFO	raft/raft.go:170	excute here
2024-01-07T10:06:01.464+0800	INFO	raft/raft.go:207	after rf.peers[server].Call() ok is %vtrue
2024-01-07T10:06:01.464+0800	INFO	raft/raft.go:295	rpc successful: reply_term=1, reply_grantvote=true
2024-01-07T10:06:01.500+0800	INFO	raft/raft.go:170	excute here
2024-01-07T10:06:01.500+0800	INFO	raft/raft.go:207	after rf.peers[server].Call() ok is %vtrue
2024-01-07T10:06:01.501+0800	INFO	raft/raft.go:295	rpc successful: reply_term=1, reply_grantvote=true
2024-01-07T10:06:01.545+0800	INFO	raft/raft.go:170	excute here
2024-01-07T10:06:01.545+0800	INFO	raft/raft.go:207	after rf.peers[server].Call() ok is %vtrue
2024-01-07T10:06:01.545+0800	INFO	raft/raft.go:295	rpc successful: reply_term=1, reply_grantvote=true
2024-01-07T10:06:06.418+0800	INFO	raft/raft.go:280	--------------------------------------Start a new server init------------------------------------
2024-01-07T10:06:06.418+0800	INFO	raft/raft.go:287	The electionTimeout is 383
2024-01-07T10:06:06.418+0800	INFO	raft/raft.go:288	peers is [0xc00007ee20 0xc00007ee40 0xc00007ee60]
2024-01-07T10:06:06.479+0800	INFO	raft/raft.go:280	--------------------------------------Start a new server init------------------------------------
2024-01-07T10:06:06.479+0800	INFO	raft/raft.go:287	The electionTimeout is 382
2024-01-07T10:06:06.479+0800	INFO	raft/raft.go:288	peers is [0xc00007ef60 0xc00007ef80 0xc00007efa0]
2024-01-07T10:06:06.534+0800	INFO	raft/raft.go:280	--------------------------------------Start a new server init------------------------------------
2024-01-07T10:06:06.534+0800	INFO	raft/raft.go:287	The electionTimeout is 387
2024-01-07T10:06:06.534+0800	INFO	raft/raft.go:288	peers is [0xc0002160e0 0xc000216100 0xc000216120]
2024-01-07T10:06:06.619+0800	INFO	raft/raft.go:170	excute here
2024-01-07T10:06:06.619+0800	INFO	raft/raft.go:207	after rf.peers[server].Call() ok is %vtrue
2024-01-07T10:06:06.619+0800	INFO	raft/raft.go:295	rpc successful: reply_term=1, reply_grantvote=true
2024-01-07T10:06:06.680+0800	INFO	raft/raft.go:170	excute here
2024-01-07T10:06:06.680+0800	INFO	raft/raft.go:207	after rf.peers[server].Call() ok is %vtrue
2024-01-07T10:06:06.680+0800	INFO	raft/raft.go:295	rpc successful: reply_term=1, reply_grantvote=true
2024-01-07T10:06:06.735+0800	INFO	raft/raft.go:170	excute here
2024-01-07T10:06:06.735+0800	INFO	raft/raft.go:207	after rf.peers[server].Call() ok is %vtrue
2024-01-07T10:06:06.735+0800	INFO	raft/raft.go:295	rpc successful: reply_term=1, reply_grantvote=true
2024-01-07T10:06:23.794+0800	INFO	raft/raft.go:280	--------------------------------------Start a new server init------------------------------------
2024-01-07T10:06:23.794+0800	INFO	raft/raft.go:287	The electionTimeout is 416
2024-01-07T10:06:23.794+0800	INFO	raft/raft.go:288	peers is [0xc00007e2c0 0xc00007e2e0 0xc00007e300]
2024-01-07T10:06:23.833+0800	INFO	raft/raft.go:280	--------------------------------------Start a new server init------------------------------------
2024-01-07T10:06:23.833+0800	INFO	raft/raft.go:287	The electionTimeout is 429
2024-01-07T10:06:23.833+0800	INFO	raft/raft.go:288	peers is [0xc00007e400 0xc00007e420 0xc00007e440]
2024-01-07T10:06:23.877+0800	INFO	raft/raft.go:280	--------------------------------------Start a new server init------------------------------------
2024-01-07T10:06:23.877+0800	INFO	raft/raft.go:287	The electionTimeout is 435
2024-01-07T10:06:23.877+0800	INFO	raft/raft.go:288	peers is [0xc00007e540 0xc00007e560 0xc00007e580]
2024-01-07T10:06:23.994+0800	INFO	raft/raft.go:170	excute here
2024-01-07T10:06:23.994+0800	INFO	raft/raft.go:207	after rf.peers[server].Call() ok is %vtrue
2024-01-07T10:06:23.994+0800	INFO	raft/raft.go:295	rpc successful: reply_term=1, reply_grantvote=true
2024-01-07T10:06:24.034+0800	INFO	raft/raft.go:170	excute here
2024-01-07T10:06:24.034+0800	INFO	raft/raft.go:207	after rf.peers[server].Call() ok is %vtrue
2024-01-07T10:06:24.034+0800	INFO	raft/raft.go:295	rpc successful: reply_term=1, reply_grantvote=true
2024-01-07T10:06:24.078+0800	INFO	raft/raft.go:170	excute here
2024-01-07T10:06:24.078+0800	INFO	raft/raft.go:207	after rf.peers[server].Call() ok is %vtrue
2024-01-07T10:06:24.078+0800	INFO	raft/raft.go:295	rpc successful: reply_term=1, reply_grantvote=true
2024-01-07T10:06:28.957+0800	INFO	raft/raft.go:280	--------------------------------------Start a new server init------------------------------------
2024-01-07T10:06:28.957+0800	INFO	raft/raft.go:287	The electionTimeout is 420
2024-01-07T10:06:28.957+0800	INFO	raft/raft.go:288	peers is [0xc00007f1e0 0xc00007f200 0xc00007f220]
2024-01-07T10:06:29.002+0800	INFO	raft/raft.go:280	--------------------------------------Start a new server init------------------------------------
2024-01-07T10:06:29.002+0800	INFO	raft/raft.go:287	The electionTimeout is 382
2024-01-07T10:06:29.002+0800	INFO	raft/raft.go:288	peers is [0xc00007f320 0xc00007f340 0xc00007f360]
2024-01-07T10:06:29.047+0800	INFO	raft/raft.go:280	--------------------------------------Start a new server init------------------------------------
2024-01-07T10:06:29.047+0800	INFO	raft/raft.go:287	The electionTimeout is 385
2024-01-07T10:06:29.047+0800	INFO	raft/raft.go:288	peers is [0xc00007f460 0xc00007f480 0xc00007f4a0]
2024-01-07T10:06:29.157+0800	INFO	raft/raft.go:170	excute here
2024-01-07T10:06:29.157+0800	INFO	raft/raft.go:207	after rf.peers[server].Call() ok is %vtrue
2024-01-07T10:06:29.157+0800	INFO	raft/raft.go:295	rpc successful: reply_term=1, reply_grantvote=true
2024-01-07T10:06:29.203+0800	INFO	raft/raft.go:170	excute here
2024-01-07T10:06:29.203+0800	INFO	raft/raft.go:207	after rf.peers[server].Call() ok is %vtrue
2024-01-07T10:06:29.203+0800	INFO	raft/raft.go:295	rpc successful: reply_term=1, reply_grantvote=true
2024-01-07T10:06:29.248+0800	INFO	raft/raft.go:170	excute here
2024-01-07T10:06:29.248+0800	INFO	raft/raft.go:207	after rf.peers[server].Call() ok is %vtrue
2024-01-07T10:06:29.248+0800	INFO	raft/raft.go:295	rpc successful: reply_term=1, reply_grantvote=true
2024-01-07T11:02:09.334+0800	INFO	raft/raft.go:280	--------------------------------------Start a new server init------------------------------------
2024-01-07T11:02:09.335+0800	INFO	raft/raft.go:287	The electionTimeout is 435
2024-01-07T11:02:09.335+0800	INFO	raft/raft.go:288	peers is [0xc00007e2c0 0xc00007e2e0 0xc00007e300]
2024-01-07T11:02:09.445+0800	INFO	raft/raft.go:280	--------------------------------------Start a new server init------------------------------------
2024-01-07T11:02:09.445+0800	INFO	raft/raft.go:287	The electionTimeout is 301
2024-01-07T11:02:09.445+0800	INFO	raft/raft.go:288	peers is [0xc00007e400 0xc00007e420 0xc00007e440]
2024-01-07T11:02:09.501+0800	INFO	raft/raft.go:280	--------------------------------------Start a new server init------------------------------------
2024-01-07T11:02:09.501+0800	INFO	raft/raft.go:287	The electionTimeout is 312
2024-01-07T11:02:09.501+0800	INFO	raft/raft.go:288	peers is [0xc00007e540 0xc00007e560 0xc00007e580]
2024-01-07T11:02:09.647+0800	INFO	raft/raft.go:170	excute here
2024-01-07T11:02:09.647+0800	INFO	raft/raft.go:207	after rf.peers[server].Call() ok is %vtrue
2024-01-07T11:02:09.647+0800	INFO	raft/raft.go:295	rpc successful: reply_term=1, reply_grantvote=true
2024-01-07T11:02:09.702+0800	INFO	raft/raft.go:170	excute here
2024-01-07T11:02:09.702+0800	INFO	raft/raft.go:207	after rf.peers[server].Call() ok is %vtrue
2024-01-07T11:02:09.702+0800	INFO	raft/raft.go:295	rpc successful: reply_term=1, reply_grantvote=true
2024-01-07T11:02:09.713+0800	INFO	raft/raft.go:207	after rf.peers[server].Call() ok is %vfalse
2024-01-07T11:02:14.587+0800	INFO	raft/raft.go:280	--------------------------------------Start a new server init------------------------------------
2024-01-07T11:02:14.587+0800	INFO	raft/raft.go:287	The electionTimeout is 330
2024-01-07T11:02:14.587+0800	INFO	raft/raft.go:288	peers is [0xc00021e400 0xc00021e420 0xc00021e440]
2024-01-07T11:02:14.625+0800	INFO	raft/raft.go:280	--------------------------------------Start a new server init------------------------------------
2024-01-07T11:02:14.625+0800	INFO	raft/raft.go:287	The electionTimeout is 420
2024-01-07T11:02:14.625+0800	INFO	raft/raft.go:288	peers is [0xc00021e540 0xc00021e560 0xc00021e580]
2024-01-07T11:02:14.680+0800	INFO	raft/raft.go:280	--------------------------------------Start a new server init------------------------------------
2024-01-07T11:02:14.680+0800	INFO	raft/raft.go:287	The electionTimeout is 399
2024-01-07T11:02:14.680+0800	INFO	raft/raft.go:288	peers is [0xc00021e680 0xc00021e6a0 0xc00021e6c0]
2024-01-07T11:02:14.787+0800	INFO	raft/raft.go:170	excute here
2024-01-07T11:02:14.787+0800	INFO	raft/raft.go:207	after rf.peers[server].Call() ok is %vtrue
2024-01-07T11:02:14.787+0800	INFO	raft/raft.go:295	rpc successful: reply_term=1, reply_grantvote=true
2024-01-07T11:02:14.826+0800	INFO	raft/raft.go:170	excute here
2024-01-07T11:02:14.826+0800	INFO	raft/raft.go:207	after rf.peers[server].Call() ok is %vtrue
2024-01-07T11:02:14.826+0800	INFO	raft/raft.go:295	rpc successful: reply_term=1, reply_grantvote=true
2024-01-07T11:02:14.881+0800	INFO	raft/raft.go:170	excute here
2024-01-07T11:02:14.881+0800	INFO	raft/raft.go:207	after rf.peers[server].Call() ok is %vtrue
2024-01-07T11:02:14.881+0800	INFO	raft/raft.go:295	rpc successful: reply_term=1, reply_grantvote=true
2024-01-07T11:17:37.994+0800	INFO	raft/raft.go:279	

--------------------------------------Start a new server init------------------------------------
2024-01-07T11:17:37.994+0800	INFO	raft/raft.go:286	The electionTimeout is 427
2024-01-07T11:17:37.994+0800	INFO	raft/raft.go:287	peers is [0xc00007e2c0 0xc00007e2e0 0xc00007e300]
2024-01-07T11:17:38.038+0800	INFO	raft/raft.go:279	

--------------------------------------Start a new server init------------------------------------
2024-01-07T11:17:38.038+0800	INFO	raft/raft.go:286	The electionTimeout is 415
2024-01-07T11:17:38.038+0800	INFO	raft/raft.go:287	peers is [0xc00007e400 0xc00007e420 0xc00007e440]
2024-01-07T11:17:38.082+0800	INFO	raft/raft.go:279	

--------------------------------------Start a new server init------------------------------------
2024-01-07T11:17:38.082+0800	INFO	raft/raft.go:286	The electionTimeout is 449
2024-01-07T11:17:38.082+0800	INFO	raft/raft.go:287	peers is [0xc00007e540 0xc00007e560 0xc00007e580]
2024-01-07T11:17:38.195+0800	INFO	raft/raft.go:294	rpc successful: reply_term=1, reply_grantvote=true
2024-01-07T11:17:38.239+0800	INFO	raft/raft.go:294	rpc successful: reply_term=1, reply_grantvote=true
2024-01-07T11:17:38.283+0800	INFO	raft/raft.go:294	rpc successful: reply_term=1, reply_grantvote=true
2024-01-07T11:17:43.178+0800	INFO	raft/raft.go:279	

--------------------------------------Start a new server init------------------------------------
2024-01-07T11:17:43.178+0800	INFO	raft/raft.go:286	The electionTimeout is 375
2024-01-07T11:17:43.178+0800	INFO	raft/raft.go:287	peers is [0xc00007ee20 0xc00007ee40 0xc00007ee60]
2024-01-07T11:17:43.238+0800	INFO	raft/raft.go:279	

--------------------------------------Start a new server init------------------------------------
2024-01-07T11:17:43.238+0800	INFO	raft/raft.go:286	The electionTimeout is 376
2024-01-07T11:17:43.238+0800	INFO	raft/raft.go:287	peers is [0xc00007ef60 0xc00007ef80 0xc00007efa0]
2024-01-07T11:17:43.283+0800	INFO	raft/raft.go:279	

--------------------------------------Start a new server init------------------------------------
2024-01-07T11:17:43.283+0800	INFO	raft/raft.go:286	The electionTimeout is 368
2024-01-07T11:17:43.283+0800	INFO	raft/raft.go:287	peers is [0xc00007f0a0 0xc00007f0c0 0xc00007f0e0]
2024-01-07T11:17:43.379+0800	INFO	raft/raft.go:294	rpc successful: reply_term=1, reply_grantvote=true
2024-01-07T11:17:43.439+0800	INFO	raft/raft.go:294	rpc successful: reply_term=1, reply_grantvote=true
2024-01-07T11:17:43.484+0800	INFO	raft/raft.go:294	rpc successful: reply_term=1, reply_grantvote=true
2024-01-07T11:22:42.939+0800	INFO	raft/raft.go:279	

--------------------------------------Start a new server init------------------------------------
2024-01-07T11:22:42.939+0800	INFO	raft/raft.go:286	The electionTimeout is 390
2024-01-07T11:22:42.939+0800	INFO	raft/raft.go:287	peers is [0xc00007e2c0 0xc00007e2e0 0xc00007e300]
2024-01-07T11:22:42.983+0800	INFO	raft/raft.go:279	

--------------------------------------Start a new server init------------------------------------
2024-01-07T11:22:42.983+0800	INFO	raft/raft.go:286	The electionTimeout is 417
2024-01-07T11:22:42.983+0800	INFO	raft/raft.go:287	peers is [0xc00007e400 0xc00007e420 0xc00007e440]
2024-01-07T11:22:43.039+0800	INFO	raft/raft.go:279	

--------------------------------------Start a new server init------------------------------------
2024-01-07T11:22:43.039+0800	INFO	raft/raft.go:286	The electionTimeout is 307
2024-01-07T11:22:43.039+0800	INFO	raft/raft.go:287	peers is [0xc00007e540 0xc00007e560 0xc00007e580]
2024-01-07T11:22:43.139+0800	INFO	raft/raft.go:294	rpc successful: reply_term=1, reply_grantvote=true
2024-01-07T11:22:43.183+0800	INFO	raft/raft.go:294	rpc successful: reply_term=1, reply_grantvote=true
2024-01-07T11:22:43.240+0800	INFO	raft/raft.go:294	rpc successful: reply_term=1, reply_grantvote=true
2024-01-07T11:22:43.340+0800	INFO	raft/raft.go:294	rpc successful: reply_term=1, reply_grantvote=true
2024-01-07T11:22:43.384+0800	INFO	raft/raft.go:294	rpc successful: reply_term=1, reply_grantvote=true
2024-01-07T11:22:43.441+0800	INFO	raft/raft.go:294	rpc successful: reply_term=1, reply_grantvote=true
2024-01-07T11:22:43.541+0800	INFO	raft/raft.go:294	rpc successful: reply_term=1, reply_grantvote=true
2024-01-07T11:22:43.585+0800	INFO	raft/raft.go:294	rpc successful: reply_term=1, reply_grantvote=true
2024-01-07T11:22:43.642+0800	INFO	raft/raft.go:294	rpc successful: reply_term=1, reply_grantvote=true
2024-01-07T11:22:43.742+0800	INFO	raft/raft.go:294	rpc successful: reply_term=1, reply_grantvote=true
2024-01-07T11:22:43.786+0800	INFO	raft/raft.go:294	rpc successful: reply_term=1, reply_grantvote=true
2024-01-07T11:22:43.843+0800	INFO	raft/raft.go:294	rpc successful: reply_term=1, reply_grantvote=true
2024-01-07T11:22:43.943+0800	INFO	raft/raft.go:294	rpc successful: reply_term=1, reply_grantvote=true
2024-01-07T11:22:43.987+0800	INFO	raft/raft.go:294	rpc successful: reply_term=1, reply_grantvote=true
2024-01-07T11:22:44.044+0800	INFO	raft/raft.go:294	rpc successful: reply_term=1, reply_grantvote=true
2024-01-07T11:22:44.145+0800	INFO	raft/raft.go:294	rpc successful: reply_term=1, reply_grantvote=true
2024-01-07T11:22:44.188+0800	INFO	raft/raft.go:294	rpc successful: reply_term=1, reply_grantvote=true
2024-01-07T11:22:44.245+0800	INFO	raft/raft.go:294	rpc successful: reply_term=1, reply_grantvote=true
2024-01-07T11:22:44.346+0800	INFO	raft/raft.go:294	rpc successful: reply_term=1, reply_grantvote=true
2024-01-07T11:22:44.389+0800	INFO	raft/raft.go:294	rpc successful: reply_term=1, reply_grantvote=true
2024-01-07T11:22:44.446+0800	INFO	raft/raft.go:294	rpc successful: reply_term=1, reply_grantvote=true
2024-01-07T11:22:44.547+0800	INFO	raft/raft.go:294	rpc successful: reply_term=1, reply_grantvote=true
2024-01-07T11:22:44.590+0800	INFO	raft/raft.go:294	rpc successful: reply_term=1, reply_grantvote=true
2024-01-07T11:22:44.647+0800	INFO	raft/raft.go:294	rpc successful: reply_term=1, reply_grantvote=true
2024-01-07T11:22:44.748+0800	INFO	raft/raft.go:294	rpc successful: reply_term=1, reply_grantvote=true
2024-01-07T11:22:44.791+0800	INFO	raft/raft.go:294	rpc successful: reply_term=1, reply_grantvote=true
2024-01-07T11:22:44.847+0800	INFO	raft/raft.go:294	rpc successful: reply_term=1, reply_grantvote=true
2024-01-07T11:22:44.949+0800	INFO	raft/raft.go:294	rpc successful: reply_term=1, reply_grantvote=true
2024-01-07T11:22:44.991+0800	INFO	raft/raft.go:294	rpc successful: reply_term=1, reply_grantvote=true
2024-01-07T11:22:45.048+0800	INFO	raft/raft.go:294	rpc successful: reply_term=1, reply_grantvote=true
2024-01-07T11:22:45.149+0800	INFO	raft/raft.go:294	rpc successful: reply_term=1, reply_grantvote=true
2024-01-07T11:22:45.191+0800	INFO	raft/raft.go:294	rpc successful: reply_term=1, reply_grantvote=true
2024-01-07T11:22:45.250+0800	INFO	raft/raft.go:294	rpc successful: reply_term=1, reply_grantvote=true
2024-01-07T11:22:45.350+0800	INFO	raft/raft.go:294	rpc successful: reply_term=1, reply_grantvote=true
2024-01-07T11:22:45.393+0800	INFO	raft/raft.go:294	rpc successful: reply_term=1, reply_grantvote=true
2024-01-07T11:22:45.451+0800	INFO	raft/raft.go:294	rpc successful: reply_term=1, reply_grantvote=true
2024-01-07T11:22:45.551+0800	INFO	raft/raft.go:294	rpc successful: reply_term=1, reply_grantvote=true
2024-01-07T11:22:45.594+0800	INFO	raft/raft.go:294	rpc successful: reply_term=1, reply_grantvote=true
2024-01-07T11:22:45.651+0800	INFO	raft/raft.go:294	rpc successful: reply_term=1, reply_grantvote=true
2024-01-07T11:22:45.752+0800	INFO	raft/raft.go:294	rpc successful: reply_term=1, reply_grantvote=true
2024-01-07T11:22:45.794+0800	INFO	raft/raft.go:294	rpc successful: reply_term=1, reply_grantvote=true
2024-01-07T11:22:45.852+0800	INFO	raft/raft.go:294	rpc successful: reply_term=1, reply_grantvote=true
2024-01-07T11:22:45.953+0800	INFO	raft/raft.go:294	rpc successful: reply_term=1, reply_grantvote=true
2024-01-07T11:22:45.994+0800	INFO	raft/raft.go:294	rpc successful: reply_term=1, reply_grantvote=true
2024-01-07T11:22:46.054+0800	INFO	raft/raft.go:294	rpc successful: reply_term=1, reply_grantvote=true
2024-01-07T11:22:46.154+0800	INFO	raft/raft.go:294	rpc successful: reply_term=1, reply_grantvote=true
2024-01-07T11:22:46.196+0800	INFO	raft/raft.go:294	rpc successful: reply_term=1, reply_grantvote=true
2024-01-07T11:22:46.255+0800	INFO	raft/raft.go:294	rpc successful: reply_term=1, reply_grantvote=true
2024-01-07T11:22:46.355+0800	INFO	raft/raft.go:294	rpc successful: reply_term=1, reply_grantvote=true
2024-01-07T11:22:46.397+0800	INFO	raft/raft.go:294	rpc successful: reply_term=1, reply_grantvote=true
2024-01-07T11:22:46.456+0800	INFO	raft/raft.go:294	rpc successful: reply_term=1, reply_grantvote=true
2024-01-07T11:22:46.556+0800	INFO	raft/raft.go:294	rpc successful: reply_term=1, reply_grantvote=true
2024-01-07T11:22:46.598+0800	INFO	raft/raft.go:294	rpc successful: reply_term=1, reply_grantvote=true
2024-01-07T11:22:46.657+0800	INFO	raft/raft.go:294	rpc successful: reply_term=1, reply_grantvote=true
2024-01-07T11:22:46.758+0800	INFO	raft/raft.go:294	rpc successful: reply_term=1, reply_grantvote=true
2024-01-07T11:22:46.799+0800	INFO	raft/raft.go:294	rpc successful: reply_term=1, reply_grantvote=true
2024-01-07T11:22:46.858+0800	INFO	raft/raft.go:294	rpc successful: reply_term=1, reply_grantvote=true
2024-01-07T11:22:46.959+0800	INFO	raft/raft.go:294	rpc successful: reply_term=1, reply_grantvote=true
2024-01-07T11:22:47.000+0800	INFO	raft/raft.go:294	rpc successful: reply_term=1, reply_grantvote=true
2024-01-07T11:22:47.059+0800	INFO	raft/raft.go:294	rpc successful: reply_term=1, reply_grantvote=true
2024-01-07T11:22:47.159+0800	INFO	raft/raft.go:294	rpc successful: reply_term=1, reply_grantvote=true
2024-01-07T11:22:47.200+0800	INFO	raft/raft.go:294	rpc successful: reply_term=1, reply_grantvote=true
2024-01-07T11:22:47.260+0800	INFO	raft/raft.go:294	rpc successful: reply_term=1, reply_grantvote=true
2024-01-07T11:22:47.360+0800	INFO	raft/raft.go:294	rpc successful: reply_term=1, reply_grantvote=true
2024-01-07T11:22:47.401+0800	INFO	raft/raft.go:294	rpc successful: reply_term=1, reply_grantvote=true
2024-01-07T11:22:47.462+0800	INFO	raft/raft.go:294	rpc successful: reply_term=1, reply_grantvote=true
2024-01-07T11:22:47.561+0800	INFO	raft/raft.go:294	rpc successful: reply_term=1, reply_grantvote=true
2024-01-07T11:22:47.601+0800	INFO	raft/raft.go:294	rpc successful: reply_term=1, reply_grantvote=true
2024-01-07T11:22:47.663+0800	INFO	raft/raft.go:294	rpc successful: reply_term=1, reply_grantvote=true
2024-01-07T11:22:47.762+0800	INFO	raft/raft.go:294	rpc successful: reply_term=1, reply_grantvote=true
2024-01-07T11:22:47.802+0800	INFO	raft/raft.go:294	rpc successful: reply_term=1, reply_grantvote=true
2024-01-07T11:22:47.863+0800	INFO	raft/raft.go:294	rpc successful: reply_term=1, reply_grantvote=true
2024-01-07T11:22:47.963+0800	INFO	raft/raft.go:294	rpc successful: reply_term=1, reply_grantvote=true
2024-01-07T11:22:48.003+0800	INFO	raft/raft.go:294	rpc successful: reply_term=1, reply_grantvote=true
2024-01-07T11:22:48.063+0800	INFO	raft/raft.go:294	rpc successful: reply_term=1, reply_grantvote=true
2024-01-07T11:22:48.095+0800	INFO	raft/raft.go:279	

--------------------------------------Start a new server init------------------------------------
2024-01-07T11:22:48.095+0800	INFO	raft/raft.go:286	The electionTimeout is 412
2024-01-07T11:22:48.095+0800	INFO	raft/raft.go:287	peers is [0xc000423f60 0xc000423f80 0xc000423fa0]
2024-01-07T11:22:48.140+0800	INFO	raft/raft.go:279	

--------------------------------------Start a new server init------------------------------------
2024-01-07T11:22:48.140+0800	INFO	raft/raft.go:286	The electionTimeout is 334
2024-01-07T11:22:48.140+0800	INFO	raft/raft.go:287	peers is [0xc00045e0a0 0xc00045e0c0 0xc00045e0e0]
2024-01-07T11:22:48.195+0800	INFO	raft/raft.go:279	

--------------------------------------Start a new server init------------------------------------
2024-01-07T11:22:48.195+0800	INFO	raft/raft.go:286	The electionTimeout is 377
2024-01-07T11:22:48.195+0800	INFO	raft/raft.go:287	peers is [0xc00032d1c0 0xc00032d1e0 0xc00032d200]
2024-01-07T11:22:48.296+0800	INFO	raft/raft.go:294	rpc successful: reply_term=1, reply_grantvote=true
2024-01-07T11:22:48.341+0800	INFO	raft/raft.go:294	rpc successful: reply_term=1, reply_grantvote=true
2024-01-07T11:22:48.397+0800	INFO	raft/raft.go:294	rpc successful: reply_term=1, reply_grantvote=true
2024-01-07T11:22:48.497+0800	INFO	raft/raft.go:294	rpc successful: reply_term=1, reply_grantvote=true
2024-01-07T11:22:48.542+0800	INFO	raft/raft.go:294	rpc successful: reply_term=1, reply_grantvote=true
2024-01-07T11:22:48.598+0800	INFO	raft/raft.go:294	rpc successful: reply_term=1, reply_grantvote=true
2024-01-07T11:22:48.698+0800	INFO	raft/raft.go:294	rpc successful: reply_term=1, reply_grantvote=true
2024-01-07T11:22:48.744+0800	INFO	raft/raft.go:294	rpc successful: reply_term=1, reply_grantvote=true
2024-01-07T11:22:48.798+0800	INFO	raft/raft.go:294	rpc successful: reply_term=1, reply_grantvote=true
2024-01-07T11:22:48.899+0800	INFO	raft/raft.go:294	rpc successful: reply_term=1, reply_grantvote=true
2024-01-07T11:22:48.944+0800	INFO	raft/raft.go:294	rpc successful: reply_term=1, reply_grantvote=true
2024-01-07T11:22:48.999+0800	INFO	raft/raft.go:294	rpc successful: reply_term=1, reply_grantvote=true
2024-01-07T11:22:49.100+0800	INFO	raft/raft.go:294	rpc successful: reply_term=1, reply_grantvote=true
2024-01-07T11:22:49.145+0800	INFO	raft/raft.go:294	rpc successful: reply_term=1, reply_grantvote=true
2024-01-07T11:22:49.200+0800	INFO	raft/raft.go:294	rpc successful: reply_term=1, reply_grantvote=true
2024-01-07T11:22:49.301+0800	INFO	raft/raft.go:294	rpc successful: reply_term=1, reply_grantvote=true
2024-01-07T11:22:49.346+0800	INFO	raft/raft.go:294	rpc successful: reply_term=1, reply_grantvote=true
2024-01-07T11:22:49.401+0800	INFO	raft/raft.go:294	rpc successful: reply_term=1, reply_grantvote=true
2024-01-07T11:22:49.502+0800	INFO	raft/raft.go:294	rpc successful: reply_term=1, reply_grantvote=true
2024-01-07T11:22:49.547+0800	INFO	raft/raft.go:294	rpc successful: reply_term=1, reply_grantvote=true
2024-01-07T11:22:49.602+0800	INFO	raft/raft.go:294	rpc successful: reply_term=1, reply_grantvote=true
2024-01-07T11:22:49.703+0800	INFO	raft/raft.go:294	rpc successful: reply_term=1, reply_grantvote=true
2024-01-07T11:22:49.748+0800	INFO	raft/raft.go:294	rpc successful: reply_term=1, reply_grantvote=true
2024-01-07T11:22:49.803+0800	INFO	raft/raft.go:294	rpc successful: reply_term=1, reply_grantvote=true
2024-01-07T11:22:49.903+0800	INFO	raft/raft.go:294	rpc successful: reply_term=1, reply_grantvote=true
2024-01-07T11:22:49.949+0800	INFO	raft/raft.go:294	rpc successful: reply_term=1, reply_grantvote=true
2024-01-07T11:22:50.003+0800	INFO	raft/raft.go:294	rpc successful: reply_term=1, reply_grantvote=true
2024-01-07T11:22:50.105+0800	INFO	raft/raft.go:294	rpc successful: reply_term=1, reply_grantvote=true
2024-01-07T11:22:50.150+0800	INFO	raft/raft.go:294	rpc successful: reply_term=1, reply_grantvote=true
2024-01-07T11:22:50.204+0800	INFO	raft/raft.go:294	rpc successful: reply_term=1, reply_grantvote=true
2024-01-07T11:22:50.305+0800	INFO	raft/raft.go:294	rpc successful: reply_term=1, reply_grantvote=true
2024-01-07T11:22:50.351+0800	INFO	raft/raft.go:294	rpc successful: reply_term=1, reply_grantvote=true
2024-01-07T11:22:50.405+0800	INFO	raft/raft.go:294	rpc successful: reply_term=1, reply_grantvote=true
2024-01-07T11:22:50.506+0800	INFO	raft/raft.go:294	rpc successful: reply_term=1, reply_grantvote=true
2024-01-07T11:22:50.552+0800	INFO	raft/raft.go:294	rpc successful: reply_term=1, reply_grantvote=true
2024-01-07T11:22:50.607+0800	INFO	raft/raft.go:294	rpc successful: reply_term=1, reply_grantvote=true
2024-01-07T11:22:50.707+0800	INFO	raft/raft.go:294	rpc successful: reply_term=1, reply_grantvote=true
2024-01-07T11:22:50.753+0800	INFO	raft/raft.go:294	rpc successful: reply_term=1, reply_grantvote=true
2024-01-07T11:22:50.807+0800	INFO	raft/raft.go:294	rpc successful: reply_term=1, reply_grantvote=true
2024-01-07T11:22:50.908+0800	INFO	raft/raft.go:294	rpc successful: reply_term=1, reply_grantvote=true
2024-01-07T11:22:50.953+0800	INFO	raft/raft.go:294	rpc successful: reply_term=1, reply_grantvote=true
2024-01-07T11:22:51.008+0800	INFO	raft/raft.go:294	rpc successful: reply_term=1, reply_grantvote=true
2024-01-07T11:22:51.109+0800	INFO	raft/raft.go:294	rpc successful: reply_term=1, reply_grantvote=true
2024-01-07T11:22:51.154+0800	INFO	raft/raft.go:294	rpc successful: reply_term=1, reply_grantvote=true
2024-01-07T11:22:51.208+0800	INFO	raft/raft.go:294	rpc successful: reply_term=1, reply_grantvote=true
2024-01-07T11:22:51.310+0800	INFO	raft/raft.go:294	rpc successful: reply_term=1, reply_grantvote=true
2024-01-07T11:22:51.355+0800	INFO	raft/raft.go:294	rpc successful: reply_term=1, reply_grantvote=true
2024-01-07T11:22:51.409+0800	INFO	raft/raft.go:294	rpc successful: reply_term=1, reply_grantvote=true
2024-01-07T11:22:51.510+0800	INFO	raft/raft.go:294	rpc successful: reply_term=1, reply_grantvote=true
2024-01-07T11:22:51.556+0800	INFO	raft/raft.go:294	rpc successful: reply_term=1, reply_grantvote=true
2024-01-07T11:22:51.610+0800	INFO	raft/raft.go:294	rpc successful: reply_term=1, reply_grantvote=true
2024-01-07T11:22:51.710+0800	INFO	raft/raft.go:294	rpc successful: reply_term=1, reply_grantvote=true
2024-01-07T11:22:51.757+0800	INFO	raft/raft.go:294	rpc successful: reply_term=1, reply_grantvote=true
2024-01-07T11:22:51.810+0800	INFO	raft/raft.go:294	rpc successful: reply_term=1, reply_grantvote=true
2024-01-07T11:22:51.911+0800	INFO	raft/raft.go:294	rpc successful: reply_term=1, reply_grantvote=true
2024-01-07T11:22:51.957+0800	INFO	raft/raft.go:294	rpc successful: reply_term=1, reply_grantvote=true
2024-01-07T11:22:52.011+0800	INFO	raft/raft.go:294	rpc successful: reply_term=1, reply_grantvote=true
2024-01-07T11:22:52.112+0800	INFO	raft/raft.go:294	rpc successful: reply_term=1, reply_grantvote=true
2024-01-07T11:22:52.158+0800	INFO	raft/raft.go:294	rpc successful: reply_term=1, reply_grantvote=true
2024-01-07T11:22:52.212+0800	INFO	raft/raft.go:294	rpc successful: reply_term=1, reply_grantvote=true
2024-01-07T11:22:52.313+0800	INFO	raft/raft.go:294	rpc successful: reply_term=1, reply_grantvote=true
2024-01-07T11:22:52.359+0800	INFO	raft/raft.go:294	rpc successful: reply_term=1, reply_grantvote=true
2024-01-07T11:22:52.413+0800	INFO	raft/raft.go:294	rpc successful: reply_term=1, reply_grantvote=true
2024-01-07T11:22:52.514+0800	INFO	raft/raft.go:294	rpc successful: reply_term=1, reply_grantvote=true
2024-01-07T11:22:52.560+0800	INFO	raft/raft.go:294	rpc successful: reply_term=1, reply_grantvote=true
2024-01-07T11:22:52.614+0800	INFO	raft/raft.go:294	rpc successful: reply_term=1, reply_grantvote=true
2024-01-07T11:22:52.714+0800	INFO	raft/raft.go:294	rpc successful: reply_term=1, reply_grantvote=true
2024-01-07T11:22:52.761+0800	INFO	raft/raft.go:294	rpc successful: reply_term=1, reply_grantvote=true
2024-01-07T11:22:52.814+0800	INFO	raft/raft.go:294	rpc successful: reply_term=1, reply_grantvote=true
2024-01-07T11:22:52.915+0800	INFO	raft/raft.go:294	rpc successful: reply_term=1, reply_grantvote=true
2024-01-07T11:22:52.961+0800	INFO	raft/raft.go:294	rpc successful: reply_term=1, reply_grantvote=true
2024-01-07T11:22:53.015+0800	INFO	raft/raft.go:294	rpc successful: reply_term=1, reply_grantvote=true
2024-01-07T11:22:53.116+0800	INFO	raft/raft.go:294	rpc successful: reply_term=1, reply_grantvote=true
2024-01-07T11:22:53.163+0800	INFO	raft/raft.go:294	rpc successful: reply_term=1, reply_grantvote=true
2024-01-07T11:22:53.216+0800	INFO	raft/raft.go:294	rpc successful: reply_term=1, reply_grantvote=true
2024-01-07T11:22:53.317+0800	INFO	raft/raft.go:294	rpc successful: reply_term=1, reply_grantvote=true
2024-01-07T11:22:53.363+0800	INFO	raft/raft.go:294	rpc successful: reply_term=1, reply_grantvote=true
2024-01-07T11:24:04.191+0800	INFO	raft/raft.go:279	

--------------------------------------Start a new server init------------------------------------
2024-01-07T11:24:04.191+0800	INFO	raft/raft.go:286	The electionTimeout is 438
2024-01-07T11:24:04.191+0800	INFO	raft/raft.go:287	peers is [0xc00007e2c0 0xc00007e2e0 0xc00007e300]
2024-01-07T11:24:04.241+0800	INFO	raft/raft.go:279	

--------------------------------------Start a new server init------------------------------------
2024-01-07T11:24:04.241+0800	INFO	raft/raft.go:286	The electionTimeout is 366
2024-01-07T11:24:04.241+0800	INFO	raft/raft.go:287	peers is [0xc00007e400 0xc00007e420 0xc00007e440]
2024-01-07T11:24:04.285+0800	INFO	raft/raft.go:279	

--------------------------------------Start a new server init------------------------------------
2024-01-07T11:24:04.285+0800	INFO	raft/raft.go:286	The electionTimeout is 390
2024-01-07T11:24:04.285+0800	INFO	raft/raft.go:287	peers is [0xc00007e540 0xc00007e560 0xc00007e580]
2024-01-07T11:24:04.391+0800	INFO	raft/raft.go:294	peers is [0xc00007e2c0 0xc00007e2e0 0xc00007e300]
2024-01-07T11:24:04.391+0800	INFO	raft/raft.go:295	rpc successful: reply_term=1, reply_grantvote=true
2024-01-07T11:24:04.442+0800	INFO	raft/raft.go:294	peers is [0xc00007e400 0xc00007e420 0xc00007e440]
2024-01-07T11:24:04.442+0800	INFO	raft/raft.go:295	rpc successful: reply_term=1, reply_grantvote=true
2024-01-07T11:24:04.486+0800	INFO	raft/raft.go:294	peers is [0xc00007e540 0xc00007e560 0xc00007e580]
2024-01-07T11:24:04.486+0800	INFO	raft/raft.go:295	rpc successful: reply_term=1, reply_grantvote=true
2024-01-07T11:24:04.592+0800	INFO	raft/raft.go:294	peers is [0xc00007e2c0 0xc00007e2e0 0xc00007e300]
2024-01-07T11:24:04.592+0800	INFO	raft/raft.go:295	rpc successful: reply_term=1, reply_grantvote=true
2024-01-07T11:24:04.642+0800	INFO	raft/raft.go:294	peers is [0xc00007e400 0xc00007e420 0xc00007e440]
2024-01-07T11:24:04.642+0800	INFO	raft/raft.go:295	rpc successful: reply_term=1, reply_grantvote=true
2024-01-07T11:24:04.686+0800	INFO	raft/raft.go:294	peers is [0xc00007e540 0xc00007e560 0xc00007e580]
2024-01-07T11:24:04.686+0800	INFO	raft/raft.go:295	rpc successful: reply_term=1, reply_grantvote=true
2024-01-07T11:24:04.793+0800	INFO	raft/raft.go:294	peers is [0xc00007e2c0 0xc00007e2e0 0xc00007e300]
2024-01-07T11:24:04.793+0800	INFO	raft/raft.go:295	rpc successful: reply_term=1, reply_grantvote=true
2024-01-07T11:24:04.843+0800	INFO	raft/raft.go:294	peers is [0xc00007e400 0xc00007e420 0xc00007e440]
2024-01-07T11:24:04.843+0800	INFO	raft/raft.go:295	rpc successful: reply_term=1, reply_grantvote=true
2024-01-07T11:24:04.886+0800	INFO	raft/raft.go:294	peers is [0xc00007e540 0xc00007e560 0xc00007e580]
2024-01-07T11:24:04.887+0800	INFO	raft/raft.go:295	rpc successful: reply_term=1, reply_grantvote=true
2024-01-07T11:24:04.994+0800	INFO	raft/raft.go:294	peers is [0xc00007e2c0 0xc00007e2e0 0xc00007e300]
2024-01-07T11:24:04.994+0800	INFO	raft/raft.go:295	rpc successful: reply_term=1, reply_grantvote=true
2024-01-07T11:24:05.044+0800	INFO	raft/raft.go:294	peers is [0xc00007e400 0xc00007e420 0xc00007e440]
2024-01-07T11:24:05.044+0800	INFO	raft/raft.go:295	rpc successful: reply_term=1, reply_grantvote=true
2024-01-07T11:24:05.087+0800	INFO	raft/raft.go:294	peers is [0xc00007e540 0xc00007e560 0xc00007e580]
2024-01-07T11:24:05.087+0800	INFO	raft/raft.go:295	rpc successful: reply_term=1, reply_grantvote=true
2024-01-07T11:24:05.195+0800	INFO	raft/raft.go:294	peers is [0xc00007e2c0 0xc00007e2e0 0xc00007e300]
2024-01-07T11:24:05.195+0800	INFO	raft/raft.go:295	rpc successful: reply_term=1, reply_grantvote=true
2024-01-07T11:24:05.244+0800	INFO	raft/raft.go:294	peers is [0xc00007e400 0xc00007e420 0xc00007e440]
2024-01-07T11:24:05.244+0800	INFO	raft/raft.go:295	rpc successful: reply_term=1, reply_grantvote=true
2024-01-07T11:24:05.288+0800	INFO	raft/raft.go:294	peers is [0xc00007e540 0xc00007e560 0xc00007e580]
2024-01-07T11:24:05.288+0800	INFO	raft/raft.go:295	rpc successful: reply_term=1, reply_grantvote=true
2024-01-07T11:24:05.396+0800	INFO	raft/raft.go:294	peers is [0xc00007e2c0 0xc00007e2e0 0xc00007e300]
2024-01-07T11:24:05.396+0800	INFO	raft/raft.go:295	rpc successful: reply_term=1, reply_grantvote=true
2024-01-07T11:24:05.445+0800	INFO	raft/raft.go:294	peers is [0xc00007e400 0xc00007e420 0xc00007e440]
2024-01-07T11:24:05.445+0800	INFO	raft/raft.go:295	rpc successful: reply_term=1, reply_grantvote=true
2024-01-07T11:24:05.489+0800	INFO	raft/raft.go:294	peers is [0xc00007e540 0xc00007e560 0xc00007e580]
2024-01-07T11:24:05.489+0800	INFO	raft/raft.go:295	rpc successful: reply_term=1, reply_grantvote=true
2024-01-07T11:24:05.596+0800	INFO	raft/raft.go:294	peers is [0xc00007e2c0 0xc00007e2e0 0xc00007e300]
2024-01-07T11:24:05.596+0800	INFO	raft/raft.go:295	rpc successful: reply_term=1, reply_grantvote=true
2024-01-07T11:24:05.647+0800	INFO	raft/raft.go:294	peers is [0xc00007e400 0xc00007e420 0xc00007e440]
2024-01-07T11:24:05.647+0800	INFO	raft/raft.go:295	rpc successful: reply_term=1, reply_grantvote=true
2024-01-07T11:24:05.690+0800	INFO	raft/raft.go:294	peers is [0xc00007e540 0xc00007e560 0xc00007e580]
2024-01-07T11:24:05.690+0800	INFO	raft/raft.go:295	rpc successful: reply_term=1, reply_grantvote=true
2024-01-07T11:24:05.797+0800	INFO	raft/raft.go:294	peers is [0xc00007e2c0 0xc00007e2e0 0xc00007e300]
2024-01-07T11:24:05.797+0800	INFO	raft/raft.go:295	rpc successful: reply_term=1, reply_grantvote=true
2024-01-07T11:24:05.848+0800	INFO	raft/raft.go:294	peers is [0xc00007e400 0xc00007e420 0xc00007e440]
2024-01-07T11:24:05.848+0800	INFO	raft/raft.go:295	rpc successful: reply_term=1, reply_grantvote=true
2024-01-07T11:24:05.890+0800	INFO	raft/raft.go:294	peers is [0xc00007e540 0xc00007e560 0xc00007e580]
2024-01-07T11:24:05.890+0800	INFO	raft/raft.go:295	rpc successful: reply_term=1, reply_grantvote=true
2024-01-07T11:24:05.998+0800	INFO	raft/raft.go:294	peers is [0xc00007e2c0 0xc00007e2e0 0xc00007e300]
2024-01-07T11:24:05.998+0800	INFO	raft/raft.go:295	rpc successful: reply_term=1, reply_grantvote=true
2024-01-07T11:24:06.049+0800	INFO	raft/raft.go:294	peers is [0xc00007e400 0xc00007e420 0xc00007e440]
2024-01-07T11:24:06.049+0800	INFO	raft/raft.go:295	rpc successful: reply_term=1, reply_grantvote=true
2024-01-07T11:24:06.091+0800	INFO	raft/raft.go:294	peers is [0xc00007e540 0xc00007e560 0xc00007e580]
2024-01-07T11:24:06.091+0800	INFO	raft/raft.go:295	rpc successful: reply_term=1, reply_grantvote=true
2024-01-07T11:24:06.199+0800	INFO	raft/raft.go:294	peers is [0xc00007e2c0 0xc00007e2e0 0xc00007e300]
2024-01-07T11:24:06.199+0800	INFO	raft/raft.go:295	rpc successful: reply_term=1, reply_grantvote=true
2024-01-07T11:24:06.249+0800	INFO	raft/raft.go:294	peers is [0xc00007e400 0xc00007e420 0xc00007e440]
2024-01-07T11:24:06.249+0800	INFO	raft/raft.go:295	rpc successful: reply_term=1, reply_grantvote=true
2024-01-07T11:24:06.292+0800	INFO	raft/raft.go:294	peers is [0xc00007e540 0xc00007e560 0xc00007e580]
2024-01-07T11:24:06.292+0800	INFO	raft/raft.go:295	rpc successful: reply_term=1, reply_grantvote=true
2024-01-07T11:24:06.399+0800	INFO	raft/raft.go:294	peers is [0xc00007e2c0 0xc00007e2e0 0xc00007e300]
2024-01-07T11:24:06.399+0800	INFO	raft/raft.go:295	rpc successful: reply_term=1, reply_grantvote=true
2024-01-07T11:24:06.449+0800	INFO	raft/raft.go:294	peers is [0xc00007e400 0xc00007e420 0xc00007e440]
2024-01-07T11:24:06.449+0800	INFO	raft/raft.go:295	rpc successful: reply_term=1, reply_grantvote=true
2024-01-07T11:24:06.493+0800	INFO	raft/raft.go:294	peers is [0xc00007e540 0xc00007e560 0xc00007e580]
2024-01-07T11:24:06.493+0800	INFO	raft/raft.go:295	rpc successful: reply_term=1, reply_grantvote=true
2024-01-07T11:24:06.600+0800	INFO	raft/raft.go:294	peers is [0xc00007e2c0 0xc00007e2e0 0xc00007e300]
2024-01-07T11:24:06.600+0800	INFO	raft/raft.go:295	rpc successful: reply_term=1, reply_grantvote=true
2024-01-07T11:24:06.650+0800	INFO	raft/raft.go:294	peers is [0xc00007e400 0xc00007e420 0xc00007e440]
2024-01-07T11:24:06.650+0800	INFO	raft/raft.go:295	rpc successful: reply_term=1, reply_grantvote=true
2024-01-07T11:24:06.693+0800	INFO	raft/raft.go:294	peers is [0xc00007e540 0xc00007e560 0xc00007e580]
2024-01-07T11:24:06.693+0800	INFO	raft/raft.go:295	rpc successful: reply_term=1, reply_grantvote=true
2024-01-07T11:24:06.800+0800	INFO	raft/raft.go:294	peers is [0xc00007e2c0 0xc00007e2e0 0xc00007e300]
2024-01-07T11:24:06.800+0800	INFO	raft/raft.go:295	rpc successful: reply_term=1, reply_grantvote=true
2024-01-07T11:24:06.850+0800	INFO	raft/raft.go:294	peers is [0xc00007e400 0xc00007e420 0xc00007e440]
2024-01-07T11:24:06.850+0800	INFO	raft/raft.go:295	rpc successful: reply_term=1, reply_grantvote=true
2024-01-07T11:24:06.894+0800	INFO	raft/raft.go:294	peers is [0xc00007e540 0xc00007e560 0xc00007e580]
2024-01-07T11:24:06.894+0800	INFO	raft/raft.go:295	rpc successful: reply_term=1, reply_grantvote=true
2024-01-07T11:24:07.001+0800	INFO	raft/raft.go:294	peers is [0xc00007e2c0 0xc00007e2e0 0xc00007e300]
2024-01-07T11:24:07.001+0800	INFO	raft/raft.go:295	rpc successful: reply_term=1, reply_grantvote=true
2024-01-07T11:24:07.051+0800	INFO	raft/raft.go:294	peers is [0xc00007e400 0xc00007e420 0xc00007e440]
2024-01-07T11:24:07.051+0800	INFO	raft/raft.go:295	rpc successful: reply_term=1, reply_grantvote=true
2024-01-07T11:24:07.095+0800	INFO	raft/raft.go:294	peers is [0xc00007e540 0xc00007e560 0xc00007e580]
2024-01-07T11:24:07.095+0800	INFO	raft/raft.go:295	rpc successful: reply_term=1, reply_grantvote=true
2024-01-07T11:24:07.202+0800	INFO	raft/raft.go:294	peers is [0xc00007e2c0 0xc00007e2e0 0xc00007e300]
2024-01-07T11:24:07.202+0800	INFO	raft/raft.go:295	rpc successful: reply_term=1, reply_grantvote=true
2024-01-07T11:24:07.252+0800	INFO	raft/raft.go:294	peers is [0xc00007e400 0xc00007e420 0xc00007e440]
2024-01-07T11:24:07.252+0800	INFO	raft/raft.go:295	rpc successful: reply_term=1, reply_grantvote=true
2024-01-07T11:24:07.295+0800	INFO	raft/raft.go:294	peers is [0xc00007e540 0xc00007e560 0xc00007e580]
2024-01-07T11:24:07.295+0800	INFO	raft/raft.go:295	rpc successful: reply_term=1, reply_grantvote=true
2024-01-07T11:24:07.402+0800	INFO	raft/raft.go:294	peers is [0xc00007e2c0 0xc00007e2e0 0xc00007e300]
2024-01-07T11:24:07.402+0800	INFO	raft/raft.go:295	rpc successful: reply_term=1, reply_grantvote=true
2024-01-07T11:24:07.453+0800	INFO	raft/raft.go:294	peers is [0xc00007e400 0xc00007e420 0xc00007e440]
2024-01-07T11:24:07.453+0800	INFO	raft/raft.go:295	rpc successful: reply_term=1, reply_grantvote=true
2024-01-07T11:24:07.497+0800	INFO	raft/raft.go:294	peers is [0xc00007e540 0xc00007e560 0xc00007e580]
2024-01-07T11:24:07.497+0800	INFO	raft/raft.go:295	rpc successful: reply_term=1, reply_grantvote=true
2024-01-07T11:24:07.603+0800	INFO	raft/raft.go:294	peers is [0xc00007e2c0 0xc00007e2e0 0xc00007e300]
2024-01-07T11:24:07.603+0800	INFO	raft/raft.go:295	rpc successful: reply_term=1, reply_grantvote=true
2024-01-07T11:24:07.653+0800	INFO	raft/raft.go:294	peers is [0xc00007e400 0xc00007e420 0xc00007e440]
2024-01-07T11:24:07.653+0800	INFO	raft/raft.go:295	rpc successful: reply_term=1, reply_grantvote=true
2024-01-07T11:24:07.698+0800	INFO	raft/raft.go:294	peers is [0xc00007e540 0xc00007e560 0xc00007e580]
2024-01-07T11:24:07.698+0800	INFO	raft/raft.go:295	rpc successful: reply_term=1, reply_grantvote=true
2024-01-07T11:24:07.804+0800	INFO	raft/raft.go:294	peers is [0xc00007e2c0 0xc00007e2e0 0xc00007e300]
2024-01-07T11:24:07.804+0800	INFO	raft/raft.go:295	rpc successful: reply_term=1, reply_grantvote=true
2024-01-07T11:24:07.854+0800	INFO	raft/raft.go:294	peers is [0xc00007e400 0xc00007e420 0xc00007e440]
2024-01-07T11:24:07.854+0800	INFO	raft/raft.go:295	rpc successful: reply_term=1, reply_grantvote=true
2024-01-07T11:24:07.899+0800	INFO	raft/raft.go:294	peers is [0xc00007e540 0xc00007e560 0xc00007e580]
2024-01-07T11:24:07.899+0800	INFO	raft/raft.go:295	rpc successful: reply_term=1, reply_grantvote=true
2024-01-07T11:24:08.005+0800	INFO	raft/raft.go:294	peers is [0xc00007e2c0 0xc00007e2e0 0xc00007e300]
2024-01-07T11:24:08.005+0800	INFO	raft/raft.go:295	rpc successful: reply_term=1, reply_grantvote=true
2024-01-07T11:24:08.055+0800	INFO	raft/raft.go:294	peers is [0xc00007e400 0xc00007e420 0xc00007e440]
2024-01-07T11:24:08.055+0800	INFO	raft/raft.go:295	rpc successful: reply_term=1, reply_grantvote=true
2024-01-07T11:24:08.100+0800	INFO	raft/raft.go:294	peers is [0xc00007e540 0xc00007e560 0xc00007e580]
2024-01-07T11:24:08.100+0800	INFO	raft/raft.go:295	rpc successful: reply_term=1, reply_grantvote=true
2024-01-07T11:24:08.205+0800	INFO	raft/raft.go:294	peers is [0xc00007e2c0 0xc00007e2e0 0xc00007e300]
2024-01-07T11:24:08.205+0800	INFO	raft/raft.go:295	rpc successful: reply_term=1, reply_grantvote=true
2024-01-07T11:24:08.255+0800	INFO	raft/raft.go:294	peers is [0xc00007e400 0xc00007e420 0xc00007e440]
2024-01-07T11:24:08.255+0800	INFO	raft/raft.go:295	rpc successful: reply_term=1, reply_grantvote=true
2024-01-07T11:24:08.300+0800	INFO	raft/raft.go:294	peers is [0xc00007e540 0xc00007e560 0xc00007e580]
2024-01-07T11:24:08.300+0800	INFO	raft/raft.go:295	rpc successful: reply_term=1, reply_grantvote=true
2024-01-07T11:24:08.406+0800	INFO	raft/raft.go:294	peers is [0xc00007e2c0 0xc00007e2e0 0xc00007e300]
2024-01-07T11:24:08.406+0800	INFO	raft/raft.go:295	rpc successful: reply_term=1, reply_grantvote=true
2024-01-07T11:24:08.456+0800	INFO	raft/raft.go:294	peers is [0xc00007e400 0xc00007e420 0xc00007e440]
2024-01-07T11:24:08.456+0800	INFO	raft/raft.go:295	rpc successful: reply_term=1, reply_grantvote=true
2024-01-07T11:24:08.501+0800	INFO	raft/raft.go:294	peers is [0xc00007e540 0xc00007e560 0xc00007e580]
2024-01-07T11:24:08.501+0800	INFO	raft/raft.go:295	rpc successful: reply_term=1, reply_grantvote=true
2024-01-07T11:24:08.606+0800	INFO	raft/raft.go:294	peers is [0xc00007e2c0 0xc00007e2e0 0xc00007e300]
2024-01-07T11:24:08.606+0800	INFO	raft/raft.go:295	rpc successful: reply_term=1, reply_grantvote=true
2024-01-07T11:24:08.656+0800	INFO	raft/raft.go:294	peers is [0xc00007e400 0xc00007e420 0xc00007e440]
2024-01-07T11:24:08.656+0800	INFO	raft/raft.go:295	rpc successful: reply_term=1, reply_grantvote=true
2024-01-07T11:24:08.701+0800	INFO	raft/raft.go:294	peers is [0xc00007e540 0xc00007e560 0xc00007e580]
2024-01-07T11:24:08.701+0800	INFO	raft/raft.go:295	rpc successful: reply_term=1, reply_grantvote=true
2024-01-07T11:24:08.807+0800	INFO	raft/raft.go:294	peers is [0xc00007e2c0 0xc00007e2e0 0xc00007e300]
2024-01-07T11:24:08.807+0800	INFO	raft/raft.go:295	rpc successful: reply_term=1, reply_grantvote=true
2024-01-07T11:24:08.857+0800	INFO	raft/raft.go:294	peers is [0xc00007e400 0xc00007e420 0xc00007e440]
2024-01-07T11:24:08.857+0800	INFO	raft/raft.go:295	rpc successful: reply_term=1, reply_grantvote=true
2024-01-07T11:24:08.902+0800	INFO	raft/raft.go:294	peers is [0xc00007e540 0xc00007e560 0xc00007e580]
2024-01-07T11:24:08.902+0800	INFO	raft/raft.go:295	rpc successful: reply_term=1, reply_grantvote=true
2024-01-07T11:24:09.007+0800	INFO	raft/raft.go:294	peers is [0xc00007e2c0 0xc00007e2e0 0xc00007e300]
2024-01-07T11:24:09.007+0800	INFO	raft/raft.go:295	rpc successful: reply_term=1, reply_grantvote=true
2024-01-07T11:24:09.058+0800	INFO	raft/raft.go:294	peers is [0xc00007e400 0xc00007e420 0xc00007e440]
2024-01-07T11:24:09.058+0800	INFO	raft/raft.go:295	rpc successful: reply_term=1, reply_grantvote=true
2024-01-07T11:24:09.104+0800	INFO	raft/raft.go:294	peers is [0xc00007e540 0xc00007e560 0xc00007e580]
2024-01-07T11:24:09.104+0800	INFO	raft/raft.go:295	rpc successful: reply_term=1, reply_grantvote=true
2024-01-07T11:24:09.207+0800	INFO	raft/raft.go:294	peers is [0xc00007e2c0 0xc00007e2e0 0xc00007e300]
2024-01-07T11:24:09.207+0800	INFO	raft/raft.go:295	rpc successful: reply_term=1, reply_grantvote=true
2024-01-07T11:24:09.259+0800	INFO	raft/raft.go:294	peers is [0xc00007e400 0xc00007e420 0xc00007e440]
2024-01-07T11:24:09.259+0800	INFO	raft/raft.go:295	rpc successful: reply_term=1, reply_grantvote=true
2024-01-07T11:24:09.304+0800	INFO	raft/raft.go:294	peers is [0xc00007e540 0xc00007e560 0xc00007e580]
2024-01-07T11:24:09.304+0800	INFO	raft/raft.go:295	rpc successful: reply_term=1, reply_grantvote=true
2024-01-07T11:24:09.358+0800	INFO	raft/raft.go:279	

--------------------------------------Start a new server init------------------------------------
2024-01-07T11:24:09.358+0800	INFO	raft/raft.go:286	The electionTimeout is 435
2024-01-07T11:24:09.359+0800	INFO	raft/raft.go:287	peers is [0xc0003ae0c0 0xc0003ae0e0 0xc0003ae100]
2024-01-07T11:24:09.454+0800	INFO	raft/raft.go:279	

--------------------------------------Start a new server init------------------------------------
2024-01-07T11:24:09.454+0800	INFO	raft/raft.go:286	The electionTimeout is 397
2024-01-07T11:24:09.454+0800	INFO	raft/raft.go:287	peers is [0xc00041a4c0 0xc00041a4e0 0xc00041a500]
2024-01-07T11:24:09.509+0800	INFO	raft/raft.go:279	

--------------------------------------Start a new server init------------------------------------
2024-01-07T11:24:09.509+0800	INFO	raft/raft.go:286	The electionTimeout is 310
2024-01-07T11:24:09.509+0800	INFO	raft/raft.go:287	peers is [0xc0003ae200 0xc0003ae220 0xc0003ae240]
2024-01-07T11:24:09.655+0800	INFO	raft/raft.go:294	peers is [0xc00041a4c0 0xc00041a4e0 0xc00041a500]
2024-01-07T11:24:09.655+0800	INFO	raft/raft.go:295	rpc successful: reply_term=1, reply_grantvote=true
2024-01-07T11:24:09.710+0800	INFO	raft/raft.go:294	peers is [0xc0003ae200 0xc0003ae220 0xc0003ae240]
2024-01-07T11:24:09.710+0800	INFO	raft/raft.go:295	rpc successful: reply_term=1, reply_grantvote=true
2024-01-07T11:24:09.856+0800	INFO	raft/raft.go:294	peers is [0xc00041a4c0 0xc00041a4e0 0xc00041a500]
2024-01-07T11:24:09.856+0800	INFO	raft/raft.go:295	rpc successful: reply_term=1, reply_grantvote=true
2024-01-07T11:24:09.911+0800	INFO	raft/raft.go:294	peers is [0xc0003ae200 0xc0003ae220 0xc0003ae240]
2024-01-07T11:24:09.911+0800	INFO	raft/raft.go:295	rpc successful: reply_term=1, reply_grantvote=true
2024-01-07T11:24:10.057+0800	INFO	raft/raft.go:294	peers is [0xc00041a4c0 0xc00041a4e0 0xc00041a500]
2024-01-07T11:24:10.057+0800	INFO	raft/raft.go:295	rpc successful: reply_term=1, reply_grantvote=true
2024-01-07T11:24:10.112+0800	INFO	raft/raft.go:294	peers is [0xc0003ae200 0xc0003ae220 0xc0003ae240]
2024-01-07T11:24:10.112+0800	INFO	raft/raft.go:295	rpc successful: reply_term=1, reply_grantvote=true
2024-01-07T11:24:10.257+0800	INFO	raft/raft.go:294	peers is [0xc00041a4c0 0xc00041a4e0 0xc00041a500]
2024-01-07T11:24:10.257+0800	INFO	raft/raft.go:295	rpc successful: reply_term=1, reply_grantvote=true
2024-01-07T11:24:10.312+0800	INFO	raft/raft.go:294	peers is [0xc0003ae200 0xc0003ae220 0xc0003ae240]
2024-01-07T11:24:10.312+0800	INFO	raft/raft.go:295	rpc successful: reply_term=1, reply_grantvote=true
2024-01-07T11:24:10.459+0800	INFO	raft/raft.go:294	peers is [0xc00041a4c0 0xc00041a4e0 0xc00041a500]
2024-01-07T11:24:10.459+0800	INFO	raft/raft.go:295	rpc successful: reply_term=1, reply_grantvote=true
2024-01-07T11:24:10.514+0800	INFO	raft/raft.go:294	peers is [0xc0003ae200 0xc0003ae220 0xc0003ae240]
2024-01-07T11:24:10.514+0800	INFO	raft/raft.go:295	rpc successful: reply_term=1, reply_grantvote=true
2024-01-07T11:24:10.660+0800	INFO	raft/raft.go:294	peers is [0xc00041a4c0 0xc00041a4e0 0xc00041a500]
2024-01-07T11:24:10.660+0800	INFO	raft/raft.go:295	rpc successful: reply_term=1, reply_grantvote=true
2024-01-07T11:24:10.715+0800	INFO	raft/raft.go:294	peers is [0xc0003ae200 0xc0003ae220 0xc0003ae240]
2024-01-07T11:24:10.715+0800	INFO	raft/raft.go:295	rpc successful: reply_term=1, reply_grantvote=true
2024-01-07T11:24:10.861+0800	INFO	raft/raft.go:294	peers is [0xc00041a4c0 0xc00041a4e0 0xc00041a500]
2024-01-07T11:24:10.861+0800	INFO	raft/raft.go:295	rpc successful: reply_term=1, reply_grantvote=true
2024-01-07T11:24:10.916+0800	INFO	raft/raft.go:294	peers is [0xc0003ae200 0xc0003ae220 0xc0003ae240]
2024-01-07T11:24:10.916+0800	INFO	raft/raft.go:295	rpc successful: reply_term=1, reply_grantvote=true
2024-01-07T11:24:11.062+0800	INFO	raft/raft.go:294	peers is [0xc00041a4c0 0xc00041a4e0 0xc00041a500]
2024-01-07T11:24:11.062+0800	INFO	raft/raft.go:295	rpc successful: reply_term=1, reply_grantvote=true
2024-01-07T11:24:11.117+0800	INFO	raft/raft.go:294	peers is [0xc0003ae200 0xc0003ae220 0xc0003ae240]
2024-01-07T11:24:11.117+0800	INFO	raft/raft.go:295	rpc successful: reply_term=1, reply_grantvote=true
2024-01-07T11:24:11.263+0800	INFO	raft/raft.go:294	peers is [0xc00041a4c0 0xc00041a4e0 0xc00041a500]
2024-01-07T11:24:11.263+0800	INFO	raft/raft.go:295	rpc successful: reply_term=1, reply_grantvote=true
2024-01-07T11:24:11.318+0800	INFO	raft/raft.go:294	peers is [0xc0003ae200 0xc0003ae220 0xc0003ae240]
2024-01-07T11:24:11.318+0800	INFO	raft/raft.go:295	rpc successful: reply_term=1, reply_grantvote=true
2024-01-07T11:24:11.464+0800	INFO	raft/raft.go:294	peers is [0xc00041a4c0 0xc00041a4e0 0xc00041a500]
2024-01-07T11:24:11.464+0800	INFO	raft/raft.go:295	rpc successful: reply_term=1, reply_grantvote=true
2024-01-07T11:24:11.518+0800	INFO	raft/raft.go:294	peers is [0xc0003ae200 0xc0003ae220 0xc0003ae240]
2024-01-07T11:24:11.518+0800	INFO	raft/raft.go:295	rpc successful: reply_term=1, reply_grantvote=true
2024-01-07T11:24:11.665+0800	INFO	raft/raft.go:294	peers is [0xc00041a4c0 0xc00041a4e0 0xc00041a500]
2024-01-07T11:24:11.665+0800	INFO	raft/raft.go:295	rpc successful: reply_term=1, reply_grantvote=true
2024-01-07T11:24:11.720+0800	INFO	raft/raft.go:294	peers is [0xc0003ae200 0xc0003ae220 0xc0003ae240]
2024-01-07T11:24:11.720+0800	INFO	raft/raft.go:295	rpc successful: reply_term=1, reply_grantvote=true
2024-01-07T11:24:11.866+0800	INFO	raft/raft.go:294	peers is [0xc00041a4c0 0xc00041a4e0 0xc00041a500]
2024-01-07T11:24:11.866+0800	INFO	raft/raft.go:295	rpc successful: reply_term=1, reply_grantvote=true
2024-01-07T11:24:11.921+0800	INFO	raft/raft.go:294	peers is [0xc0003ae200 0xc0003ae220 0xc0003ae240]
2024-01-07T11:24:11.921+0800	INFO	raft/raft.go:295	rpc successful: reply_term=1, reply_grantvote=true
2024-01-07T11:24:12.067+0800	INFO	raft/raft.go:294	peers is [0xc00041a4c0 0xc00041a4e0 0xc00041a500]
2024-01-07T11:24:12.067+0800	INFO	raft/raft.go:295	rpc successful: reply_term=1, reply_grantvote=true
2024-01-07T11:24:12.122+0800	INFO	raft/raft.go:294	peers is [0xc0003ae200 0xc0003ae220 0xc0003ae240]
2024-01-07T11:24:12.122+0800	INFO	raft/raft.go:295	rpc successful: reply_term=1, reply_grantvote=true
2024-01-07T11:24:12.268+0800	INFO	raft/raft.go:294	peers is [0xc00041a4c0 0xc00041a4e0 0xc00041a500]
2024-01-07T11:24:12.268+0800	INFO	raft/raft.go:295	rpc successful: reply_term=1, reply_grantvote=true
2024-01-07T11:24:12.323+0800	INFO	raft/raft.go:294	peers is [0xc0003ae200 0xc0003ae220 0xc0003ae240]
2024-01-07T11:24:12.323+0800	INFO	raft/raft.go:295	rpc successful: reply_term=1, reply_grantvote=true
2024-01-07T11:24:12.469+0800	INFO	raft/raft.go:294	peers is [0xc00041a4c0 0xc00041a4e0 0xc00041a500]
2024-01-07T11:24:12.469+0800	INFO	raft/raft.go:295	rpc successful: reply_term=1, reply_grantvote=true
2024-01-07T11:24:12.523+0800	INFO	raft/raft.go:294	peers is [0xc0003ae200 0xc0003ae220 0xc0003ae240]
2024-01-07T11:24:12.523+0800	INFO	raft/raft.go:295	rpc successful: reply_term=1, reply_grantvote=true
2024-01-07T11:24:12.671+0800	INFO	raft/raft.go:294	peers is [0xc00041a4c0 0xc00041a4e0 0xc00041a500]
2024-01-07T11:24:12.671+0800	INFO	raft/raft.go:295	rpc successful: reply_term=1, reply_grantvote=true
2024-01-07T11:24:12.724+0800	INFO	raft/raft.go:294	peers is [0xc0003ae200 0xc0003ae220 0xc0003ae240]
2024-01-07T11:24:12.725+0800	INFO	raft/raft.go:295	rpc successful: reply_term=1, reply_grantvote=true
2024-01-07T11:24:12.872+0800	INFO	raft/raft.go:294	peers is [0xc00041a4c0 0xc00041a4e0 0xc00041a500]
2024-01-07T11:24:12.872+0800	INFO	raft/raft.go:295	rpc successful: reply_term=1, reply_grantvote=true
2024-01-07T11:24:12.925+0800	INFO	raft/raft.go:294	peers is [0xc0003ae200 0xc0003ae220 0xc0003ae240]
2024-01-07T11:24:12.925+0800	INFO	raft/raft.go:295	rpc successful: reply_term=1, reply_grantvote=true
2024-01-07T11:24:13.072+0800	INFO	raft/raft.go:294	peers is [0xc00041a4c0 0xc00041a4e0 0xc00041a500]
2024-01-07T11:24:13.072+0800	INFO	raft/raft.go:295	rpc successful: reply_term=1, reply_grantvote=true
2024-01-07T11:24:13.126+0800	INFO	raft/raft.go:294	peers is [0xc0003ae200 0xc0003ae220 0xc0003ae240]
2024-01-07T11:24:13.126+0800	INFO	raft/raft.go:295	rpc successful: reply_term=1, reply_grantvote=true
2024-01-07T11:24:13.273+0800	INFO	raft/raft.go:294	peers is [0xc00041a4c0 0xc00041a4e0 0xc00041a500]
2024-01-07T11:24:13.273+0800	INFO	raft/raft.go:295	rpc successful: reply_term=1, reply_grantvote=true
2024-01-07T11:24:13.327+0800	INFO	raft/raft.go:294	peers is [0xc0003ae200 0xc0003ae220 0xc0003ae240]
2024-01-07T11:24:13.327+0800	INFO	raft/raft.go:295	rpc successful: reply_term=1, reply_grantvote=true
2024-01-07T11:24:13.474+0800	INFO	raft/raft.go:294	peers is [0xc00041a4c0 0xc00041a4e0 0xc00041a500]
2024-01-07T11:24:13.474+0800	INFO	raft/raft.go:295	rpc successful: reply_term=1, reply_grantvote=true
2024-01-07T11:24:13.500+0800	INFO	raft/raft.go:294	peers is [0xc0003ae0c0 0xc0003ae0e0 0xc0003ae100]
2024-01-07T11:24:13.500+0800	INFO	raft/raft.go:295	rpc successful: reply_term=1, reply_grantvote=true
2024-01-07T11:24:13.528+0800	INFO	raft/raft.go:294	peers is [0xc0003ae200 0xc0003ae220 0xc0003ae240]
2024-01-07T11:24:13.528+0800	INFO	raft/raft.go:295	rpc successful: reply_term=1, reply_grantvote=true
2024-01-07T11:24:13.674+0800	INFO	raft/raft.go:294	peers is [0xc00041a4c0 0xc00041a4e0 0xc00041a500]
2024-01-07T11:24:13.674+0800	INFO	raft/raft.go:295	rpc successful: reply_term=1, reply_grantvote=true
2024-01-07T11:24:13.701+0800	INFO	raft/raft.go:294	peers is [0xc0003ae0c0 0xc0003ae0e0 0xc0003ae100]
2024-01-07T11:24:13.701+0800	INFO	raft/raft.go:295	rpc successful: reply_term=1, reply_grantvote=true
2024-01-07T11:24:13.729+0800	INFO	raft/raft.go:294	peers is [0xc0003ae200 0xc0003ae220 0xc0003ae240]
2024-01-07T11:24:13.729+0800	INFO	raft/raft.go:295	rpc successful: reply_term=1, reply_grantvote=true
2024-01-07T11:24:13.875+0800	INFO	raft/raft.go:294	peers is [0xc00041a4c0 0xc00041a4e0 0xc00041a500]
2024-01-07T11:24:13.875+0800	INFO	raft/raft.go:295	rpc successful: reply_term=1, reply_grantvote=true
2024-01-07T11:24:13.902+0800	INFO	raft/raft.go:294	peers is [0xc0003ae0c0 0xc0003ae0e0 0xc0003ae100]
2024-01-07T11:24:13.902+0800	INFO	raft/raft.go:295	rpc successful: reply_term=1, reply_grantvote=true
2024-01-07T11:24:13.931+0800	INFO	raft/raft.go:294	peers is [0xc0003ae200 0xc0003ae220 0xc0003ae240]
2024-01-07T11:24:13.931+0800	INFO	raft/raft.go:295	rpc successful: reply_term=1, reply_grantvote=true
2024-01-07T11:24:14.076+0800	INFO	raft/raft.go:294	peers is [0xc00041a4c0 0xc00041a4e0 0xc00041a500]
2024-01-07T11:24:14.076+0800	INFO	raft/raft.go:295	rpc successful: reply_term=1, reply_grantvote=true
2024-01-07T11:24:14.103+0800	INFO	raft/raft.go:294	peers is [0xc0003ae0c0 0xc0003ae0e0 0xc0003ae100]
2024-01-07T11:24:14.103+0800	INFO	raft/raft.go:295	rpc successful: reply_term=1, reply_grantvote=true
2024-01-07T11:24:14.132+0800	INFO	raft/raft.go:294	peers is [0xc0003ae200 0xc0003ae220 0xc0003ae240]
2024-01-07T11:24:14.132+0800	INFO	raft/raft.go:295	rpc successful: reply_term=1, reply_grantvote=true
2024-01-07T11:24:14.277+0800	INFO	raft/raft.go:294	peers is [0xc00041a4c0 0xc00041a4e0 0xc00041a500]
2024-01-07T11:24:14.277+0800	INFO	raft/raft.go:295	rpc successful: reply_term=1, reply_grantvote=true
2024-01-07T11:24:14.304+0800	INFO	raft/raft.go:294	peers is [0xc0003ae0c0 0xc0003ae0e0 0xc0003ae100]
2024-01-07T11:24:14.304+0800	INFO	raft/raft.go:295	rpc successful: reply_term=1, reply_grantvote=true
2024-01-07T11:24:14.332+0800	INFO	raft/raft.go:294	peers is [0xc0003ae200 0xc0003ae220 0xc0003ae240]
2024-01-07T11:24:14.332+0800	INFO	raft/raft.go:295	rpc successful: reply_term=1, reply_grantvote=true
2024-01-07T11:24:14.478+0800	INFO	raft/raft.go:294	peers is [0xc00041a4c0 0xc00041a4e0 0xc00041a500]
2024-01-07T11:24:14.478+0800	INFO	raft/raft.go:295	rpc successful: reply_term=1, reply_grantvote=true
2024-01-07T11:24:14.504+0800	INFO	raft/raft.go:294	peers is [0xc0003ae0c0 0xc0003ae0e0 0xc0003ae100]
2024-01-07T11:24:14.504+0800	INFO	raft/raft.go:295	rpc successful: reply_term=1, reply_grantvote=true
2024-01-07T11:24:14.533+0800	INFO	raft/raft.go:294	peers is [0xc0003ae200 0xc0003ae220 0xc0003ae240]
2024-01-07T11:24:14.533+0800	INFO	raft/raft.go:295	rpc successful: reply_term=1, reply_grantvote=true
